[0531/130512:ERROR:backend_impl.cc(2020)] Corrupt Index file
[0531/130512:ERROR:cache_util_win.cc(20)] Unable to move the cache: 5
[0531/130512:ERROR:cache_util.cc(134)] Unable to move cache folder C:\ProgramData\Altium\Altium Designer {B2BD5E5F-1C43-422A-A207-67ACEC1C2B0E}\BrowserCache to C:\ProgramData\Altium\Altium Designer {B2BD5E5F-1C43-422A-A207-67ACEC1C2B0E}\old_BrowserCache_000
[0531/130512:ERROR:cache_creator.cc(129)] Unable to create cache
[0531/151113:WARNING:dns_config_service_win.cc(665)] Failed to read DnsConfig.
[0601/084636:ERROR:backend_impl.cc(2020)] Corrupt Index file
[0601/084636:ERROR:cache_util_win.cc(20)] Unable to move the cache: 5
[0601/084636:ERROR:cache_util.cc(134)] Unable to move cache folder C:\ProgramData\Altium\Altium Designer {B2BD5E5F-1C43-422A-A207-67ACEC1C2B0E}\BrowserCache to C:\ProgramData\Altium\Altium Designer {B2BD5E5F-1C43-422A-A207-67ACEC1C2B0E}\old_BrowserCache_000
[0601/084636:ERROR:cache_creator.cc(129)] Unable to create cache
[0602/151610:ERROR:backend_impl.cc(2020)] Corrupt Index file
[0602/151610:ERROR:cache_util_win.cc(20)] Unable to move the cache: 5
[0602/151610:ERROR:cache_util.cc(134)] Unable to move cache folder C:\ProgramData\Altium\Altium Designer {B2BD5E5F-1C43-422A-A207-67ACEC1C2B0E}\BrowserCache to C:\ProgramData\Altium\Altium Designer {B2BD5E5F-1C43-422A-A207-67ACEC1C2B0E}\old_BrowserCache_000
[0602/151610:ERROR:cache_creator.cc(129)] Unable to create cache
[0609/134519:ERROR:backend_impl.cc(2020)] Corrupt Index file
[0609/134519:ERROR:cache_util_win.cc(20)] Unable to move the cache: 5
[0609/134519:ERROR:cache_util.cc(134)] Unable to move cache folder C:\ProgramData\Altium\Altium Designer {B2BD5E5F-1C43-422A-A207-67ACEC1C2B0E}\BrowserCache to C:\ProgramData\Altium\Altium Designer {B2BD5E5F-1C43-422A-A207-67ACEC1C2B0E}\old_BrowserCache_000
[0609/134519:ERROR:cache_creator.cc(129)] Unable to create cache
[0614/092442:ERROR:backend_impl.cc(2020)] Corrupt Index file
[0614/092442:ERROR:cache_util_win.cc(20)] Unable to move the cache: 5
[0614/092442:ERROR:cache_util.cc(134)] Unable to move cache folder C:\ProgramData\Altium\Altium Designer {B2BD5E5F-1C43-422A-A207-67ACEC1C2B0E}\BrowserCache to C:\ProgramData\Altium\Altium Designer {B2BD5E5F-1C43-422A-A207-67ACEC1C2B0E}\old_BrowserCache_000
[0614/092442:ERROR:cache_creator.cc(129)] Unable to create cache
[0615/085629:ERROR:backend_impl.cc(2020)] Corrupt Index file
[0615/085629:ERROR:cache_util_win.cc(20)] Unable to move the cache: 5
[0615/085629:ERROR:cache_util.cc(134)] Unable to move cache folder C:\ProgramData\Altium\Altium Designer {B2BD5E5F-1C43-422A-A207-67ACEC1C2B0E}\BrowserCache to C:\ProgramData\Altium\Altium Designer {B2BD5E5F-1C43-422A-A207-67ACEC1C2B0E}\old_BrowserCache_000
[0615/085629:ERROR:cache_creator.cc(129)] Unable to create cache
[0615/171925:WARNING:dns_config_service_win.cc(665)] Failed to read DnsConfig.
[0615/171930:WARNING:dns_config_service_win.cc(665)] Failed to read DnsConfig.
[0615/171930:WARNING:dns_config_service_win.cc(665)] Failed to read DnsConfig.
[0616/103745:WARNING:dns_config_service_win.cc(665)] Failed to read DnsConfig.
[0616/103751:WARNING:dns_config_service_win.cc(665)] Failed to read DnsConfig.
[0616/103817:WARNING:dns_config_service_win.cc(665)] Failed to read DnsConfig.
[0616/130410:WARNING:dns_config_service_win.cc(665)] Failed to read DnsConfig.
