Change Net Name : Old Net Name=MEAS_0_MINUS New Net Name=MEAS_0_N
Change Net Name : Old Net Name=MEAS_0_PLUS New Net Name=MEAS_0_P
Change Net Name : Old Net Name=MEAS_1_MINUS New Net Name=MEAS_1_N
Change Net Name : Old Net Name=MEAS_1_PLUS New Net Name=MEAS_1_P
Change Net Name : Old Net Name=MEAS_2_MINUS New Net Name=MEAS_2_N
Change Net Name : Old Net Name=MEAS_2_PLUS New Net Name=MEAS_2_P
Change Net Name : Old Net Name=MEAS_3_MINUS New Net Name=MEAS_3_N
Change Net Name : Old Net Name=MEAS_3_PLUS New Net Name=MEAS_3_P
Change Net Name : Old Net Name=MEAS_4_MINUS New Net Name=MEAS_4_N
Change Net Name : Old Net Name=MEAS_4_PLUS New Net Name=MEAS_4_P
Change Net Name : Old Net Name=MEAS_5_MINUS New Net Name=MEAS_5_N
Change Net Name : Old Net Name=MEAS_5_PLUS New Net Name=MEAS_5_P
Change Net Name : Old Net Name=MEAS_6_MINUS New Net Name=MEAS_6_N
Change Net Name : Old Net Name=MEAS_6_PLUS New Net Name=MEAS_6_P
Change Net Name : Old Net Name=MEAS_7_MINUS New Net Name=MEAS_7_N
Change Net Name : Old Net Name=MEAS_7_PLUS New Net Name=MEAS_7_P
Change Net Name : Old Net Name=MEAS_8_MINUS New Net Name=MEAS_8_N
Change Net Name : Old Net Name=MEAS_8_PLUS New Net Name=MEAS_8_P
Change Net Name : Old Net Name=MEAS_9_MINUS New Net Name=MEAS_9_N
Change Net Name : Old Net Name=MEAS_9_PLUS New Net Name=MEAS_9_P
Change Net Name : Old Net Name=MEAS_10_MINUS New Net Name=MEAS_10_N
Change Net Name : Old Net Name=MEAS_10_PLUS New Net Name=MEAS_10_P
Change Net Name : Old Net Name=MEAS_11_MINUS New Net Name=MEAS_11_N
Change Net Name : Old Net Name=MEAS_11_PLUS New Net Name=MEAS_11_P
Change Net Name : Old Net Name=MEAS_12_MINUS New Net Name=MEAS_12_N
Change Net Name : Old Net Name=MEAS_12_PLUS New Net Name=MEAS_12_P
Change Net Name : Old Net Name=MEAS_13_MINUS New Net Name=MEAS_13_N
Change Net Name : Old Net Name=MEAS_13_PLUS New Net Name=MEAS_13_P
Change Net Name : Old Net Name=MEAS_14_MINUS New Net Name=MEAS_14_N
Change Net Name : Old Net Name=MEAS_14_PLUS New Net Name=MEAS_14_P
Change Net Name : Old Net Name=MEAS_15_MINUS New Net Name=MEAS_15_N
Change Net Name : Old Net Name=MEAS_15_PLUS New Net Name=MEAS_15_P
Change Net Name : Old Net Name=MEAS_16_MINUS New Net Name=MEAS_16_N
Change Net Name : Old Net Name=MEAS_16_PLUS New Net Name=MEAS_16_P
Change Net Name : Old Net Name=MEAS_17_MINUS New Net Name=MEAS_17_N
Change Net Name : Old Net Name=MEAS_17_PLUS New Net Name=MEAS_17_P
Change Net Name : Old Net Name=MEAS_18_MINUS New Net Name=MEAS_18_N
Change Net Name : Old Net Name=MEAS_18_PLUS New Net Name=MEAS_18_P
Change Net Name : Old Net Name=MEAS_19_MINUS New Net Name=MEAS_19_N
Change Net Name : Old Net Name=MEAS_19_PLUS New Net Name=MEAS_19_P
Added Differential Pair: Name=MEAS_0
Added Differential Pair: Name=MEAS_1
Added Differential Pair: Name=MEAS_2
Added Differential Pair: Name=MEAS_3
Added Differential Pair: Name=MEAS_4
Added Differential Pair: Name=MEAS_5
Added Differential Pair: Name=MEAS_6
Added Differential Pair: Name=MEAS_7
Added Differential Pair: Name=MEAS_8
Added Differential Pair: Name=MEAS_9
Added Differential Pair: Name=MEAS_10
Added Differential Pair: Name=MEAS_11
Added Differential Pair: Name=MEAS_12
Added Differential Pair: Name=MEAS_13
Added Differential Pair: Name=MEAS_14
Added Differential Pair: Name=MEAS_15
Added Differential Pair: Name=MEAS_16
Added Differential Pair: Name=MEAS_17
Added Differential Pair: Name=MEAS_18
Added Differential Pair: Name=MEAS_19
Added Room: Name=Connector_0
Added Room: Name=DAC_0
