Added Component: Designator=U6(SOT23-6 P0.95 C1.5x3.0 H1.3)
Add component. Clean all parameters for all variants
Add component (AddParameter): Name = "Value"; Value = "ADS7886SBDCKT"; VariantName = "[No Variations]"
Added Component: Designator=U7(SOT23-6 P0.95 C1.5x3.0 H1.3)
Add component. Clean all parameters for all variants
Add component (AddParameter): Name = "Value"; Value = "ADS7886SBDCKT"; VariantName = "[No Variations]"
Added Component: Designator=U8(SOT23-6 P0.95 C1.5x3.0 H1.3)
Add component. Clean all parameters for all variants
Add component (AddParameter): Name = "Value"; Value = "ADS7886SBDCKT"; VariantName = "[No Variations]"
Added Component: Designator=U9(SOT23-6 P0.95 C1.5x3.0 H1.3)
Add component. Clean all parameters for all variants
Add component (AddParameter): Name = "Value"; Value = "ADS7886SBDCKT"; VariantName = "[No Variations]"
Added Component: Designator=U10(SOT23-6 P0.95 C1.5x3.0 H1.3)
Add component. Clean all parameters for all variants
Add component (AddParameter): Name = "Value"; Value = "ADS7886SBDCKT"; VariantName = "[No Variations]"
Added Component: Designator=U11(SOT23-6 P0.95 C1.5x3.0 H1.3)
Add component. Clean all parameters for all variants
Add component (AddParameter): Name = "Value"; Value = "ADS7886SBDCKT"; VariantName = "[No Variations]"
Added Component: Designator=U12(SOT23-6 P0.95 C1.5x3.0 H1.3)
Add component. Clean all parameters for all variants
Add component (AddParameter): Name = "Value"; Value = "ADS7886SBDCKT"; VariantName = "[No Variations]"
Added Component: Designator=U13(SOT23-6 P0.95 C1.5x3.0 H1.3)
Add component. Clean all parameters for all variants
Add component (AddParameter): Name = "Value"; Value = "ADS7886SBDCKT"; VariantName = "[No Variations]"
Added Component: Designator=U14(SOT23-6 P0.95 C1.5x3.0 H1.3)
Add component. Clean all parameters for all variants
Add component (AddParameter): Name = "Value"; Value = "ADS7886SBDCKT"; VariantName = "[No Variations]"
Added Component: Designator=U15(SOT23-6 P0.95 C1.5x3.0 H1.3)
Add component. Clean all parameters for all variants
Add component (AddParameter): Name = "Value"; Value = "ADS7886SBDCKT"; VariantName = "[No Variations]"
Added Component: Designator=U16(SOT23-6 P0.95 C1.5x3.0 H1.3)
Add component. Clean all parameters for all variants
Add component (AddParameter): Name = "Value"; Value = "ADS7886SBDCKT"; VariantName = "[No Variations]"
Added Component: Designator=U17(SOT23-6 P0.95 C1.5x3.0 H1.3)
Add component. Clean all parameters for all variants
Add component (AddParameter): Name = "Value"; Value = "ADS7886SBDCKT"; VariantName = "[No Variations]"
Added Component: Designator=U18(SOT23-6 P0.95 C1.5x3.0 H1.3)
Add component. Clean all parameters for all variants
Add component (AddParameter): Name = "Value"; Value = "ADS7886SBDCKT"; VariantName = "[No Variations]"
Added Component: Designator=U19(SOT23-6 P0.95 C1.5x3.0 H1.3)
Add component. Clean all parameters for all variants
Add component (AddParameter): Name = "Value"; Value = "ADS7886SBDCKT"; VariantName = "[No Variations]"
Added Component: Designator=U20(SOT23-6 P0.95 C1.5x3.0 H1.3)
Add component. Clean all parameters for all variants
Add component (AddParameter): Name = "Value"; Value = "ADS7886SBDCKT"; VariantName = "[No Variations]"
Added Component: Designator=U21(SOT23-6 P0.95 C1.5x3.0 H1.3)
Add component. Clean all parameters for all variants
Add component (AddParameter): Name = "Value"; Value = "ADS7886SBDCKT"; VariantName = "[No Variations]"
Added Component: Designator=U22(SOT23-6 P0.95 C1.5x3.0 H1.3)
Add component. Clean all parameters for all variants
Add component (AddParameter): Name = "Value"; Value = "ADS7886SBDCKT"; VariantName = "[No Variations]"
Added Component: Designator=U23(SOT23-6 P0.95 C1.5x3.0 H1.3)
Add component. Clean all parameters for all variants
Add component (AddParameter): Name = "Value"; Value = "ADS7886SBDCKT"; VariantName = "[No Variations]"
Added Component: Designator=U24(SO8 P1.27 C4.0X5.0 H1.75)
Add component. Clean all parameters for all variants
Add component (AddParameter): Name = "Value"; Value = "LT1461ACS8"; VariantName = "[No Variations]"
Added Component: Designator=U25(SOT23-6 P0.95 C1.5x3.0 H1.3)
Add component. Clean all parameters for all variants
Add component (AddParameter): Name = "Value"; Value = "ADS7886SBDCKT"; VariantName = "[No Variations]"
Added Component: Designator=U26(SOT23-6 P0.95 C1.5x3.0 H1.3)
Add component. Clean all parameters for all variants
Add component (AddParameter): Name = "Value"; Value = "ADS7886SBDCKT"; VariantName = "[No Variations]"
Added Component: Designator=U36(SO8 P1.27 C4.0X5.0 H1.75)
Add component. Clean all parameters for all variants
Add component (AddParameter): Name = "Value"; Value = "DS90LV018ATM"; VariantName = "[No Variations]"
Added Pin To Net: NetName=3VREFF Pin=U6-1
Added Pin To Net: NetName=GND_A Pin=U6-2
Added Pin To Net: NetName=ADC_CH1 Pin=U6-3
Added Pin To Net: NetName=ADC_SCLK Pin=U6-4
Added Pin To Net: NetName=ADC_CH1_SDO Pin=U6-5
Added Pin To Net: NetName=ADC_CH1_CS Pin=U6-6
Added Pin To Net: NetName=3VREFF Pin=U7-1
Added Pin To Net: NetName=GND_A Pin=U7-2
Added Pin To Net: NetName=ADC_CH10 Pin=U7-3
Added Pin To Net: NetName=ADC_SCLK Pin=U7-4
Added Pin To Net: NetName=ADC_CH10_SDO Pin=U7-5
Added Pin To Net: NetName=ADC_CH10_CS Pin=U7-6
Added Pin To Net: NetName=3VREFF Pin=U8-1
Added Pin To Net: NetName=GND_A Pin=U8-2
Added Pin To Net: NetName=ADC_CH16 Pin=U8-3
Added Pin To Net: NetName=ADC_SCLK Pin=U8-4
Added Pin To Net: NetName=ADC_CH16_SDO Pin=U8-5
Added Pin To Net: NetName=ADC_CH16_CS Pin=U8-6
Added Pin To Net: NetName=3VREFF Pin=U9-1
Added Pin To Net: NetName=GND_A Pin=U9-2
Added Pin To Net: NetName=ADC_CH2 Pin=U9-3
Added Pin To Net: NetName=ADC_SCLK Pin=U9-4
Added Pin To Net: NetName=ADC_CH2_SDO Pin=U9-5
Added Pin To Net: NetName=ADC_CH2_CS Pin=U9-6
Added Pin To Net: NetName=3VREFF Pin=U10-1
Added Pin To Net: NetName=GND_A Pin=U10-2
Added Pin To Net: NetName=ADC_CH11 Pin=U10-3
Added Pin To Net: NetName=ADC_SCLK Pin=U10-4
Added Pin To Net: NetName=ADC_CH11_SDO Pin=U10-5
Added Pin To Net: NetName=ADC_CH11_CS Pin=U10-6
Added Pin To Net: NetName=3VREFF Pin=U11-1
Added Pin To Net: NetName=GND_A Pin=U11-2
Added Pin To Net: NetName=ADC_CH17 Pin=U11-3
Added Pin To Net: NetName=ADC_SCLK Pin=U11-4
Added Pin To Net: NetName=ADC_CH17_SDO Pin=U11-5
Added Pin To Net: NetName=ADC_CH17_CS Pin=U11-6
Added Pin To Net: NetName=3VREFF Pin=U12-1
Added Pin To Net: NetName=GND_A Pin=U12-2
Added Pin To Net: NetName=ADC_CH3 Pin=U12-3
Added Pin To Net: NetName=ADC_SCLK Pin=U12-4
Added Pin To Net: NetName=ADC_CH3_SDO Pin=U12-5
Added Pin To Net: NetName=ADC_CH3_CS Pin=U12-6
Added Pin To Net: NetName=3VREFF Pin=U13-1
Added Pin To Net: NetName=GND_A Pin=U13-2
Added Pin To Net: NetName=ADC_CH12 Pin=U13-3
Added Pin To Net: NetName=ADC_SCLK Pin=U13-4
Added Pin To Net: NetName=ADC_CH12_SDO Pin=U13-5
Added Pin To Net: NetName=ADC_CH12_CS Pin=U13-6
Added Pin To Net: NetName=3VREFF Pin=U14-1
Added Pin To Net: NetName=GND_A Pin=U14-2
Added Pin To Net: NetName=ADC_CH18 Pin=U14-3
Added Pin To Net: NetName=ADC_SCLK Pin=U14-4
Added Pin To Net: NetName=ADC_CH18_SDO Pin=U14-5
Added Pin To Net: NetName=ADC_CH18_CS Pin=U14-6
Added Pin To Net: NetName=3VREFF Pin=U15-1
Added Pin To Net: NetName=GND_A Pin=U15-2
Added Pin To Net: NetName=ADC_CH4 Pin=U15-3
Added Pin To Net: NetName=ADC_SCLK Pin=U15-4
Added Pin To Net: NetName=ADC_CH4_SDO Pin=U15-5
Added Pin To Net: NetName=ADC_CH4_CS Pin=U15-6
Added Pin To Net: NetName=3VREFF Pin=U16-1
Added Pin To Net: NetName=GND_A Pin=U16-2
Added Pin To Net: NetName=ADC_CH13 Pin=U16-3
Added Pin To Net: NetName=ADC_SCLK Pin=U16-4
Added Pin To Net: NetName=ADC_CH13_SDO Pin=U16-5
Added Pin To Net: NetName=ADC_CH13_CS Pin=U16-6
Added Pin To Net: NetName=3VREFF Pin=U17-1
Added Pin To Net: NetName=GND_A Pin=U17-2
Added Pin To Net: NetName=ADC_CH19 Pin=U17-3
Added Pin To Net: NetName=ADC_SCLK Pin=U17-4
Added Pin To Net: NetName=ADC_CH19_SDO Pin=U17-5
Added Pin To Net: NetName=ADC_CH19_CS Pin=U17-6
Added Pin To Net: NetName=3VREFF Pin=U18-1
Added Pin To Net: NetName=GND_A Pin=U18-2
Added Pin To Net: NetName=ADC_CH5 Pin=U18-3
Added Pin To Net: NetName=ADC_SCLK Pin=U18-4
Added Pin To Net: NetName=ADC_CH5_SDO Pin=U18-5
Added Pin To Net: NetName=ADC_CH5_CS Pin=U18-6
Added Pin To Net: NetName=3VREFF Pin=U19-1
Added Pin To Net: NetName=GND_A Pin=U19-2
Added Pin To Net: NetName=ADC_CH14 Pin=U19-3
Added Pin To Net: NetName=ADC_SCLK Pin=U19-4
Added Pin To Net: NetName=ADC_CH14_SDO Pin=U19-5
Added Pin To Net: NetName=ADC_CH14_CS Pin=U19-6
Added Pin To Net: NetName=3VREFF Pin=U20-1
Added Pin To Net: NetName=GND_A Pin=U20-2
Added Pin To Net: NetName=ADC_CH0 Pin=U20-3
Added Pin To Net: NetName=ADC_SCLK Pin=U20-4
Added Pin To Net: NetName=ADC_CH0_SDO Pin=U20-5
Added Pin To Net: NetName=ADC_CH0_CS Pin=U20-6
Added Pin To Net: NetName=3VREFF Pin=U21-1
Added Pin To Net: NetName=GND_A Pin=U21-2
Added Pin To Net: NetName=ADC_CH6 Pin=U21-3
Added Pin To Net: NetName=ADC_SCLK Pin=U21-4
Added Pin To Net: NetName=ADC_CH6_SDO Pin=U21-5
Added Pin To Net: NetName=ADC_CH6_CS Pin=U21-6
Added Pin To Net: NetName=3VREFF Pin=U22-1
Added Pin To Net: NetName=GND_A Pin=U22-2
Added Pin To Net: NetName=ADC_CH15 Pin=U22-3
Added Pin To Net: NetName=ADC_SCLK Pin=U22-4
Added Pin To Net: NetName=ADC_CH15_SDO Pin=U22-5
Added Pin To Net: NetName=ADC_CH15_CS Pin=U22-6
Added Pin To Net: NetName=3VREFF Pin=U23-1
Added Pin To Net: NetName=GND_A Pin=U23-2
Added Pin To Net: NetName=ADC_CH7 Pin=U23-3
Added Pin To Net: NetName=ADC_SCLK Pin=U23-4
Added Pin To Net: NetName=ADC_CH7_SDO Pin=U23-5
Added Pin To Net: NetName=ADC_CH7_CS Pin=U23-6
Added Pin To Net: NetName=+5V Pin=U24-2
Added Pin To Net: NetName=+5V Pin=U24-3
Added Pin To Net: NetName=GND_A Pin=U24-4
Added Pin To Net: NetName=NetR142_1 Pin=U24-6
Added Pin To Net: NetName=3VREFF Pin=U25-1
Added Pin To Net: NetName=GND_A Pin=U25-2
Added Pin To Net: NetName=ADC_CH8 Pin=U25-3
Added Pin To Net: NetName=ADC_SCLK Pin=U25-4
Added Pin To Net: NetName=ADC_CH8_SDO Pin=U25-5
Added Pin To Net: NetName=ADC_CH8_CS Pin=U25-6
Added Pin To Net: NetName=3VREFF Pin=U26-1
Added Pin To Net: NetName=GND_A Pin=U26-2
Added Pin To Net: NetName=ADC_CH9 Pin=U26-3
Added Pin To Net: NetName=ADC_SCLK Pin=U26-4
Added Pin To Net: NetName=ADC_CH9_SDO Pin=U26-5
Added Pin To Net: NetName=ADC_CH9_CS Pin=U26-6
Added Pin To Net: NetName=SPIC_SOMI_N Pin=U36-1
Added Pin To Net: NetName=SPIC_SOMI_P Pin=U36-2
Added Pin To Net: NetName=GND_D Pin=U36-5
Added Pin To Net: NetName=SPIC_SOMI Pin=U36-7
Added Pin To Net: NetName=+3V3_D Pin=U36-8
Added Member To Class: ClassName=AD_3 Member=Component U6 ADS7886SBDCKT
Added Member To Class: ClassName=AD_3 Member=Component U7 ADS7886SBDCKT
Added Member To Class: ClassName=AD_3 Member=Component U8 ADS7886SBDCKT
Added Member To Class: ClassName=AD_3 Member=Component U9 ADS7886SBDCKT
Added Member To Class: ClassName=AD_3 Member=Component U10 ADS7886SBDCKT
Added Member To Class: ClassName=AD_3 Member=Component U11 ADS7886SBDCKT
Added Member To Class: ClassName=AD_3 Member=Component U12 ADS7886SBDCKT
Added Member To Class: ClassName=AD_3 Member=Component U13 ADS7886SBDCKT
Added Member To Class: ClassName=AD_3 Member=Component U14 ADS7886SBDCKT
Added Member To Class: ClassName=AD_3 Member=Component U15 ADS7886SBDCKT
Added Member To Class: ClassName=AD_3 Member=Component U16 ADS7886SBDCKT
Added Member To Class: ClassName=AD_3 Member=Component U17 ADS7886SBDCKT
Added Member To Class: ClassName=AD_3 Member=Component U18 ADS7886SBDCKT
Added Member To Class: ClassName=AD_3 Member=Component U19 ADS7886SBDCKT
Added Member To Class: ClassName=AD_3 Member=Component U20 ADS7886SBDCKT
Added Member To Class: ClassName=AD_3 Member=Component U21 ADS7886SBDCKT
Added Member To Class: ClassName=AD_3 Member=Component U22 ADS7886SBDCKT
Added Member To Class: ClassName=AD_3 Member=Component U23 ADS7886SBDCKT
Added Member To Class: ClassName=AD_3 Member=Component U24 LT1461ACS8
Added Member To Class: ClassName=AD_3 Member=Component U25 ADS7886SBDCKT
Added Member To Class: ClassName=AD_3 Member=Component U26 ADS7886SBDCKT
Added Member To Class: ClassName=Connector_0 Member=Component U36 DS90LV018ATM
