Importer Log Report
Project : ltc1420_adc.PrjPcb

Section : Analyze Document - C:\Users\jeann\Documents\TD\LTC1420\hw_modules\ltc1420_adc\ltc1420_adc.brd
    Analyzing data of C:\Users\jeann\Documents\TD\LTC1420\hw_modules\ltc1420_adc\ltc1420_adc.brd
    Load settings
    Load layers 150
    Load Library "pinhead"
    Load Packages 2
    Load Library "misclib1"
    Load Packages 1
    Load Library "resistor"
    Load Packages 1
    Load Library "ltc1420"
    Load Packages 1
    Load Library "molex_bnc"
    Load Packages 1
    Load Library "adm660"
    Load Packages 1
    Load Library "misclib2"
    Load Packages 1
    ERROR: Unhandled typeerrors
EndSection

Section : Analyze Document - C:\Users\jeann\Documents\TD\LTC1420\hw_modules\ltc1420_adc\ltc1420_adc.sch
    Analyzing data of C:\Users\jeann\Documents\TD\LTC1420\hw_modules\ltc1420_adc\ltc1420_adc.sch
    Load settings
    Load layers 150
    Load schematic
    Load Libraries 9
    Load Library "pinhead"
    Load Packages 4
    Load Symbols 2
    Load DeviceSets 2
    Load Library "supply2"
    Load Packages 0
    Load Symbols 1
    Load DeviceSets 1
    Load Library "misclib1"
    Load Packages 4
    Load Symbols 1
    Load DeviceSets 1
    Load Library "resistor"
    Load Packages 85
    Load Symbols 1
    Load DeviceSets 1
    Load Library "ltc1420"
    Load Packages 3
    Load Symbols 1
    Load DeviceSets 1
    Load Library "molex_bnc"
    Load Packages 1
    Load Symbols 1
    Load DeviceSets 1
    Load Library "misclib2"
    Load Packages 3
    Load Symbols 1
    Load DeviceSets 1
    Load Library "adm660"
    Load Packages 1
    Load Symbols 1
    Load DeviceSets 1
    Load Library "frames"
    Load Packages 0
    Load Symbols 1
    Load DeviceSets 1
    Load Attributes 0
    Load Classes 2
    Load Parts 37
    Load Sheets 1
EndSection
