Added Component: Designator=C1(CAPACITOR 1608 REFLOW)
Add component. Clean all parameters for all variants
Add component (AddParameter): Name = "Value"; Value = "47p"; VariantName = "[No Variations]"
Added Component: Designator=C2(CAPACITOR 1608 REFLOW)
Add component. Clean all parameters for all variants
Add component (AddParameter): Name = "Value"; Value = "47p"; VariantName = "[No Variations]"
Added Component: Designator=C3(CAPACITOR 1608 REFLOW)
Add component. Clean all parameters for all variants
Add component (AddParameter): Name = "Value"; Value = "47p"; VariantName = "[No Variations]"
Added Component: Designator=C4(CAPACITOR 1608 REFLOW)
Add component. Clean all parameters for all variants
Add component (AddParameter): Name = "Value"; Value = "2n2"; VariantName = "[No Variations]"
Added Component: Designator=C5(CAPACITOR 1608 REFLOW)
Add component. Clean all parameters for all variants
Add component (AddParameter): Name = "Value"; Value = "2n2"; VariantName = "[No Variations]"
Added Component: Designator=C6(CAPACITOR 1608 REFLOW)
Add component. Clean all parameters for all variants
Add component (AddParameter): Name = "Value"; Value = "2n2"; VariantName = "[No Variations]"
Added Component: Designator=C7(CAPACITOR 1608 REFLOW)
Add component. Clean all parameters for all variants
Add component (AddParameter): Name = "Value"; Value = "47p"; VariantName = "[No Variations]"
Added Component: Designator=C8(CAPACITOR 1608 REFLOW)
Add component. Clean all parameters for all variants
Add component (AddParameter): Name = "Value"; Value = "47p"; VariantName = "[No Variations]"
Added Component: Designator=C9(CAPACITOR 1608 REFLOW)
Add component. Clean all parameters for all variants
Add component (AddParameter): Name = "Value"; Value = "47p"; VariantName = "[No Variations]"
Added Component: Designator=C10(CAPACITOR 1608 REFLOW)
Add component. Clean all parameters for all variants
Add component (AddParameter): Name = "Value"; Value = "47p"; VariantName = "[No Variations]"
Added Component: Designator=C11(CAPACITOR 1608 REFLOW)
Add component. Clean all parameters for all variants
Add component (AddParameter): Name = "Value"; Value = "47p"; VariantName = "[No Variations]"
Added Component: Designator=C12(CAPACITOR 1608 REFLOW)
Add component. Clean all parameters for all variants
Add component (AddParameter): Name = "Value"; Value = "47p"; VariantName = "[No Variations]"
Added Component: Designator=C13(CAPACITOR 1608 REFLOW)
Add component. Clean all parameters for all variants
Add component (AddParameter): Name = "Value"; Value = "2n2"; VariantName = "[No Variations]"
Added Component: Designator=C14(CAPACITOR 1608 REFLOW)
Add component. Clean all parameters for all variants
Add component (AddParameter): Name = "Value"; Value = "2n2"; VariantName = "[No Variations]"
Added Component: Designator=C15(CAPACITOR 1608 REFLOW)
Add component. Clean all parameters for all variants
Add component (AddParameter): Name = "Value"; Value = "2n2"; VariantName = "[No Variations]"
Added Component: Designator=C16(CAPACITOR 1608 REFLOW)
Add component. Clean all parameters for all variants
Add component (AddParameter): Name = "Value"; Value = "47p"; VariantName = "[No Variations]"
Added Component: Designator=C17(CAPACITOR 1608 REFLOW)
Add component. Clean all parameters for all variants
Add component (AddParameter): Name = "Value"; Value = "47p"; VariantName = "[No Variations]"
Added Component: Designator=C18(CAPACITOR 1608 REFLOW)
Add component. Clean all parameters for all variants
Add component (AddParameter): Name = "Value"; Value = "47p"; VariantName = "[No Variations]"
Added Component: Designator=C19(CAPACITOR 1608 REFLOW)
Add component. Clean all parameters for all variants
Add component (AddParameter): Name = "Value"; Value = "47p"; VariantName = "[No Variations]"
Added Component: Designator=C20(CAPACITOR 1608 REFLOW)
Add component. Clean all parameters for all variants
Add component (AddParameter): Name = "Value"; Value = "47p"; VariantName = "[No Variations]"
Added Component: Designator=C21(CAPACITOR 1608 REFLOW)
Add component. Clean all parameters for all variants
Add component (AddParameter): Name = "Value"; Value = "47p"; VariantName = "[No Variations]"
Added Component: Designator=C22(CAPACITOR 1608 REFLOW)
Add component. Clean all parameters for all variants
Add component (AddParameter): Name = "Value"; Value = "2n2"; VariantName = "[No Variations]"
Added Component: Designator=C23(CAPACITOR 1608 REFLOW)
Add component. Clean all parameters for all variants
Add component (AddParameter): Name = "Value"; Value = "2n2"; VariantName = "[No Variations]"
Added Component: Designator=C24(CAPACITOR 1608 REFLOW)
Add component. Clean all parameters for all variants
Add component (AddParameter): Name = "Value"; Value = "2n2"; VariantName = "[No Variations]"
Added Component: Designator=C25(CAPACITOR 1608 REFLOW)
Add component. Clean all parameters for all variants
Add component (AddParameter): Name = "Value"; Value = "47p"; VariantName = "[No Variations]"
Added Component: Designator=C26(CAPACITOR 1608 REFLOW)
Add component. Clean all parameters for all variants
Add component (AddParameter): Name = "Value"; Value = "47p"; VariantName = "[No Variations]"
Added Component: Designator=C27(CAPACITOR 1608 REFLOW)
Add component. Clean all parameters for all variants
Add component (AddParameter): Name = "Value"; Value = "47p"; VariantName = "[No Variations]"
Added Component: Designator=C28(CAPACITOR 1608 REFLOW)
Add component. Clean all parameters for all variants
Add component (AddParameter): Name = "Value"; Value = "47p"; VariantName = "[No Variations]"
Added Component: Designator=C29(CAPACITOR 1608 REFLOW)
Add component. Clean all parameters for all variants
Add component (AddParameter): Name = "Value"; Value = "47p"; VariantName = "[No Variations]"
Added Component: Designator=C30(CAPACITOR 1608 REFLOW)
Add component. Clean all parameters for all variants
Add component (AddParameter): Name = "Value"; Value = "47p"; VariantName = "[No Variations]"
Added Component: Designator=C31(CAPACITOR 1608 REFLOW)
Add component. Clean all parameters for all variants
Add component (AddParameter): Name = "Value"; Value = "2n2"; VariantName = "[No Variations]"
Added Component: Designator=C32(CAPACITOR 1608 REFLOW)
Add component. Clean all parameters for all variants
Add component (AddParameter): Name = "Value"; Value = "2n2"; VariantName = "[No Variations]"
Added Component: Designator=C33(CAPACITOR 1608 REFLOW)
Add component. Clean all parameters for all variants
Add component (AddParameter): Name = "Value"; Value = "2n2"; VariantName = "[No Variations]"
Added Component: Designator=C34(CAPACITOR 1608 REFLOW)
Add component. Clean all parameters for all variants
Add component (AddParameter): Name = "Value"; Value = "47p"; VariantName = "[No Variations]"
Added Component: Designator=C35(CAPACITOR 1608 REFLOW)
Add component. Clean all parameters for all variants
Add component (AddParameter): Name = "Value"; Value = "47p"; VariantName = "[No Variations]"
Added Component: Designator=C36(CAPACITOR 1608 REFLOW)
Add component. Clean all parameters for all variants
Add component (AddParameter): Name = "Value"; Value = "47p"; VariantName = "[No Variations]"
Added Component: Designator=C37(CAPACITOR 1608 REFLOW)
Add component. Clean all parameters for all variants
Add component (AddParameter): Name = "Value"; Value = "100n"; VariantName = "[No Variations]"
Added Component: Designator=C38(CAPACITOR 1608 REFLOW)
Add component. Clean all parameters for all variants
Add component (AddParameter): Name = "Value"; Value = "100n"; VariantName = "[No Variations]"
Added Component: Designator=C39(CAPACITOR 1608 REFLOW)
Add component. Clean all parameters for all variants
Add component (AddParameter): Name = "Value"; Value = "100n"; VariantName = "[No Variations]"
Added Component: Designator=C40(CAPACITOR 1608 REFLOW)
Add component. Clean all parameters for all variants
Add component (AddParameter): Name = "Value"; Value = "47p"; VariantName = "[No Variations]"
Added Component: Designator=C41(CAPACITOR 1608 REFLOW)
Add component. Clean all parameters for all variants
Add component (AddParameter): Name = "Value"; Value = "47p"; VariantName = "[No Variations]"
Added Component: Designator=C42(CAPACITOR 1608 REFLOW)
Add component. Clean all parameters for all variants
Add component (AddParameter): Name = "Value"; Value = "2n2"; VariantName = "[No Variations]"
Added Component: Designator=C43(CAPACITOR 1608 REFLOW)
Add component. Clean all parameters for all variants
Add component (AddParameter): Name = "Value"; Value = "2n2"; VariantName = "[No Variations]"
Added Component: Designator=C44(CAPACITOR 1608 REFLOW)
Add component. Clean all parameters for all variants
Add component (AddParameter): Name = "Value"; Value = "47p"; VariantName = "[No Variations]"
Added Component: Designator=C45(CAPACITOR 1608 REFLOW)
Add component. Clean all parameters for all variants
Add component (AddParameter): Name = "Value"; Value = "47p"; VariantName = "[No Variations]"
Added Component: Designator=C46(CAPACITOR 1608 REFLOW)
Add component. Clean all parameters for all variants
Add component (AddParameter): Name = "Value"; Value = "47p"; VariantName = "[No Variations]"
Added Component: Designator=C47(CAPACITOR 1608 REFLOW)
Add component. Clean all parameters for all variants
Add component (AddParameter): Name = "Value"; Value = "47p"; VariantName = "[No Variations]"
Added Component: Designator=C48(CAPACITOR 1608 REFLOW)
Add component. Clean all parameters for all variants
Add component (AddParameter): Name = "Value"; Value = "2n2"; VariantName = "[No Variations]"
Added Component: Designator=C49(CAPACITOR 1608 REFLOW)
Add component. Clean all parameters for all variants
Add component (AddParameter): Name = "Value"; Value = "2n2"; VariantName = "[No Variations]"
Added Component: Designator=C50(CAPACITOR 1608 REFLOW)
Add component. Clean all parameters for all variants
Add component (AddParameter): Name = "Value"; Value = "100n"; VariantName = "[No Variations]"
Added Component: Designator=C51(CAPACITOR 1608 REFLOW)
Add component. Clean all parameters for all variants
Add component (AddParameter): Name = "Value"; Value = "47p"; VariantName = "[No Variations]"
Added Component: Designator=C52(CAPACITOR 1608 REFLOW)
Add component. Clean all parameters for all variants
Add component (AddParameter): Name = "Value"; Value = "47p"; VariantName = "[No Variations]"
Added Component: Designator=C53(CAPACITOR 1608 REFLOW)
Add component. Clean all parameters for all variants
Add component (AddParameter): Name = "Value"; Value = "100n"; VariantName = "[No Variations]"
Added Component: Designator=C54(CAPACITOR 1608 REFLOW)
Add component. Clean all parameters for all variants
Add component (AddParameter): Name = "Value"; Value = "47p"; VariantName = "[No Variations]"
Added Component: Designator=C55(CAPACITOR 1608 REFLOW)
Add component. Clean all parameters for all variants
Add component (AddParameter): Name = "Value"; Value = "47p"; VariantName = "[No Variations]"
Added Component: Designator=C56(CAPACITOR 1608 REFLOW)
Add component. Clean all parameters for all variants
Add component (AddParameter): Name = "Value"; Value = "2n2"; VariantName = "[No Variations]"
Added Component: Designator=C57(CAPACITOR 1608 REFLOW)
Add component. Clean all parameters for all variants
Add component (AddParameter): Name = "Value"; Value = "2n2"; VariantName = "[No Variations]"
Added Component: Designator=C58(CAPACITOR 1608 REFLOW)
Add component. Clean all parameters for all variants
Add component (AddParameter): Name = "Value"; Value = "47p"; VariantName = "[No Variations]"
Added Component: Designator=C59(CAPACITOR 1608 REFLOW)
Add component. Clean all parameters for all variants
Add component (AddParameter): Name = "Value"; Value = "47p"; VariantName = "[No Variations]"
Added Component: Designator=C60(CAPACITOR 1608 REFLOW)
Add component. Clean all parameters for all variants
Add component (AddParameter): Name = "Value"; Value = "47p"; VariantName = "[No Variations]"
Added Component: Designator=C61(CAPACITOR 1608 REFLOW)
Add component. Clean all parameters for all variants
Add component (AddParameter): Name = "Value"; Value = "47p"; VariantName = "[No Variations]"
Added Component: Designator=C62(CAPACITOR 1608 REFLOW)
Add component. Clean all parameters for all variants
Add component (AddParameter): Name = "Value"; Value = "2n2"; VariantName = "[No Variations]"
Added Component: Designator=C63(CAPACITOR 1608 REFLOW)
Add component. Clean all parameters for all variants
Add component (AddParameter): Name = "Value"; Value = "2n2"; VariantName = "[No Variations]"
Added Component: Designator=C64(CAPACITOR 1608 REFLOW)
Add component. Clean all parameters for all variants
Add component (AddParameter): Name = "Value"; Value = "47p"; VariantName = "[No Variations]"
Added Component: Designator=C65(CAPACITOR 1608 REFLOW)
Add component. Clean all parameters for all variants
Add component (AddParameter): Name = "Value"; Value = "47p"; VariantName = "[No Variations]"
Added Component: Designator=C66(CAPACITOR 1608 REFLOW)
Add component. Clean all parameters for all variants
Add component (AddParameter): Name = "Value"; Value = "1uF"; VariantName = "[No Variations]"
Added Component: Designator=C67(CAPACITOR 1608 REFLOW)
Add component. Clean all parameters for all variants
Add component (AddParameter): Name = "Value"; Value = "2uF"; VariantName = "[No Variations]"
Added Component: Designator=C68(CAPACITOR 1608 REFLOW)
Add component. Clean all parameters for all variants
Add component (AddParameter): Name = "Value"; Value = "1uF"; VariantName = "[No Variations]"
Added Component: Designator=C69(CAPACITOR 1608 REFLOW)
Add component. Clean all parameters for all variants
Add component (AddParameter): Name = "Value"; Value = "10nF"; VariantName = "[No Variations]"
Added Component: Designator=C70(CAPACITOR 1608 REFLOW)
Add component. Clean all parameters for all variants
Add component (AddParameter): Name = "Value"; Value = "1uF"; VariantName = "[No Variations]"
Added Component: Designator=C71(CAPACITOR 1608 REFLOW)
Add component. Clean all parameters for all variants
Add component (AddParameter): Name = "Value"; Value = "10nF"; VariantName = "[No Variations]"
Added Component: Designator=C72(CAPACITOR 1608 REFLOW)
Add component. Clean all parameters for all variants
Add component (AddParameter): Name = "Value"; Value = "1uF"; VariantName = "[No Variations]"
Added Component: Designator=C73(CAPACITOR 1608 REFLOW)
Add component. Clean all parameters for all variants
Add component (AddParameter): Name = "Value"; Value = "10nF"; VariantName = "[No Variations]"
Added Component: Designator=C74(CAPACITOR 1608 REFLOW)
Add component. Clean all parameters for all variants
Add component (AddParameter): Name = "Value"; Value = "1uF"; VariantName = "[No Variations]"
Added Component: Designator=C75(CAPACITOR 1608 REFLOW)
Add component. Clean all parameters for all variants
Add component (AddParameter): Name = "Value"; Value = "10nF"; VariantName = "[No Variations]"
Added Component: Designator=C76(CAPACITOR 1608 REFLOW)
Add component. Clean all parameters for all variants
Add component (AddParameter): Name = "Value"; Value = "1uF"; VariantName = "[No Variations]"
Added Component: Designator=C77(CAPACITOR 1608 REFLOW)
Add component. Clean all parameters for all variants
Add component (AddParameter): Name = "Value"; Value = "10nF"; VariantName = "[No Variations]"
Added Component: Designator=C78(CAPACITOR 1608 REFLOW)
Add component. Clean all parameters for all variants
Add component (AddParameter): Name = "Value"; Value = "1uF"; VariantName = "[No Variations]"
Added Component: Designator=C79(CAPACITOR 1608 REFLOW)
Add component. Clean all parameters for all variants
Add component (AddParameter): Name = "Value"; Value = "10nF"; VariantName = "[No Variations]"
Added Component: Designator=C80(CAPACITOR 1608 REFLOW)
Add component. Clean all parameters for all variants
Add component (AddParameter): Name = "Value"; Value = "1uF"; VariantName = "[No Variations]"
Added Component: Designator=C81(CAPACITOR 1608 REFLOW)
Add component. Clean all parameters for all variants
Add component (AddParameter): Name = "Value"; Value = "10nF"; VariantName = "[No Variations]"
Added Component: Designator=C82(CAPACITOR 1608 REFLOW)
Add component. Clean all parameters for all variants
Add component (AddParameter): Name = "Value"; Value = "1uF"; VariantName = "[No Variations]"
Added Component: Designator=C83(CAPACITOR 1608 REFLOW)
Add component. Clean all parameters for all variants
Add component (AddParameter): Name = "Value"; Value = "10nF"; VariantName = "[No Variations]"
Added Component: Designator=C84(CAPACITOR 1608 REFLOW)
Add component. Clean all parameters for all variants
Add component (AddParameter): Name = "Value"; Value = "1uF"; VariantName = "[No Variations]"
Added Component: Designator=C85(CAPACITOR 1608 REFLOW)
Add component. Clean all parameters for all variants
Add component (AddParameter): Name = "Value"; Value = "10nF"; VariantName = "[No Variations]"
Added Component: Designator=C86(CAPACITOR 1608 REFLOW)
Add component. Clean all parameters for all variants
Add component (AddParameter): Name = "Value"; Value = "1uF"; VariantName = "[No Variations]"
Added Component: Designator=C87(CAPACITOR 1608 REFLOW)
Add component. Clean all parameters for all variants
Add component (AddParameter): Name = "Value"; Value = "10nF"; VariantName = "[No Variations]"
Added Component: Designator=C88(CAPACITOR 1608 REFLOW)
Add component. Clean all parameters for all variants
Add component (AddParameter): Name = "Value"; Value = "1uF"; VariantName = "[No Variations]"
Added Component: Designator=C89(CAPACITOR 1608 REFLOW)
Add component. Clean all parameters for all variants
Add component (AddParameter): Name = "Value"; Value = "10nF"; VariantName = "[No Variations]"
Added Component: Designator=C90(CAPACITOR 1608 REFLOW)
Add component. Clean all parameters for all variants
Add component (AddParameter): Name = "Value"; Value = "1uF"; VariantName = "[No Variations]"
Added Component: Designator=C91(CAPACITOR 1608 REFLOW)
Add component. Clean all parameters for all variants
Add component (AddParameter): Name = "Value"; Value = "10nF"; VariantName = "[No Variations]"
Added Component: Designator=C92(CAPACITOR 1608 REFLOW)
Add component. Clean all parameters for all variants
Add component (AddParameter): Name = "Value"; Value = "1uF"; VariantName = "[No Variations]"
Added Component: Designator=C93(CAPACITOR 1608 REFLOW)
Add component. Clean all parameters for all variants
Add component (AddParameter): Name = "Value"; Value = "10nF"; VariantName = "[No Variations]"
Added Component: Designator=C94(CAPACITOR 1608 REFLOW)
Add component. Clean all parameters for all variants
Add component (AddParameter): Name = "Value"; Value = "1uF"; VariantName = "[No Variations]"
Added Component: Designator=C95(CAPACITOR 1608 REFLOW)
Add component. Clean all parameters for all variants
Add component (AddParameter): Name = "Value"; Value = "10nF"; VariantName = "[No Variations]"
Added Component: Designator=C96(CAPACITOR 1608 REFLOW)
Add component. Clean all parameters for all variants
Add component (AddParameter): Name = "Value"; Value = "1uF"; VariantName = "[No Variations]"
Added Component: Designator=C97(CAPACITOR 1608 REFLOW)
Add component. Clean all parameters for all variants
Add component (AddParameter): Name = "Value"; Value = "10nF"; VariantName = "[No Variations]"
Added Component: Designator=C98(CAPACITOR 1608 REFLOW)
Add component. Clean all parameters for all variants
Add component (AddParameter): Name = "Value"; Value = "1uF"; VariantName = "[No Variations]"
Added Component: Designator=C99(CAPACITOR 1608 REFLOW)
Add component. Clean all parameters for all variants
Add component (AddParameter): Name = "Value"; Value = "10nF"; VariantName = "[No Variations]"
Added Component: Designator=C100(CAPACITOR 1608 REFLOW)
Add component. Clean all parameters for all variants
Add component (AddParameter): Name = "Value"; Value = "1uF"; VariantName = "[No Variations]"
Added Component: Designator=C101(CAPACITOR 1608 REFLOW)
Add component. Clean all parameters for all variants
Add component (AddParameter): Name = "Value"; Value = "10nF"; VariantName = "[No Variations]"
Added Component: Designator=C102(CAPACITOR 1608 REFLOW)
Add component. Clean all parameters for all variants
Add component (AddParameter): Name = "Value"; Value = "1uF"; VariantName = "[No Variations]"
Added Component: Designator=C103(CAPACITOR 1608 REFLOW)
Add component. Clean all parameters for all variants
Add component (AddParameter): Name = "Value"; Value = "10nF"; VariantName = "[No Variations]"
Added Component: Designator=C104(CAPACITOR 1608 REFLOW)
Add component. Clean all parameters for all variants
Add component (AddParameter): Name = "Value"; Value = "1uF"; VariantName = "[No Variations]"
Added Component: Designator=C105(CAPACITOR 1608 REFLOW)
Add component. Clean all parameters for all variants
Add component (AddParameter): Name = "Value"; Value = "10nF"; VariantName = "[No Variations]"
Added Component: Designator=C106(CAPACITOR 1608 REFLOW)
Add component. Clean all parameters for all variants
Add component (AddParameter): Name = "Value"; Value = "1uF"; VariantName = "[No Variations]"
Added Component: Designator=C107(CAPACITOR 1608 REFLOW)
Add component. Clean all parameters for all variants
Add component (AddParameter): Name = "Value"; Value = "10nF"; VariantName = "[No Variations]"
Added Component: Designator=C108(CAPACITOR 2012 REFLOW)
Add component. Clean all parameters for all variants
Add component (AddParameter): Name = "Value"; Value = "100n"; VariantName = "[No Variations]"
Added Component: Designator=C109(CAPACITOR 2012 REFLOW)
Add component. Clean all parameters for all variants
Add component (AddParameter): Name = "Value"; Value = "100p"; VariantName = "[No Variations]"
Added Component: Designator=C110(CAPACITOR 2012 REFLOW)
Add component. Clean all parameters for all variants
Add component (AddParameter): Name = "Value"; Value = "150p"; VariantName = "[No Variations]"
Added Component: Designator=C111(CAPACITOR 1608 REFLOW)
Add component. Clean all parameters for all variants
Add component (AddParameter): Name = "Value"; Value = "100n"; VariantName = "[No Variations]"
Added Component: Designator=C112(CAPACITOR 2012 REFLOW)
Add component. Clean all parameters for all variants
Add component (AddParameter): Name = "Value"; Value = "100p"; VariantName = "[No Variations]"
Added Component: Designator=C113(CAPACITOR 2012 REFLOW)
Add component. Clean all parameters for all variants
Add component (AddParameter): Name = "Value"; Value = "150p"; VariantName = "[No Variations]"
Added Component: Designator=C114(CAPACITOR 2012 REFLOW)
Add component. Clean all parameters for all variants
Add component (AddParameter): Name = "Value"; Value = "100n"; VariantName = "[No Variations]"
Added Component: Designator=C115(CAPACITOR 2012 REFLOW)
Add component. Clean all parameters for all variants
Add component (AddParameter): Name = "Value"; Value = "1u"; VariantName = "[No Variations]"
Added Component: Designator=C116(CAPACITOR 2012 REFLOW)
Add component. Clean all parameters for all variants
Add component (AddParameter): Name = "Value"; Value = "100p"; VariantName = "[No Variations]"
Added Component: Designator=C117(CAPACITOR 1608 REFLOW)
Add component. Clean all parameters for all variants
Add component (AddParameter): Name = "Value"; Value = "100n"; VariantName = "[No Variations]"
Added Component: Designator=C118(CAPACITOR 2012 REFLOW)
Add component. Clean all parameters for all variants
Add component (AddParameter): Name = "Value"; Value = "150p"; VariantName = "[No Variations]"
Added Component: Designator=C119(CAPACITOR 2012 REFLOW)
Add component. Clean all parameters for all variants
Add component (AddParameter): Name = "Value"; Value = "100p"; VariantName = "[No Variations]"
Added Component: Designator=C120(CAPACITOR 2012 REFLOW)
Add component. Clean all parameters for all variants
Add component (AddParameter): Name = "Value"; Value = "150p"; VariantName = "[No Variations]"
Added Component: Designator=C121(CAPACITOR 2012 REFLOW)
Add component. Clean all parameters for all variants
Add component (AddParameter): Name = "Value"; Value = "100p"; VariantName = "[No Variations]"
Added Component: Designator=C122(CAPACITOR 2012 REFLOW)
Add component. Clean all parameters for all variants
Add component (AddParameter): Name = "Value"; Value = "150p"; VariantName = "[No Variations]"
Added Component: Designator=C123(CAPACITOR 2012 REFLOW)
Add component. Clean all parameters for all variants
Add component (AddParameter): Name = "Value"; Value = "100p"; VariantName = "[No Variations]"
Added Component: Designator=C124(CAPACITOR 2012 REFLOW)
Add component. Clean all parameters for all variants
Add component (AddParameter): Name = "Value"; Value = "150p"; VariantName = "[No Variations]"
Added Component: Designator=C125(CAPACITOR 2012 REFLOW)
Add component. Clean all parameters for all variants
Add component (AddParameter): Name = "Value"; Value = "100n"; VariantName = "[No Variations]"
Added Component: Designator=C126(CAPACITOR 2012 REFLOW)
Add component. Clean all parameters for all variants
Add component (AddParameter): Name = "Value"; Value = "1u"; VariantName = "[No Variations]"
Added Component: Designator=C127(CAPACITOR 1608 REFLOW)
Add component. Clean all parameters for all variants
Add component (AddParameter): Name = "Value"; Value = "100n"; VariantName = "[No Variations]"
Added Component: Designator=C128(CAPACITOR 2012 REFLOW)
Add component. Clean all parameters for all variants
Add component (AddParameter): Name = "Value"; Value = "100p"; VariantName = "[No Variations]"
Added Component: Designator=C129(CAPACITOR 1608 REFLOW)
Add component. Clean all parameters for all variants
Add component (AddParameter): Name = "Value"; Value = "100n"; VariantName = "[No Variations]"
Added Component: Designator=C130(CAPACITOR 2012 REFLOW)
Add component. Clean all parameters for all variants
Add component (AddParameter): Name = "Value"; Value = "150p"; VariantName = "[No Variations]"
Added Component: Designator=C131(CAPACITOR 2012 REFLOW)
Add component. Clean all parameters for all variants
Add component (AddParameter): Name = "Value"; Value = "100p"; VariantName = "[No Variations]"
Added Component: Designator=C132(CAPACITOR 2012 REFLOW)
Add component. Clean all parameters for all variants
Add component (AddParameter): Name = "Value"; Value = "150p"; VariantName = "[No Variations]"
Added Component: Designator=C133(CAPACITOR 2012 REFLOW)
Add component. Clean all parameters for all variants
Add component (AddParameter): Name = "Value"; Value = "10uF"; VariantName = "[No Variations]"
Added Component: Designator=C134(CAPACITOR 2012 REFLOW)
Add component. Clean all parameters for all variants
Add component (AddParameter): Name = "Value"; Value = "100nF"; VariantName = "[No Variations]"
Added Component: Designator=C135(CAPACITOR 1608 REFLOW)
Add component. Clean all parameters for all variants
Add component (AddParameter): Name = "Value"; Value = "100n"; VariantName = "[No Variations]"
Added Component: Designator=C136(CAPACITOR 2012 REFLOW)
Add component. Clean all parameters for all variants
Add component (AddParameter): Name = "Value"; Value = "3u3"; VariantName = "[No Variations]"
Added Component: Designator=C137(CAPACITOR 2012 REFLOW)
Add component. Clean all parameters for all variants
Add component (AddParameter): Name = "Value"; Value = "10uF"; VariantName = "[No Variations]"
Added Component: Designator=C138(CAPACITOR 2012 REFLOW)
Add component. Clean all parameters for all variants
Add component (AddParameter): Name = "Value"; Value = "100nF"; VariantName = "[No Variations]"
Added Component: Designator=C139(CAPACITOR 2012 REFLOW)
Add component. Clean all parameters for all variants
Add component (AddParameter): Name = "Value"; Value = "10u"; VariantName = "[No Variations]"
Added Component: Designator=C140(CAPACITOR 2012 REFLOW)
Add component. Clean all parameters for all variants
Add component (AddParameter): Name = "Value"; Value = "3u3"; VariantName = "[No Variations]"
Added Component: Designator=C141(CAPACITOR 2012 REFLOW)
Add component. Clean all parameters for all variants
Add component (AddParameter): Name = "Value"; Value = "1u"; VariantName = "[No Variations]"
Added Component: Designator=C142(CAPACITOR 1608 REFLOW)
Add component. Clean all parameters for all variants
Add component (AddParameter): Name = "Value"; Value = "100n"; VariantName = "[No Variations]"
Added Component: Designator=J1(FlatCable2x10 2.54MM Straight TH)
Add component. Clean all parameters for all variants
Add component (AddParameter): Name = "Manufacturer"; Value = "Wurth Elektronik"; VariantName = "[No Variations]"
Add component (AddParameter): Name = "Mouser No."; Value = "710-61202021621"; VariantName = "[No Variations]"
Add component (AddParameter): Name = "Value"; Value = "61202021621"; VariantName = "[No Variations]"
Added Component: Designator=J2(FlatCable2x10 2.54MM Straight TH)
Add component. Clean all parameters for all variants
Add component (AddParameter): Name = "Manufacturer"; Value = "Wurth Elektronik"; VariantName = "[No Variations]"
Add component (AddParameter): Name = "Mouser No."; Value = "710-61202021621"; VariantName = "[No Variations]"
Add component (AddParameter): Name = "Value"; Value = "61202021621"; VariantName = "[No Variations]"
Added Component: Designator=J3(ERNI SMC-B50-SMD-BA)
Add component. Clean all parameters for all variants
Added Component: Designator=J4(ERNI SMC-B50-SMD-BA)
Add component. Clean all parameters for all variants
Added Component: Designator=J5(FlatCable2x9 2MM Right Angle TH FCI 98614-G61-18ULF)
Add component. Clean all parameters for all variants
Add component (AddParameter): Name = "Manufacturer"; Value = "Amphenol FCI"; VariantName = "[No Variations]"
Add component (AddParameter): Name = "Mouser No."; Value = "649-98464-G61-18ULF"; VariantName = "[No Variations]"
Add component (AddParameter): Name = "Value"; Value = "98464-G61-18ULF"; VariantName = "[No Variations]"
Added Component: Designator=J6(FlatCable2x5 2.54MM RIGHT ANGLE TH)
Add component. Clean all parameters for all variants
Add component (AddParameter): Name = "Manufacturer"; Value = "Wurth Elektronik"; VariantName = "[No Variations]"
Add component (AddParameter): Name = "Mouser No."; Value = "710-61201021721"; VariantName = "[No Variations]"
Add component (AddParameter): Name = "Value"; Value = "61201021721"; VariantName = "[No Variations]"
Added Component: Designator=J7(SMA TH Right Angle Linx CONSMA002)
Add component. Clean all parameters for all variants
Add component (AddParameter): Name = "Manufacturer"; Value = "Linx Technologies"; VariantName = "[No Variations]"
Add component (AddParameter): Name = "Mouser No."; Value = "712-CONSMA002-G"; VariantName = "[No Variations]"
Add component (AddParameter): Name = "Value"; Value = "CONSMA002-G"; VariantName = "[No Variations]"
Added Component: Designator=J8(SMA TH Right Angle Linx CONSMA002)
Add component. Clean all parameters for all variants
Add component (AddParameter): Name = "Manufacturer"; Value = "Linx Technologies"; VariantName = "[No Variations]"
Add component (AddParameter): Name = "Mouser No."; Value = "712-CONSMA002-G"; VariantName = "[No Variations]"
Add component (AddParameter): Name = "Value"; Value = "CONSMA002-G"; VariantName = "[No Variations]"
Added Component: Designator=J9(SMA TH Right Angle Linx CONSMA002)
Add component. Clean all parameters for all variants
Add component (AddParameter): Name = "Manufacturer"; Value = "Linx Technologies"; VariantName = "[No Variations]"
Add component (AddParameter): Name = "Mouser No."; Value = "712-CONSMA002-G"; VariantName = "[No Variations]"
Add component (AddParameter): Name = "Value"; Value = "CONSMA002-G"; VariantName = "[No Variations]"
Added Component: Designator=J10(SMA TH Right Angle Linx CONSMA002)
Add component. Clean all parameters for all variants
Add component (AddParameter): Name = "Manufacturer"; Value = "Linx Technologies"; VariantName = "[No Variations]"
Add component (AddParameter): Name = "Mouser No."; Value = "712-CONSMA002-G"; VariantName = "[No Variations]"
Add component (AddParameter): Name = "Value"; Value = "CONSMA002-G"; VariantName = "[No Variations]"
Added Component: Designator=J11(SMA TH Right Angle Linx CONSMA002)
Add component. Clean all parameters for all variants
Add component (AddParameter): Name = "Manufacturer"; Value = "Linx Technologies"; VariantName = "[No Variations]"
Add component (AddParameter): Name = "Mouser No."; Value = "712-CONSMA002-G"; VariantName = "[No Variations]"
Add component (AddParameter): Name = "Value"; Value = "CONSMA002-G"; VariantName = "[No Variations]"
Added Component: Designator=J12(SMA TH Right Angle Linx CONSMA002)
Add component. Clean all parameters for all variants
Add component (AddParameter): Name = "Manufacturer"; Value = "Linx Technologies"; VariantName = "[No Variations]"
Add component (AddParameter): Name = "Mouser No."; Value = "712-CONSMA002-G"; VariantName = "[No Variations]"
Add component (AddParameter): Name = "Value"; Value = "CONSMA002-G"; VariantName = "[No Variations]"
Added Component: Designator=J13(SMA TH Right Angle Linx CONSMA002)
Add component. Clean all parameters for all variants
Add component (AddParameter): Name = "Manufacturer"; Value = "Linx Technologies"; VariantName = "[No Variations]"
Add component (AddParameter): Name = "Mouser No."; Value = "712-CONSMA002-G"; VariantName = "[No Variations]"
Add component (AddParameter): Name = "Value"; Value = "CONSMA002-G"; VariantName = "[No Variations]"
Added Component: Designator=J14(SMA TH Right Angle Linx CONSMA002)
Add component. Clean all parameters for all variants
Add component (AddParameter): Name = "Manufacturer"; Value = "Linx Technologies"; VariantName = "[No Variations]"
Add component (AddParameter): Name = "Mouser No."; Value = "712-CONSMA002-G"; VariantName = "[No Variations]"
Add component (AddParameter): Name = "Value"; Value = "CONSMA002-G"; VariantName = "[No Variations]"
Added Component: Designator=JP1(JUMPER3 SMD 1608)
Add component. Clean all parameters for all variants
Add component (AddParameter): Name = "Value"; Value = "{Value}"; VariantName = "[No Variations]"
Added Component: Designator=JP2(JUMPER3 SMD 1608)
Add component. Clean all parameters for all variants
Add component (AddParameter): Name = "Value"; Value = "{Value}"; VariantName = "[No Variations]"
Added Component: Designator=JP3(JUMPER3 SMD 1608)
Add component. Clean all parameters for all variants
Add component (AddParameter): Name = "Value"; Value = "{Value}"; VariantName = "[No Variations]"
Added Component: Designator=JP4(JUMPER3 SMD 1608)
Add component. Clean all parameters for all variants
Add component (AddParameter): Name = "Value"; Value = "{Value}"; VariantName = "[No Variations]"
Added Component: Designator=JP5(JUMPER3 SMD 1608)
Add component. Clean all parameters for all variants
Add component (AddParameter): Name = "Value"; Value = "{Value}"; VariantName = "[No Variations]"
Added Component: Designator=JP6(JUMPER3 SMD 1608)
Add component. Clean all parameters for all variants
Add component (AddParameter): Name = "Value"; Value = "{Value}"; VariantName = "[No Variations]"
Added Component: Designator=JP7(JUMPER3 SMD 1608)
Add component. Clean all parameters for all variants
Add component (AddParameter): Name = "Value"; Value = "{Value}"; VariantName = "[No Variations]"
Added Component: Designator=JP8(JUMPER3 SMD 1608)
Add component. Clean all parameters for all variants
Add component (AddParameter): Name = "Value"; Value = "{Value}"; VariantName = "[No Variations]"
Added Component: Designator=JP9(JUMPER3 SMD 1608)
Add component. Clean all parameters for all variants
Add component (AddParameter): Name = "Value"; Value = "{Value}"; VariantName = "[No Variations]"
Added Component: Designator=JP10(JUMPER3 SMD 1608)
Add component. Clean all parameters for all variants
Add component (AddParameter): Name = "Value"; Value = "{Value}"; VariantName = "[No Variations]"
Added Component: Designator=JP11(JUMPER3 SMD 1608)
Add component. Clean all parameters for all variants
Add component (AddParameter): Name = "Value"; Value = "{Value}"; VariantName = "[No Variations]"
Added Component: Designator=JP12(JUMPER3 SMD 1608)
Add component. Clean all parameters for all variants
Add component (AddParameter): Name = "Value"; Value = "{Value}"; VariantName = "[No Variations]"
Added Component: Designator=JP13(JUMPER3 SMD 1608)
Add component. Clean all parameters for all variants
Add component (AddParameter): Name = "Value"; Value = "{Value}"; VariantName = "[No Variations]"
Added Component: Designator=JP14(JUMPER3 SMD 1608)
Add component. Clean all parameters for all variants
Add component (AddParameter): Name = "Value"; Value = "{Value}"; VariantName = "[No Variations]"
Added Component: Designator=JP15(JUMPER3 SMD 1608)
Add component. Clean all parameters for all variants
Add component (AddParameter): Name = "Value"; Value = "{Value}"; VariantName = "[No Variations]"
Added Component: Designator=JP16(JUMPER3 SMD 1608)
Add component. Clean all parameters for all variants
Add component (AddParameter): Name = "Value"; Value = "{Value}"; VariantName = "[No Variations]"
Added Component: Designator=JP17(JUMPER3 SMD 1608)
Add component. Clean all parameters for all variants
Add component (AddParameter): Name = "Value"; Value = "{Value}"; VariantName = "[No Variations]"
Added Component: Designator=JP18(JUMPER3 SMD 1608)
Add component. Clean all parameters for all variants
Add component (AddParameter): Name = "Value"; Value = "{Value}"; VariantName = "[No Variations]"
Added Component: Designator=JP19(JUMPER3 SMD 1608)
Add component. Clean all parameters for all variants
Add component (AddParameter): Name = "Value"; Value = "{Value}"; VariantName = "[No Variations]"
Added Component: Designator=JP20(JUMPER3 SMD 1608)
Add component. Clean all parameters for all variants
Add component (AddParameter): Name = "Value"; Value = "{Value}"; VariantName = "[No Variations]"
Added Component: Designator=NT1(NET TIE 1005)
Add component. Clean all parameters for all variants
Added Component: Designator=NT2(NET TIE 1005)
Add component. Clean all parameters for all variants
Added Component: Designator=U1(SO14 P1.27 C4.0X8.8 H1.75)
Add component. Clean all parameters for all variants
Add component (AddParameter): Name = "Value"; Value = ""; VariantName = "[No Variations]"
Added Component: Designator=U2(SO14 P1.27 C4.0X8.8 H1.75)
Add component. Clean all parameters for all variants
Add component (AddParameter): Name = "Value"; Value = ""; VariantName = "[No Variations]"
Added Component: Designator=U3(SO14 P1.27 C4.0X8.8 H1.75)
Add component. Clean all parameters for all variants
Add component (AddParameter): Name = "Value"; Value = ""; VariantName = "[No Variations]"
Added Component: Designator=U4(SO14 P1.27 C4.0X8.8 H1.75)
Add component. Clean all parameters for all variants
Add component (AddParameter): Name = "Value"; Value = ""; VariantName = "[No Variations]"
Added Component: Designator=U5(SO14 P1.27 C4.0X8.8 H1.75)
Add component. Clean all parameters for all variants
Add component (AddParameter): Name = "Value"; Value = ""; VariantName = "[No Variations]"
Added Component: Designator=U6(SOT23-6 P0.95 C1.5x3.0 H1.3)
Add component. Clean all parameters for all variants
Add component (AddParameter): Name = "Value"; Value = "ADS7886SBDCKT"; VariantName = "[No Variations]"
Added Component: Designator=U7(SOT23-6 P0.95 C1.5x3.0 H1.3)
Add component. Clean all parameters for all variants
Add component (AddParameter): Name = "Value"; Value = "ADS7886SBDCKT"; VariantName = "[No Variations]"
Added Component: Designator=U8(SOT23-6 P0.95 C1.5x3.0 H1.3)
Add component. Clean all parameters for all variants
Add component (AddParameter): Name = "Value"; Value = "ADS7886SBDCKT"; VariantName = "[No Variations]"
Added Component: Designator=U9(SOT23-6 P0.95 C1.5x3.0 H1.3)
Add component. Clean all parameters for all variants
Add component (AddParameter): Name = "Value"; Value = "ADS7886SBDCKT"; VariantName = "[No Variations]"
Added Component: Designator=U10(SOT23-6 P0.95 C1.5x3.0 H1.3)
Add component. Clean all parameters for all variants
Add component (AddParameter): Name = "Value"; Value = "ADS7886SBDCKT"; VariantName = "[No Variations]"
Added Component: Designator=U11(SOT23-6 P0.95 C1.5x3.0 H1.3)
Add component. Clean all parameters for all variants
Add component (AddParameter): Name = "Value"; Value = "ADS7886SBDCKT"; VariantName = "[No Variations]"
Added Component: Designator=U12(SOT23-6 P0.95 C1.5x3.0 H1.3)
Add component. Clean all parameters for all variants
Add component (AddParameter): Name = "Value"; Value = "ADS7886SBDCKT"; VariantName = "[No Variations]"
Added Component: Designator=U13(SOT23-6 P0.95 C1.5x3.0 H1.3)
Add component. Clean all parameters for all variants
Add component (AddParameter): Name = "Value"; Value = "ADS7886SBDCKT"; VariantName = "[No Variations]"
Added Component: Designator=U14(SOT23-6 P0.95 C1.5x3.0 H1.3)
Add component. Clean all parameters for all variants
Add component (AddParameter): Name = "Value"; Value = "ADS7886SBDCKT"; VariantName = "[No Variations]"
Added Component: Designator=U15(SOT23-6 P0.95 C1.5x3.0 H1.3)
Add component. Clean all parameters for all variants
Add component (AddParameter): Name = "Value"; Value = "ADS7886SBDCKT"; VariantName = "[No Variations]"
Added Component: Designator=U16(SOT23-6 P0.95 C1.5x3.0 H1.3)
Add component. Clean all parameters for all variants
Add component (AddParameter): Name = "Value"; Value = "ADS7886SBDCKT"; VariantName = "[No Variations]"
Added Component: Designator=U17(SOT23-6 P0.95 C1.5x3.0 H1.3)
Add component. Clean all parameters for all variants
Add component (AddParameter): Name = "Value"; Value = "ADS7886SBDCKT"; VariantName = "[No Variations]"
Added Component: Designator=U18(SOT23-6 P0.95 C1.5x3.0 H1.3)
Add component. Clean all parameters for all variants
Add component (AddParameter): Name = "Value"; Value = "ADS7886SBDCKT"; VariantName = "[No Variations]"
Added Component: Designator=U19(SOT23-6 P0.95 C1.5x3.0 H1.3)
Add component. Clean all parameters for all variants
Add component (AddParameter): Name = "Value"; Value = "ADS7886SBDCKT"; VariantName = "[No Variations]"
Added Component: Designator=U20(SOT23-6 P0.95 C1.5x3.0 H1.3)
Add component. Clean all parameters for all variants
Add component (AddParameter): Name = "Value"; Value = "ADS7886SBDCKT"; VariantName = "[No Variations]"
Added Component: Designator=U21(SOT23-6 P0.95 C1.5x3.0 H1.3)
Add component. Clean all parameters for all variants
Add component (AddParameter): Name = "Value"; Value = "ADS7886SBDCKT"; VariantName = "[No Variations]"
Added Component: Designator=U22(SOT23-6 P0.95 C1.5x3.0 H1.3)
Add component. Clean all parameters for all variants
Add component (AddParameter): Name = "Value"; Value = "ADS7886SBDCKT"; VariantName = "[No Variations]"
Added Component: Designator=U23(SOT23-6 P0.95 C1.5x3.0 H1.3)
Add component. Clean all parameters for all variants
Add component (AddParameter): Name = "Value"; Value = "ADS7886SBDCKT"; VariantName = "[No Variations]"
Added Component: Designator=U25(SOT23-6 P0.95 C1.5x3.0 H1.3)
Add component. Clean all parameters for all variants
Add component (AddParameter): Name = "Value"; Value = "ADS7886SBDCKT"; VariantName = "[No Variations]"
Added Component: Designator=U26(SOT23-6 P0.95 C1.5x3.0 H1.3)
Add component. Clean all parameters for all variants
Add component (AddParameter): Name = "Value"; Value = "ADS7886SBDCKT"; VariantName = "[No Variations]"
Added Component: Designator=U27(TSSOP16 P0.65 C5.0x4.5 H1.1)
Add component. Clean all parameters for all variants
Add component (AddParameter): Name = "Manufacturer"; Value = "Texas Instruments"; VariantName = "[No Variations]"
Add component (AddParameter): Name = "Mouser No."; Value = "926-DS90LV047ATMTCNO"; VariantName = "[No Variations]"
Add component (AddParameter): Name = "Value"; Value = "DS90LV047ATMTC/NOPB"; VariantName = "[No Variations]"
Added Component: Designator=U28(SO14 P1.27 C4.0X8.8 H1.75)
Add component. Clean all parameters for all variants
Add component (AddParameter): Name = "Manufacturer"; Value = "Analog Devices"; VariantName = "[No Variations]"
Add component (AddParameter): Name = "Mouser No."; Value = "584-AD8648ARZ-R7"; VariantName = "[No Variations]"
Add component (AddParameter): Name = "Value"; Value = "AD8648ARZ-REEL7"; VariantName = "[No Variations]"
Added Component: Designator=U29(VSSOP10 P0.5 C3.1X3.1 H1.1)
Add component. Clean all parameters for all variants
Add component (AddParameter): Name = "Manufacturer"; Value = "Texas Instruments"; VariantName = "[No Variations]"
Add component (AddParameter): Name = "Mouser No."; Value = "926-DAC124S085CIMMNO"; VariantName = "[No Variations]"
Add component (AddParameter): Name = "Value"; Value = "DAC124S085CIMM/NOPB"; VariantName = "[No Variations]"
Added Component: Designator=U31(SO14 P1.27 C4.0X8.8 H1.75)
Add component. Clean all parameters for all variants
Add component (AddParameter): Name = "Manufacturer"; Value = "Analog Devices"; VariantName = "[No Variations]"
Add component (AddParameter): Name = "Mouser No."; Value = "584-AD8648ARZ-R7"; VariantName = "[No Variations]"
Add component (AddParameter): Name = "Value"; Value = "AD8648ARZ-REEL7"; VariantName = "[No Variations]"
Added Component: Designator=U32(VSSOP10 P0.5 C3.1X3.1 H1.1)
Add component. Clean all parameters for all variants
Add component (AddParameter): Name = "Manufacturer"; Value = "Texas Instruments"; VariantName = "[No Variations]"
Add component (AddParameter): Name = "Mouser No."; Value = "926-DAC124S085CIMMNO"; VariantName = "[No Variations]"
Add component (AddParameter): Name = "Value"; Value = "DAC124S085CIMM/NOPB"; VariantName = "[No Variations]"
Added Component: Designator=U35(SO8 P1.27 C4.0X5.0 H1.75)
Add component. Clean all parameters for all variants
Add component (AddParameter): Name = "Manufacturer"; Value = "Analog Devices"; VariantName = "[No Variations]"
Add component (AddParameter): Name = "Mouser No."; Value = "584-AD8646ARZ-R7"; VariantName = "[No Variations]"
Add component (AddParameter): Name = "Value"; Value = "AD8646ARZ-REEL7"; VariantName = "[No Variations]"
Added Pin To Net: NetName=+3V3_A Pin=C37-2
Added Pin To Net: NetName=+3V3_A Pin=C38-2
Added Pin To Net: NetName=+3V3_A Pin=C39-2
Added Pin To Net: NetName=+3V3_A Pin=C50-2
Added Pin To Net: NetName=+3V3_A Pin=C53-2
Added Pin To Net: NetName=+3V3_A Pin=C135-2
Added Pin To Net: NetName=+3V3_A Pin=C137-1
Added Pin To Net: NetName=+3V3_A Pin=C138-1
Added Pin To Net: NetName=+3V3_A Pin=C142-2
Added Pin To Net: NetName=+3V3_A Pin=NT1-2
Added Pin To Net: NetName=+3V3_A Pin=U1-4
Added Pin To Net: NetName=+3V3_A Pin=U2-4
Added Pin To Net: NetName=+3V3_A Pin=U3-4
Added Pin To Net: NetName=+3V3_A Pin=U4-4
Added Pin To Net: NetName=+3V3_A Pin=U5-4
Added Pin To Net: NetName=+3V3_A Pin=U35-8
Added Net: Name=+3V3_A
Added Pin To Net: NetName=+3V3_D Pin=C108-2
Added Pin To Net: NetName=+3V3_D Pin=C111-2
Added Pin To Net: NetName=+3V3_D Pin=C114-2
Added Pin To Net: NetName=+3V3_D Pin=C117-2
Added Pin To Net: NetName=+3V3_D Pin=C125-2
Added Pin To Net: NetName=+3V3_D Pin=C127-2
Added Pin To Net: NetName=+3V3_D Pin=C129-2
Added Pin To Net: NetName=+3V3_D Pin=C133-1
Added Pin To Net: NetName=+3V3_D Pin=C134-1
Added Pin To Net: NetName=+3V3_D Pin=J3-a7
Added Pin To Net: NetName=+3V3_D Pin=J3-b7
Added Pin To Net: NetName=+3V3_D Pin=J5-1
Added Pin To Net: NetName=+3V3_D Pin=J6-10
Added Pin To Net: NetName=+3V3_D Pin=NT1-1
Added Pin To Net: NetName=+3V3_D Pin=U27-1
Added Pin To Net: NetName=+3V3_D Pin=U27-4
Added Pin To Net: NetName=+3V3_D Pin=U28-4
Added Pin To Net: NetName=+3V3_D Pin=U29-1
Added Pin To Net: NetName=+3V3_D Pin=U31-4
Added Pin To Net: NetName=+3V3_D Pin=U32-1
Added Net: Name=+3V3_D
Added Pin To Net: NetName=+5V Pin=C66-2
Added Pin To Net: NetName=+5V Pin=J3-a1
Added Pin To Net: NetName=+5V Pin=J3-a1
Added Pin To Net: NetName=+5V Pin=J3-b1
Added Pin To Net: NetName=+5V Pin=J3-b1
Added Pin To Net: NetName=+5V Pin=J4-a25
Added Net: Name=+5V
Added Pin To Net: NetName=3VREFF Pin=C67-2
Added Pin To Net: NetName=3VREFF Pin=C68-2
Added Pin To Net: NetName=3VREFF Pin=C69-2
Added Pin To Net: NetName=3VREFF Pin=C70-2
Added Pin To Net: NetName=3VREFF Pin=C71-2
Added Pin To Net: NetName=3VREFF Pin=C72-2
Added Pin To Net: NetName=3VREFF Pin=C73-2
Added Pin To Net: NetName=3VREFF Pin=C74-2
Added Pin To Net: NetName=3VREFF Pin=C75-2
Added Pin To Net: NetName=3VREFF Pin=C76-2
Added Pin To Net: NetName=3VREFF Pin=C77-2
Added Pin To Net: NetName=3VREFF Pin=C78-2
Added Pin To Net: NetName=3VREFF Pin=C79-2
Added Pin To Net: NetName=3VREFF Pin=C80-2
Added Pin To Net: NetName=3VREFF Pin=C81-2
Added Pin To Net: NetName=3VREFF Pin=C82-2
Added Pin To Net: NetName=3VREFF Pin=C83-2
Added Pin To Net: NetName=3VREFF Pin=C84-2
Added Pin To Net: NetName=3VREFF Pin=C85-2
Added Pin To Net: NetName=3VREFF Pin=C86-2
Added Pin To Net: NetName=3VREFF Pin=C87-2
Added Pin To Net: NetName=3VREFF Pin=C88-2
Added Pin To Net: NetName=3VREFF Pin=C89-2
Added Pin To Net: NetName=3VREFF Pin=C90-2
Added Pin To Net: NetName=3VREFF Pin=C91-2
Added Pin To Net: NetName=3VREFF Pin=C92-2
Added Pin To Net: NetName=3VREFF Pin=C93-2
Added Pin To Net: NetName=3VREFF Pin=C94-2
Added Pin To Net: NetName=3VREFF Pin=C95-2
Added Pin To Net: NetName=3VREFF Pin=C96-2
Added Pin To Net: NetName=3VREFF Pin=C97-2
Added Pin To Net: NetName=3VREFF Pin=C98-2
Added Pin To Net: NetName=3VREFF Pin=C99-2
Added Pin To Net: NetName=3VREFF Pin=C100-2
Added Pin To Net: NetName=3VREFF Pin=C101-2
Added Pin To Net: NetName=3VREFF Pin=C102-2
Added Pin To Net: NetName=3VREFF Pin=C103-2
Added Pin To Net: NetName=3VREFF Pin=C104-2
Added Pin To Net: NetName=3VREFF Pin=C105-2
Added Pin To Net: NetName=3VREFF Pin=C106-2
Added Pin To Net: NetName=3VREFF Pin=C107-2
Added Pin To Net: NetName=3VREFF Pin=U6-1
Added Pin To Net: NetName=3VREFF Pin=U7-1
Added Pin To Net: NetName=3VREFF Pin=U8-1
Added Pin To Net: NetName=3VREFF Pin=U9-1
Added Pin To Net: NetName=3VREFF Pin=U10-1
Added Pin To Net: NetName=3VREFF Pin=U11-1
Added Pin To Net: NetName=3VREFF Pin=U12-1
Added Pin To Net: NetName=3VREFF Pin=U13-1
Added Pin To Net: NetName=3VREFF Pin=U14-1
Added Pin To Net: NetName=3VREFF Pin=U15-1
Added Pin To Net: NetName=3VREFF Pin=U16-1
Added Pin To Net: NetName=3VREFF Pin=U17-1
Added Pin To Net: NetName=3VREFF Pin=U18-1
Added Pin To Net: NetName=3VREFF Pin=U19-1
Added Pin To Net: NetName=3VREFF Pin=U20-1
Added Pin To Net: NetName=3VREFF Pin=U21-1
Added Pin To Net: NetName=3VREFF Pin=U22-1
Added Pin To Net: NetName=3VREFF Pin=U23-1
Added Pin To Net: NetName=3VREFF Pin=U25-1
Added Pin To Net: NetName=3VREFF Pin=U26-1
Added Net: Name=3VREFF
Added Pin To Net: NetName=GND_A Pin=C4-1
Added Pin To Net: NetName=GND_A Pin=C5-1
Added Pin To Net: NetName=GND_A Pin=C6-1
Added Pin To Net: NetName=GND_A Pin=C7-1
Added Pin To Net: NetName=GND_A Pin=C8-1
Added Pin To Net: NetName=GND_A Pin=C9-1
Added Pin To Net: NetName=GND_A Pin=C13-1
Added Pin To Net: NetName=GND_A Pin=C14-1
Added Pin To Net: NetName=GND_A Pin=C15-1
Added Pin To Net: NetName=GND_A Pin=C16-1
Added Pin To Net: NetName=GND_A Pin=C17-1
Added Pin To Net: NetName=GND_A Pin=C18-1
Added Pin To Net: NetName=GND_A Pin=C22-1
Added Pin To Net: NetName=GND_A Pin=C23-1
Added Pin To Net: NetName=GND_A Pin=C24-1
Added Pin To Net: NetName=GND_A Pin=C25-1
Added Pin To Net: NetName=GND_A Pin=C26-1
Added Pin To Net: NetName=GND_A Pin=C27-1
Added Pin To Net: NetName=GND_A Pin=C31-1
Added Pin To Net: NetName=GND_A Pin=C32-1
Added Pin To Net: NetName=GND_A Pin=C33-1
Added Pin To Net: NetName=GND_A Pin=C34-1
Added Pin To Net: NetName=GND_A Pin=C35-1
Added Pin To Net: NetName=GND_A Pin=C36-1
Added Pin To Net: NetName=GND_A Pin=C37-1
Added Pin To Net: NetName=GND_A Pin=C38-1
Added Pin To Net: NetName=GND_A Pin=C39-1
Added Pin To Net: NetName=GND_A Pin=C42-1
Added Pin To Net: NetName=GND_A Pin=C43-1
Added Pin To Net: NetName=GND_A Pin=C44-1
Added Pin To Net: NetName=GND_A Pin=C45-1
Added Pin To Net: NetName=GND_A Pin=C48-1
Added Pin To Net: NetName=GND_A Pin=C49-1
Added Pin To Net: NetName=GND_A Pin=C50-1
Added Pin To Net: NetName=GND_A Pin=C51-1
Added Pin To Net: NetName=GND_A Pin=C52-1
Added Pin To Net: NetName=GND_A Pin=C53-1
Added Pin To Net: NetName=GND_A Pin=C56-1
Added Pin To Net: NetName=GND_A Pin=C57-1
Added Pin To Net: NetName=GND_A Pin=C58-1
Added Pin To Net: NetName=GND_A Pin=C59-1
Added Pin To Net: NetName=GND_A Pin=C62-1
Added Pin To Net: NetName=GND_A Pin=C63-1
Added Pin To Net: NetName=GND_A Pin=C64-1
Added Pin To Net: NetName=GND_A Pin=C65-1
Added Pin To Net: NetName=GND_A Pin=C66-1
Added Pin To Net: NetName=GND_A Pin=C67-1
Added Pin To Net: NetName=GND_A Pin=C68-1
Added Pin To Net: NetName=GND_A Pin=C69-1
Added Pin To Net: NetName=GND_A Pin=C70-1
Added Pin To Net: NetName=GND_A Pin=C71-1
Added Pin To Net: NetName=GND_A Pin=C72-1
Added Pin To Net: NetName=GND_A Pin=C73-1
Added Pin To Net: NetName=GND_A Pin=C74-1
Added Pin To Net: NetName=GND_A Pin=C75-1
Added Pin To Net: NetName=GND_A Pin=C76-1
Added Pin To Net: NetName=GND_A Pin=C77-1
Added Pin To Net: NetName=GND_A Pin=C78-1
Added Pin To Net: NetName=GND_A Pin=C79-1
Added Pin To Net: NetName=GND_A Pin=C80-1
Added Pin To Net: NetName=GND_A Pin=C81-1
Added Pin To Net: NetName=GND_A Pin=C82-1
Added Pin To Net: NetName=GND_A Pin=C83-1
Added Pin To Net: NetName=GND_A Pin=C84-1
Added Pin To Net: NetName=GND_A Pin=C85-1
Added Pin To Net: NetName=GND_A Pin=C86-1
Added Pin To Net: NetName=GND_A Pin=C87-1
Added Pin To Net: NetName=GND_A Pin=C88-1
Added Pin To Net: NetName=GND_A Pin=C89-1
Added Pin To Net: NetName=GND_A Pin=C90-1
Added Pin To Net: NetName=GND_A Pin=C91-1
Added Pin To Net: NetName=GND_A Pin=C92-1
Added Pin To Net: NetName=GND_A Pin=C93-1
Added Pin To Net: NetName=GND_A Pin=C94-1
Added Pin To Net: NetName=GND_A Pin=C95-1
Added Pin To Net: NetName=GND_A Pin=C96-1
Added Pin To Net: NetName=GND_A Pin=C97-1
Added Pin To Net: NetName=GND_A Pin=C98-1
Added Pin To Net: NetName=GND_A Pin=C99-1
Added Pin To Net: NetName=GND_A Pin=C100-1
Added Pin To Net: NetName=GND_A Pin=C101-1
Added Pin To Net: NetName=GND_A Pin=C102-1
Added Pin To Net: NetName=GND_A Pin=C103-1
Added Pin To Net: NetName=GND_A Pin=C104-1
Added Pin To Net: NetName=GND_A Pin=C105-1
Added Pin To Net: NetName=GND_A Pin=C106-1
Added Pin To Net: NetName=GND_A Pin=C107-1
Added Pin To Net: NetName=GND_A Pin=C135-1
Added Pin To Net: NetName=GND_A Pin=C136-1
Added Pin To Net: NetName=GND_A Pin=C137-2
Added Pin To Net: NetName=GND_A Pin=C138-2
Added Pin To Net: NetName=GND_A Pin=C139-1
Added Pin To Net: NetName=GND_A Pin=C141-1
Added Pin To Net: NetName=GND_A Pin=C142-1
Added Pin To Net: NetName=GND_A Pin=JP1-3
Added Pin To Net: NetName=GND_A Pin=JP2-3
Added Pin To Net: NetName=GND_A Pin=JP3-3
Added Pin To Net: NetName=GND_A Pin=JP4-3
Added Pin To Net: NetName=GND_A Pin=JP5-3
Added Pin To Net: NetName=GND_A Pin=JP6-3
Added Pin To Net: NetName=GND_A Pin=JP7-3
Added Pin To Net: NetName=GND_A Pin=JP8-3
Added Pin To Net: NetName=GND_A Pin=JP9-3
Added Pin To Net: NetName=GND_A Pin=JP10-3
Added Pin To Net: NetName=GND_A Pin=JP11-3
Added Pin To Net: NetName=GND_A Pin=JP12-3
Added Pin To Net: NetName=GND_A Pin=JP13-3
Added Pin To Net: NetName=GND_A Pin=JP14-3
Added Pin To Net: NetName=GND_A Pin=JP15-3
Added Pin To Net: NetName=GND_A Pin=JP16-3
Added Pin To Net: NetName=GND_A Pin=JP17-3
Added Pin To Net: NetName=GND_A Pin=JP18-3
Added Pin To Net: NetName=GND_A Pin=JP19-3
Added Pin To Net: NetName=GND_A Pin=JP20-3
Added Pin To Net: NetName=GND_A Pin=NT2-2
Added Pin To Net: NetName=GND_A Pin=U1-11
Added Pin To Net: NetName=GND_A Pin=U2-11
Added Pin To Net: NetName=GND_A Pin=U3-11
Added Pin To Net: NetName=GND_A Pin=U4-11
Added Pin To Net: NetName=GND_A Pin=U5-11
Added Pin To Net: NetName=GND_A Pin=U6-2
Added Pin To Net: NetName=GND_A Pin=U7-2
Added Pin To Net: NetName=GND_A Pin=U8-2
Added Pin To Net: NetName=GND_A Pin=U9-2
Added Pin To Net: NetName=GND_A Pin=U10-2
Added Pin To Net: NetName=GND_A Pin=U11-2
Added Pin To Net: NetName=GND_A Pin=U12-2
Added Pin To Net: NetName=GND_A Pin=U13-2
Added Pin To Net: NetName=GND_A Pin=U14-2
Added Pin To Net: NetName=GND_A Pin=U15-2
Added Pin To Net: NetName=GND_A Pin=U16-2
Added Pin To Net: NetName=GND_A Pin=U17-2
Added Pin To Net: NetName=GND_A Pin=U18-2
Added Pin To Net: NetName=GND_A Pin=U19-2
Added Pin To Net: NetName=GND_A Pin=U20-2
Added Pin To Net: NetName=GND_A Pin=U21-2
Added Pin To Net: NetName=GND_A Pin=U22-2
Added Pin To Net: NetName=GND_A Pin=U23-2
Added Pin To Net: NetName=GND_A Pin=U25-2
Added Pin To Net: NetName=GND_A Pin=U26-2
Added Pin To Net: NetName=GND_A Pin=U35-4
Added Net: Name=GND_A
Added Pin To Net: NetName=GND_D Pin=C108-1
Added Pin To Net: NetName=GND_D Pin=C110-1
Added Pin To Net: NetName=GND_D Pin=C113-1
Added Pin To Net: NetName=GND_D Pin=C114-1
Added Pin To Net: NetName=GND_D Pin=C115-1
Added Pin To Net: NetName=GND_D Pin=C117-1
Added Pin To Net: NetName=GND_D Pin=C118-1
Added Pin To Net: NetName=GND_D Pin=C120-1
Added Pin To Net: NetName=GND_D Pin=C122-1
Added Pin To Net: NetName=GND_D Pin=C124-1
Added Pin To Net: NetName=GND_D Pin=C125-1
Added Pin To Net: NetName=GND_D Pin=C126-1
Added Pin To Net: NetName=GND_D Pin=C129-1
Added Pin To Net: NetName=GND_D Pin=C130-1
Added Pin To Net: NetName=GND_D Pin=C132-1
Added Pin To Net: NetName=GND_D Pin=C133-2
Added Pin To Net: NetName=GND_D Pin=C134-2
Added Pin To Net: NetName=GND_D Pin=J3-a10
Added Pin To Net: NetName=GND_D Pin=J3-a19
Added Pin To Net: NetName=GND_D Pin=J3-b10
Added Pin To Net: NetName=GND_D Pin=J3-b19
Added Pin To Net: NetName=GND_D Pin=J3-b24
Added Pin To Net: NetName=GND_D Pin=J4-a1
Added Pin To Net: NetName=GND_D Pin=J4-a1
Added Pin To Net: NetName=GND_D Pin=J4-a5
Added Pin To Net: NetName=GND_D Pin=J4-a12
Added Pin To Net: NetName=GND_D Pin=J4-a15
Added Pin To Net: NetName=GND_D Pin=J4-a17
Added Pin To Net: NetName=GND_D Pin=J4-b1
Added Pin To Net: NetName=GND_D Pin=J4-b1
Added Pin To Net: NetName=GND_D Pin=J4-b5
Added Pin To Net: NetName=GND_D Pin=J4-b12
Added Pin To Net: NetName=GND_D Pin=J4-b15
Added Pin To Net: NetName=GND_D Pin=J4-b17
Added Pin To Net: NetName=GND_D Pin=J5-2
Added Pin To Net: NetName=GND_D Pin=J5-4
Added Pin To Net: NetName=GND_D Pin=J5-6
Added Pin To Net: NetName=GND_D Pin=J5-8
Added Pin To Net: NetName=GND_D Pin=J5-10
Added Pin To Net: NetName=GND_D Pin=J5-12
Added Pin To Net: NetName=GND_D Pin=J5-14
Added Pin To Net: NetName=GND_D Pin=J5-16
Added Pin To Net: NetName=GND_D Pin=J6-9
Added Pin To Net: NetName=GND_D Pin=J7-2
Added Pin To Net: NetName=GND_D Pin=J7-2
Added Pin To Net: NetName=GND_D Pin=J7-2
Added Pin To Net: NetName=GND_D Pin=J7-2
Added Pin To Net: NetName=GND_D Pin=J8-2
Added Pin To Net: NetName=GND_D Pin=J8-2
Added Pin To Net: NetName=GND_D Pin=J8-2
Added Pin To Net: NetName=GND_D Pin=J8-2
Added Pin To Net: NetName=GND_D Pin=J9-2
Added Pin To Net: NetName=GND_D Pin=J9-2
Added Pin To Net: NetName=GND_D Pin=J9-2
Added Pin To Net: NetName=GND_D Pin=J9-2
Added Pin To Net: NetName=GND_D Pin=J10-2
Added Pin To Net: NetName=GND_D Pin=J10-2
Added Pin To Net: NetName=GND_D Pin=J10-2
Added Pin To Net: NetName=GND_D Pin=J10-2
Added Pin To Net: NetName=GND_D Pin=J11-2
Added Pin To Net: NetName=GND_D Pin=J11-2
Added Pin To Net: NetName=GND_D Pin=J11-2
Added Pin To Net: NetName=GND_D Pin=J11-2
Added Pin To Net: NetName=GND_D Pin=J12-2
Added Pin To Net: NetName=GND_D Pin=J12-2
Added Pin To Net: NetName=GND_D Pin=J12-2
Added Pin To Net: NetName=GND_D Pin=J12-2
Added Pin To Net: NetName=GND_D Pin=J13-2
Added Pin To Net: NetName=GND_D Pin=J13-2
Added Pin To Net: NetName=GND_D Pin=J13-2
Added Pin To Net: NetName=GND_D Pin=J13-2
Added Pin To Net: NetName=GND_D Pin=J14-2
Added Pin To Net: NetName=GND_D Pin=J14-2
Added Pin To Net: NetName=GND_D Pin=J14-2
Added Pin To Net: NetName=GND_D Pin=J14-2
Added Pin To Net: NetName=GND_D Pin=NT2-1
Added Pin To Net: NetName=GND_D Pin=U27-5
Added Pin To Net: NetName=GND_D Pin=U27-8
Added Pin To Net: NetName=GND_D Pin=U29-6
Added Pin To Net: NetName=GND_D Pin=U32-6
Added Net: Name=GND_D
Added Pin To Net: NetName=NetC1_1 Pin=C1-1
Added Pin To Net: NetName=NetC1_1 Pin=U1-14
Added Net: Name=NetC1_1
Added Pin To Net: NetName=NetC1_2 Pin=C1-2
Added Pin To Net: NetName=NetC1_2 Pin=U1-13
Added Net: Name=NetC1_2
Added Pin To Net: NetName=NetC2_1 Pin=C2-1
Added Pin To Net: NetName=NetC2_1 Pin=U2-14
Added Net: Name=NetC2_1
Added Pin To Net: NetName=NetC2_2 Pin=C2-2
Added Pin To Net: NetName=NetC2_2 Pin=U2-13
Added Net: Name=NetC2_2
Added Pin To Net: NetName=NetC3_1 Pin=C3-1
Added Pin To Net: NetName=NetC3_1 Pin=U1-1
Added Net: Name=NetC3_1
Added Pin To Net: NetName=NetC3_2 Pin=C3-2
Added Pin To Net: NetName=NetC3_2 Pin=U1-2
Added Net: Name=NetC3_2
Added Pin To Net: NetName=NetC4_2 Pin=C4-2
Added Pin To Net: NetName=NetC4_2 Pin=U6-3
Added Net: Name=NetC4_2
Added Pin To Net: NetName=NetC5_2 Pin=C5-2
Added Pin To Net: NetName=NetC5_2 Pin=U26-3
Added Net: Name=NetC5_2
Added Pin To Net: NetName=NetC6_2 Pin=C6-2
Added Pin To Net: NetName=NetC6_2 Pin=U12-3
Added Net: Name=NetC6_2
Added Pin To Net: NetName=NetC7_2 Pin=C7-2
Added Pin To Net: NetName=NetC7_2 Pin=U1-12
Added Net: Name=NetC7_2
Added Pin To Net: NetName=NetC8_2 Pin=C8-2
Added Pin To Net: NetName=NetC8_2 Pin=U1-3
Added Net: Name=NetC8_2
Added Pin To Net: NetName=NetC9_2 Pin=C9-2
Added Pin To Net: NetName=NetC9_2 Pin=U2-12
Added Net: Name=NetC9_2
Added Pin To Net: NetName=NetC10_1 Pin=C10-1
Added Pin To Net: NetName=NetC10_1 Pin=U1-8
Added Net: Name=NetC10_1
Added Pin To Net: NetName=NetC10_2 Pin=C10-2
Added Pin To Net: NetName=NetC10_2 Pin=U1-9
Added Net: Name=NetC10_2
Added Pin To Net: NetName=NetC11_1 Pin=C11-1
Added Pin To Net: NetName=NetC11_1 Pin=U2-8
Added Net: Name=NetC11_1
Added Pin To Net: NetName=NetC11_2 Pin=C11-2
Added Pin To Net: NetName=NetC11_2 Pin=U2-9
Added Net: Name=NetC11_2
Added Pin To Net: NetName=NetC12_1 Pin=C12-1
Added Pin To Net: NetName=NetC12_1 Pin=U1-7
Added Net: Name=NetC12_1
Added Pin To Net: NetName=NetC12_2 Pin=C12-2
Added Pin To Net: NetName=NetC12_2 Pin=U1-6
Added Net: Name=NetC12_2
Added Pin To Net: NetName=NetC13_2 Pin=C13-2
Added Pin To Net: NetName=NetC13_2 Pin=U9-3
Added Net: Name=NetC13_2
Added Pin To Net: NetName=NetC14_2 Pin=C14-2
Added Pin To Net: NetName=NetC14_2 Pin=U7-3
Added Net: Name=NetC14_2
Added Pin To Net: NetName=NetC15_2 Pin=C15-2
Added Pin To Net: NetName=NetC15_2 Pin=U15-3
Added Net: Name=NetC15_2
Added Pin To Net: NetName=NetC16_2 Pin=C16-2
Added Pin To Net: NetName=NetC16_2 Pin=U1-10
Added Net: Name=NetC16_2
Added Pin To Net: NetName=NetC17_2 Pin=C17-2
Added Pin To Net: NetName=NetC17_2 Pin=U1-5
Added Net: Name=NetC17_2
Added Pin To Net: NetName=NetC18_2 Pin=C18-2
Added Pin To Net: NetName=NetC18_2 Pin=U2-10
Added Net: Name=NetC18_2
Added Pin To Net: NetName=NetC19_1 Pin=C19-1
Added Pin To Net: NetName=NetC19_1 Pin=U3-14
Added Net: Name=NetC19_1
Added Pin To Net: NetName=NetC19_2 Pin=C19-2
Added Pin To Net: NetName=NetC19_2 Pin=U3-13
Added Net: Name=NetC19_2
Added Pin To Net: NetName=NetC20_1 Pin=C20-1
Added Pin To Net: NetName=NetC20_1 Pin=U2-1
Added Net: Name=NetC20_1
Added Pin To Net: NetName=NetC20_2 Pin=C20-2
Added Pin To Net: NetName=NetC20_2 Pin=U2-2
Added Net: Name=NetC20_2
Added Pin To Net: NetName=NetC21_1 Pin=C21-1
Added Pin To Net: NetName=NetC21_1 Pin=U3-1
Added Net: Name=NetC21_1
Added Pin To Net: NetName=NetC21_2 Pin=C21-2
Added Pin To Net: NetName=NetC21_2 Pin=U3-2
Added Net: Name=NetC21_2
Added Pin To Net: NetName=NetC22_2 Pin=C22-2
Added Pin To Net: NetName=NetC22_2 Pin=U18-3
Added Net: Name=NetC22_2
Added Pin To Net: NetName=NetC23_2 Pin=C23-2
Added Pin To Net: NetName=NetC23_2 Pin=U23-3
Added Net: Name=NetC23_2
Added Pin To Net: NetName=NetC24_2 Pin=C24-2
Added Pin To Net: NetName=NetC24_2 Pin=U10-3
Added Net: Name=NetC24_2
Added Pin To Net: NetName=NetC25_2 Pin=C25-2
Added Pin To Net: NetName=NetC25_2 Pin=U3-12
Added Net: Name=NetC25_2
Added Pin To Net: NetName=NetC26_2 Pin=C26-2
Added Pin To Net: NetName=NetC26_2 Pin=U2-3
Added Net: Name=NetC26_2
Added Pin To Net: NetName=NetC27_2 Pin=C27-2
Added Pin To Net: NetName=NetC27_2 Pin=U3-3
Added Net: Name=NetC27_2
Added Pin To Net: NetName=NetC28_1 Pin=C28-1
Added Pin To Net: NetName=NetC28_1 Pin=U3-8
Added Net: Name=NetC28_1
Added Pin To Net: NetName=NetC28_2 Pin=C28-2
Added Pin To Net: NetName=NetC28_2 Pin=U3-9
Added Net: Name=NetC28_2
Added Pin To Net: NetName=NetC29_1 Pin=C29-1
Added Pin To Net: NetName=NetC29_1 Pin=U2-7
Added Net: Name=NetC29_1
Added Pin To Net: NetName=NetC29_2 Pin=C29-2
Added Pin To Net: NetName=NetC29_2 Pin=U2-6
Added Net: Name=NetC29_2
Added Pin To Net: NetName=NetC30_1 Pin=C30-1
Added Pin To Net: NetName=NetC30_1 Pin=U3-7
Added Net: Name=NetC30_1
Added Pin To Net: NetName=NetC30_2 Pin=C30-2
Added Pin To Net: NetName=NetC30_2 Pin=U3-6
Added Net: Name=NetC30_2
Added Pin To Net: NetName=NetC31_2 Pin=C31-2
Added Pin To Net: NetName=NetC31_2 Pin=U21-3
Added Net: Name=NetC31_2
Added Pin To Net: NetName=NetC32_2 Pin=C32-2
Added Pin To Net: NetName=NetC32_2 Pin=U13-3
Added Net: Name=NetC32_2
Added Pin To Net: NetName=NetC33_2 Pin=C33-2
Added Pin To Net: NetName=NetC33_2 Pin=U25-3
Added Net: Name=NetC33_2
Added Pin To Net: NetName=NetC34_2 Pin=C34-2
Added Pin To Net: NetName=NetC34_2 Pin=U3-10
Added Net: Name=NetC34_2
Added Pin To Net: NetName=NetC35_2 Pin=C35-2
Added Pin To Net: NetName=NetC35_2 Pin=U3-5
Added Net: Name=NetC35_2
Added Pin To Net: NetName=NetC36_2 Pin=C36-2
Added Pin To Net: NetName=NetC36_2 Pin=U2-5
Added Net: Name=NetC36_2
Added Pin To Net: NetName=NetC40_1 Pin=C40-1
Added Pin To Net: NetName=NetC40_1 Pin=U4-1
Added Net: Name=NetC40_1
Added Pin To Net: NetName=NetC40_2 Pin=C40-2
Added Pin To Net: NetName=NetC40_2 Pin=U4-2
Added Net: Name=NetC40_2
Added Pin To Net: NetName=NetC41_1 Pin=C41-1
Added Pin To Net: NetName=NetC41_1 Pin=U4-14
Added Net: Name=NetC41_1
Added Pin To Net: NetName=NetC41_2 Pin=C41-2
Added Pin To Net: NetName=NetC41_2 Pin=U4-13
Added Net: Name=NetC41_2
Added Pin To Net: NetName=NetC42_2 Pin=C42-2
Added Pin To Net: NetName=NetC42_2 Pin=U22-3
Added Net: Name=NetC42_2
Added Pin To Net: NetName=NetC43_2 Pin=C43-2
Added Pin To Net: NetName=NetC43_2 Pin=U16-3
Added Net: Name=NetC43_2
Added Pin To Net: NetName=NetC44_2 Pin=C44-2
Added Pin To Net: NetName=NetC44_2 Pin=U4-3
Added Net: Name=NetC44_2
Added Pin To Net: NetName=NetC45_2 Pin=C45-2
Added Pin To Net: NetName=NetC45_2 Pin=U4-12
Added Net: Name=NetC45_2
Added Pin To Net: NetName=NetC46_1 Pin=C46-1
Added Pin To Net: NetName=NetC46_1 Pin=U4-7
Added Net: Name=NetC46_1
Added Pin To Net: NetName=NetC46_2 Pin=C46-2
Added Pin To Net: NetName=NetC46_2 Pin=U4-6
Added Net: Name=NetC46_2
Added Pin To Net: NetName=NetC47_1 Pin=C47-1
Added Pin To Net: NetName=NetC47_1 Pin=U4-8
Added Net: Name=NetC47_1
Added Pin To Net: NetName=NetC47_2 Pin=C47-2
Added Pin To Net: NetName=NetC47_2 Pin=U4-9
Added Net: Name=NetC47_2
Added Pin To Net: NetName=NetC48_2 Pin=C48-2
Added Pin To Net: NetName=NetC48_2 Pin=U8-3
Added Net: Name=NetC48_2
Added Pin To Net: NetName=NetC49_2 Pin=C49-2
Added Pin To Net: NetName=NetC49_2 Pin=U19-3
Added Net: Name=NetC49_2
Added Pin To Net: NetName=NetC51_2 Pin=C51-2
Added Pin To Net: NetName=NetC51_2 Pin=U4-5
Added Net: Name=NetC51_2
Added Pin To Net: NetName=NetC52_2 Pin=C52-2
Added Pin To Net: NetName=NetC52_2 Pin=U4-10
Added Net: Name=NetC52_2
Added Pin To Net: NetName=NetC54_1 Pin=C54-1
Added Pin To Net: NetName=NetC54_1 Pin=U5-1
Added Net: Name=NetC54_1
Added Pin To Net: NetName=NetC54_2 Pin=C54-2
Added Pin To Net: NetName=NetC54_2 Pin=U5-2
Added Net: Name=NetC54_2
Added Pin To Net: NetName=NetC55_1 Pin=C55-1
Added Pin To Net: NetName=NetC55_1 Pin=U5-14
Added Net: Name=NetC55_1
Added Pin To Net: NetName=NetC55_2 Pin=C55-2
Added Pin To Net: NetName=NetC55_2 Pin=U5-13
Added Net: Name=NetC55_2
Added Pin To Net: NetName=NetC56_2 Pin=C56-2
Added Pin To Net: NetName=NetC56_2 Pin=U17-3
Added Net: Name=NetC56_2
Added Pin To Net: NetName=NetC57_2 Pin=C57-2
Added Pin To Net: NetName=NetC57_2 Pin=U11-3
Added Net: Name=NetC57_2
Added Pin To Net: NetName=NetC58_2 Pin=C58-2
Added Pin To Net: NetName=NetC58_2 Pin=U5-3
Added Net: Name=NetC58_2
Added Pin To Net: NetName=NetC59_2 Pin=C59-2
Added Pin To Net: NetName=NetC59_2 Pin=U5-12
Added Net: Name=NetC59_2
Added Pin To Net: NetName=NetC60_1 Pin=C60-1
Added Pin To Net: NetName=NetC60_1 Pin=U5-7
Added Net: Name=NetC60_1
Added Pin To Net: NetName=NetC60_2 Pin=C60-2
Added Pin To Net: NetName=NetC60_2 Pin=U5-6
Added Net: Name=NetC60_2
Added Pin To Net: NetName=NetC61_1 Pin=C61-1
Added Pin To Net: NetName=NetC61_1 Pin=U5-8
Added Net: Name=NetC61_1
Added Pin To Net: NetName=NetC61_2 Pin=C61-2
Added Pin To Net: NetName=NetC61_2 Pin=U5-9
Added Net: Name=NetC61_2
Added Pin To Net: NetName=NetC62_2 Pin=C62-2
Added Pin To Net: NetName=NetC62_2 Pin=U20-3
Added Net: Name=NetC62_2
Added Pin To Net: NetName=NetC63_2 Pin=C63-2
Added Pin To Net: NetName=NetC63_2 Pin=U14-3
Added Net: Name=NetC63_2
Added Pin To Net: NetName=NetC64_2 Pin=C64-2
Added Pin To Net: NetName=NetC64_2 Pin=U5-5
Added Net: Name=NetC64_2
Added Pin To Net: NetName=NetC65_2 Pin=C65-2
Added Pin To Net: NetName=NetC65_2 Pin=U5-10
Added Net: Name=NetC65_2
Added Pin To Net: NetName=NetC109_1 Pin=C109-1
Added Net: Name=NetC109_1
Added Pin To Net: NetName=NetC109_2 Pin=C109-2
Added Pin To Net: NetName=NetC109_2 Pin=J7-1
Added Pin To Net: NetName=NetC109_2 Pin=U28-1
Added Pin To Net: NetName=NetC109_2 Pin=U28-2
Added Net: Name=NetC109_2
Added Pin To Net: NetName=NetC110_2 Pin=C110-2
Added Pin To Net: NetName=NetC110_2 Pin=U28-3
Added Net: Name=NetC110_2
Added Pin To Net: NetName=NetC111_1 Pin=C111-1
Added Pin To Net: NetName=NetC111_1 Pin=U28-11
Added Net: Name=NetC111_1
Added Pin To Net: NetName=NetC112_1 Pin=C112-1
Added Net: Name=NetC112_1
Added Pin To Net: NetName=NetC112_2 Pin=C112-2
Added Pin To Net: NetName=NetC112_2 Pin=J8-1
Added Pin To Net: NetName=NetC112_2 Pin=U28-6
Added Pin To Net: NetName=NetC112_2 Pin=U28-7
Added Net: Name=NetC112_2
Added Pin To Net: NetName=NetC113_2 Pin=C113-2
Added Pin To Net: NetName=NetC113_2 Pin=U28-5
Added Net: Name=NetC113_2
Added Pin To Net: NetName=NetC115_2 Pin=C115-2
Added Pin To Net: NetName=NetC115_2 Pin=U29-7
Added Net: Name=NetC115_2
Added Pin To Net: NetName=NetC116_1 Pin=C116-1
Added Net: Name=NetC116_1
Added Pin To Net: NetName=NetC116_2 Pin=C116-2
Added Pin To Net: NetName=NetC116_2 Pin=J9-1
Added Pin To Net: NetName=NetC116_2 Pin=U28-8
Added Pin To Net: NetName=NetC116_2 Pin=U28-9
Added Net: Name=NetC116_2
Added Pin To Net: NetName=NetC118_2 Pin=C118-2
Added Pin To Net: NetName=NetC118_2 Pin=U28-10
Added Net: Name=NetC118_2
Added Pin To Net: NetName=NetC119_1 Pin=C119-1
Added Net: Name=NetC119_1
Added Pin To Net: NetName=NetC119_2 Pin=C119-2
Added Pin To Net: NetName=NetC119_2 Pin=J10-1
Added Pin To Net: NetName=NetC119_2 Pin=U28-13
Added Pin To Net: NetName=NetC119_2 Pin=U28-14
Added Net: Name=NetC119_2
Added Pin To Net: NetName=NetC120_2 Pin=C120-2
Added Pin To Net: NetName=NetC120_2 Pin=U28-12
Added Net: Name=NetC120_2
Added Pin To Net: NetName=NetC121_1 Pin=C121-1
Added Net: Name=NetC121_1
Added Pin To Net: NetName=NetC121_2 Pin=C121-2
Added Pin To Net: NetName=NetC121_2 Pin=J11-1
Added Pin To Net: NetName=NetC121_2 Pin=U31-1
Added Pin To Net: NetName=NetC121_2 Pin=U31-2
Added Net: Name=NetC121_2
Added Pin To Net: NetName=NetC122_2 Pin=C122-2
Added Pin To Net: NetName=NetC122_2 Pin=U31-3
Added Net: Name=NetC122_2
Added Pin To Net: NetName=NetC123_1 Pin=C123-1
Added Net: Name=NetC123_1
Added Pin To Net: NetName=NetC123_2 Pin=C123-2
Added Pin To Net: NetName=NetC123_2 Pin=J12-1
Added Pin To Net: NetName=NetC123_2 Pin=U31-6
Added Pin To Net: NetName=NetC123_2 Pin=U31-7
Added Net: Name=NetC123_2
Added Pin To Net: NetName=NetC124_2 Pin=C124-2
Added Pin To Net: NetName=NetC124_2 Pin=U31-5
Added Net: Name=NetC124_2
Added Pin To Net: NetName=NetC126_2 Pin=C126-2
Added Pin To Net: NetName=NetC126_2 Pin=U32-7
Added Net: Name=NetC126_2
Added Pin To Net: NetName=NetC127_1 Pin=C127-1
Added Pin To Net: NetName=NetC127_1 Pin=U31-11
Added Net: Name=NetC127_1
Added Pin To Net: NetName=NetC128_1 Pin=C128-1
Added Net: Name=NetC128_1
Added Pin To Net: NetName=NetC128_2 Pin=C128-2
Added Pin To Net: NetName=NetC128_2 Pin=J13-1
Added Pin To Net: NetName=NetC128_2 Pin=U31-8
Added Pin To Net: NetName=NetC128_2 Pin=U31-9
Added Net: Name=NetC128_2
Added Pin To Net: NetName=NetC130_2 Pin=C130-2
Added Pin To Net: NetName=NetC130_2 Pin=U31-10
Added Net: Name=NetC130_2
Added Pin To Net: NetName=NetC131_1 Pin=C131-1
Added Net: Name=NetC131_1
Added Pin To Net: NetName=NetC131_2 Pin=C131-2
Added Pin To Net: NetName=NetC131_2 Pin=J14-1
Added Pin To Net: NetName=NetC131_2 Pin=U31-13
Added Pin To Net: NetName=NetC131_2 Pin=U31-14
Added Net: Name=NetC131_2
Added Pin To Net: NetName=NetC132_2 Pin=C132-2
Added Pin To Net: NetName=NetC132_2 Pin=U31-12
Added Net: Name=NetC132_2
Added Pin To Net: NetName=NetC136_2 Pin=C136-2
Added Net: Name=NetC136_2
Added Pin To Net: NetName=NetC139_2 Pin=C139-2
Added Pin To Net: NetName=NetC139_2 Pin=JP1-1
Added Pin To Net: NetName=NetC139_2 Pin=JP2-1
Added Pin To Net: NetName=NetC139_2 Pin=JP3-1
Added Pin To Net: NetName=NetC139_2 Pin=JP4-1
Added Pin To Net: NetName=NetC139_2 Pin=JP5-1
Added Pin To Net: NetName=NetC139_2 Pin=JP6-1
Added Pin To Net: NetName=NetC139_2 Pin=JP7-1
Added Pin To Net: NetName=NetC139_2 Pin=JP8-1
Added Pin To Net: NetName=NetC139_2 Pin=JP9-1
Added Pin To Net: NetName=NetC139_2 Pin=JP10-1
Added Pin To Net: NetName=NetC139_2 Pin=JP11-1
Added Pin To Net: NetName=NetC139_2 Pin=JP12-1
Added Pin To Net: NetName=NetC139_2 Pin=JP13-1
Added Pin To Net: NetName=NetC139_2 Pin=JP14-1
Added Pin To Net: NetName=NetC139_2 Pin=JP15-1
Added Pin To Net: NetName=NetC139_2 Pin=JP16-1
Added Pin To Net: NetName=NetC139_2 Pin=JP17-1
Added Pin To Net: NetName=NetC139_2 Pin=JP18-1
Added Pin To Net: NetName=NetC139_2 Pin=JP19-1
Added Pin To Net: NetName=NetC139_2 Pin=JP20-1
Added Pin To Net: NetName=NetC139_2 Pin=U35-5
Added Net: Name=NetC139_2
Added Pin To Net: NetName=NetC140_1 Pin=C140-1
Added Pin To Net: NetName=NetC140_1 Pin=U35-2
Added Net: Name=NetC140_1
Added Pin To Net: NetName=NetC140_2 Pin=C140-2
Added Pin To Net: NetName=NetC140_2 Pin=U35-1
Added Net: Name=NetC140_2
Added Pin To Net: NetName=NetC141_2 Pin=C141-2
Added Pin To Net: NetName=NetC141_2 Pin=U35-3
Added Net: Name=NetC141_2
Added Pin To Net: NetName=NetJ1_1 Pin=J1-1
Added Net: Name=NetJ1_1
Added Pin To Net: NetName=NetJ1_2 Pin=J1-2
Added Net: Name=NetJ1_2
Added Pin To Net: NetName=NetJ1_3 Pin=J1-3
Added Net: Name=NetJ1_3
Added Pin To Net: NetName=NetJ1_4 Pin=J1-4
Added Net: Name=NetJ1_4
Added Pin To Net: NetName=NetJ1_5 Pin=J1-5
Added Net: Name=NetJ1_5
Added Pin To Net: NetName=NetJ1_6 Pin=J1-6
Added Net: Name=NetJ1_6
Added Pin To Net: NetName=NetJ1_7 Pin=J1-7
Added Net: Name=NetJ1_7
Added Pin To Net: NetName=NetJ1_8 Pin=J1-8
Added Net: Name=NetJ1_8
Added Pin To Net: NetName=NetJ1_9 Pin=J1-9
Added Net: Name=NetJ1_9
Added Pin To Net: NetName=NetJ1_10 Pin=J1-10
Added Net: Name=NetJ1_10
Added Pin To Net: NetName=NetJ1_11 Pin=J1-11
Added Net: Name=NetJ1_11
Added Pin To Net: NetName=NetJ1_12 Pin=J1-12
Added Net: Name=NetJ1_12
Added Pin To Net: NetName=NetJ1_13 Pin=J1-13
Added Net: Name=NetJ1_13
Added Pin To Net: NetName=NetJ1_14 Pin=J1-14
Added Net: Name=NetJ1_14
Added Pin To Net: NetName=NetJ1_15 Pin=J1-15
Added Net: Name=NetJ1_15
Added Pin To Net: NetName=NetJ1_16 Pin=J1-16
Added Net: Name=NetJ1_16
Added Pin To Net: NetName=NetJ1_17 Pin=J1-17
Added Net: Name=NetJ1_17
Added Pin To Net: NetName=NetJ1_18 Pin=J1-18
Added Net: Name=NetJ1_18
Added Pin To Net: NetName=NetJ1_19 Pin=J1-19
Added Net: Name=NetJ1_19
Added Pin To Net: NetName=NetJ1_20 Pin=J1-20
Added Net: Name=NetJ1_20
Added Pin To Net: NetName=NetJ2_1 Pin=J2-1
Added Net: Name=NetJ2_1
Added Pin To Net: NetName=NetJ2_2 Pin=J2-2
Added Net: Name=NetJ2_2
Added Pin To Net: NetName=NetJ2_3 Pin=J2-3
Added Net: Name=NetJ2_3
Added Pin To Net: NetName=NetJ2_4 Pin=J2-4
Added Net: Name=NetJ2_4
Added Pin To Net: NetName=NetJ2_5 Pin=J2-5
Added Net: Name=NetJ2_5
Added Pin To Net: NetName=NetJ2_6 Pin=J2-6
Added Net: Name=NetJ2_6
Added Pin To Net: NetName=NetJ2_7 Pin=J2-7
Added Net: Name=NetJ2_7
Added Pin To Net: NetName=NetJ2_8 Pin=J2-8
Added Net: Name=NetJ2_8
Added Pin To Net: NetName=NetJ2_9 Pin=J2-9
Added Net: Name=NetJ2_9
Added Pin To Net: NetName=NetJ2_10 Pin=J2-10
Added Net: Name=NetJ2_10
Added Pin To Net: NetName=NetJ2_11 Pin=J2-11
Added Net: Name=NetJ2_11
Added Pin To Net: NetName=NetJ2_12 Pin=J2-12
Added Net: Name=NetJ2_12
Added Pin To Net: NetName=NetJ2_13 Pin=J2-13
Added Net: Name=NetJ2_13
Added Pin To Net: NetName=NetJ2_14 Pin=J2-14
Added Net: Name=NetJ2_14
Added Pin To Net: NetName=NetJ2_15 Pin=J2-15
Added Net: Name=NetJ2_15
Added Pin To Net: NetName=NetJ2_16 Pin=J2-16
Added Net: Name=NetJ2_16
Added Pin To Net: NetName=NetJ2_17 Pin=J2-17
Added Net: Name=NetJ2_17
Added Pin To Net: NetName=NetJ2_18 Pin=J2-18
Added Net: Name=NetJ2_18
Added Pin To Net: NetName=NetJ2_19 Pin=J2-19
Added Net: Name=NetJ2_19
Added Pin To Net: NetName=NetJ2_20 Pin=J2-20
Added Net: Name=NetJ2_20
Added Pin To Net: NetName=NetJ3_a2 Pin=J3-a2
Added Pin To Net: NetName=NetJ3_a2 Pin=U20-5
Added Net: Name=NetJ3_a2
Added Pin To Net: NetName=NetJ3_a3 Pin=J3-a3
Added Pin To Net: NetName=NetJ3_a3 Pin=U9-5
Added Net: Name=NetJ3_a3
Added Pin To Net: NetName=NetJ3_a4 Pin=J3-a4
Added Pin To Net: NetName=NetJ3_a4 Pin=U15-5
Added Net: Name=NetJ3_a4
Added Pin To Net: NetName=NetJ3_a5 Pin=J3-a5
Added Pin To Net: NetName=NetJ3_a5 Pin=U21-5
Added Net: Name=NetJ3_a5
Added Pin To Net: NetName=NetJ3_a6 Pin=J3-a6
Added Pin To Net: NetName=NetJ3_a6 Pin=U25-5
Added Net: Name=NetJ3_a6
Added Pin To Net: NetName=NetJ3_a8 Pin=J3-a8
Added Pin To Net: NetName=NetJ3_a8 Pin=U8-6
Added Net: Name=NetJ3_a8
Added Pin To Net: NetName=NetJ3_a9 Pin=J3-a9
Added Pin To Net: NetName=NetJ3_a9 Pin=U14-6
Added Net: Name=NetJ3_a9
Added Pin To Net: NetName=NetJ3_a11 Pin=J3-a11
Added Pin To Net: NetName=NetJ3_a11 Pin=U20-6
Added Net: Name=NetJ3_a11
Added Pin To Net: NetName=NetJ3_a12 Pin=J3-a12
Added Pin To Net: NetName=NetJ3_a12 Pin=U9-6
Added Net: Name=NetJ3_a12
Added Pin To Net: NetName=NetJ3_a13 Pin=J3-a13
Added Pin To Net: NetName=NetJ3_a13 Pin=U15-6
Added Net: Name=NetJ3_a13
Added Pin To Net: NetName=NetJ3_a14 Pin=J3-a14
Added Pin To Net: NetName=NetJ3_a14 Pin=U21-6
Added Net: Name=NetJ3_a14
Added Pin To Net: NetName=NetJ3_a15 Pin=J3-a15
Added Pin To Net: NetName=NetJ3_a15 Pin=U25-6
Added Net: Name=NetJ3_a15
Added Pin To Net: NetName=NetJ3_a16 Pin=J3-a16
Added Pin To Net: NetName=NetJ3_a16 Pin=U7-6
Added Net: Name=NetJ3_a16
Added Pin To Net: NetName=NetJ3_a17 Pin=J3-a17
Added Pin To Net: NetName=NetJ3_a17 Pin=U13-6
Added Net: Name=NetJ3_a17
Added Pin To Net: NetName=NetJ3_a18 Pin=J3-a18
Added Pin To Net: NetName=NetJ3_a18 Pin=U19-6
Added Net: Name=NetJ3_a18
Added Pin To Net: NetName=NetJ3_a20 Pin=J3-a20
Added Pin To Net: NetName=NetJ3_a20 Pin=U6-4
Added Pin To Net: NetName=NetJ3_a20 Pin=U7-4
Added Pin To Net: NetName=NetJ3_a20 Pin=U8-4
Added Pin To Net: NetName=NetJ3_a20 Pin=U9-4
Added Pin To Net: NetName=NetJ3_a20 Pin=U10-4
Added Pin To Net: NetName=NetJ3_a20 Pin=U11-4
Added Pin To Net: NetName=NetJ3_a20 Pin=U12-4
Added Pin To Net: NetName=NetJ3_a20 Pin=U13-4
Added Pin To Net: NetName=NetJ3_a20 Pin=U14-4
Added Pin To Net: NetName=NetJ3_a20 Pin=U15-4
Added Pin To Net: NetName=NetJ3_a20 Pin=U16-4
Added Pin To Net: NetName=NetJ3_a20 Pin=U17-4
Added Pin To Net: NetName=NetJ3_a20 Pin=U18-4
Added Pin To Net: NetName=NetJ3_a20 Pin=U19-4
Added Pin To Net: NetName=NetJ3_a20 Pin=U20-4
Added Pin To Net: NetName=NetJ3_a20 Pin=U21-4
Added Pin To Net: NetName=NetJ3_a20 Pin=U22-4
Added Pin To Net: NetName=NetJ3_a20 Pin=U23-4
Added Pin To Net: NetName=NetJ3_a20 Pin=U25-4
Added Pin To Net: NetName=NetJ3_a20 Pin=U26-4
Added Net: Name=NetJ3_a20
Added Pin To Net: NetName=NetJ3_b2 Pin=J3-b2
Added Pin To Net: NetName=NetJ3_b2 Pin=U6-5
Added Net: Name=NetJ3_b2
Added Pin To Net: NetName=NetJ3_b3 Pin=J3-b3
Added Pin To Net: NetName=NetJ3_b3 Pin=U12-5
Added Net: Name=NetJ3_b3
Added Pin To Net: NetName=NetJ3_b4 Pin=J3-b4
Added Pin To Net: NetName=NetJ3_b4 Pin=U18-5
Added Net: Name=NetJ3_b4
Added Pin To Net: NetName=NetJ3_b5 Pin=J3-b5
Added Pin To Net: NetName=NetJ3_b5 Pin=U23-5
Added Net: Name=NetJ3_b5
Added Pin To Net: NetName=NetJ3_b6 Pin=J3-b6
Added Pin To Net: NetName=NetJ3_b6 Pin=U26-5
Added Net: Name=NetJ3_b6
Added Pin To Net: NetName=NetJ3_b8 Pin=J3-b8
Added Pin To Net: NetName=NetJ3_b8 Pin=U11-6
Added Net: Name=NetJ3_b8
Added Pin To Net: NetName=NetJ3_b9 Pin=J3-b9
Added Pin To Net: NetName=NetJ3_b9 Pin=U17-6
Added Net: Name=NetJ3_b9
Added Pin To Net: NetName=NetJ3_b11 Pin=J3-b11
Added Pin To Net: NetName=NetJ3_b11 Pin=U6-6
Added Net: Name=NetJ3_b11
Added Pin To Net: NetName=NetJ3_b12 Pin=J3-b12
Added Pin To Net: NetName=NetJ3_b12 Pin=U12-6
Added Net: Name=NetJ3_b12
Added Pin To Net: NetName=NetJ3_b13 Pin=J3-b13
Added Pin To Net: NetName=NetJ3_b13 Pin=U18-6
Added Net: Name=NetJ3_b13
Added Pin To Net: NetName=NetJ3_b14 Pin=J3-b14
Added Pin To Net: NetName=NetJ3_b14 Pin=U23-6
Added Net: Name=NetJ3_b14
Added Pin To Net: NetName=NetJ3_b15 Pin=J3-b15
Added Pin To Net: NetName=NetJ3_b15 Pin=U26-6
Added Net: Name=NetJ3_b15
Added Pin To Net: NetName=NetJ3_b16 Pin=J3-b16
Added Pin To Net: NetName=NetJ3_b16 Pin=U10-6
Added Net: Name=NetJ3_b16
Added Pin To Net: NetName=NetJ3_b17 Pin=J3-b17
Added Pin To Net: NetName=NetJ3_b17 Pin=U16-6
Added Net: Name=NetJ3_b17
Added Pin To Net: NetName=NetJ3_b18 Pin=J3-b18
Added Pin To Net: NetName=NetJ3_b18 Pin=U22-6
Added Net: Name=NetJ3_b18
Added Pin To Net: NetName=NetJ4_a2 Pin=J4-a2
Added Pin To Net: NetName=NetJ4_a2 Pin=U29-9
Added Net: Name=NetJ4_a2
Added Pin To Net: NetName=NetJ4_a3 Pin=J4-a3
Added Pin To Net: NetName=NetJ4_a3 Pin=U29-10
Added Net: Name=NetJ4_a3
Added Pin To Net: NetName=NetJ4_a4 Pin=J4-a4
Added Pin To Net: NetName=NetJ4_a4 Pin=U32-8
Added Net: Name=NetJ4_a4
Added Pin To Net: NetName=NetJ4_a6 Pin=J4-a6
Added Pin To Net: NetName=NetJ4_a6 Pin=J5-3
Added Net: Name=NetJ4_a6
Added Pin To Net: NetName=NetJ4_a7 Pin=J4-a7
Added Pin To Net: NetName=NetJ4_a7 Pin=J5-7
Added Net: Name=NetJ4_a7
Added Pin To Net: NetName=NetJ4_a8 Pin=J4-a8
Added Pin To Net: NetName=NetJ4_a8 Pin=J5-11
Added Net: Name=NetJ4_a8
Added Pin To Net: NetName=NetJ4_a9 Pin=J4-a9
Added Pin To Net: NetName=NetJ4_a9 Pin=J5-15
Added Net: Name=NetJ4_a9
Added Pin To Net: NetName=NetJ4_a10 Pin=J4-a10
Added Pin To Net: NetName=NetJ4_a10 Pin=J5-18
Added Net: Name=NetJ4_a10
Added Pin To Net: NetName=NetJ4_a11 Pin=J4-a11
Added Pin To Net: NetName=NetJ4_a11 Pin=U27-2
Added Net: Name=NetJ4_a11
Added Pin To Net: NetName=NetJ4_a18 Pin=J4-a18
Added Pin To Net: NetName=NetJ4_a18 Pin=U7-5
Added Net: Name=NetJ4_a18
Added Pin To Net: NetName=NetJ4_a19 Pin=J4-a19
Added Pin To Net: NetName=NetJ4_a19 Pin=U13-5
Added Net: Name=NetJ4_a19
Added Pin To Net: NetName=NetJ4_a20 Pin=J4-a20
Added Pin To Net: NetName=NetJ4_a20 Pin=U19-5
Added Net: Name=NetJ4_a20
Added Pin To Net: NetName=NetJ4_a21 Pin=J4-a21
Added Pin To Net: NetName=NetJ4_a21 Pin=U8-5
Added Net: Name=NetJ4_a21
Added Pin To Net: NetName=NetJ4_a22 Pin=J4-a22
Added Pin To Net: NetName=NetJ4_a22 Pin=U14-5
Added Net: Name=NetJ4_a22
Added Pin To Net: NetName=NetJ4_b2 Pin=J4-b2
Added Pin To Net: NetName=NetJ4_b2 Pin=U29-8
Added Net: Name=NetJ4_b2
Added Pin To Net: NetName=NetJ4_b3 Pin=J4-b3
Added Pin To Net: NetName=NetJ4_b3 Pin=U32-9
Added Net: Name=NetJ4_b3
Added Pin To Net: NetName=NetJ4_b4 Pin=J4-b4
Added Pin To Net: NetName=NetJ4_b4 Pin=U32-10
Added Net: Name=NetJ4_b4
Added Pin To Net: NetName=NetJ4_b6 Pin=J4-b6
Added Pin To Net: NetName=NetJ4_b6 Pin=J5-5
Added Net: Name=NetJ4_b6
Added Pin To Net: NetName=NetJ4_b7 Pin=J4-b7
Added Pin To Net: NetName=NetJ4_b7 Pin=J5-9
Added Net: Name=NetJ4_b7
Added Pin To Net: NetName=NetJ4_b8 Pin=J4-b8
Added Pin To Net: NetName=NetJ4_b8 Pin=J5-13
Added Net: Name=NetJ4_b8
Added Pin To Net: NetName=NetJ4_b9 Pin=J4-b9
Added Pin To Net: NetName=NetJ4_b9 Pin=J5-17
Added Net: Name=NetJ4_b9
Added Pin To Net: NetName=NetJ4_b10 Pin=J4-b10
Added Pin To Net: NetName=NetJ4_b10 Pin=U27-3
Added Net: Name=NetJ4_b10
Added Pin To Net: NetName=NetJ4_b11 Pin=J4-b11
Added Pin To Net: NetName=NetJ4_b11 Pin=U27-6
Added Net: Name=NetJ4_b11
Added Pin To Net: NetName=NetJ4_b18 Pin=J4-b18
Added Pin To Net: NetName=NetJ4_b18 Pin=U10-5
Added Net: Name=NetJ4_b18
Added Pin To Net: NetName=NetJ4_b19 Pin=J4-b19
Added Pin To Net: NetName=NetJ4_b19 Pin=U16-5
Added Net: Name=NetJ4_b19
Added Pin To Net: NetName=NetJ4_b20 Pin=J4-b20
Added Pin To Net: NetName=NetJ4_b20 Pin=U22-5
Added Net: Name=NetJ4_b20
Added Pin To Net: NetName=NetJ4_b21 Pin=J4-b21
Added Pin To Net: NetName=NetJ4_b21 Pin=U11-5
Added Net: Name=NetJ4_b21
Added Pin To Net: NetName=NetJ4_b22 Pin=J4-b22
Added Pin To Net: NetName=NetJ4_b22 Pin=U17-5
Added Net: Name=NetJ4_b22
Added Pin To Net: NetName=NetJ6_1 Pin=J6-1
Added Pin To Net: NetName=NetJ6_1 Pin=U27-11
Added Net: Name=NetJ6_1
Added Pin To Net: NetName=NetJ6_2 Pin=J6-2
Added Pin To Net: NetName=NetJ6_2 Pin=U27-12
Added Net: Name=NetJ6_2
Added Pin To Net: NetName=NetJ6_5 Pin=J6-5
Added Pin To Net: NetName=NetJ6_5 Pin=U27-13
Added Net: Name=NetJ6_5
Added Pin To Net: NetName=NetJ6_6 Pin=J6-6
Added Pin To Net: NetName=NetJ6_6 Pin=U27-14
Added Net: Name=NetJ6_6
Added Pin To Net: NetName=NetJ6_7 Pin=J6-7
Added Pin To Net: NetName=NetJ6_7 Pin=U27-16
Added Net: Name=NetJ6_7
Added Pin To Net: NetName=NetJ6_8 Pin=J6-8
Added Pin To Net: NetName=NetJ6_8 Pin=U27-15
Added Net: Name=NetJ6_8
Added Pin To Net: NetName=NetJP1_2 Pin=JP1-2
Added Net: Name=NetJP1_2
Added Pin To Net: NetName=NetJP2_2 Pin=JP2-2
Added Net: Name=NetJP2_2
Added Pin To Net: NetName=NetJP3_2 Pin=JP3-2
Added Net: Name=NetJP3_2
Added Pin To Net: NetName=NetJP4_2 Pin=JP4-2
Added Net: Name=NetJP4_2
Added Pin To Net: NetName=NetJP5_2 Pin=JP5-2
Added Net: Name=NetJP5_2
Added Pin To Net: NetName=NetJP6_2 Pin=JP6-2
Added Net: Name=NetJP6_2
Added Pin To Net: NetName=NetJP7_2 Pin=JP7-2
Added Net: Name=NetJP7_2
Added Pin To Net: NetName=NetJP8_2 Pin=JP8-2
Added Net: Name=NetJP8_2
Added Pin To Net: NetName=NetJP9_2 Pin=JP9-2
Added Net: Name=NetJP9_2
Added Pin To Net: NetName=NetJP10_2 Pin=JP10-2
Added Net: Name=NetJP10_2
Added Pin To Net: NetName=NetJP11_2 Pin=JP11-2
Added Net: Name=NetJP11_2
Added Pin To Net: NetName=NetJP12_2 Pin=JP12-2
Added Net: Name=NetJP12_2
Added Pin To Net: NetName=NetJP13_2 Pin=JP13-2
Added Net: Name=NetJP13_2
Added Pin To Net: NetName=NetJP14_2 Pin=JP14-2
Added Net: Name=NetJP14_2
Added Pin To Net: NetName=NetJP15_2 Pin=JP15-2
Added Net: Name=NetJP15_2
Added Pin To Net: NetName=NetJP16_2 Pin=JP16-2
Added Net: Name=NetJP16_2
Added Pin To Net: NetName=NetJP17_2 Pin=JP17-2
Added Net: Name=NetJP17_2
Added Pin To Net: NetName=NetJP18_2 Pin=JP18-2
Added Net: Name=NetJP18_2
Added Pin To Net: NetName=NetJP19_2 Pin=JP19-2
Added Net: Name=NetJP19_2
Added Pin To Net: NetName=NetJP20_2 Pin=JP20-2
Added Net: Name=NetJP20_2
Added Pin To Net: NetName=NetR121_1 Pin=U29-2
Added Net: Name=NetR121_1
Added Pin To Net: NetName=NetR123_1 Pin=U29-3
Added Net: Name=NetR123_1
Added Pin To Net: NetName=NetR125_1 Pin=U29-4
Added Net: Name=NetR125_1
Added Pin To Net: NetName=NetR127_1 Pin=U29-5
Added Net: Name=NetR127_1
Added Pin To Net: NetName=NetR129_1 Pin=U32-2
Added Net: Name=NetR129_1
Added Pin To Net: NetName=NetR131_1 Pin=U32-3
Added Net: Name=NetR131_1
Added Pin To Net: NetName=NetR133_1 Pin=U32-4
Added Net: Name=NetR133_1
Added Pin To Net: NetName=NetR135_1 Pin=U32-5
Added Net: Name=NetR135_1
Added Pin To Net: NetName=NetU35_6 Pin=U35-6
Added Pin To Net: NetName=NetU35_6 Pin=U35-7
Added Net: Name=NetU35_6
Added Class: Name=AD_0
Added Class: Name=AD_1
Added Class: Name=AD_3
Added Class: Name=Connector_0
Added Class: Name=DAC_0
Added Class: Name=Supply_0
Added Room: Name=AD_0
Added Room: Name=AD_1
Added Room: Name=AD_3
Added Room: Name=Connector_0
Added Room: Name=DAC_0
Added Room: Name=Supply_0
