Removed Pin From Net: NetName=ADC_CH0_SDO Pin=J3-a2
Removed Pin From Net: NetName=ADC_CH2_SDO Pin=J3-a3
Removed Pin From Net: NetName=ADC_CH4_SDO Pin=J3-a4
Removed Pin From Net: NetName=ADC_CH6_SDO Pin=J3-a5
Removed Pin From Net: NetName=ADC_CH8_SDO Pin=J3-a6
Removed Pin From Net: NetName=ADC_CH16_CS Pin=J3-a8
Removed Pin From Net: NetName=ADC_CH18_CS Pin=J3-a9
Removed Pin From Net: NetName=ADC_CH0_CS Pin=J3-a11
Removed Pin From Net: NetName=ADC_CH2_CS Pin=J3-a12
Removed Pin From Net: NetName=ADC_CH4_CS Pin=J3-a13
Removed Pin From Net: NetName=ADC_CH6_CS Pin=J3-a14
Removed Pin From Net: NetName=ADC_CH8_CS Pin=J3-a15
Removed Pin From Net: NetName=ADC_CH10_CS Pin=J3-a16
Removed Pin From Net: NetName=ADC_CH12_CS Pin=J3-a17
Removed Pin From Net: NetName=ADC_CH14_CS Pin=J3-a18
Removed Pin From Net: NetName=ADC_SCLK Pin=J3-a20
Removed Pin From Net: NetName=ADC_CH1_SDO Pin=J3-b2
Removed Pin From Net: NetName=ADC_CH3_SDO Pin=J3-b3
Removed Pin From Net: NetName=ADC_CH5_SDO Pin=J3-b4
Removed Pin From Net: NetName=ADC_CH7_SDO Pin=J3-b5
Removed Pin From Net: NetName=ADC_CH9_SDO Pin=J3-b6
Removed Pin From Net: NetName=ADC_CH17_CS Pin=J3-b8
Removed Pin From Net: NetName=ADC_CH19_CS Pin=J3-b9
Removed Pin From Net: NetName=ADC_CH1_CS Pin=J3-b11
Removed Pin From Net: NetName=ADC_CH3_CS Pin=J3-b12
Removed Pin From Net: NetName=ADC_CH5_CS Pin=J3-b13
Removed Pin From Net: NetName=ADC_CH7_CS Pin=J3-b14
Removed Pin From Net: NetName=ADC_CH9_CS Pin=J3-b15
Removed Pin From Net: NetName=ADC_CH11_CS Pin=J3-b16
Removed Pin From Net: NetName=ADC_CH13_CS Pin=J3-b17
Removed Pin From Net: NetName=ADC_CH15_CS Pin=J3-b18
Removed Pin From Net: NetName=\S\P\I\A\_\S\T\E\ Pin=J4-a2
Removed Pin From Net: NetName=SPIA_CLK Pin=J4-a3
Removed Pin From Net: NetName=SPIB_SIMO Pin=J4-a4
Removed Pin From Net: NetName=Spare_0 Pin=J4-a6
Removed Pin From Net: NetName=Spare_2 Pin=J4-a7
Removed Pin From Net: NetName=Spare_4 Pin=J4-a8
Removed Pin From Net: NetName=Spare_6 Pin=J4-a9
Removed Pin From Net: NetName=SCIC_RX Pin=J4-a10
Removed Pin From Net: NetName=\S\P\I\C\_\S\T\E\ Pin=J4-a11
Removed Pin From Net: NetName=SPIC_SOMI Pin=J4-a13
Removed Pin From Net: NetName=ADC_CH10_SDO Pin=J4-a18
Removed Pin From Net: NetName=ADC_CH12_SDO Pin=J4-a19
Removed Pin From Net: NetName=ADC_CH16_SDO Pin=J4-a21
Removed Pin From Net: NetName=ADC_CH18_SDO Pin=J4-a22
Removed Pin From Net: NetName=SPIA_SIMO Pin=J4-b2
Removed Pin From Net: NetName=\S\P\I\B\_\S\T\E\ Pin=J4-b3
Removed Pin From Net: NetName=SPIB_CLK Pin=J4-b4
Removed Pin From Net: NetName=Spare_1 Pin=J4-b6
Removed Pin From Net: NetName=Spare_3 Pin=J4-b7
Removed Pin From Net: NetName=Spare_5 Pin=J4-b8
Removed Pin From Net: NetName=SCIC_TX Pin=J4-b9
Removed Pin From Net: NetName=SPIC_CLK Pin=J4-b10
Removed Pin From Net: NetName=SPIC_SIMO Pin=J4-b11
Removed Pin From Net: NetName=ADC_CH11_SDO Pin=J4-b18
Removed Pin From Net: NetName=ADC_CH15_SDO Pin=J4-b20
Removed Pin From Net: NetName=ADC_CH17_SDO Pin=J4-b21
Removed Pin From Net: NetName=ADC_CH19_SDO Pin=J4-b22
Added Pin To Net: NetName=\S\P\I\C\_\S\T\E\ Pin=J3-a2
Added Pin To Net: NetName=SPIC_CLK Pin=J3-a3
Added Pin To Net: NetName=SPIC_SIMO Pin=J3-a4
Added Pin To Net: NetName=SPIC_SOMI Pin=J3-a5
Added Pin To Net: NetName=\S\P\I\B\_\S\T\E\ Pin=J3-a6
Added Pin To Net: NetName=SPIB_SIMO Pin=J3-a8
Added Pin To Net: NetName=SPIB_CLK Pin=J3-a9
Added Pin To Net: NetName=\S\P\I\A\_\S\T\E\ Pin=J3-a11
Added Pin To Net: NetName=SPIA_CLK Pin=J3-a12
Added Pin To Net: NetName=SPIA_SIMO Pin=J3-a13
Added Pin To Net: NetName=Spare_0 Pin=J3-b2
Added Pin To Net: NetName=Spare_1 Pin=J3-b3
Added Pin To Net: NetName=Spare_2 Pin=J3-b4
Added Pin To Net: NetName=Spare_3 Pin=J3-b5
Added Pin To Net: NetName=Spare_4 Pin=J3-b6
Added Pin To Net: NetName=Spare_5 Pin=J3-b8
Added Pin To Net: NetName=Spare_6 Pin=J3-b9
Added Pin To Net: NetName=SCIC_TX Pin=J3-b11
Added Pin To Net: NetName=SCIC_RX Pin=J3-b12
Added Pin To Net: NetName=ADC_CH18_SDO Pin=J3-b21
Added Pin To Net: NetName=ADC_CH18_CS Pin=J3-b22
Added Pin To Net: NetName=ADC_CH19_SDO Pin=J3-b23
Added Pin To Net: NetName=ADC_CH19_CS Pin=J3-b25
Added Pin To Net: NetName=ADC_CH0_SDO Pin=J4-a2
Added Pin To Net: NetName=ADC_CH0_CS Pin=J4-a3
Added Pin To Net: NetName=ADC_CH2_SDO Pin=J4-a4
Added Pin To Net: NetName=ADC_CH2_CS Pin=J4-a6
Added Pin To Net: NetName=ADC_CH4_CS Pin=J4-a7
Added Pin To Net: NetName=ADC_CH4_SDO Pin=J4-a8
Added Pin To Net: NetName=ADC_CH6_SDO Pin=J4-a9
Added Pin To Net: NetName=ADC_CH6_CS Pin=J4-a10
Added Pin To Net: NetName=ADC_CH8_SDO Pin=J4-a11
Added Pin To Net: NetName=ADC_CH8_CS Pin=J4-a13
Added Pin To Net: NetName=ADC_CH10_SDO Pin=J4-a14
Added Pin To Net: NetName=ADC_CH10_CS Pin=J4-a16
Added Pin To Net: NetName=ADC_CH12_SDO Pin=J4-a18
Added Pin To Net: NetName=ADC_CH12_CS Pin=J4-a19
Added Pin To Net: NetName=ADC_CH14_CS Pin=J4-a21
Added Pin To Net: NetName=ADC_CH16_SDO Pin=J4-a22
Added Pin To Net: NetName=ADC_CH16_CS Pin=J4-a23
Added Pin To Net: NetName=ADC_SCLK Pin=J4-a24
Added Pin To Net: NetName=ADC_CH1_SDO Pin=J4-b2
Added Pin To Net: NetName=ADC_CH1_CS Pin=J4-b3
Added Pin To Net: NetName=ADC_CH3_SDO Pin=J4-b4
Added Pin To Net: NetName=ADC_CH3_CS Pin=J4-b6
Added Pin To Net: NetName=ADC_CH5_SDO Pin=J4-b7
Added Pin To Net: NetName=ADC_CH5_CS Pin=J4-b8
Added Pin To Net: NetName=ADC_CH7_SDO Pin=J4-b9
Added Pin To Net: NetName=ADC_CH7_CS Pin=J4-b10
Added Pin To Net: NetName=ADC_CH9_SDO Pin=J4-b11
Added Pin To Net: NetName=ADC_CH9_CS Pin=J4-b13
Added Pin To Net: NetName=ADC_CH11_SDO Pin=J4-b16
Added Pin To Net: NetName=ADC_CH11_CS Pin=J4-b18
Added Pin To Net: NetName=ADC_CH13_CS Pin=J4-b20
Added Pin To Net: NetName=ADC_CH15_SDO Pin=J4-b21
Added Pin To Net: NetName=ADC_CH15_CS Pin=J4-b22
Added Pin To Net: NetName=ADC_CH17_SDO Pin=J4-b23
Added Pin To Net: NetName=ADC_CH17_CS Pin=J4-b24
