[0525/172027:ERROR:backend_impl.cc(2020)] Corrupt Index file
[0525/172027:ERROR:cache_util_win.cc(20)] Unable to move the cache: 5
[0525/172027:ERROR:cache_util.cc(134)] Unable to move cache folder C:\ProgramData\Altium\Altium Designer {B2BD5E5F-1C43-422A-A207-67ACEC1C2B0E}\BrowserCache to C:\ProgramData\Altium\Altium Designer {B2BD5E5F-1C43-422A-A207-67ACEC1C2B0E}\old_BrowserCache_000
[0525/172027:ERROR:cache_creator.cc(129)] Unable to create cache
[0526/084534:ERROR:backend_impl.cc(2020)] Corrupt Index file
[0526/084534:ERROR:cache_util_win.cc(20)] Unable to move the cache: 5
[0526/084534:ERROR:cache_util.cc(134)] Unable to move cache folder C:\ProgramData\Altium\Altium Designer {B2BD5E5F-1C43-422A-A207-67ACEC1C2B0E}\BrowserCache to C:\ProgramData\Altium\Altium Designer {B2BD5E5F-1C43-422A-A207-67ACEC1C2B0E}\old_BrowserCache_000
[0526/084534:ERROR:cache_creator.cc(129)] Unable to create cache
[0526/154800:ERROR:backend_impl.cc(2020)] Corrupt Index file
[0526/154800:ERROR:cache_util_win.cc(20)] Unable to move the cache: 5
[0526/154800:ERROR:cache_util.cc(134)] Unable to move cache folder C:\ProgramData\Altium\Altium Designer {B2BD5E5F-1C43-422A-A207-67ACEC1C2B0E}\BrowserCache to C:\ProgramData\Altium\Altium Designer {B2BD5E5F-1C43-422A-A207-67ACEC1C2B0E}\old_BrowserCache_000
[0526/154801:ERROR:cache_creator.cc(129)] Unable to create cache
[0526/163158:ERROR:backend_impl.cc(2020)] Corrupt Index file
[0526/163158:ERROR:cache_util_win.cc(20)] Unable to move the cache: 5
[0526/163158:ERROR:cache_util.cc(134)] Unable to move cache folder C:\ProgramData\Altium\Altium Designer {B2BD5E5F-1C43-422A-A207-67ACEC1C2B0E}\BrowserCache to C:\ProgramData\Altium\Altium Designer {B2BD5E5F-1C43-422A-A207-67ACEC1C2B0E}\old_BrowserCache_000
[0526/163158:ERROR:cache_creator.cc(129)] Unable to create cache
[0527/101448:WARNING:dns_config_service_win.cc(665)] Failed to read DnsConfig.
[0527/101452:WARNING:dns_config_service_win.cc(665)] Failed to read DnsConfig.
[0527/101453:WARNING:dns_config_service_win.cc(665)] Failed to read DnsConfig.
[0527/101930:ERROR:backend_impl.cc(2020)] Corrupt Index file
[0527/101930:ERROR:cache_util_win.cc(20)] Unable to move the cache: 5
[0527/101930:ERROR:cache_util.cc(134)] Unable to move cache folder C:\ProgramData\Altium\Altium Designer {B2BD5E5F-1C43-422A-A207-67ACEC1C2B0E}\BrowserCache to C:\ProgramData\Altium\Altium Designer {B2BD5E5F-1C43-422A-A207-67ACEC1C2B0E}\old_BrowserCache_000
[0527/101930:ERROR:cache_creator.cc(129)] Unable to create cache
[0604/131925:ERROR:backend_impl.cc(2020)] Corrupt Index file
[0604/131925:ERROR:cache_util_win.cc(20)] Unable to move the cache: 5
[0604/131925:ERROR:cache_util.cc(134)] Unable to move cache folder C:\ProgramData\Altium\Altium Designer {B2BD5E5F-1C43-422A-A207-67ACEC1C2B0E}\BrowserCache to C:\ProgramData\Altium\Altium Designer {B2BD5E5F-1C43-422A-A207-67ACEC1C2B0E}\old_BrowserCache_000
[0604/131925:ERROR:cache_creator.cc(129)] Unable to create cache
[0604/162656:WARNING:dns_config_service_win.cc(665)] Failed to read DnsConfig.
[0608/100554:ERROR:backend_impl.cc(2020)] Corrupt Index file
[0608/100554:ERROR:cache_util_win.cc(20)] Unable to move the cache: 5
[0608/100554:ERROR:cache_util.cc(134)] Unable to move cache folder C:\ProgramData\Altium\Altium Designer {B2BD5E5F-1C43-422A-A207-67ACEC1C2B0E}\BrowserCache to C:\ProgramData\Altium\Altium Designer {B2BD5E5F-1C43-422A-A207-67ACEC1C2B0E}\old_BrowserCache_000
[0608/100554:ERROR:cache_creator.cc(129)] Unable to create cache
[0608/131637:WARNING:dns_config_service_win.cc(665)] Failed to read DnsConfig.
[0608/131641:WARNING:dns_config_service_win.cc(665)] Failed to read DnsConfig.
[0608/131642:WARNING:dns_config_service_win.cc(665)] Failed to read DnsConfig.
[0608/150211:ERROR:backend_impl.cc(2020)] Corrupt Index file
[0608/150211:ERROR:cache_util_win.cc(20)] Unable to move the cache: 5
[0608/150211:ERROR:cache_util.cc(134)] Unable to move cache folder C:\ProgramData\Altium\Altium Designer {B2BD5E5F-1C43-422A-A207-67ACEC1C2B0E}\BrowserCache to C:\ProgramData\Altium\Altium Designer {B2BD5E5F-1C43-422A-A207-67ACEC1C2B0E}\old_BrowserCache_000
[0608/150211:ERROR:cache_creator.cc(129)] Unable to create cache
[0610/093119:ERROR:backend_impl.cc(2020)] Corrupt Index file
[0610/093119:ERROR:cache_util_win.cc(20)] Unable to move the cache: 5
[0610/093119:ERROR:cache_util.cc(134)] Unable to move cache folder C:\ProgramData\Altium\Altium Designer {B2BD5E5F-1C43-422A-A207-67ACEC1C2B0E}\BrowserCache to C:\ProgramData\Altium\Altium Designer {B2BD5E5F-1C43-422A-A207-67ACEC1C2B0E}\old_BrowserCache_000
[0610/093119:ERROR:cache_creator.cc(129)] Unable to create cache
[0610/232546:WARNING:dns_config_service_win.cc(665)] Failed to read DnsConfig.
[0611/041203:WARNING:dns_config_service_win.cc(665)] Failed to read DnsConfig.
[0611/092001:WARNING:dns_config_service_win.cc(665)] Failed to read DnsConfig.
[0611/092004:WARNING:dns_config_service_win.cc(665)] Failed to read DnsConfig.
[0611/092008:WARNING:dns_config_service_win.cc(665)] Failed to read DnsConfig.
[0611/105951:WARNING:dns_config_service_win.cc(665)] Failed to read DnsConfig.
[0611/134322:WARNING:dns_config_service_win.cc(665)] Failed to read DnsConfig.
[0611/161120:WARNING:dns_config_service_win.cc(665)] Failed to read DnsConfig.
