Removed Pin From Net: NetName=NetJ4_a6 Pin=J5-3
Removed Pin From Net: NetName=NetJ4_b6 Pin=J5-5
Removed Pin From Net: NetName=NetJ4_a7 Pin=J5-7
Removed Pin From Net: NetName=NetJ4_b7 Pin=J5-9
Removed Pin From Net: NetName=NetJ4_a8 Pin=J5-11
Removed Pin From Net: NetName=NetJ4_b8 Pin=J5-13
Removed Pin From Net: NetName=NetJ4_a9 Pin=J5-15
Removed Pin From Net: NetName=NetJ4_b9 Pin=J5-17
Removed Pin From Net: NetName=NetJ4_a10 Pin=J5-18
Removed Pin From Net: NetName=NetJ3_b2 Pin=U6-5
Removed Pin From Net: NetName=NetJ3_b11 Pin=U6-6
Removed Pin From Net: NetName=NetJ4_a18 Pin=U7-5
Removed Pin From Net: NetName=NetJ3_a16 Pin=U7-6
Removed Pin From Net: NetName=NetJ4_a21 Pin=U8-5
Removed Pin From Net: NetName=NetJ3_a8 Pin=U8-6
Removed Pin From Net: NetName=NetJ3_a3 Pin=U9-5
Removed Pin From Net: NetName=NetJ3_a12 Pin=U9-6
Removed Pin From Net: NetName=NetJ4_b18 Pin=U10-5
Removed Pin From Net: NetName=NetJ3_b16 Pin=U10-6
Removed Pin From Net: NetName=NetJ4_b21 Pin=U11-5
Removed Pin From Net: NetName=NetJ3_b8 Pin=U11-6
Removed Pin From Net: NetName=NetJ3_b3 Pin=U12-5
Removed Pin From Net: NetName=NetJ3_b12 Pin=U12-6
Removed Pin From Net: NetName=NetJ4_a19 Pin=U13-5
Removed Pin From Net: NetName=NetJ3_a17 Pin=U13-6
Removed Pin From Net: NetName=NetJ4_a22 Pin=U14-5
Removed Pin From Net: NetName=NetJ3_a9 Pin=U14-6
Removed Pin From Net: NetName=NetJ3_a4 Pin=U15-5
Removed Pin From Net: NetName=NetJ3_a13 Pin=U15-6
Removed Pin From Net: NetName=NetJ4_b19 Pin=U16-5
Removed Pin From Net: NetName=NetJ3_b17 Pin=U16-6
Removed Pin From Net: NetName=NetJ4_b22 Pin=U17-5
Removed Pin From Net: NetName=NetJ3_b9 Pin=U17-6
Removed Pin From Net: NetName=NetJ3_b4 Pin=U18-5
Removed Pin From Net: NetName=NetJ3_b13 Pin=U18-6
Removed Pin From Net: NetName=NetJ4_a20 Pin=U19-5
Removed Pin From Net: NetName=NetJ3_a18 Pin=U19-6
Removed Pin From Net: NetName=NetJ3_a2 Pin=U20-5
Removed Pin From Net: NetName=NetJ3_a11 Pin=U20-6
Removed Pin From Net: NetName=NetJ3_a5 Pin=U21-5
Removed Pin From Net: NetName=NetJ3_a14 Pin=U21-6
Removed Pin From Net: NetName=NetJ4_b20 Pin=U22-5
Removed Pin From Net: NetName=NetJ3_b18 Pin=U22-6
Removed Pin From Net: NetName=NetJ3_b5 Pin=U23-5
Removed Pin From Net: NetName=NetJ3_b14 Pin=U23-6
Removed Pin From Net: NetName=NetJ3_a6 Pin=U25-5
Removed Pin From Net: NetName=NetJ3_a15 Pin=U25-6
Removed Pin From Net: NetName=NetJ3_b6 Pin=U26-5
Removed Pin From Net: NetName=NetJ3_b15 Pin=U26-6
Removed Pin From Net: NetName=NetJ4_a11 Pin=U27-2
Removed Pin From Net: NetName=NetJ4_b10 Pin=U27-3
Removed Pin From Net: NetName=NetJ4_b11 Pin=U27-6
Removed Pin From Net: NetName=NetJ4_b2 Pin=U29-8
Removed Pin From Net: NetName=NetJ4_a2 Pin=U29-9
Removed Pin From Net: NetName=NetJ4_a3 Pin=U29-10
Removed Pin From Net: NetName=NetJ4_a4 Pin=U32-8
Removed Pin From Net: NetName=NetJ4_b3 Pin=U32-9
Removed Pin From Net: NetName=NetJ4_b4 Pin=U32-10
Added Component: Designator=J3(ERNI SMC-Q50-SMD-BA)
Add component. Clean all parameters for all variants
Added Component: Designator=J4(ERNI SMC-Q50-SMD-BA)
Add component. Clean all parameters for all variants
Added Pin To Net: NetName=+5V Pin=J3-a1
Added Pin To Net: NetName=+5V Pin=J3-a1
Added Pin To Net: NetName=NetJ3_a2 Pin=J3-a2
Added Pin To Net: NetName=NetJ3_a3 Pin=J3-a3
Added Pin To Net: NetName=NetJ3_a4 Pin=J3-a4
Added Pin To Net: NetName=NetJ3_a5 Pin=J3-a5
Added Pin To Net: NetName=NetJ3_a6 Pin=J3-a6
Added Pin To Net: NetName=+3V3_D Pin=J3-a7
Added Pin To Net: NetName=NetJ3_a8 Pin=J3-a8
Added Pin To Net: NetName=NetJ3_a9 Pin=J3-a9
Added Pin To Net: NetName=GND_D Pin=J3-a10
Added Pin To Net: NetName=NetJ3_a11 Pin=J3-a11
Added Pin To Net: NetName=NetJ3_a12 Pin=J3-a12
Added Pin To Net: NetName=NetJ3_a13 Pin=J3-a13
Added Pin To Net: NetName=NetJ3_a14 Pin=J3-a14
Added Pin To Net: NetName=NetJ3_a15 Pin=J3-a15
Added Pin To Net: NetName=NetJ3_a16 Pin=J3-a16
Added Pin To Net: NetName=NetJ3_a17 Pin=J3-a17
Added Pin To Net: NetName=NetJ3_a18 Pin=J3-a18
Added Pin To Net: NetName=GND_D Pin=J3-a19
Added Pin To Net: NetName=GND_D Pin=J3-a24
Added Pin To Net: NetName=+5V Pin=J3-b1
Added Pin To Net: NetName=+5V Pin=J3-b1
Added Pin To Net: NetName=NetJ3_b2 Pin=J3-b2
Added Pin To Net: NetName=NetJ3_b3 Pin=J3-b3
Added Pin To Net: NetName=NetJ3_b4 Pin=J3-b4
Added Pin To Net: NetName=NetJ3_b5 Pin=J3-b5
Added Pin To Net: NetName=NetJ3_b6 Pin=J3-b6
Added Pin To Net: NetName=+3V3_D Pin=J3-b7
Added Pin To Net: NetName=NetJ3_b8 Pin=J3-b8
Added Pin To Net: NetName=NetJ3_b9 Pin=J3-b9
Added Pin To Net: NetName=GND_D Pin=J3-b10
Added Pin To Net: NetName=NetJ3_b11 Pin=J3-b11
Added Pin To Net: NetName=NetJ3_b12 Pin=J3-b12
Added Pin To Net: NetName=NetJ3_b13 Pin=J3-b13
Added Pin To Net: NetName=NetJ3_b14 Pin=J3-b14
Added Pin To Net: NetName=NetJ3_b15 Pin=J3-b15
Added Pin To Net: NetName=NetJ3_b16 Pin=J3-b16
Added Pin To Net: NetName=NetJ3_b17 Pin=J3-b17
Added Pin To Net: NetName=NetJ3_b18 Pin=J3-b18
Added Pin To Net: NetName=GND_D Pin=J3-b19
Added Pin To Net: NetName=NetJ3_a20 Pin=J3-b20
Added Pin To Net: NetName=+3V3_D Pin=J4-a1
Added Pin To Net: NetName=+3V3_D Pin=J4-a1
Added Pin To Net: NetName=NetJ4_a2 Pin=J4-a2
Added Pin To Net: NetName=NetJ4_a3 Pin=J4-a3
Added Pin To Net: NetName=NetJ4_a4 Pin=J4-a4
Added Pin To Net: NetName=GND_D Pin=J4-a5
Added Pin To Net: NetName=NetJ4_a6 Pin=J4-a6
Added Pin To Net: NetName=NetJ4_a7 Pin=J4-a7
Added Pin To Net: NetName=NetJ4_a8 Pin=J4-a8
Added Pin To Net: NetName=NetJ4_a9 Pin=J4-a9
Added Pin To Net: NetName=NetJ4_a10 Pin=J4-a10
Added Pin To Net: NetName=NetJ4_a11 Pin=J4-a11
Added Pin To Net: NetName=GND_D Pin=J4-a12
Added Pin To Net: NetName=GND_D Pin=J4-a15
Added Pin To Net: NetName=GND_D Pin=J4-a17
Added Pin To Net: NetName=NetJ4_a18 Pin=J4-a18
Added Pin To Net: NetName=NetJ4_a19 Pin=J4-a19
Added Pin To Net: NetName=NetJ4_a20 Pin=J4-a20
Added Pin To Net: NetName=NetJ4_a21 Pin=J4-a21
Added Pin To Net: NetName=NetJ4_a22 Pin=J4-a22
Added Pin To Net: NetName=+3V3_D Pin=J4-b1
Added Pin To Net: NetName=+3V3_D Pin=J4-b1
Added Pin To Net: NetName=NetJ4_b2 Pin=J4-b2
Added Pin To Net: NetName=NetJ4_b3 Pin=J4-b3
Added Pin To Net: NetName=NetJ4_b4 Pin=J4-b4
Added Pin To Net: NetName=GND_D Pin=J4-b5
Added Pin To Net: NetName=NetJ4_b6 Pin=J4-b6
Added Pin To Net: NetName=NetJ4_b7 Pin=J4-b7
Added Pin To Net: NetName=NetJ4_b8 Pin=J4-b8
Added Pin To Net: NetName=NetJ4_b9 Pin=J4-b9
Added Pin To Net: NetName=NetJ4_b10 Pin=J4-b10
Added Pin To Net: NetName=NetJ4_b11 Pin=J4-b11
Added Pin To Net: NetName=GND_D Pin=J4-b12
Added Pin To Net: NetName=GND_D Pin=J4-b15
Added Pin To Net: NetName=GND_D Pin=J4-b17
Added Pin To Net: NetName=NetJ4_b18 Pin=J4-b18
Added Pin To Net: NetName=NetJ4_b19 Pin=J4-b19
Added Pin To Net: NetName=NetJ4_b20 Pin=J4-b20
Added Pin To Net: NetName=NetJ4_b21 Pin=J4-b21
Added Pin To Net: NetName=NetJ4_b22 Pin=J4-b22
Added Pin To Net: NetName=+5V Pin=J4-b25
Added Pin To Net: NetName=NetJ4_b6 Pin=J5-3
Added Pin To Net: NetName=NetJ4_a6 Pin=J5-5
Added Pin To Net: NetName=NetJ4_b7 Pin=J5-7
Added Pin To Net: NetName=NetJ4_a7 Pin=J5-9
Added Pin To Net: NetName=NetJ4_b8 Pin=J5-11
Added Pin To Net: NetName=NetJ4_a8 Pin=J5-13
Added Pin To Net: NetName=NetJ4_b9 Pin=J5-15
Added Pin To Net: NetName=NetJ4_a9 Pin=J5-17
Added Pin To Net: NetName=NetJ4_b10 Pin=J5-18
Added Pin To Net: NetName=NetJ3_a2 Pin=U6-5
Added Pin To Net: NetName=NetJ3_a11 Pin=U6-6
Added Pin To Net: NetName=NetJ4_b18 Pin=U7-5
Added Pin To Net: NetName=NetJ3_b16 Pin=U7-6
Added Pin To Net: NetName=NetJ4_b21 Pin=U8-5
Added Pin To Net: NetName=NetJ3_b8 Pin=U8-6
Added Pin To Net: NetName=NetJ3_b3 Pin=U9-5
Added Pin To Net: NetName=NetJ3_b12 Pin=U9-6
Added Pin To Net: NetName=NetJ4_a18 Pin=U10-5
Added Pin To Net: NetName=NetJ3_a16 Pin=U10-6
Added Pin To Net: NetName=NetJ4_a21 Pin=U11-5
Added Pin To Net: NetName=NetJ3_a8 Pin=U11-6
Added Pin To Net: NetName=NetJ3_a3 Pin=U12-5
Added Pin To Net: NetName=NetJ3_a12 Pin=U12-6
Added Pin To Net: NetName=NetJ4_b19 Pin=U13-5
Added Pin To Net: NetName=NetJ3_b17 Pin=U13-6
Added Pin To Net: NetName=NetJ4_b22 Pin=U14-5
Added Pin To Net: NetName=NetJ3_b9 Pin=U14-6
Added Pin To Net: NetName=NetJ3_b4 Pin=U15-5
Added Pin To Net: NetName=NetJ3_b13 Pin=U15-6
Added Pin To Net: NetName=NetJ4_a19 Pin=U16-5
Added Pin To Net: NetName=NetJ3_a17 Pin=U16-6
Added Pin To Net: NetName=NetJ4_a22 Pin=U17-5
Added Pin To Net: NetName=NetJ3_a9 Pin=U17-6
Added Pin To Net: NetName=NetJ3_a4 Pin=U18-5
Added Pin To Net: NetName=NetJ3_a13 Pin=U18-6
Added Pin To Net: NetName=NetJ4_b20 Pin=U19-5
Added Pin To Net: NetName=NetJ3_b18 Pin=U19-6
Added Pin To Net: NetName=NetJ3_b2 Pin=U20-5
Added Pin To Net: NetName=NetJ3_b11 Pin=U20-6
Added Pin To Net: NetName=NetJ3_b5 Pin=U21-5
Added Pin To Net: NetName=NetJ3_b14 Pin=U21-6
Added Pin To Net: NetName=NetJ4_a20 Pin=U22-5
Added Pin To Net: NetName=NetJ3_a18 Pin=U22-6
Added Pin To Net: NetName=NetJ3_a5 Pin=U23-5
Added Pin To Net: NetName=NetJ3_a14 Pin=U23-6
Added Pin To Net: NetName=NetJ3_b6 Pin=U25-5
Added Pin To Net: NetName=NetJ3_b15 Pin=U25-6
Added Pin To Net: NetName=NetJ3_a6 Pin=U26-5
Added Pin To Net: NetName=NetJ3_a15 Pin=U26-6
Added Pin To Net: NetName=NetJ4_b11 Pin=U27-2
Added Pin To Net: NetName=NetJ4_a10 Pin=U27-3
Added Pin To Net: NetName=NetJ4_a11 Pin=U27-6
Added Pin To Net: NetName=NetJ4_a2 Pin=U29-8
Added Pin To Net: NetName=NetJ4_b2 Pin=U29-9
Added Pin To Net: NetName=NetJ4_b3 Pin=U29-10
Added Pin To Net: NetName=NetJ4_b4 Pin=U32-8
Added Pin To Net: NetName=NetJ4_a3 Pin=U32-9
Added Pin To Net: NetName=NetJ4_a4 Pin=U32-10
Change Net Name : Old Net Name=NetJ3_a20 New Net Name=NetJ3_b20
Added Member To Class: ClassName=Connector_0 Member=Component J3 ERNI SMC-Q50-SMD-BA
Added Member To Class: ClassName=Connector_0 Member=Component J4 ERNI SMC-Q50-SMD-BA
Added Room: Name=DAC_0
