Added Component: Designator=J1(FlatCable2x10 2.54MM RIGHT ANGLE TH)
Add component. Clean all parameters for all variants
Add component (AddParameter): Name = "Manufacturer"; Value = "Wurth Elektronik"; VariantName = "[No Variations]"
Add component (AddParameter): Name = "Mouser No."; Value = "710-61202021621"; VariantName = "[No Variations]"
Add component (AddParameter): Name = "Value"; Value = "61202021621"; VariantName = "[No Variations]"
Added Component: Designator=J2(FlatCable2x10 2.54MM RIGHT ANGLE TH)
Add component. Clean all parameters for all variants
Add component (AddParameter): Name = "Manufacturer"; Value = "Wurth Elektronik"; VariantName = "[No Variations]"
Add component (AddParameter): Name = "Mouser No."; Value = "710-61202021621"; VariantName = "[No Variations]"
Add component (AddParameter): Name = "Value"; Value = "61202021621"; VariantName = "[No Variations]"
Added Pin To Net: NetName=MEAS_0_N Pin=J1-1
Added Pin To Net: NetName=MEAS_0_P Pin=J1-2
Added Pin To Net: NetName=MEAS_1_N Pin=J1-3
Added Pin To Net: NetName=MEAS_1_P Pin=J1-4
Added Pin To Net: NetName=MEAS_2_N Pin=J1-5
Added Pin To Net: NetName=MEAS_2_P Pin=J1-6
Added Pin To Net: NetName=MEAS_3_N Pin=J1-7
Added Pin To Net: NetName=MEAS_3_P Pin=J1-8
Added Pin To Net: NetName=MEAS_4_N Pin=J1-9
Added Pin To Net: NetName=MEAS_4_P Pin=J1-10
Added Pin To Net: NetName=MEAS_5_N Pin=J1-11
Added Pin To Net: NetName=MEAS_5_P Pin=J1-12
Added Pin To Net: NetName=MEAS_6_N Pin=J1-13
Added Pin To Net: NetName=MEAS_6_P Pin=J1-14
Added Pin To Net: NetName=MEAS_7_N Pin=J1-15
Added Pin To Net: NetName=MEAS_7_P Pin=J1-16
Added Pin To Net: NetName=MEAS_8_N Pin=J1-17
Added Pin To Net: NetName=MEAS_8_P Pin=J1-18
Added Pin To Net: NetName=MEAS_9_N Pin=J1-19
Added Pin To Net: NetName=MEAS_9_P Pin=J1-20
Added Pin To Net: NetName=MEAS_10_N Pin=J2-1
Added Pin To Net: NetName=MEAS_10_P Pin=J2-2
Added Pin To Net: NetName=MEAS_11_N Pin=J2-3
Added Pin To Net: NetName=MEAS_11_P Pin=J2-4
Added Pin To Net: NetName=MEAS_12_N Pin=J2-5
Added Pin To Net: NetName=MEAS_12_P Pin=J2-6
Added Pin To Net: NetName=MEAS_13_N Pin=J2-7
Added Pin To Net: NetName=MEAS_13_P Pin=J2-8
Added Pin To Net: NetName=MEAS_14_N Pin=J2-9
Added Pin To Net: NetName=MEAS_14_P Pin=J2-10
Added Pin To Net: NetName=MEAS_15_N Pin=J2-11
Added Pin To Net: NetName=MEAS_15_P Pin=J2-12
Added Pin To Net: NetName=MEAS_16_N Pin=J2-13
Added Pin To Net: NetName=MEAS_16_P Pin=J2-14
Added Pin To Net: NetName=MEAS_17_N Pin=J2-15
Added Pin To Net: NetName=MEAS_17_P Pin=J2-16
Added Pin To Net: NetName=MEAS_18_N Pin=J2-17
Added Pin To Net: NetName=MEAS_18_P Pin=J2-18
Added Pin To Net: NetName=MEAS_19_N Pin=J2-19
Added Pin To Net: NetName=MEAS_19_P Pin=J2-20
Added Member To Class: ClassName=Connector_0 Member=Component J1 61202021621
Added Member To Class: ClassName=Connector_0 Member=Component J2 61202021621
Added Room: Name=Connector_0
Added Room: Name=DAC_0
Added Room: Name=Supply_0
