Change Component Designator: Old Designator=LD? New Designator=LD3
Change Component Designator: Old Designator=R? New Designator=R153
Change Component Designator: Old Designator=R? New Designator=R154
Change Component Designator: Old Designator=R? New Designator=R155
Change Component Designator: Old Designator=R? New Designator=R156
Change Component Designator: Old Designator=R? New Designator=R157
Change Component Designator: Old Designator=R? New Designator=R158
Change Component Designator: Old Designator=R? New Designator=R159
Change Component Designator: Old Designator=R? New Designator=R160
Change Component Designator: Old Designator=R? New Designator=R161
Change Component Designator: Old Designator=R? New Designator=R162
Change Component Designator: Old Designator=R? New Designator=R163
Change Component Designator: Old Designator=R? New Designator=R164
Change Component Designator: Old Designator=S? New Designator=S1
Change Component Designator: Old Designator=U? New Designator=U37
Change Component Designator: Old Designator=U? New Designator=U37
Change Component Designator: Old Designator=U? New Designator=U37
Change Component Designator: Old Designator=U? New Designator=U37
Change Component Designator: Old Designator=U? New Designator=U37
Change Component Designator: Old Designator=U? New Designator=U37
Change Component Designator: Old Designator=U? New Designator=U37
Change Component Designator: Old Designator=U? New Designator=U37
Change Component Designator: Old Designator=U? New Designator=U38
Change Component Designator: Old Designator=X? New Designator=X1
