PCAD Importer Log
Project : FA_CPU_V01_1X.PrjPcb

Section : R:\Diploma\TD2021\SYND\jean.nanchen\FA_CPU_V01_1X.pcb
    Section : Load Messages
        Warning - 1 : Skipping Token refPointSize On Line 11662
        Warning - 1 : Skipping Token infoPointSize On Line 11663
        Warning - 1 : Skipping Token gluePointSize On Line 11664
        Warning - 1 : Skipping Token pickPointSize On Line 11665
        Warning - 1 : Skipping Token testPointSize On Line 11666
        Warning - 1 : Skipping Token refPointSizePrint On Line 11667
        Warning - 1 : Skipping Token infoPointSizePrint On Line 11668
        Warning - 1 : Skipping Token gluePointSizePrint On Line 11669
        Warning - 1 : Skipping Token pickPointSizePrint On Line 11670
        Warning - 1 : Skipping Token testPointSizePrint On Line 11671
        Warning - 1 : Skipping Token solderFlowDirection On Line 11672
        Warning - 1 : Skipping Token autoPlowCopperPours On Line 11673
        Warning - 1 : Skipping Token globalCopperPourCutoutBackoffFlag On Line 11674
        Warning - 1 : Skipping Token isFixed On Line 11836
        Warning - 1 : Skipping Token isFixed On Line 11837
        Warning - 1 : Skipping Token isFixed On Line 11838
        Warning - 1 : Skipping Token isFixed On Line 11839
        Warning - 1 : Skipping Token isFixed On Line 11840
        Warning - 1 : Skipping Token isFixed On Line 11841
        Warning - 1 : Skipping Token isFixed On Line 11842
        Warning - 1 : Skipping Token isFixed On Line 11843
        Warning - 1 : Skipping Token isFixed On Line 11844
        Warning - 1 : Skipping Token isFixed On Line 11845
        Warning - 1 : Skipping Token isFixed On Line 11846
        Warning - 1 : Skipping Token isFixed On Line 11847
        Warning - 1 : Skipping Token isFixed On Line 11848
        Warning - 1 : Skipping Token isFixed On Line 11849
        Warning - 1 : Skipping Token isFixed On Line 11850
        Warning - 1 : Skipping Token isFixed On Line 11851
        Warning - 1 : Skipping Token isFixed On Line 11852
        Warning - 1 : Skipping Token isFixed On Line 11853
        Warning - 1 : Skipping Token isFixed On Line 11854
        Warning - 1 : Skipping Token isFixed On Line 11855
        Warning - 1 : Skipping Token isFixed On Line 11856
        Warning - 1 : Skipping Token isFixed On Line 11857
        Warning - 1 : Skipping Token isFixed On Line 11858
        Warning - 1 : Skipping Token isFixed On Line 11859
        Warning - 1 : Skipping Token isFixed On Line 11860
        Warning - 1 : Skipping Token isFixed On Line 11861
        Warning - 1 : Skipping Token isFixed On Line 11862
        Warning - 1 : Skipping Token isFixed On Line 11863
        Warning - 1 : Skipping Token isFixed On Line 11864
        Warning - 1 : Skipping Token isFixed On Line 11865
        Warning - 1 : Skipping Token isFixed On Line 11866
        Warning - 1 : Skipping Token isFixed On Line 11867
        Warning - 1 : Skipping Token isFixed On Line 11868
        Warning - 1 : Skipping Token isFixed On Line 11869
        Warning - 1 : Skipping Token isFixed On Line 11870
        Warning - 1 : Skipping Token isFixed On Line 11871
        Warning - 1 : Skipping Token isFixed On Line 11872
        Warning - 1 : Skipping Token isFixed On Line 12836
        Warning - 1 : Skipping Token isFixed On Line 12837
        Warning - 1 : Skipping Token isFixed On Line 12838
        Warning - 1 : Skipping Token printDrawOrder On Line 12852
        Warning - 1 : Skipping Token printDrawOrder On Line 13567
        Warning - 1 : Skipping Token printDrawOrder On Line 14281
        Warning - 1 : Skipping Token drillSymSettings On Line 14985
        Warning - 1 : Skipping Token gerberSettings On Line 14987
        Warning - 1 : Skipping Token ncDrillSettings On Line 15233
        Warning - 1 : Skipping Token programState On Line 15242
        Warning - 1 : Skipping Token displayDrawOrder On Line 15285
        Warning - 1 : Skipping Token reportSettings On Line 15741
        Warning - 1 : Skipping Token odbSettings On Line 16465
    EndSection

    Section : Import Messages
    EndSection
EndSection
