Removed Pin From Net: NetName=+5V_MEZZA Pin=J1-a1
Removed Pin From Net: NetName=+5V_MEZZA Pin=J1-a1
Removed Pin From Net: NetName=+5V_MEZZA Pin=J1-b1
Removed Pin From Net: NetName=+5V_MEZZA Pin=J1-b1
Removed Pin From Net: NetName=GND_D Pin=J1-b24
Removed Pin From Net: NetName=+3V3_D Pin=J2-a1
Removed Pin From Net: NetName=+3V3_D Pin=J2-a1
Removed Pin From Net: NetName=GND_D Pin=J2-a5
Removed Pin From Net: NetName=GND_D Pin=J2-a12
Removed Pin From Net: NetName=GND_D Pin=J2-a15
Removed Pin From Net: NetName=GND_D Pin=J2-a17
Removed Pin From Net: NetName=+3V3_D Pin=J2-b1
Removed Pin From Net: NetName=+3V3_D Pin=J2-b1
Removed Pin From Net: NetName=GND_D Pin=J2-b5
Removed Pin From Net: NetName=GND_D Pin=J2-b12
Removed Pin From Net: NetName=GND_D Pin=J2-b15
Removed Pin From Net: NetName=GND_D Pin=J2-b17
Removed Pin From Net: NetName=NetJ2_a6 Pin=JP1-2
Removed Pin From Net: NetName=NetJ2_b6 Pin=JP2-2
Removed Pin From Net: NetName=NetJ2_a7 Pin=JP3-2
Removed Pin From Net: NetName=NetJ2_b7 Pin=JP4-2
Removed Pin From Net: NetName=NetJ1_a2 Pin=U2-A4
Removed Pin From Net: NetName=NetJ1_b2 Pin=U2-A5
Removed Pin From Net: NetName=NetJ1_b3 Pin=U2-A6
Removed Pin From Net: NetName=NetJ1_a4 Pin=U2-A7
Removed Pin From Net: NetName=NetJ1_b4 Pin=U2-A8
Removed Pin From Net: NetName=NetJ1_b5 Pin=U2-A9
Removed Pin From Net: NetName=NetJ2_a19 Pin=U2-A10
Removed Pin From Net: NetName=NetJ2_b19 Pin=U2-A11
Removed Pin From Net: NetName=NetJ2_b20 Pin=U2-A12
Removed Pin From Net: NetName=NetJ2_a21 Pin=U2-A13
Removed Pin From Net: NetName=NetJ2_b6 Pin=U2-AA8
Removed Pin From Net: NetName=NetJ2_b8 Pin=U2-AA10
Removed Pin From Net: NetName=NetJ2_b9 Pin=U2-AA12
Removed Pin From Net: NetName=NetJ2_b3 Pin=U2-AA14
Removed Pin From Net: NetName=NetJ2_b2 Pin=U2-AA18
Removed Pin From Net: NetName=NetJ2_a8 Pin=U2-AB3
Removed Pin From Net: NetName=NetJ2_a7 Pin=U2-AB8
Removed Pin From Net: NetName=NetJ2_a9 Pin=U2-AB10
Removed Pin From Net: NetName=NetJ2_a6 Pin=U2-AB11
Removed Pin From Net: NetName=NetJ2_a10 Pin=U2-AB12
Removed Pin From Net: NetName=NetJ2_a4 Pin=U2-AB14
Removed Pin From Net: NetName=NetJ2_a11 Pin=U2-AB16
Removed Pin From Net: NetName=NetJ2_a3 Pin=U2-AB18
Removed Pin From Net: NetName=NetJ1_a12 Pin=U2-B6
Removed Pin From Net: NetName=NetJ1_a11 Pin=U2-C5
Removed Pin From Net: NetName=NetJ1_a3 Pin=U2-C6
Removed Pin From Net: NetName=NetJ1_b12 Pin=U2-C7
Removed Pin From Net: NetName=NetJ1_a5 Pin=U2-C8
Removed Pin From Net: NetName=NetJ2_b18 Pin=U2-C10
Removed Pin From Net: NetName=NetJ2_a20 Pin=U2-C12
Removed Pin From Net: NetName=NetJ1_b11 Pin=U2-D6
Removed Pin From Net: NetName=NetJ2_a18 Pin=U2-D8
Removed Pin From Net: NetName=NetJ1_b13 Pin=U2-D9
Removed Pin From Net: NetName=NetJ1_a6 Pin=U2-D12
Removed Pin From Net: NetName=NetJ1_b6 Pin=U2-D13
Removed Pin From Net: NetName=NetJ1_b9 Pin=U2-D14
Removed Pin From Net: NetName=NetJ1_b8 Pin=U2-E14
Removed Pin From Net: NetName=NetJ1_a9 Pin=U2-F14
Removed Pin From Net: NetName=NetJ2_a22 Pin=U2-F15
Removed Pin From Net: NetName=NetJ2_b21 Pin=U2-G13
Removed Pin From Net: NetName=NetJ1_a8 Pin=U2-H13
Removed Pin From Net: NetName=NetJ2_b22 Pin=U2-H14
Removed Pin From Net: NetName=NetJ2_a2 Pin=U2-V15
Removed Pin From Net: NetName=NetJ2_b11 Pin=U2-W12
Removed Pin From Net: NetName=NetJ2_b7 Pin=U2-Y3
Removed Pin From Net: NetName=NetJ2_a13 Pin=U2-Y12
Removed Pin From Net: NetName=NetJ2_b10 Pin=U2-Y13
Removed Pin From Net: NetName=NetJ2_b4 Pin=U2-Y15
Added Component: Designator=J3(FlatCable2x5 2MM Right Angle TH FCI 98614-G61-10ULF)
Add component. Clean all parameters for all variants
Added Pin To Net: NetName=+3V3_D Pin=J3-1
Added Pin To Net: NetName=GND_D Pin=J3-2
Added Pin To Net: NetName=NetJ3_3 Pin=J3-3
Added Pin To Net: NetName=GND_D Pin=J3-4
Added Pin To Net: NetName=NetJ3_5 Pin=J3-5
Added Pin To Net: NetName=GND_D Pin=J3-6
Added Pin To Net: NetName=NetJ3_7 Pin=J3-7
Added Pin To Net: NetName=GND_D Pin=J3-8
Added Pin To Net: NetName=NetJ3_9 Pin=J3-9
Added Pin To Net: NetName=GND_D Pin=J3-10
Added Pin To Net: NetName=NetJ1_a2 Pin=JP1-2
Added Pin To Net: NetName=NetJ1_a3 Pin=JP2-2
Added Pin To Net: NetName=NetJ1_a4 Pin=JP3-2
Added Pin To Net: NetName=NetJ1_a5 Pin=JP4-2
Added Pin To Net: NetName=NetJ2_b21 Pin=U2-A5
Added Pin To Net: NetName=NetJ2_a2 Pin=U2-A8
Added Pin To Net: NetName=NetJ2_b11 Pin=U2-A9
Added Pin To Net: NetName=NetJ2_b4 Pin=U2-A10
Added Pin To Net: NetName=NetJ2_a11 Pin=U2-A11
Added Pin To Net: NetName=NetJ2_a9 Pin=U2-A12
Added Pin To Net: NetName=NetJ2_a18 Pin=U2-A13
Added Pin To Net: NetName=NetJ1_a3 Pin=U2-AA8
Added Pin To Net: NetName=NetJ1_a8 Pin=U2-AA10
Added Pin To Net: NetName=NetJ1_a11 Pin=U2-AA12
Added Pin To Net: NetName=NetJ1_b8 Pin=U2-AA14
Added Pin To Net: NetName=NetJ1_b11 Pin=U2-AA18
Added Pin To Net: NetName=NetJ1_a6 Pin=U2-AB3
Added Pin To Net: NetName=NetJ1_a4 Pin=U2-AB8
Added Pin To Net: NetName=NetJ1_a9 Pin=U2-AB10
Added Pin To Net: NetName=NetJ1_a2 Pin=U2-AB11
Added Pin To Net: NetName=NetJ1_a12 Pin=U2-AB12
Added Pin To Net: NetName=NetJ1_b9 Pin=U2-AB14
Added Pin To Net: NetName=NetJ1_b2 Pin=U2-AB16
Added Pin To Net: NetName=NetJ1_b13 Pin=U2-AB18
Added Pin To Net: NetName=NetJ2_b20 Pin=U2-B6
Added Pin To Net: NetName=NetJ2_b18 Pin=U2-B8
Added Pin To Net: NetName=NetJ2_b3 Pin=U2-B10
Added Pin To Net: NetName=NetJ2_b19 Pin=U2-C6
Added Pin To Net: NetName=NetJ2_a4 Pin=U2-C8
Added Pin To Net: NetName=NetJ2_a6 Pin=U2-C9
Added Pin To Net: NetName=NetJ2_b2 Pin=U2-C10
Added Pin To Net: NetName=NetJ2_b6 Pin=U2-C11
Added Pin To Net: NetName=NetJ2_a10 Pin=U2-C13
Added Pin To Net: NetName=NetJ2_b22 Pin=U2-D6
Added Pin To Net: NetName=NetJ2_b10 Pin=U2-D7
Added Pin To Net: NetName=NetJ2_b7 Pin=U2-D8
Added Pin To Net: NetName=NetJ2_a3 Pin=U2-D9
Added Pin To Net: NetName=NetJ2_b8 Pin=U2-D10
Added Pin To Net: NetName=NetJ2_a13 Pin=U2-D11
Added Pin To Net: NetName=NetJ2_a7 Pin=U2-D12
Added Pin To Net: NetName=NetJ2_b9 Pin=U2-D13
Added Pin To Net: NetName=NetJ2_a21 Pin=U2-D14
Added Pin To Net: NetName=NetJ2_a8 Pin=U2-F13
Added Pin To Net: NetName=NetJ2_a22 Pin=U2-G13
Added Pin To Net: NetName=NetJ2_a19 Pin=U2-H13
Added Pin To Net: NetName=NetJ2_a20 Pin=U2-H14
Added Pin To Net: NetName=NetJ1_b12 Pin=U2-V15
Added Pin To Net: NetName=NetJ1_b4 Pin=U2-W12
Added Pin To Net: NetName=NetJ1_a5 Pin=U2-Y3
Added Pin To Net: NetName=NetJ1_b5 Pin=U2-Y12
Added Pin To Net: NetName=NetJ1_b3 Pin=U2-Y13
Added Pin To Net: NetName=NetJ1_b6 Pin=U2-Y15
Added Pin To Net: NetName=NetJ1_b21 Pin=J1-b21
Added Pin To Net: NetName=NetJ1_b21 Pin=U2-F15
Added Net: Name=NetJ1_b21
Added Pin To Net: NetName=NetJ1_b22 Pin=J1-b22
Added Pin To Net: NetName=NetJ1_b22 Pin=U2-F14
Added Net: Name=NetJ1_b22
Added Pin To Net: NetName=NetJ1_b23 Pin=J1-b23
Added Pin To Net: NetName=NetJ1_b23 Pin=U2-A4
Added Net: Name=NetJ1_b23
Added Pin To Net: NetName=NetJ1_b25 Pin=J1-b25
Added Pin To Net: NetName=NetJ1_b25 Pin=U2-C5
Added Net: Name=NetJ1_b25
Added Pin To Net: NetName=NetJ2_a14 Pin=J2-a14
Added Pin To Net: NetName=NetJ2_a14 Pin=U2-C12
Added Net: Name=NetJ2_a14
Added Pin To Net: NetName=NetJ2_a16 Pin=J2-a16
Added Pin To Net: NetName=NetJ2_a16 Pin=U2-B12
Added Net: Name=NetJ2_a16
Added Pin To Net: NetName=NetJ2_a23 Pin=J2-a23
Added Pin To Net: NetName=NetJ2_a23 Pin=U2-E14
Added Net: Name=NetJ2_a23
Added Pin To Net: NetName=NetJ2_a24 Pin=J2-a24
Added Pin To Net: NetName=NetJ2_a24 Pin=U2-C14
Added Net: Name=NetJ2_a24
Added Pin To Net: NetName=NetJ2_b13 Pin=J2-b13
Added Pin To Net: NetName=NetJ2_b13 Pin=U2-E12
Added Net: Name=NetJ2_b13
Added Pin To Net: NetName=NetJ2_b16 Pin=J2-b16
Added Pin To Net: NetName=NetJ2_b16 Pin=U2-A7
Added Net: Name=NetJ2_b16
Added Pin To Net: NetName=NetJ2_b23 Pin=J2-b23
Added Pin To Net: NetName=NetJ2_b23 Pin=U2-A6
Added Net: Name=NetJ2_b23
Added Pin To Net: NetName=NetJ2_b24 Pin=J2-b24
Added Pin To Net: NetName=NetJ2_b24 Pin=U2-C7
Added Net: Name=NetJ2_b24
Added Member To Class: ClassName=Connector_0 Member=Component J3 FlatCable2x5
Added Member To Class: ClassName=Supply_0 Member=Component R? 0
Added Member To Class: ClassName=Supply_0 Member=Component R? 0
Added Room: Name=Connector_0
Added Room: Name=Ethernet_0
