Added Component: Designator=C1(CAPACITOR 1608 REFLOW)
Add component. Clean all parameters for all variants
Add component (AddParameter): Name = "Value"; Value = "10nF"; VariantName = "[No Variations]"
Added Component: Designator=C2(CAPACITOR 1608 REFLOW)
Add component. Clean all parameters for all variants
Add component (AddParameter): Name = "Value"; Value = "100nF"; VariantName = "[No Variations]"
Added Component: Designator=C3(CAPACITOR 1608 REFLOW)
Add component. Clean all parameters for all variants
Add component (AddParameter): Name = "Value"; Value = "100nF"; VariantName = "[No Variations]"
Added Component: Designator=C4(CAPACITOR 2012 REFLOW)
Add component. Clean all parameters for all variants
Add component (AddParameter): Name = "Value"; Value = "10uF"; VariantName = "[No Variations]"
Added Component: Designator=C5(CAPACITOR 1608 REFLOW)
Add component. Clean all parameters for all variants
Add component (AddParameter): Name = "Value"; Value = "10nF"; VariantName = "[No Variations]"
Added Component: Designator=C6(CAPACITOR 1608 REFLOW)
Add component. Clean all parameters for all variants
Add component (AddParameter): Name = "Value"; Value = "10nF"; VariantName = "[No Variations]"
Added Component: Designator=C7(CAPACITOR 1608 REFLOW)
Add component. Clean all parameters for all variants
Add component (AddParameter): Name = "Value"; Value = "100pF"; VariantName = "[No Variations]"
Added Component: Designator=C8(CAPACITOR 1608 REFLOW)
Add component. Clean all parameters for all variants
Add component (AddParameter): Name = "Socket"; Value = "1005"; VariantName = "[No Variations]"
Add component (AddParameter): Name = "V"; Value = "50V"; VariantName = "[No Variations]"
Add component (AddParameter): Name = "Value"; Value = "0.022uF"; VariantName = "[No Variations]"
Added Component: Designator=C9(CAPACITOR 1608 REFLOW)
Add component. Clean all parameters for all variants
Add component (AddParameter): Name = "Socket"; Value = "1005"; VariantName = "[No Variations]"
Add component (AddParameter): Name = "U"; Value = "50V"; VariantName = "[No Variations]"
Add component (AddParameter): Name = "Value"; Value = "4700pF"; VariantName = "[No Variations]"
Added Component: Designator=C10(CAPACITOR 2012 REFLOW)
Add component. Clean all parameters for all variants
Add component (AddParameter): Name = "Value"; Value = "22uF"; VariantName = "[No Variations]"
Added Component: Designator=C11(CAPACITOR 1608 REFLOW)
Add component. Clean all parameters for all variants
Add component (AddParameter): Name = "Value"; Value = "100nF"; VariantName = "[No Variations]"
Added Component: Designator=C12(CAPACITOR 2012 REFLOW)
Add component. Clean all parameters for all variants
Add component (AddParameter): Name = "Value"; Value = "22uF"; VariantName = "[No Variations]"
Added Component: Designator=C13(CAPACITOR 1608 REFLOW)
Add component. Clean all parameters for all variants
Add component (AddParameter): Name = "Value"; Value = "100nF"; VariantName = "[No Variations]"
Added Component: Designator=C14(CAPACITOR 2012 REFLOW)
Add component. Clean all parameters for all variants
Add component (AddParameter): Name = "Value"; Value = "22uF"; VariantName = "[No Variations]"
Added Component: Designator=C15(CAPACITOR 1608 REFLOW)
Add component. Clean all parameters for all variants
Add component (AddParameter): Name = "Value"; Value = "100nF"; VariantName = "[No Variations]"
Added Component: Designator=C16(CAPACITOR 1608 REFLOW)
Add component. Clean all parameters for all variants
Add component (AddParameter): Name = "Value"; Value = "100nF"; VariantName = "[No Variations]"
Added Component: Designator=C17(CAPACITOR 1608 REFLOW)
Add component. Clean all parameters for all variants
Add component (AddParameter): Name = "Value"; Value = "100nF"; VariantName = "[No Variations]"
Added Component: Designator=C18(CAPACITOR 2012 REFLOW)
Add component. Clean all parameters for all variants
Add component (AddParameter): Name = "Value"; Value = "1uF"; VariantName = "[No Variations]"
Added Component: Designator=C19(CAPACITOR 1608 REFLOW)
Add component. Clean all parameters for all variants
Add component (AddParameter): Name = "Value"; Value = "100nF"; VariantName = "[No Variations]"
Added Component: Designator=C20(CAPACITOR 1608 REFLOW)
Add component. Clean all parameters for all variants
Add component (AddParameter): Name = "Value"; Value = "100nF"; VariantName = "[No Variations]"
Added Component: Designator=C21(CAPACITOR 2012 REFLOW)
Add component. Clean all parameters for all variants
Add component (AddParameter): Name = "Value"; Value = "10uF"; VariantName = "[No Variations]"
Added Component: Designator=C22(CAPACITOR 2012 REFLOW)
Add component. Clean all parameters for all variants
Add component (AddParameter): Name = "Value"; Value = "22uF / X5R / 6.3V"; VariantName = "[No Variations]"
Added Component: Designator=C23(CAPACITOR 2012 REFLOW)
Add component. Clean all parameters for all variants
Add component (AddParameter): Name = "Value"; Value = "22uF / X5R / 6.3V"; VariantName = "[No Variations]"
Added Component: Designator=C24(CAPACITOR 2012 REFLOW)
Add component. Clean all parameters for all variants
Add component (AddParameter): Name = "Value"; Value = "22uF / X5R / 6.3V"; VariantName = "[No Variations]"
Added Component: Designator=C25(CAPACITOR 1608 REFLOW)
Add component. Clean all parameters for all variants
Add component (AddParameter): Name = "Value"; Value = "100nF"; VariantName = "[No Variations]"
Added Component: Designator=C26(CAPACITOR 2012 REFLOW)
Add component. Clean all parameters for all variants
Add component (AddParameter): Name = "Value"; Value = "22uF / X7R / 6.3V"; VariantName = "[No Variations]"
Added Component: Designator=C27(CAPACITOR 2012 REFLOW)
Add component. Clean all parameters for all variants
Add component (AddParameter): Name = "Value"; Value = "22uF / X5R / 6.3V"; VariantName = "[No Variations]"
Added Component: Designator=C28(CAPACITOR 2012 REFLOW)
Add component. Clean all parameters for all variants
Add component (AddParameter): Name = "Value"; Value = "22uF / X5R / 6.3V"; VariantName = "[No Variations]"
Added Component: Designator=C29(CAPACITOR 1608 REFLOW)
Add component. Clean all parameters for all variants
Add component (AddParameter): Name = "Value"; Value = "100n"; VariantName = "[No Variations]"
Added Component: Designator=C30(CAPACITOR 1608 REFLOW)
Add component. Clean all parameters for all variants
Add component (AddParameter): Name = "Value"; Value = "100n"; VariantName = "[No Variations]"
Added Component: Designator=C31(CAPACITOR 1608 REFLOW)
Add component. Clean all parameters for all variants
Add component (AddParameter): Name = "Value"; Value = "100n"; VariantName = "[No Variations]"
Added Component: Designator=C32(CAPACITOR 1608 REFLOW)
Add component. Clean all parameters for all variants
Add component (AddParameter): Name = "Value"; Value = "100nF"; VariantName = "[No Variations]"
Added Component: Designator=C33(CAPACITOR 1608 REFLOW)
Add component. Clean all parameters for all variants
Add component (AddParameter): Name = "Value"; Value = "100nF"; VariantName = "[No Variations]"
Added Component: Designator=C34(CAPACITOR 1608 REFLOW)
Add component. Clean all parameters for all variants
Add component (AddParameter): Name = "Value"; Value = "100nF"; VariantName = "[No Variations]"
Added Component: Designator=C35(CAPACITOR 3216 REFLOW)
Add component. Clean all parameters for all variants
Add component (AddParameter): Name = "Value"; Value = "100uF"; VariantName = "[No Variations]"
Added Component: Designator=C36(CAPACITOR 1608 REFLOW)
Add component. Clean all parameters for all variants
Add component (AddParameter): Name = "Value"; Value = "4.7uF"; VariantName = "[No Variations]"
Added Component: Designator=C37(CAPACITOR 1005 REFLOW)
Add component. Clean all parameters for all variants
Add component (AddParameter): Name = "Value"; Value = "470nF"; VariantName = "[No Variations]"
Added Component: Designator=C38(CAPACITOR 1005 REFLOW)
Add component. Clean all parameters for all variants
Add component (AddParameter): Name = "Value"; Value = "470nF"; VariantName = "[No Variations]"
Added Component: Designator=C39(CAPACITOR 1005 REFLOW)
Add component. Clean all parameters for all variants
Add component (AddParameter): Name = "Value"; Value = "470nF"; VariantName = "[No Variations]"
Added Component: Designator=C40(CAPACITOR 1005 REFLOW)
Add component. Clean all parameters for all variants
Add component (AddParameter): Name = "Value"; Value = "470nF"; VariantName = "[No Variations]"
Added Component: Designator=C41(CAPACITOR 3216 REFLOW)
Add component. Clean all parameters for all variants
Add component (AddParameter): Name = "Value"; Value = "100uF"; VariantName = "[No Variations]"
Added Component: Designator=C42(CAPACITOR 1608 REFLOW)
Add component. Clean all parameters for all variants
Add component (AddParameter): Name = "Value"; Value = "4.7uF"; VariantName = "[No Variations]"
Added Component: Designator=C43(CAPACITOR 1005 REFLOW)
Add component. Clean all parameters for all variants
Add component (AddParameter): Name = "Value"; Value = "470nF"; VariantName = "[No Variations]"
Added Component: Designator=C44(CAPACITOR 1005 REFLOW)
Add component. Clean all parameters for all variants
Add component (AddParameter): Name = "Value"; Value = "470nF"; VariantName = "[No Variations]"
Added Component: Designator=C45(CAPACITOR 1005 REFLOW)
Add component. Clean all parameters for all variants
Add component (AddParameter): Name = "Value"; Value = "470nF"; VariantName = "[No Variations]"
Added Component: Designator=C46(CAPACITOR 1005 REFLOW)
Add component. Clean all parameters for all variants
Add component (AddParameter): Name = "Value"; Value = "470nF"; VariantName = "[No Variations]"
Added Component: Designator=C47(CAPACITOR 3216 REFLOW)
Add component. Clean all parameters for all variants
Add component (AddParameter): Name = "Value"; Value = "100uF"; VariantName = "[No Variations]"
Added Component: Designator=C48(CAPACITOR 3216 REFLOW)
Add component. Clean all parameters for all variants
Add component (AddParameter): Name = "Value"; Value = "100uF"; VariantName = "[No Variations]"
Added Component: Designator=C49(CAPACITOR 1608 REFLOW)
Add component. Clean all parameters for all variants
Add component (AddParameter): Name = "Value"; Value = "4.7uF"; VariantName = "[No Variations]"
Added Component: Designator=C50(CAPACITOR 1608 REFLOW)
Add component. Clean all parameters for all variants
Add component (AddParameter): Name = "Value"; Value = "4.7uF"; VariantName = "[No Variations]"
Added Component: Designator=C51(CAPACITOR 1608 REFLOW)
Add component. Clean all parameters for all variants
Add component (AddParameter): Name = "Value"; Value = "4.7uF"; VariantName = "[No Variations]"
Added Component: Designator=C52(CAPACITOR 1005 REFLOW)
Add component. Clean all parameters for all variants
Add component (AddParameter): Name = "Value"; Value = "470nF"; VariantName = "[No Variations]"
Added Component: Designator=C53(CAPACITOR 1005 REFLOW)
Add component. Clean all parameters for all variants
Add component (AddParameter): Name = "Value"; Value = "470nF"; VariantName = "[No Variations]"
Added Component: Designator=C54(CAPACITOR 1005 REFLOW)
Add component. Clean all parameters for all variants
Add component (AddParameter): Name = "Value"; Value = "470nF"; VariantName = "[No Variations]"
Added Component: Designator=C55(CAPACITOR 1005 REFLOW)
Add component. Clean all parameters for all variants
Add component (AddParameter): Name = "Value"; Value = "470nF"; VariantName = "[No Variations]"
Added Component: Designator=C56(CAPACITOR 1005 REFLOW)
Add component. Clean all parameters for all variants
Add component (AddParameter): Name = "Value"; Value = "470nF"; VariantName = "[No Variations]"
Added Component: Designator=C57(CAPACITOR 1005 REFLOW)
Add component. Clean all parameters for all variants
Add component (AddParameter): Name = "Value"; Value = "470nF"; VariantName = "[No Variations]"
Added Component: Designator=C58(CAPACITOR 3216 REFLOW)
Add component. Clean all parameters for all variants
Add component (AddParameter): Name = "Value"; Value = "100uF"; VariantName = "[No Variations]"
Added Component: Designator=C59(CAPACITOR 1608 REFLOW)
Add component. Clean all parameters for all variants
Add component (AddParameter): Name = "Value"; Value = "4.7uF"; VariantName = "[No Variations]"
Added Component: Designator=C60(CAPACITOR 1005 REFLOW)
Add component. Clean all parameters for all variants
Add component (AddParameter): Name = "Value"; Value = "470nF"; VariantName = "[No Variations]"
Added Component: Designator=C61(CAPACITOR 1005 REFLOW)
Add component. Clean all parameters for all variants
Add component (AddParameter): Name = "Value"; Value = "470nF"; VariantName = "[No Variations]"
Added Component: Designator=C62(CAPACITOR 1005 REFLOW)
Add component. Clean all parameters for all variants
Add component (AddParameter): Name = "Value"; Value = "470nF"; VariantName = "[No Variations]"
Added Component: Designator=C63(CAPACITOR 1005 REFLOW)
Add component. Clean all parameters for all variants
Add component (AddParameter): Name = "Value"; Value = "470nF"; VariantName = "[No Variations]"
Added Component: Designator=C64(CAPACITOR 3216 REFLOW)
Add component. Clean all parameters for all variants
Add component (AddParameter): Name = "Value"; Value = "100uF"; VariantName = "[No Variations]"
Added Component: Designator=C65(CAPACITOR 1608 REFLOW)
Add component. Clean all parameters for all variants
Add component (AddParameter): Name = "Value"; Value = "4.7uF"; VariantName = "[No Variations]"
Added Component: Designator=C66(CAPACITOR 1608 REFLOW)
Add component. Clean all parameters for all variants
Add component (AddParameter): Name = "Value"; Value = "4.7uF"; VariantName = "[No Variations]"
Added Component: Designator=C67(CAPACITOR 1005 REFLOW)
Add component. Clean all parameters for all variants
Add component (AddParameter): Name = "Value"; Value = "470nF"; VariantName = "[No Variations]"
Added Component: Designator=C68(CAPACITOR 1005 REFLOW)
Add component. Clean all parameters for all variants
Add component (AddParameter): Name = "Value"; Value = "470nF"; VariantName = "[No Variations]"
Added Component: Designator=C69(CAPACITOR 1005 REFLOW)
Add component. Clean all parameters for all variants
Add component (AddParameter): Name = "Value"; Value = "470nF"; VariantName = "[No Variations]"
Added Component: Designator=C70(CAPACITOR 1005 REFLOW)
Add component. Clean all parameters for all variants
Add component (AddParameter): Name = "Value"; Value = "470nF"; VariantName = "[No Variations]"
Added Component: Designator=C71(CAPACITOR 3216 REFLOW)
Add component. Clean all parameters for all variants
Add component (AddParameter): Name = "Value"; Value = "100uF"; VariantName = "[No Variations]"
Added Component: Designator=C72(CAPACITOR 1608 REFLOW)
Add component. Clean all parameters for all variants
Add component (AddParameter): Name = "Value"; Value = "4.7uF"; VariantName = "[No Variations]"
Added Component: Designator=C73(CAPACITOR 1005 REFLOW)
Add component. Clean all parameters for all variants
Add component (AddParameter): Name = "Value"; Value = "470nF"; VariantName = "[No Variations]"
Added Component: Designator=C74(CAPACITOR 1005 REFLOW)
Add component. Clean all parameters for all variants
Add component (AddParameter): Name = "Value"; Value = "470nF"; VariantName = "[No Variations]"
Added Component: Designator=C75(CAPACITOR 1005 REFLOW)
Add component. Clean all parameters for all variants
Add component (AddParameter): Name = "Value"; Value = "470nF"; VariantName = "[No Variations]"
Added Component: Designator=C76(CAPACITOR 1005 REFLOW)
Add component. Clean all parameters for all variants
Add component (AddParameter): Name = "Value"; Value = "470nF"; VariantName = "[No Variations]"
Added Component: Designator=D1(DIODE SOD323 REFLOW)
Add component. Clean all parameters for all variants
Add component (AddParameter): Name = "Value"; Value = "1N4148"; VariantName = "[No Variations]"
Added Component: Designator=D2(DIODE SOD323 REFLOW)
Add component. Clean all parameters for all variants
Add component (AddParameter): Name = "Value"; Value = "1N4148"; VariantName = "[No Variations]"
Added Component: Designator=IC1(QFP50P900X900X105-48N)
Add component. Clean all parameters for all variants
Add component (AddParameter): Name = "Arrow Part Number"; Value = "KSZ8041TL"; VariantName = "[No Variations]"
Add component (AddParameter): Name = "Arrow Price/Stock"; Value = "https://www.arrow.com/en/products/ksz8041tl/microchip-technology"; VariantName = "[No Variations]"
Add component (AddParameter): Name = "Datasheet Link"; Value = "http://www.microchip.com/mymicrochip/filehandler.aspx?ddocname=en581559"; VariantName = "[No Variations]"
Add component (AddParameter): Name = "Height"; Value = "1.05mm"; VariantName = "[No Variations]"
Add component (AddParameter): Name = "Manufacturer_Name"; Value = "Microchip"; VariantName = "[No Variations]"
Add component (AddParameter): Name = "Manufacturer_Part_Number"; Value = "KSZ8041TL"; VariantName = "[No Variations]"
Add component (AddParameter): Name = "Mouser Part Number"; Value = "998-KSZ8041TL"; VariantName = "[No Variations]"
Add component (AddParameter): Name = "Mouser Price/Stock"; Value = "https://www.mouser.co.uk/ProductDetail/Microchip-Technology-Micrel/KSZ8041TL?qs=kh6iOki%2FeLG3fBvp35yNQw%3D%3D"; VariantName = "[No Variations]"
Added Component: Designator=IC2(SOT95P280X130-5N)
Add component. Clean all parameters for all variants
Add component (AddParameter): Name = "Arrow Part Number"; Value = "RP402N501F-TR-FE"; VariantName = "[No Variations]"
Add component (AddParameter): Name = "Arrow Price/Stock"; Value = "https://www.arrow.com/en/products/rp402n501f-tr-fe/ricoh-electronic-devices-company"; VariantName = "[No Variations]"
Add component (AddParameter): Name = "Datasheet Link"; Value = "https://www.arrow.com/en/products/rp402n501f-tr-fe/ricoh-electronic-devices-company"; VariantName = "[No Variations]"
Add component (AddParameter): Name = "Height"; Value = "1.3mm"; VariantName = "[No Variations]"
Add component (AddParameter): Name = "Manufacturer_Name"; Value = "Ricoh"; VariantName = "[No Variations]"
Add component (AddParameter): Name = "Manufacturer_Part_Number"; Value = "RP402N501F-TR-FE"; VariantName = "[No Variations]"
Add component (AddParameter): Name = "Mouser Part Number"; Value = "848-RP402N501F-TR-FE"; VariantName = "[No Variations]"
Add component (AddParameter): Name = "Mouser Price/Stock"; Value = "https://www.mouser.co.uk/ProductDetail/Ricoh-Electronic-Devices-Company/RP402N501F-TR-FE?qs=ilL34mSzaLj3p4B9FaWLxQ%3D%3D"; VariantName = "[No Variations]"
Added Component: Designator=IC3(SOT95P280X145-5N)
Add component. Clean all parameters for all variants
Add component (AddParameter): Name = "Arrow Part Number"; Value = "SC189ZSKTRT"; VariantName = "[No Variations]"
Add component (AddParameter): Name = "Arrow Price/Stock"; Value = "https://www.arrow.com/en/products/sc189zsktrt/semtech"; VariantName = "[No Variations]"
Add component (AddParameter): Name = "Datasheet Link"; Value = "http://www.semtech.com/images/datasheet/sc189.pdf"; VariantName = "[No Variations]"
Add component (AddParameter): Name = "Height"; Value = "1.45mm"; VariantName = "[No Variations]"
Add component (AddParameter): Name = "Manufacturer_Name"; Value = "SEMTECH"; VariantName = "[No Variations]"
Add component (AddParameter): Name = "Manufacturer_Part_Number"; Value = "SC189ZSKTRT"; VariantName = "[No Variations]"
Add component (AddParameter): Name = "Mouser Part Number"; Value = "947-SC189ZSKTRT"; VariantName = "[No Variations]"
Add component (AddParameter): Name = "Mouser Price/Stock"; Value = "https://www.mouser.co.uk/ProductDetail/Semtech/SC189ZSKTRT/?qs=rBWM4%252BvDhIck0D%2FgoUNMIQ%3D%3D"; VariantName = "[No Variations]"
Added Component: Designator=IC4(SON50P300X300X85-11N)
Add component. Clean all parameters for all variants
Add component (AddParameter): Name = "Arrow Part Number"; Value = "ADP2119ACPZ-1.2-R7"; VariantName = "[No Variations]"
Add component (AddParameter): Name = "Arrow Price/Stock"; Value = "https://www.arrow.com/en/products/adp2119acpz-1.2-r7/analog-devices"; VariantName = "[No Variations]"
Add component (AddParameter): Name = "Datasheet Link"; Value = ""; VariantName = "[No Variations]"
Add component (AddParameter): Name = "Manufacturer_Name"; Value = "Analog Devices"; VariantName = "[No Variations]"
Add component (AddParameter): Name = "Manufacturer_Part_Number"; Value = "ADP2119ACPZ-1.2-R7"; VariantName = "[No Variations]"
Add component (AddParameter): Name = "Mouser Part Number"; Value = "584-ADP2119ACPZ1.2R7"; VariantName = "[No Variations]"
Add component (AddParameter): Name = "Mouser Price/Stock"; Value = "https://www.mouser.co.uk/ProductDetail/Analog-Devices/ADP2119ACPZ-12-R7?qs=WIvQP4zGanjkVnaXN%2F8Aww%3D%3D"; VariantName = "[No Variations]"
Added Component: Designator=J7(PinHeader1x3 P2.54)
Add component. Clean all parameters for all variants
Add component (AddParameter): Name = "Value"; Value = ""; VariantName = "[No Variations]"
Added Component: Designator=J8(PinHeader1x3 P2.54)
Add component. Clean all parameters for all variants
Add component (AddParameter): Name = "Value"; Value = ""; VariantName = "[No Variations]"
Added Component: Designator=J9(PinHeader1x3 P2.54)
Add component. Clean all parameters for all variants
Add component (AddParameter): Name = "Value"; Value = ""; VariantName = "[No Variations]"
Added Component: Designator=J10(USB-C-SMD WE 632722110112)
Add component. Clean all parameters for all variants
Add component (AddParameter): Name = "Application"; Value = "USB 3.1"; VariantName = "[No Variations]"
Add component (AddParameter): Name = "ComponentLink1Description"; Value = "Manufacturer"; VariantName = "[No Variations]"
Add component (AddParameter): Name = "ComponentLink1URL"; Value = "http://www.we-online.de"; VariantName = "[No Variations]"
Add component (AddParameter): Name = "ComponentLink2Description"; Value = "Datasheet"; VariantName = "[No Variations]"
Add component (AddParameter): Name = "ComponentLink2URL"; Value = "https://katalog.we-online.com/em/datasheet/632722110112.pdf"; VariantName = "[No Variations]"
Add component (AddParameter): Name = "Gender"; Value = "Receptacle"; VariantName = "[No Variations]"
Add component (AddParameter): Name = "Interface Type"; Value = "Type C"; VariantName = "[No Variations]"
Add component (AddParameter): Name = "Mounting Technology"; Value = "SMT"; VariantName = "[No Variations]"
Add component (AddParameter): Name = "Operating Temperature"; Value = "-40 to +85degC"; VariantName = "[No Variations]"
Add component (AddParameter): Name = "Packaging"; Value = "Tape and Reel"; VariantName = "[No Variations]"
Add component (AddParameter): Name = "Part Number"; Value = "632722110112"; VariantName = "[No Variations]"
Add component (AddParameter): Name = "Pin Number"; Value = "24"; VariantName = "[No Variations]"
Add component (AddParameter): Name = "Published Date"; Value = "September 2019"; VariantName = "[No Variations]"
Add component (AddParameter): Name = "Publisher"; Value = "Wurth Elektronik"; VariantName = "[No Variations]"
Add component (AddParameter): Name = "Rated Current"; Value = "5A"; VariantName = "[No Variations]"
Add component (AddParameter): Name = "Type"; Value = "Vertical"; VariantName = "[No Variations]"
Add component (AddParameter): Name = "Working Voltage"; Value = "20VAC"; VariantName = "[No Variations]"
Added Component: Designator=JP1(JUMPER3 TH)
Add component. Clean all parameters for all variants
Add component (AddParameter): Name = "Value"; Value = "{Value}"; VariantName = "[No Variations]"
Added Component: Designator=JP2(JUMPER3 TH)
Add component. Clean all parameters for all variants
Add component (AddParameter): Name = "Value"; Value = "{Value}"; VariantName = "[No Variations]"
Added Component: Designator=JP3(JUMPER3 TH)
Add component. Clean all parameters for all variants
Add component (AddParameter): Name = "Value"; Value = "{Value}"; VariantName = "[No Variations]"
Added Component: Designator=JP4(JUMPER3 TH)
Add component. Clean all parameters for all variants
Add component (AddParameter): Name = "Value"; Value = "{Value}"; VariantName = "[No Variations]"
Added Component: Designator=L1(TDK VLCF5020-1)
Add component. Clean all parameters for all variants
Add component (AddParameter): Name = "Name"; Value = "NRS5020T2R2NMGJ"; VariantName = "[No Variations]"
Add component (AddParameter): Name = "Value"; Value = "2.2uF"; VariantName = "[No Variations]"
Added Component: Designator=L2(TDK VLCF5020-1)
Add component. Clean all parameters for all variants
Add component (AddParameter): Name = "Name"; Value = "74437334022"; VariantName = "[No Variations]"
Add component (AddParameter): Name = "Value"; Value = "2.2uH"; VariantName = "[No Variations]"
Added Component: Designator=L3(TDK VLCF5020-1)
Add component. Clean all parameters for all variants
Add component (AddParameter): Name = "Name"; Value = "74437334015"; VariantName = "[No Variations]"
Add component (AddParameter): Name = "Value"; Value = "1.5uH"; VariantName = "[No Variations]"
Added Component: Designator=LD1(LED 1608 REFLOW)
Add component. Clean all parameters for all variants
Add component (AddParameter): Name = "Value"; Value = ""; VariantName = "[No Variations]"
Added Component: Designator=LD2(LED 1608 REFLOW)
Add component. Clean all parameters for all variants
Add component (AddParameter): Name = "Value"; Value = ""; VariantName = "[No Variations]"
Added Component: Designator=LD3(LED 1608 REFLOW)
Add component. Clean all parameters for all variants
Add component (AddParameter): Name = "Value"; Value = ""; VariantName = "[No Variations]"
Added Component: Designator=R1(RESISTOR 1608 REFLOW)
Add component. Clean all parameters for all variants
Add component (AddParameter): Name = "Value"; Value = "10k"; VariantName = "[No Variations]"
Added Component: Designator=R2(RESISTOR 1608 REFLOW)
Add component. Clean all parameters for all variants
Add component (AddParameter): Name = "Value"; Value = "10k"; VariantName = "[No Variations]"
Added Component: Designator=R3(RESISTOR 1608 REFLOW)
Add component. Clean all parameters for all variants
Add component (AddParameter): Name = "Value"; Value = "10k"; VariantName = "[No Variations]"
Added Component: Designator=R4(RESISTOR 1608 REFLOW)
Add component. Clean all parameters for all variants
Add component (AddParameter): Name = "Value"; Value = "10k"; VariantName = "[No Variations]"
Added Component: Designator=R5(RESISTOR 2012 REFLOW)
Add component. Clean all parameters for all variants
Add component (AddParameter): Name = "Value"; Value = "330"; VariantName = "[No Variations]"
Added Component: Designator=R6(RESISTOR 2012 REFLOW)
Add component. Clean all parameters for all variants
Add component (AddParameter): Name = "Value"; Value = "330"; VariantName = "[No Variations]"
Added Component: Designator=R7(RESISTOR 1608 REFLOW)
Add component. Clean all parameters for all variants
Add component (AddParameter): Name = "Value"; Value = "Ferrite"; VariantName = "[No Variations]"
Added Component: Designator=R8(RESISTOR 1608 REFLOW)
Add component. Clean all parameters for all variants
Add component (AddParameter): Name = "Value"; Value = "4k7"; VariantName = "[No Variations]"
Added Component: Designator=R9(RESISTOR 1608 REFLOW)
Add component. Clean all parameters for all variants
Add component (AddParameter): Name = "Value"; Value = "4k7"; VariantName = "[No Variations]"
Added Component: Designator=R10(RESISTOR 1608 REFLOW)
Add component. Clean all parameters for all variants
Add component (AddParameter): Name = "Value"; Value = "10k"; VariantName = "[No Variations]"
Added Component: Designator=R11(RESISTOR 1608 REFLOW)
Add component. Clean all parameters for all variants
Add component (AddParameter): Name = "Value"; Value = "nm"; VariantName = "[No Variations]"
Added Component: Designator=R12(RESISTOR 1608 REFLOW)
Add component. Clean all parameters for all variants
Add component (AddParameter): Name = "Value"; Value = "nm"; VariantName = "[No Variations]"
Added Component: Designator=R13(RESISTOR 1608 REFLOW)
Add component. Clean all parameters for all variants
Add component (AddParameter): Name = "Value"; Value = "4.7k"; VariantName = "[No Variations]"
Added Component: Designator=R14(RESISTOR 1608 REFLOW)
Add component. Clean all parameters for all variants
Add component (AddParameter): Name = "Socket"; Value = "1005"; VariantName = "[No Variations]"
Add component (AddParameter): Name = "Value"; Value = "0"; VariantName = "[No Variations]"
Added Component: Designator=R15(RESISTOR 1608 REFLOW)
Add component. Clean all parameters for all variants
Add component (AddParameter): Name = "Socket"; Value = "1608"; VariantName = "[No Variations]"
Add component (AddParameter): Name = "Value"; Value = "49.9"; VariantName = "[No Variations]"
Add component (AddParameter): Name = "W"; Value = "100mW"; VariantName = "[No Variations]"
Added Component: Designator=R16(RESISTOR 1608 REFLOW)
Add component. Clean all parameters for all variants
Add component (AddParameter): Name = "Socket"; Value = "1608"; VariantName = "[No Variations]"
Add component (AddParameter): Name = "Value"; Value = "49.9"; VariantName = "[No Variations]"
Add component (AddParameter): Name = "W"; Value = "100mW"; VariantName = "[No Variations]"
Added Component: Designator=R17(RESISTOR 1608 REFLOW)
Add component. Clean all parameters for all variants
Add component (AddParameter): Name = "Socket"; Value = "1608"; VariantName = "[No Variations]"
Add component (AddParameter): Name = "Value"; Value = "49.9"; VariantName = "[No Variations]"
Add component (AddParameter): Name = "W"; Value = "100mW"; VariantName = "[No Variations]"
Added Component: Designator=R18(RESISTOR 1608 REFLOW)
Add component. Clean all parameters for all variants
Add component (AddParameter): Name = "Socket"; Value = "1608"; VariantName = "[No Variations]"
Add component (AddParameter): Name = "Value"; Value = "49.9"; VariantName = "[No Variations]"
Add component (AddParameter): Name = "W"; Value = "100mW"; VariantName = "[No Variations]"
Added Component: Designator=R19(RESISTOR 1608 REFLOW)
Add component. Clean all parameters for all variants
Add component (AddParameter): Name = "Value"; Value = "6.49k"; VariantName = "[No Variations]"
Added Component: Designator=R20(RESISTOR 1608 REFLOW)
Add component. Clean all parameters for all variants
Add component (AddParameter): Name = "Value"; Value = "330"; VariantName = "[No Variations]"
Add component (AddParameter): Name = "W"; Value = "100mW"; VariantName = "[No Variations]"
Added Component: Designator=R21(RESISTOR 1608 REFLOW)
Add component. Clean all parameters for all variants
Add component (AddParameter): Name = "Value"; Value = "330"; VariantName = "[No Variations]"
Add component (AddParameter): Name = "W"; Value = "100mW"; VariantName = "[No Variations]"
Added Component: Designator=R22(RESISTOR 1608 REFLOW)
Add component. Clean all parameters for all variants
Add component (AddParameter): Name = "Value"; Value = "Ferrite"; VariantName = "[No Variations]"
Added Component: Designator=R23(RESISTOR 1608 REFLOW)
Add component. Clean all parameters for all variants
Add component (AddParameter): Name = "Socket"; Value = "1005"; VariantName = "[No Variations]"
Add component (AddParameter): Name = "Value"; Value = "10M"; VariantName = "[No Variations]"
Added Component: Designator=R24(RESISTOR 1608 REFLOW)
Add component. Clean all parameters for all variants
Add component (AddParameter): Name = "Value"; Value = "Ferrite"; VariantName = "[No Variations]"
Added Component: Designator=R25(RESISTOR 1608 REFLOW)
Add component. Clean all parameters for all variants
Add component (AddParameter): Name = "Value"; Value = "Ferrite"; VariantName = "[No Variations]"
Added Component: Designator=R26(RESISTOR 2012 REFLOW)
Add component. Clean all parameters for all variants
Add component (AddParameter): Name = "Value"; Value = "0"; VariantName = "[No Variations]"
Added Component: Designator=R27(RESISTOR 2012 REFLOW)
Add component. Clean all parameters for all variants
Add component (AddParameter): Name = "Value"; Value = "0"; VariantName = "[No Variations]"
Added Component: Designator=R28(RESISTOR 2012 REFLOW)
Add component. Clean all parameters for all variants
Add component (AddParameter): Name = "Value"; Value = "0"; VariantName = "[No Variations]"
Added Component: Designator=R29(RESISTOR 2012 REFLOW)
Add component. Clean all parameters for all variants
Add component (AddParameter): Name = "Value"; Value = "4.7k"; VariantName = "[No Variations]"
Added Component: Designator=R30(RESISTOR 1608 REFLOW)
Add component. Clean all parameters for all variants
Add component (AddParameter): Name = "Value"; Value = "10k"; VariantName = "[No Variations]"
Added Component: Designator=R31(RESISTOR 1608 REFLOW)
Add component. Clean all parameters for all variants
Add component (AddParameter): Name = "Value"; Value = "10k"; VariantName = "[No Variations]"
Added Component: Designator=R32(RESISTOR 1608 REFLOW)
Add component. Clean all parameters for all variants
Add component (AddParameter): Name = "Value"; Value = "10k"; VariantName = "[No Variations]"
Added Component: Designator=R33(RESISTOR 1608 REFLOW)
Add component. Clean all parameters for all variants
Add component (AddParameter): Name = "Value"; Value = "100"; VariantName = "[No Variations]"
Added Component: Designator=R34(RESISTOR 2012 REFLOW)
Add component. Clean all parameters for all variants
Add component (AddParameter): Name = "Value"; Value = "4.7k"; VariantName = "[No Variations]"
Added Component: Designator=R35(RESISTOR 2012 REFLOW)
Add component. Clean all parameters for all variants
Add component (AddParameter): Name = "Value"; Value = "330"; VariantName = "[No Variations]"
Added Component: Designator=R36(RESISTOR 2012 REFLOW)
Add component. Clean all parameters for all variants
Add component (AddParameter): Name = "Value"; Value = "4.7k"; VariantName = "[No Variations]"
Added Component: Designator=R37(RESISTOR 2012 REFLOW)
Add component. Clean all parameters for all variants
Add component (AddParameter): Name = "Value"; Value = "100"; VariantName = "[No Variations]"
Added Component: Designator=R38(RESISTOR 1608 REFLOW)
Add component. Clean all parameters for all variants
Add component (AddParameter): Name = "Value"; Value = "100"; VariantName = "[No Variations]"
Added Component: Designator=R39(RESISTOR 2012 REFLOW)
Add component. Clean all parameters for all variants
Add component (AddParameter): Name = "Value"; Value = "10"; VariantName = "[No Variations]"
Added Component: Designator=R40(RESISTOR 2012 REFLOW)
Add component. Clean all parameters for all variants
Add component (AddParameter): Name = "Value"; Value = "10k"; VariantName = "[No Variations]"
Added Component: Designator=R41(RESISTOR 1608 REFLOW)
Add component. Clean all parameters for all variants
Add component (AddParameter): Name = "Value"; Value = "120R"; VariantName = "[No Variations]"
Added Component: Designator=R42(RESISTOR 1608 REFLOW)
Add component. Clean all parameters for all variants
Add component (AddParameter): Name = "Value"; Value = "120R"; VariantName = "[No Variations]"
Added Component: Designator=R43(RESISTOR 1608 REFLOW)
Add component. Clean all parameters for all variants
Add component (AddParameter): Name = "Value"; Value = "120R"; VariantName = "[No Variations]"
Added Component: Designator=R44(RESISTOR 1608 REFLOW)
Add component. Clean all parameters for all variants
Add component (AddParameter): Name = "Value"; Value = "120R"; VariantName = "[No Variations]"
Added Component: Designator=R45(RESISTOR 1608 REFLOW)
Add component. Clean all parameters for all variants
Add component (AddParameter): Name = "Value"; Value = "120R"; VariantName = "[No Variations]"
Added Component: Designator=R46(RESISTOR 1608 REFLOW)
Add component. Clean all parameters for all variants
Add component (AddParameter): Name = "Value"; Value = "120R"; VariantName = "[No Variations]"
Added Component: Designator=R47(RESISTOR 1608 REFLOW)
Add component. Clean all parameters for all variants
Add component (AddParameter): Name = "Value"; Value = "120R"; VariantName = "[No Variations]"
Added Component: Designator=R48(RESISTOR 1608 REFLOW)
Add component. Clean all parameters for all variants
Add component (AddParameter): Name = "Value"; Value = "120R"; VariantName = "[No Variations]"
Added Component: Designator=R49(RESISTOR 2012 REFLOW)
Add component. Clean all parameters for all variants
Add component (AddParameter): Name = "Value"; Value = "470R"; VariantName = "[No Variations]"
Added Component: Designator=R50(RESISTOR 2012 REFLOW)
Add component. Clean all parameters for all variants
Add component (AddParameter): Name = "Value"; Value = "470R"; VariantName = "[No Variations]"
Added Component: Designator=R51(RESISTOR 2012 REFLOW)
Add component. Clean all parameters for all variants
Add component (AddParameter): Name = "Value"; Value = "470R"; VariantName = "[No Variations]"
Added Component: Designator=R52(RESISTOR 2012 REFLOW)
Add component. Clean all parameters for all variants
Add component (AddParameter): Name = "Value"; Value = "10k"; VariantName = "[No Variations]"
Added Component: Designator=R53(RESISTOR 2012 REFLOW)
Add component. Clean all parameters for all variants
Add component (AddParameter): Name = "Value"; Value = "10k"; VariantName = "[No Variations]"
Added Component: Designator=R54(RESISTOR 2012 REFLOW)
Add component. Clean all parameters for all variants
Add component (AddParameter): Name = "Value"; Value = "10k"; VariantName = "[No Variations]"
Added Component: Designator=R55(RESISTOR 2012 REFLOW)
Add component. Clean all parameters for all variants
Add component (AddParameter): Name = "Value"; Value = "10k"; VariantName = "[No Variations]"
Added Component: Designator=R56(RESISTOR 2012 REFLOW)
Add component. Clean all parameters for all variants
Add component (AddParameter): Name = "Value"; Value = "NC"; VariantName = "[No Variations]"
Added Component: Designator=R57(RESISTOR 2012 REFLOW)
Add component. Clean all parameters for all variants
Add component (AddParameter): Name = "Value"; Value = "NC"; VariantName = "[No Variations]"
Added Component: Designator=R58(RESISTOR 1608 REFLOW)
Add component. Clean all parameters for all variants
Add component (AddParameter): Name = "Value"; Value = "Ferrite"; VariantName = "[No Variations]"
Added Component: Designator=R59(RESISTOR 1608 REFLOW)
Add component. Clean all parameters for all variants
Add component (AddParameter): Name = "Value"; Value = "5.1k"; VariantName = "[No Variations]"
Added Component: Designator=R60(RESISTOR 1608 REFLOW)
Add component. Clean all parameters for all variants
Add component (AddParameter): Name = "Value"; Value = "5.1k"; VariantName = "[No Variations]"
Added Component: Designator=R61(RESISTOR 1608 REFLOW)
Add component. Clean all parameters for all variants
Add component (AddParameter): Name = "Value"; Value = "0"; VariantName = "[No Variations]"
Added Component: Designator=R62(RESISTOR 1608 REFLOW)
Add component. Clean all parameters for all variants
Add component (AddParameter): Name = "Value"; Value = "0"; VariantName = "[No Variations]"
Added Component: Designator=R63(RESISTOR 1608 REFLOW)
Add component. Clean all parameters for all variants
Add component (AddParameter): Name = "Value"; Value = "0"; VariantName = "[No Variations]"
Added Component: Designator=S1(Push Button C2.5X3.0 OMRON B3U-1000P(M)-B)
Add component. Clean all parameters for all variants
Add component (AddParameter): Name = "Value"; Value = ""; VariantName = "[No Variations]"
Added Component: Designator=S2(Push Button C2.5X3.0 OMRON B3U-1000P(M)-B)
Add component. Clean all parameters for all variants
Add component (AddParameter): Name = "Value"; Value = ""; VariantName = "[No Variations]"
Added Component: Designator=S6(DIP SWITCH MULTICOMP  MCDHN-04F)
Add component. Clean all parameters for all variants
Add component (AddParameter): Name = "Value"; Value = ""; VariantName = "[No Variations]"
Added Component: Designator=U1(QFN32 P0.5 T3.2x3.2 C5.0X5.0 H1.0)
Add component. Clean all parameters for all variants
Add component (AddParameter): Name = "Value"; Value = "FT232RQ"; VariantName = "[No Variations]"
Added Component: Designator=U3(SO8 P1.27 C4.0X5.0 H1.75)
Add component. Clean all parameters for all variants
Add component (AddParameter): Name = "Value"; Value = "IS25LP064D-JB"; VariantName = "[No Variations]"
Added Component: Designator=X1(Oscillator C5.2x7.2 IQD LFSPXO)
Add component. Clean all parameters for all variants
Add component (AddParameter): Name = "Freq"; Value = "25MHz"; VariantName = "[No Variations]"
Add component (AddParameter): Name = "Value"; Value = "831019170"; VariantName = "[No Variations]"
Added Component: Designator=X2(Oscillator C5.2x7.2 IQD LFSPXO)
Add component. Clean all parameters for all variants
Add component (AddParameter): Name = "MouserNumber"; Value = "710-831022731"; VariantName = "[No Variations]"
Add component (AddParameter): Name = "Value"; Value = "831022731"; VariantName = "[No Variations]"
Added Pin To Net: NetName=GND_D Pin=C1-1
Added Pin To Net: NetName=NetC1_2 Pin=C1-2
Added Pin To Net: NetName=GND_D Pin=C2-1
Added Pin To Net: NetName=NetC2_2 Pin=C2-2
Added Pin To Net: NetName=GND_D Pin=C3-1
Added Pin To Net: NetName=+3V3_D Pin=C3-2
Added Pin To Net: NetName=GND_D Pin=C4-1
Added Pin To Net: NetName=ETH_R\S\T\ Pin=C4-2
Added Pin To Net: NetName=GND_D Pin=C5-1
Added Pin To Net: NetName=NetC5_2 Pin=C5-2
Added Pin To Net: NetName=GND_D Pin=C6-1
Added Pin To Net: NetName=NetC6_2 Pin=C6-2
Added Pin To Net: NetName=GND_D Pin=C7-1
Added Pin To Net: NetName=NetC7_2 Pin=C7-2
Added Pin To Net: NetName=NetC8_1 Pin=C8-1
Added Pin To Net: NetName=GND_D Pin=C8-2
Added Pin To Net: NetName=GND_D Pin=C9-1
Added Pin To Net: NetName=GND_ETH Pin=C9-2
Added Pin To Net: NetName=GND_D Pin=C10-1
Added Pin To Net: NetName=VDDA1V8 Pin=C10-2
Added Pin To Net: NetName=GND_D Pin=C11-1
Added Pin To Net: NetName=VDDA1V8 Pin=C11-2
Added Pin To Net: NetName=GND_D Pin=C12-1
Added Pin To Net: NetName=+3V3_D Pin=C12-2
Added Pin To Net: NetName=GND_D Pin=C13-1
Added Pin To Net: NetName=+3V3_D Pin=C13-2
Added Pin To Net: NetName=GND_D Pin=C14-1
Added Pin To Net: NetName=VDDA3V3 Pin=C14-2
Added Pin To Net: NetName=GND_D Pin=C15-1
Added Pin To Net: NetName=VDDA3V3 Pin=C15-2
Added Pin To Net: NetName=GND_D Pin=C16-1
Added Pin To Net: NetName=VDDA3V3 Pin=C16-2
Added Pin To Net: NetName=GND_D Pin=C17-1
Added Pin To Net: NetName=VDDA3V3 Pin=C17-2
Added Pin To Net: NetName=GND_D Pin=C18-1
Added Pin To Net: NetName=VDD1V8_OUT Pin=C18-2
Added Pin To Net: NetName=GND_D Pin=C19-1
Added Pin To Net: NetName=VDD1V8_OUT Pin=C19-2
Added Pin To Net: NetName=GND_D Pin=C20-1
Added Pin To Net: NetName=VDD1V8 Pin=C20-2
Added Pin To Net: NetName=GND_D Pin=C21-1
Added Pin To Net: NetName=+3V3_BACKPLANE Pin=C21-2
Added Pin To Net: NetName=GND_D Pin=C22-1
Added Pin To Net: NetName=+5V_BACKPLANE Pin=C22-2
Added Pin To Net: NetName=GND_D Pin=C23-1
Added Pin To Net: NetName=+5V _USB Pin=C23-2
Added Pin To Net: NetName=GND_D Pin=C24-1
Added Pin To Net: NetName=+3V3_USB Pin=C24-2
Added Pin To Net: NetName=NetC25_1 Pin=C25-1
Added Pin To Net: NetName=GND_D Pin=C25-2
Added Pin To Net: NetName=GND_D Pin=C26-1
Added Pin To Net: NetName=NetC26_2 Pin=C26-2
Added Pin To Net: NetName=GND_D Pin=C27-1
Added Pin To Net: NetName=NetC27_2 Pin=C27-2
Added Pin To Net: NetName=GND_D Pin=C28-1
Added Pin To Net: NetName=NetC27_2 Pin=C28-2
Added Pin To Net: NetName=GND_D Pin=C29-1
Added Pin To Net: NetName=Push_BT_0 Pin=C29-2
Added Pin To Net: NetName=GND_D Pin=C30-1
Added Pin To Net: NetName=Push_BT_1 Pin=C30-2
Added Pin To Net: NetName=GND_D Pin=C31-1
Added Pin To Net: NetName=Push_BT_2 Pin=C31-2
Added Pin To Net: NetName=GND_+24V_BP Pin=C32-1
Added Pin To Net: NetName=+24V_BP Pin=C32-2
Added Pin To Net: NetName=GND_D Pin=C33-1
Added Pin To Net: NetName=HARDRESET_N Pin=C33-2
Added Pin To Net: NetName=GND_D Pin=C34-1
Added Pin To Net: NetName=SOFTRESET_N Pin=C34-2
Added Pin To Net: NetName=+3V3_D Pin=C35-1
Added Pin To Net: NetName=GND_D Pin=C35-2
Added Pin To Net: NetName=+3V3_D Pin=C36-1
Added Pin To Net: NetName=GND_D Pin=C36-2
Added Pin To Net: NetName=+3V3_D Pin=C37-1
Added Pin To Net: NetName=GND_D Pin=C37-2
Added Pin To Net: NetName=+3V3_D Pin=C38-1
Added Pin To Net: NetName=GND_D Pin=C38-2
Added Pin To Net: NetName=+3V3_D Pin=C39-1
Added Pin To Net: NetName=GND_D Pin=C39-2
Added Pin To Net: NetName=+3V3_D Pin=C40-1
Added Pin To Net: NetName=GND_D Pin=C40-2
Added Pin To Net: NetName=+3V3_D Pin=C41-1
Added Pin To Net: NetName=GND_D Pin=C41-2
Added Pin To Net: NetName=+3V3_D Pin=C42-1
Added Pin To Net: NetName=GND_D Pin=C42-2
Added Pin To Net: NetName=+3V3_D Pin=C43-1
Added Pin To Net: NetName=GND_D Pin=C43-2
Added Pin To Net: NetName=+3V3_D Pin=C44-1
Added Pin To Net: NetName=GND_D Pin=C44-2
Added Pin To Net: NetName=+3V3_D Pin=C45-1
Added Pin To Net: NetName=GND_D Pin=C45-2
Added Pin To Net: NetName=+3V3_D Pin=C46-1
Added Pin To Net: NetName=GND_D Pin=C46-2
Added Pin To Net: NetName=+1.2V_CORE Pin=C47-1
Added Pin To Net: NetName=GND_D Pin=C47-2
Added Pin To Net: NetName=+1.2V_CORE Pin=C48-1
Added Pin To Net: NetName=GND_D Pin=C48-2
Added Pin To Net: NetName=+1.2V_CORE Pin=C49-1
Added Pin To Net: NetName=GND_D Pin=C49-2
Added Pin To Net: NetName=+1.2V_CORE Pin=C50-1
Added Pin To Net: NetName=GND_D Pin=C50-2
Added Pin To Net: NetName=+1.2V_CORE Pin=C51-1
Added Pin To Net: NetName=GND_D Pin=C51-2
Added Pin To Net: NetName=+1.2V_CORE Pin=C52-1
Added Pin To Net: NetName=GND_D Pin=C52-2
Added Pin To Net: NetName=+1.2V_CORE Pin=C53-1
Added Pin To Net: NetName=GND_D Pin=C53-2
Added Pin To Net: NetName=+1.2V_CORE Pin=C54-1
Added Pin To Net: NetName=GND_D Pin=C54-2
Added Pin To Net: NetName=+1.2V_CORE Pin=C55-1
Added Pin To Net: NetName=GND_D Pin=C55-2
Added Pin To Net: NetName=+1.2V_CORE Pin=C56-1
Added Pin To Net: NetName=GND_D Pin=C56-2
Added Pin To Net: NetName=+1.2V_CORE Pin=C57-1
Added Pin To Net: NetName=GND_D Pin=C57-2
Added Pin To Net: NetName=+3V3_D Pin=C58-1
Added Pin To Net: NetName=GND_D Pin=C58-2
Added Pin To Net: NetName=+3V3_D Pin=C59-1
Added Pin To Net: NetName=GND_D Pin=C59-2
Added Pin To Net: NetName=+3V3_D Pin=C60-1
Added Pin To Net: NetName=GND_D Pin=C60-2
Added Pin To Net: NetName=+3V3_D Pin=C61-1
Added Pin To Net: NetName=GND_D Pin=C61-2
Added Pin To Net: NetName=+3V3_D Pin=C62-1
Added Pin To Net: NetName=GND_D Pin=C62-2
Added Pin To Net: NetName=+3V3_D Pin=C63-1
Added Pin To Net: NetName=GND_D Pin=C63-2
Added Pin To Net: NetName=+3V3_D Pin=C64-1
Added Pin To Net: NetName=GND_D Pin=C64-2
Added Pin To Net: NetName=+3V3_D Pin=C65-1
Added Pin To Net: NetName=GND_D Pin=C65-2
Added Pin To Net: NetName=+3V3_D Pin=C66-1
Added Pin To Net: NetName=GND_D Pin=C66-2
Added Pin To Net: NetName=+3V3_D Pin=C67-1
Added Pin To Net: NetName=GND_D Pin=C67-2
Added Pin To Net: NetName=+3V3_D Pin=C68-1
Added Pin To Net: NetName=GND_D Pin=C68-2
Added Pin To Net: NetName=+3V3_D Pin=C69-1
Added Pin To Net: NetName=GND_D Pin=C69-2
Added Pin To Net: NetName=+3V3_D Pin=C70-1
Added Pin To Net: NetName=GND_D Pin=C70-2
Added Pin To Net: NetName=+3V3_D Pin=C71-1
Added Pin To Net: NetName=GND_D Pin=C71-2
Added Pin To Net: NetName=+3V3_D Pin=C72-1
Added Pin To Net: NetName=GND_D Pin=C72-2
Added Pin To Net: NetName=+3V3_D Pin=C73-1
Added Pin To Net: NetName=GND_D Pin=C73-2
Added Pin To Net: NetName=+3V3_D Pin=C74-1
Added Pin To Net: NetName=GND_D Pin=C74-2
Added Pin To Net: NetName=+3V3_D Pin=C75-1
Added Pin To Net: NetName=GND_D Pin=C75-2
Added Pin To Net: NetName=+3V3_D Pin=C76-1
Added Pin To Net: NetName=GND_D Pin=C76-2
Added Pin To Net: NetName=+3V3_D Pin=D1-1
Added Pin To Net: NetName=ETH_R\S\T\ Pin=D1-2
Added Pin To Net: NetName=ETH_RESET_N Pin=D2-1
Added Pin To Net: NetName=ETH_R\S\T\ Pin=D2-2
Added Pin To Net: NetName=GND_D Pin=IC1-1
Added Pin To Net: NetName=GND_D Pin=IC1-2
Added Pin To Net: NetName=GND_D Pin=IC1-3
Added Pin To Net: NetName=VDDA1V8 Pin=IC1-4
Added Pin To Net: NetName=VDDA1V8 Pin=IC1-5
Added Pin To Net: NetName=VDD1V8_OUT Pin=IC1-6
Added Pin To Net: NetName=VDDA3V3 Pin=IC1-7
Added Pin To Net: NetName=VDDA3V3 Pin=IC1-8
Added Pin To Net: NetName=RX_N Pin=IC1-9
Added Pin To Net: NetName=RX_P Pin=IC1-10
Added Pin To Net: NetName=TX_N Pin=IC1-11
Added Pin To Net: NetName=TX_P Pin=IC1-12
Added Pin To Net: NetName=GND_D Pin=IC1-13
Added Pin To Net: NetName=ETH_25MHz Pin=IC1-15
Added Pin To Net: NetName=NetC7_2 Pin=IC1-16
Added Pin To Net: NetName=GND_D Pin=IC1-17
Added Pin To Net: NetName=ETH_MDIO Pin=IC1-18
Added Pin To Net: NetName=ETH_MDC Pin=IC1-19
Added Pin To Net: NetName=ETH_RXD3 Pin=IC1-20
Added Pin To Net: NetName=ETH_RXD2 Pin=IC1-21
Added Pin To Net: NetName=ETH_RXD1 Pin=IC1-22
Added Pin To Net: NetName=ETH_RXD0 Pin=IC1-23
Added Pin To Net: NetName=GND_D Pin=IC1-24
Added Pin To Net: NetName=+3V3_D Pin=IC1-25
Added Pin To Net: NetName=+3V3_D Pin=IC1-26
Added Pin To Net: NetName=ETH_RX_DV Pin=IC1-27
Added Pin To Net: NetName=ETH_RX_CLK Pin=IC1-28
Added Pin To Net: NetName=ETH_RX_ER Pin=IC1-29
Added Pin To Net: NetName=GND_D Pin=IC1-30
Added Pin To Net: NetName=VDD1V8 Pin=IC1-31
Added Pin To Net: NetName=ETH_INTRP Pin=IC1-32
Added Pin To Net: NetName=ETH_TX_CLK Pin=IC1-33
Added Pin To Net: NetName=ETH_TX_EN Pin=IC1-34
Added Pin To Net: NetName=ETH_TXD0 Pin=IC1-35
Added Pin To Net: NetName=ETH_TXD1 Pin=IC1-36
Added Pin To Net: NetName=GND_D Pin=IC1-37
Added Pin To Net: NetName=ETH_TXD2 Pin=IC1-38
Added Pin To Net: NetName=ETH_TXD3 Pin=IC1-39
Added Pin To Net: NetName=ETH_COL Pin=IC1-40
Added Pin To Net: NetName=ETH_CRS Pin=IC1-41
Added Pin To Net: NetName=nLNKA_LED Pin=IC1-42
Added Pin To Net: NetName=nSPD_LED Pin=IC1-43
Added Pin To Net: NetName=ETH_R\S\T\ Pin=IC1-47
Added Pin To Net: NetName=NetIC2_1 Pin=IC2-1
Added Pin To Net: NetName=GND_D Pin=IC2-2
Added Pin To Net: NetName=+3V3_BACKPLANE Pin=IC2-3
Added Pin To Net: NetName=+3V3_BACKPLANE Pin=IC2-4
Added Pin To Net: NetName=NetIC2_5 Pin=IC2-5
Added Pin To Net: NetName=+5V _USB Pin=IC3-1
Added Pin To Net: NetName=GND_D Pin=IC3-2
Added Pin To Net: NetName=+5V _USB Pin=IC3-3
Added Pin To Net: NetName=NetIC3_4 Pin=IC3-4
Added Pin To Net: NetName=NetIC3_5 Pin=IC3-5
Added Pin To Net: NetName=NetC25_1 Pin=IC4-1
Added Pin To Net: NetName=NetC26_2 Pin=IC4-2
Added Pin To Net: NetName=NetIC4_3 Pin=IC4-3
Added Pin To Net: NetName=GND_D Pin=IC4-4
Added Pin To Net: NetName=GND_D Pin=IC4-5
Added Pin To Net: NetName=NetC27_2 Pin=IC4-6
Added Pin To Net: NetName=NetC25_1 Pin=IC4-7
Added Pin To Net: NetName=NetIC4_8 Pin=IC4-8
Added Pin To Net: NetName=NetC25_1 Pin=IC4-9
Added Pin To Net: NetName=NetC25_1 Pin=IC4-10
Added Pin To Net: NetName=GND_D Pin=IC4-11
Added Pin To Net: NetName=+5V_BACKPLANE Pin=J7-1
Added Pin To Net: NetName=+5V_MEZZA Pin=J7-2
Added Pin To Net: NetName=+5V _USB Pin=J7-3
Added Pin To Net: NetName=+3V3_BACKPLANE Pin=J8-1
Added Pin To Net: NetName=+3V3_D Pin=J8-2
Added Pin To Net: NetName=+3V3_USB Pin=J8-3
Added Pin To Net: NetName=+5V _USB Pin=J9-1
Added Pin To Net: NetName=NetC26_2 Pin=J9-2
Added Pin To Net: NetName=+3V3_BACKPLANE Pin=J9-3
Added Pin To Net: NetName=GND_D Pin=J10-A1
Added Pin To Net: NetName=NetJ10_A4 Pin=J10-A4
Added Pin To Net: NetName=NetJ10_A5 Pin=J10-A5
Added Pin To Net: NetName=USBD_P Pin=J10-A6
Added Pin To Net: NetName=USBD_N Pin=J10-A7
Added Pin To Net: NetName=NetJ10_A4 Pin=J10-A9
Added Pin To Net: NetName=GND_D Pin=J10-A12
Added Pin To Net: NetName=GND_D Pin=J10-B1
Added Pin To Net: NetName=NetJ10_A4 Pin=J10-B4
Added Pin To Net: NetName=NetJ10_B5 Pin=J10-B5
Added Pin To Net: NetName=USBD_P Pin=J10-B6
Added Pin To Net: NetName=USBD_N Pin=J10-B7
Added Pin To Net: NetName=NetJ10_A4 Pin=J10-B9
Added Pin To Net: NetName=GND_D Pin=J10-B12
Added Pin To Net: NetName=GND_D Pin=J10-S1
Added Pin To Net: NetName=GND_D Pin=J10-S2
Added Pin To Net: NetName=GND_D Pin=J10-S3
Added Pin To Net: NetName=GND_D Pin=J10-S4
Added Pin To Net: NetName=GND_D Pin=JP1-1
Added Pin To Net: NetName=Spare_0 Pin=JP1-2
Added Pin To Net: NetName=NetJP1_3 Pin=JP1-3
Added Pin To Net: NetName=GND_D Pin=JP2-1
Added Pin To Net: NetName=Spare_1 Pin=JP2-2
Added Pin To Net: NetName=NetJP2_3 Pin=JP2-3
Added Pin To Net: NetName=GND_D Pin=JP3-1
Added Pin To Net: NetName=Spare_2 Pin=JP3-2
Added Pin To Net: NetName=NetJP3_3 Pin=JP3-3
Added Pin To Net: NetName=GND_D Pin=JP4-1
Added Pin To Net: NetName=Spare_3 Pin=JP4-2
Added Pin To Net: NetName=NetJP4_3 Pin=JP4-3
Added Pin To Net: NetName=+3V3_BACKPLANE Pin=L1-1
Added Pin To Net: NetName=NetIC2_1 Pin=L1-2
Added Pin To Net: NetName=NetIC3_4 Pin=L2-1
Added Pin To Net: NetName=NetIC3_5 Pin=L2-2
Added Pin To Net: NetName=NetIC4_3 Pin=L3-1
Added Pin To Net: NetName=NetC27_2 Pin=L3-2
Added Pin To Net: NetName=BS0 Pin=LD1-1
Added Pin To Net: NetName=NetLD1_2 Pin=LD1-2
Added Pin To Net: NetName=BS1 Pin=LD2-1
Added Pin To Net: NetName=NetLD2_2 Pin=LD2-2
Added Pin To Net: NetName=NetLD3_1 Pin=LD3-1
Added Pin To Net: NetName=FPGA_DONE Pin=LD3-2
Added Pin To Net: NetName=FPGA_JTAG_TDI Pin=R1-1
Added Pin To Net: NetName=+3V3_D Pin=R1-2
Added Pin To Net: NetName=FPGA_JTAG_TDO Pin=R2-1
Added Pin To Net: NetName=+3V3_D Pin=R2-2
Added Pin To Net: NetName=FPGA_JTAG_TCK Pin=R3-1
Added Pin To Net: NetName=+3V3_D Pin=R3-2
Added Pin To Net: NetName=FPGA_JTAG_TMS Pin=R4-1
Added Pin To Net: NetName=+3V3_D Pin=R4-2
Added Pin To Net: NetName=NetLD1_2 Pin=R5-1
Added Pin To Net: NetName=+3V3_D Pin=R5-2
Added Pin To Net: NetName=NetLD2_2 Pin=R6-1
Added Pin To Net: NetName=+3V3_D Pin=R6-2
Added Pin To Net: NetName=NetC1_2 Pin=R7-1
Added Pin To Net: NetName=+5V_USB Pin=R7-2
Added Pin To Net: NetName=BN_ERROR_W Pin=R8-1
Added Pin To Net: NetName=+3V3_BACKPLANE Pin=R8-2
Added Pin To Net: NetName=BN_ERROR_R Pin=R9-1
Added Pin To Net: NetName=+3V3_BACKPLANE Pin=R9-2
Added Pin To Net: NetName=ETH_R\S\T\ Pin=R10-1
Added Pin To Net: NetName=+3V3_D Pin=R10-2
Added Pin To Net: NetName=NetC5_2 Pin=R11-1
Added Pin To Net: NetName=VDDA3V3 Pin=R11-2
Added Pin To Net: NetName=NetC6_2 Pin=R12-1
Added Pin To Net: NetName=VDDA3V3 Pin=R12-2
Added Pin To Net: NetName=ETH_MDIO Pin=R13-1
Added Pin To Net: NetName=+3V3_D Pin=R13-2
Added Pin To Net: NetName=NetC8_1 Pin=R14-1
Added Pin To Net: NetName=VDDA3V3 Pin=R14-2
Added Pin To Net: NetName=TX_P Pin=R15-1
Added Pin To Net: NetName=NetC5_2 Pin=R15-2
Added Pin To Net: NetName=TX_N Pin=R16-1
Added Pin To Net: NetName=NetC5_2 Pin=R16-2
Added Pin To Net: NetName=RX_P Pin=R17-1
Added Pin To Net: NetName=NetC6_2 Pin=R17-2
Added Pin To Net: NetName=RX_N Pin=R18-1
Added Pin To Net: NetName=NetC6_2 Pin=R18-2
Added Pin To Net: NetName=GND_D Pin=R19-1
Added Pin To Net: NetName=NetC7_2 Pin=R19-2
Added Pin To Net: NetName=nLNKA_LED Pin=R20-1
Added Pin To Net: NetName=NetJ6_10 Pin=R20-2
Added Pin To Net: NetName=nSPD_LED Pin=R21-1
Added Pin To Net: NetName=NetJ6_11 Pin=R21-2
Added Pin To Net: NetName=VDDA1V8 Pin=R22-1
Added Pin To Net: NetName=VDD1V8_OUT Pin=R22-2
Added Pin To Net: NetName=GND_ETH Pin=R23-1
Added Pin To Net: NetName=GND_D Pin=R23-2
Added Pin To Net: NetName=VDDA3V3 Pin=R24-1
Added Pin To Net: NetName=+3V3_D Pin=R24-2
Added Pin To Net: NetName=VDD1V8 Pin=R25-1
Added Pin To Net: NetName=VDD1V8_OUT Pin=R25-2
Added Pin To Net: NetName=NetR26_1 Pin=R26-1
Added Pin To Net: NetName=+3V3_D Pin=R26-2
Added Pin To Net: NetName=GND_D Pin=R27-1
Added Pin To Net: NetName=HSWAPEN Pin=R27-2
Added Pin To Net: NetName=GND_D Pin=R28-1
Added Pin To Net: NetName=NetR28_2 Pin=R28-2
Added Pin To Net: NetName=NetR29_1 Pin=R29-1
Added Pin To Net: NetName=+3V3_D Pin=R29-2
Added Pin To Net: NetName=NetR30_1 Pin=R30-1
Added Pin To Net: NetName=+3V3_D Pin=R30-2
Added Pin To Net: NetName=FLASH_SPI_CS_N Pin=R31-1
Added Pin To Net: NetName=+3V3_D Pin=R31-2
Added Pin To Net: NetName=NetR32_1 Pin=R32-1
Added Pin To Net: NetName=+3V3_D Pin=R32-2
Added Pin To Net: NetName=FLASH_SPI_CLK Pin=R33-1
Added Pin To Net: NetName=+3V3_D Pin=R33-2
Added Pin To Net: NetName=HARDRESET_N Pin=R34-1
Added Pin To Net: NetName=+3V3_D Pin=R34-2
Added Pin To Net: NetName=FPGA_DONE Pin=R35-1
Added Pin To Net: NetName=+3V3_D Pin=R35-2
Added Pin To Net: NetName=SOFTRESET_N Pin=R36-1
Added Pin To Net: NetName=+3V3_D Pin=R36-2
Added Pin To Net: NetName=GND_D Pin=R37-1
Added Pin To Net: NetName=NetLD3_1 Pin=R37-2
Added Pin To Net: NetName=GND_D Pin=R38-1
Added Pin To Net: NetName=FLASH_SPI_CLK Pin=R38-2
Added Pin To Net: NetName=NetC25_1 Pin=R39-1
Added Pin To Net: NetName=NetC26_2 Pin=R39-2
Added Pin To Net: NetName=NetIC4_8 Pin=R40-1
Added Pin To Net: NetName=NetC25_1 Pin=R40-2
Added Pin To Net: NetName=LED1_0_GREEN Pin=R41-1
Added Pin To Net: NetName=NetLD4_7 Pin=R41-2
Added Pin To Net: NetName=LED2_0_GREEN Pin=R42-1
Added Pin To Net: NetName=NetLD5_7 Pin=R42-2
Added Pin To Net: NetName=LED1_1_GREEN Pin=R43-1
Added Pin To Net: NetName=NetLD4_5 Pin=R43-2
Added Pin To Net: NetName=LED2_1_GREEN Pin=R44-1
Added Pin To Net: NetName=NetLD5_5 Pin=R44-2
Added Pin To Net: NetName=LED1_2_GREEN Pin=R45-1
Added Pin To Net: NetName=NetLD4_3 Pin=R45-2
Added Pin To Net: NetName=LED2_2_GREEN Pin=R46-1
Added Pin To Net: NetName=NetLD5_3 Pin=R46-2
Added Pin To Net: NetName=LED1_3_GREEN Pin=R47-1
Added Pin To Net: NetName=NetLD4_1 Pin=R47-2
Added Pin To Net: NetName=LED2_3_GREEN Pin=R48-1
Added Pin To Net: NetName=NetLD5_1 Pin=R48-2
Added Pin To Net: NetName=Push_BT_0 Pin=R49-1
Added Pin To Net: NetName=+3V3_D Pin=R49-2
Added Pin To Net: NetName=Push_BT_1 Pin=R50-1
Added Pin To Net: NetName=+3V3_D Pin=R50-2
Added Pin To Net: NetName=Push_BT_2 Pin=R51-1
Added Pin To Net: NetName=+3V3_D Pin=R51-2
Added Pin To Net: NetName=NetJP1_3 Pin=R52-1
Added Pin To Net: NetName=+3V3_D Pin=R52-2
Added Pin To Net: NetName=NetJP2_3 Pin=R53-1
Added Pin To Net: NetName=+3V3_D Pin=R53-2
Added Pin To Net: NetName=NetJP3_3 Pin=R54-1
Added Pin To Net: NetName=+3V3_D Pin=R54-2
Added Pin To Net: NetName=NetJP4_3 Pin=R55-1
Added Pin To Net: NetName=+3V3_D Pin=R55-2
Added Pin To Net: NetName=GND_D Pin=R56-1
Added Pin To Net: NetName=NetR26_1 Pin=R56-2
Added Pin To Net: NetName=NetR28_2 Pin=R57-1
Added Pin To Net: NetName=+3V3_D Pin=R57-2
Added Pin To Net: NetName=NetJ10_A4 Pin=R58-1
Added Pin To Net: NetName=+5V_USB Pin=R58-2
Added Pin To Net: NetName=NetJ10_A5 Pin=R59-1
Added Pin To Net: NetName=GND_D Pin=R59-2
Added Pin To Net: NetName=NetJ10_B5 Pin=R60-1
Added Pin To Net: NetName=GND_D Pin=R60-2
Added Pin To Net: NetName=NetIC2_5 Pin=R61-1
Added Pin To Net: NetName=+5V_BACKPLANE Pin=R61-2
Added Pin To Net: NetName=NetC27_2 Pin=R62-1
Added Pin To Net: NetName=+1.2V_CORE Pin=R62-2
Added Pin To Net: NetName=NetIC3_5 Pin=R63-1
Added Pin To Net: NetName=+3V3_USB Pin=R63-2
Added Pin To Net: NetName=GND_D Pin=S1-1
Added Pin To Net: NetName=HARDRESET_N Pin=S1-2
Added Pin To Net: NetName=GND_D Pin=S2-1
Added Pin To Net: NetName=SOFTRESET_N Pin=S2-2
Added Pin To Net: NetName=GND_D Pin=S6-1
Added Pin To Net: NetName=DIL_0 Pin=S6-2
Added Pin To Net: NetName=GND_D Pin=S6-3
Added Pin To Net: NetName=DIL_1 Pin=S6-4
Added Pin To Net: NetName=GND_D Pin=S6-5
Added Pin To Net: NetName=DIL_2 Pin=S6-6
Added Pin To Net: NetName=GND_D Pin=S6-7
Added Pin To Net: NetName=DIL_3 Pin=S6-8
Added Pin To Net: NetName=+3V3_D Pin=U1-1
Added Pin To Net: NetName=USB_RXD Pin=U1-2
Added Pin To Net: NetName=GND_D Pin=U1-4
Added Pin To Net: NetName=USB_C\T\S\ Pin=U1-8
Added Pin To Net: NetName=USBD_P Pin=U1-14
Added Pin To Net: NetName=USBD_N Pin=U1-15
Added Pin To Net: NetName=NetC2_2 Pin=U1-16
Added Pin To Net: NetName=GND_D Pin=U1-17
Added Pin To Net: NetName=+5V_USB Pin=U1-19
Added Pin To Net: NetName=GND_D Pin=U1-20
Added Pin To Net: NetName=BS1 Pin=U1-21
Added Pin To Net: NetName=BS0 Pin=U1-22
Added Pin To Net: NetName=GND_D Pin=U1-24
Added Pin To Net: NetName=GND_D Pin=U1-26
Added Pin To Net: NetName=USB_TXD Pin=U1-30
Added Pin To Net: NetName=USB_R\T\S\ Pin=U1-32
Added Pin To Net: NetName=GND_D Pin=U1-33
Added Pin To Net: NetName=FLASH_SPI_CS_N Pin=U3-1
Added Pin To Net: NetName=FLASH_SPI_DI Pin=U3-2
Added Pin To Net: NetName=NetR30_1 Pin=U3-3
Added Pin To Net: NetName=GND_D Pin=U3-4
Added Pin To Net: NetName=FLASH_SPI_DO Pin=U3-5
Added Pin To Net: NetName=FLASH_SPI_CLK Pin=U3-6
Added Pin To Net: NetName=NetR32_1 Pin=U3-7
Added Pin To Net: NetName=+3V3_D Pin=U3-8
Added Pin To Net: NetName=+3V3_D Pin=X1-1
Added Pin To Net: NetName=GND_D Pin=X1-2
Added Pin To Net: NetName=ETH_25MHz Pin=X1-3
Added Pin To Net: NetName=+3V3_D Pin=X1-4
Added Pin To Net: NetName=+3V3_D Pin=X2-1
Added Pin To Net: NetName=GND_D Pin=X2-2
Added Pin To Net: NetName=CLK_100MHz Pin=X2-3
Added Pin To Net: NetName=+3V3_D Pin=X2-4
Added Member To Class: ClassName=Connector_0 Member=Component C1 10nF
Added Member To Class: ClassName=Connector_0 Member=Component C2 100nF
Added Member To Class: ClassName=Ethernet_0 Member=Component C3 100nF
Added Member To Class: ClassName=Ethernet_0 Member=Component C4 10uF
Added Member To Class: ClassName=Ethernet_0 Member=Component C5 10nF
Added Member To Class: ClassName=Ethernet_0 Member=Component C6 10nF
Added Member To Class: ClassName=Ethernet_0 Member=Component C7 100pF
Added Member To Class: ClassName=Ethernet_0 Member=Component C8 0.022uF
Added Member To Class: ClassName=Ethernet_0 Member=Component C9 4700pF
Added Member To Class: ClassName=Ethernet_0 Member=Component C10 22uF
Added Member To Class: ClassName=Ethernet_0 Member=Component C11 100nF
Added Member To Class: ClassName=Ethernet_0 Member=Component C12 22uF
Added Member To Class: ClassName=Ethernet_0 Member=Component C13 100nF
Added Member To Class: ClassName=Ethernet_0 Member=Component C14 22uF
Added Member To Class: ClassName=Ethernet_0 Member=Component C15 100nF
Added Member To Class: ClassName=Ethernet_0 Member=Component C16 100nF
Added Member To Class: ClassName=Ethernet_0 Member=Component C17 100nF
Added Member To Class: ClassName=Ethernet_0 Member=Component C18 1uF
Added Member To Class: ClassName=Ethernet_0 Member=Component C19 100nF
Added Member To Class: ClassName=Ethernet_0 Member=Component C20 100nF
Added Member To Class: ClassName=Supply_0 Member=Component C21 10uF
Added Member To Class: ClassName=Supply_0 Member=Component C22 22uF / X5R / 6.3V
Added Member To Class: ClassName=Supply_0 Member=Component C23 22uF / X5R / 6.3V
Added Member To Class: ClassName=Supply_0 Member=Component C24 22uF / X5R / 6.3V
Added Member To Class: ClassName=Supply_0 Member=Component C25 100nF
Added Member To Class: ClassName=Supply_0 Member=Component C26 22uF / X7R / 6.3V
Added Member To Class: ClassName=Supply_0 Member=Component C27 22uF / X5R / 6.3V
Added Member To Class: ClassName=Supply_0 Member=Component C28 22uF / X5R / 6.3V
Added Member To Class: ClassName=UserInterface_0 Member=Component C29 100n
Added Member To Class: ClassName=UserInterface_0 Member=Component C30 100n
Added Member To Class: ClassName=UserInterface_0 Member=Component C31 100n
Added Member To Class: ClassName=Connector_0 Member=Component C32 100nF
Added Member To Class: ClassName=FPGA_1 Member=Component C33 100nF
Added Member To Class: ClassName=FPGA_1 Member=Component C34 100nF
Added Member To Class: ClassName=FPGA_1 Member=Component C35 100uF
Added Member To Class: ClassName=FPGA_1 Member=Component C36 4.7uF
Added Member To Class: ClassName=FPGA_1 Member=Component C37 470nF
Added Member To Class: ClassName=FPGA_1 Member=Component C38 470nF
Added Member To Class: ClassName=FPGA_1 Member=Component C39 470nF
Added Member To Class: ClassName=FPGA_1 Member=Component C40 470nF
Added Member To Class: ClassName=FPGA_1 Member=Component C41 100uF
Added Member To Class: ClassName=FPGA_1 Member=Component C42 4.7uF
Added Member To Class: ClassName=FPGA_1 Member=Component C43 470nF
Added Member To Class: ClassName=FPGA_1 Member=Component C44 470nF
Added Member To Class: ClassName=FPGA_1 Member=Component C45 470nF
Added Member To Class: ClassName=FPGA_1 Member=Component C46 470nF
Added Member To Class: ClassName=FPGA_1 Member=Component C47 100uF
Added Member To Class: ClassName=FPGA_1 Member=Component C48 100uF
Added Member To Class: ClassName=FPGA_1 Member=Component C49 4.7uF
Added Member To Class: ClassName=FPGA_1 Member=Component C50 4.7uF
Added Member To Class: ClassName=FPGA_1 Member=Component C51 4.7uF
Added Member To Class: ClassName=FPGA_1 Member=Component C52 470nF
Added Member To Class: ClassName=FPGA_1 Member=Component C53 470nF
Added Member To Class: ClassName=FPGA_1 Member=Component C54 470nF
Added Member To Class: ClassName=FPGA_1 Member=Component C55 470nF
Added Member To Class: ClassName=FPGA_1 Member=Component C56 470nF
Added Member To Class: ClassName=FPGA_1 Member=Component C57 470nF
Added Member To Class: ClassName=FPGA_1 Member=Component C58 100uF
Added Member To Class: ClassName=FPGA_1 Member=Component C59 4.7uF
Added Member To Class: ClassName=FPGA_1 Member=Component C60 470nF
Added Member To Class: ClassName=FPGA_1 Member=Component C61 470nF
Added Member To Class: ClassName=FPGA_1 Member=Component C62 470nF
Added Member To Class: ClassName=FPGA_1 Member=Component C63 470nF
Added Member To Class: ClassName=FPGA_1 Member=Component C64 100uF
Added Member To Class: ClassName=FPGA_1 Member=Component C65 4.7uF
Added Member To Class: ClassName=FPGA_1 Member=Component C66 4.7uF
Added Member To Class: ClassName=FPGA_1 Member=Component C67 470nF
Added Member To Class: ClassName=FPGA_1 Member=Component C68 470nF
Added Member To Class: ClassName=FPGA_1 Member=Component C69 470nF
Added Member To Class: ClassName=FPGA_1 Member=Component C70 470nF
Added Member To Class: ClassName=FPGA_1 Member=Component C71 100uF
Added Member To Class: ClassName=FPGA_1 Member=Component C72 4.7uF
Added Member To Class: ClassName=FPGA_1 Member=Component C73 470nF
Added Member To Class: ClassName=FPGA_1 Member=Component C74 470nF
Added Member To Class: ClassName=FPGA_1 Member=Component C75 470nF
Added Member To Class: ClassName=FPGA_1 Member=Component C76 470nF
Added Member To Class: ClassName=Ethernet_0 Member=Component D1 1N4148
Added Member To Class: ClassName=Ethernet_0 Member=Component D2 1N4148
Added Member To Class: ClassName=Ethernet_0 Member=Component IC1 KSZ8041TL
Added Member To Class: ClassName=Supply_0 Member=Component IC2 RP402N501F-TR-FE
Added Member To Class: ClassName=Supply_0 Member=Component IC3 SC189ZSKTRT
Added Member To Class: ClassName=Supply_0 Member=Component IC4 ADP2119ACPZ-1.2-R7
Added Member To Class: ClassName=Supply_0 Member=Component J7 *
Added Member To Class: ClassName=Supply_0 Member=Component J8 *
Added Member To Class: ClassName=Supply_0 Member=Component J9 *
Added Member To Class: ClassName=Connector_0 Member=Component J10 USB 3.1 Type C Receptacle
Added Member To Class: ClassName=UserInterface_0 Member=Component JP1 {Value}
Added Member To Class: ClassName=UserInterface_0 Member=Component JP2 {Value}
Added Member To Class: ClassName=UserInterface_0 Member=Component JP3 {Value}
Added Member To Class: ClassName=UserInterface_0 Member=Component JP4 {Value}
Added Member To Class: ClassName=Supply_0 Member=Component L1 2.2uF
Added Member To Class: ClassName=Supply_0 Member=Component L2 2.2uH
Added Member To Class: ClassName=Supply_0 Member=Component L3 1.5uH
Added Member To Class: ClassName=Connector_0 Member=Component LD1 *
Added Member To Class: ClassName=Connector_0 Member=Component LD2 *
Added Member To Class: ClassName=FPGA_1 Member=Component LD3 *
Added Member To Class: ClassName=Connector_0 Member=Component R1 10k
Added Member To Class: ClassName=Connector_0 Member=Component R2 10k
Added Member To Class: ClassName=Connector_0 Member=Component R3 10k
Added Member To Class: ClassName=Connector_0 Member=Component R4 10k
Added Member To Class: ClassName=Connector_0 Member=Component R5 330
Added Member To Class: ClassName=Connector_0 Member=Component R6 330
Added Member To Class: ClassName=Connector_0 Member=Component R7 Ferrite
Added Member To Class: ClassName=Connector_0 Member=Component R8 4k7
Added Member To Class: ClassName=Connector_0 Member=Component R9 4k7
Added Member To Class: ClassName=Ethernet_0 Member=Component R10 10k
Added Member To Class: ClassName=Ethernet_0 Member=Component R11 nm
Added Member To Class: ClassName=Ethernet_0 Member=Component R12 nm
Added Member To Class: ClassName=Ethernet_0 Member=Component R13 4.7k
Added Member To Class: ClassName=Ethernet_0 Member=Component R14 0
Added Member To Class: ClassName=Ethernet_0 Member=Component R15 49.9
Added Member To Class: ClassName=Ethernet_0 Member=Component R16 49.9
Added Member To Class: ClassName=Ethernet_0 Member=Component R17 49.9
Added Member To Class: ClassName=Ethernet_0 Member=Component R18 49.9
Added Member To Class: ClassName=Ethernet_0 Member=Component R19 6.49k
Added Member To Class: ClassName=Ethernet_0 Member=Component R20 330
Added Member To Class: ClassName=Ethernet_0 Member=Component R21 330
Added Member To Class: ClassName=Ethernet_0 Member=Component R22 Ferrite
Added Member To Class: ClassName=Ethernet_0 Member=Component R23 10M
Added Member To Class: ClassName=Ethernet_0 Member=Component R24 Ferrite
Added Member To Class: ClassName=Ethernet_0 Member=Component R25 Ferrite
Added Member To Class: ClassName=FPGA_0 Member=Component R26 0
Added Member To Class: ClassName=FPGA_0 Member=Component R27 0
Added Member To Class: ClassName=FPGA_0 Member=Component R28 0
Added Member To Class: ClassName=FPGA_0 Member=Component R29 4.7k
Added Member To Class: ClassName=FPGA_1 Member=Component R30 10k
Added Member To Class: ClassName=FPGA_1 Member=Component R31 10k
Added Member To Class: ClassName=FPGA_1 Member=Component R32 10k
Added Member To Class: ClassName=FPGA_1 Member=Component R33 100
Added Member To Class: ClassName=FPGA_1 Member=Component R34 4.7k
Added Member To Class: ClassName=FPGA_1 Member=Component R35 330
Added Member To Class: ClassName=FPGA_1 Member=Component R36 4.7k
Added Member To Class: ClassName=FPGA_1 Member=Component R37 100
Added Member To Class: ClassName=FPGA_1 Member=Component R38 100
Added Member To Class: ClassName=Supply_0 Member=Component R39 10
Added Member To Class: ClassName=Supply_0 Member=Component R40 10k
Added Member To Class: ClassName=UserInterface_0 Member=Component R41 120R
Added Member To Class: ClassName=UserInterface_0 Member=Component R42 120R
Added Member To Class: ClassName=UserInterface_0 Member=Component R43 120R
Added Member To Class: ClassName=UserInterface_0 Member=Component R44 120R
Added Member To Class: ClassName=UserInterface_0 Member=Component R45 120R
Added Member To Class: ClassName=UserInterface_0 Member=Component R46 120R
Added Member To Class: ClassName=UserInterface_0 Member=Component R47 120R
Added Member To Class: ClassName=UserInterface_0 Member=Component R48 120R
Added Member To Class: ClassName=UserInterface_0 Member=Component R49 470R
Added Member To Class: ClassName=UserInterface_0 Member=Component R50 470R
Added Member To Class: ClassName=UserInterface_0 Member=Component R51 470R
Added Member To Class: ClassName=UserInterface_0 Member=Component R52 10k
Added Member To Class: ClassName=UserInterface_0 Member=Component R53 10k
Added Member To Class: ClassName=UserInterface_0 Member=Component R54 10k
Added Member To Class: ClassName=UserInterface_0 Member=Component R55 10k
Added Member To Class: ClassName=FPGA_0 Member=Component R56 NC
Added Member To Class: ClassName=FPGA_0 Member=Component R57 NC
Added Member To Class: ClassName=Connector_0 Member=Component R58 Ferrite
Added Member To Class: ClassName=Connector_0 Member=Component R59 5.1k
Added Member To Class: ClassName=Connector_0 Member=Component R60 5.1k
Added Member To Class: ClassName=Supply_0 Member=Component R61 0
Added Member To Class: ClassName=Supply_0 Member=Component R62 0
Added Member To Class: ClassName=Supply_0 Member=Component R63 0
Added Member To Class: ClassName=FPGA_1 Member=Component S1 *
Added Member To Class: ClassName=FPGA_1 Member=Component S2 *
Added Member To Class: ClassName=UserInterface_0 Member=Component S6 *
Added Member To Class: ClassName=Connector_0 Member=Component U1 FT232RQ
Added Member To Class: ClassName=FPGA_1 Member=Component U3 IS25LP064D-JB
Added Member To Class: ClassName=Ethernet_0 Member=Component X1 831019170
Added Member To Class: ClassName=FPGA_1 Member=Component X2 831022731
Added Room: Name=Connector_0
Added Room: Name=Ethernet_0
Added Room: Name=FPGA_0
Added Room: Name=FPGA_1
Added Room: Name=Supply_0
Added Room: Name=UserInterface_0
