Added Component: Designator=C1(CAPACITOR 1608 REFLOW)
Add component. Clean all parameters for all variants
Add component (AddParameter): Name = "Value"; Value = "10nF"; VariantName = "[No Variations]"
Added Component: Designator=C2(CAPACITOR 1608 REFLOW)
Add component. Clean all parameters for all variants
Add component (AddParameter): Name = "Value"; Value = "100nF"; VariantName = "[No Variations]"
Added Component: Designator=C3(CAPACITOR 1608 REFLOW)
Add component. Clean all parameters for all variants
Add component (AddParameter): Name = "Value"; Value = "100nF"; VariantName = "[No Variations]"
Added Component: Designator=C4(CAPACITOR 2012 REFLOW)
Add component. Clean all parameters for all variants
Add component (AddParameter): Name = "Value"; Value = "10uF"; VariantName = "[No Variations]"
Added Component: Designator=C5(CAPACITOR 1608 REFLOW)
Add component. Clean all parameters for all variants
Add component (AddParameter): Name = "Value"; Value = "10nF"; VariantName = "[No Variations]"
Added Component: Designator=C6(CAPACITOR 1608 REFLOW)
Add component. Clean all parameters for all variants
Add component (AddParameter): Name = "Value"; Value = "10nF"; VariantName = "[No Variations]"
Added Component: Designator=C7(CAPACITOR 1608 REFLOW)
Add component. Clean all parameters for all variants
Add component (AddParameter): Name = "Value"; Value = "100pF"; VariantName = "[No Variations]"
Added Component: Designator=C8(CAPACITOR 1608 REFLOW)
Add component. Clean all parameters for all variants
Add component (AddParameter): Name = "Socket"; Value = "1005"; VariantName = "[No Variations]"
Add component (AddParameter): Name = "V"; Value = "50V"; VariantName = "[No Variations]"
Add component (AddParameter): Name = "Value"; Value = "0.022uF"; VariantName = "[No Variations]"
Added Component: Designator=C9(CAPACITOR 1608 REFLOW)
Add component. Clean all parameters for all variants
Add component (AddParameter): Name = "Socket"; Value = "1005"; VariantName = "[No Variations]"
Add component (AddParameter): Name = "U"; Value = "50V"; VariantName = "[No Variations]"
Add component (AddParameter): Name = "Value"; Value = "4700pF"; VariantName = "[No Variations]"
Added Component: Designator=C10(CAPACITOR 2012 REFLOW)
Add component. Clean all parameters for all variants
Add component (AddParameter): Name = "Value"; Value = "22uF"; VariantName = "[No Variations]"
Added Component: Designator=C11(CAPACITOR 1608 REFLOW)
Add component. Clean all parameters for all variants
Add component (AddParameter): Name = "Value"; Value = "100nF"; VariantName = "[No Variations]"
Added Component: Designator=C12(CAPACITOR 2012 REFLOW)
Add component. Clean all parameters for all variants
Add component (AddParameter): Name = "Value"; Value = "22uF"; VariantName = "[No Variations]"
Added Component: Designator=C13(CAPACITOR 1608 REFLOW)
Add component. Clean all parameters for all variants
Add component (AddParameter): Name = "Value"; Value = "100nF"; VariantName = "[No Variations]"
Added Component: Designator=C14(CAPACITOR 2012 REFLOW)
Add component. Clean all parameters for all variants
Add component (AddParameter): Name = "Value"; Value = "22uF"; VariantName = "[No Variations]"
Added Component: Designator=C15(CAPACITOR 1608 REFLOW)
Add component. Clean all parameters for all variants
Add component (AddParameter): Name = "Value"; Value = "100nF"; VariantName = "[No Variations]"
Added Component: Designator=C16(CAPACITOR 1608 REFLOW)
Add component. Clean all parameters for all variants
Add component (AddParameter): Name = "Value"; Value = "100nF"; VariantName = "[No Variations]"
Added Component: Designator=C17(CAPACITOR 1608 REFLOW)
Add component. Clean all parameters for all variants
Add component (AddParameter): Name = "Value"; Value = "100nF"; VariantName = "[No Variations]"
Added Component: Designator=C18(CAPACITOR 2012 REFLOW)
Add component. Clean all parameters for all variants
Add component (AddParameter): Name = "Value"; Value = "1uF"; VariantName = "[No Variations]"
Added Component: Designator=C19(CAPACITOR 1608 REFLOW)
Add component. Clean all parameters for all variants
Add component (AddParameter): Name = "Value"; Value = "100nF"; VariantName = "[No Variations]"
Added Component: Designator=C20(CAPACITOR 1608 REFLOW)
Add component. Clean all parameters for all variants
Add component (AddParameter): Name = "Value"; Value = "100nF"; VariantName = "[No Variations]"
Added Component: Designator=C21(CAPACITOR 2012 REFLOW)
Add component. Clean all parameters for all variants
Add component (AddParameter): Name = "Value"; Value = "10uF"; VariantName = "[No Variations]"
Added Component: Designator=C22(CAPACITOR 2012 REFLOW)
Add component. Clean all parameters for all variants
Add component (AddParameter): Name = "Value"; Value = "22uF / X5R / 6.3V"; VariantName = "[No Variations]"
Added Component: Designator=C23(CAPACITOR 2012 REFLOW)
Add component. Clean all parameters for all variants
Add component (AddParameter): Name = "Value"; Value = "22uF / X5R / 6.3V"; VariantName = "[No Variations]"
Added Component: Designator=C24(CAPACITOR 2012 REFLOW)
Add component. Clean all parameters for all variants
Add component (AddParameter): Name = "Value"; Value = "22uF / X5R / 6.3V"; VariantName = "[No Variations]"
Added Component: Designator=C25(CAPACITOR 1608 REFLOW)
Add component. Clean all parameters for all variants
Add component (AddParameter): Name = "Value"; Value = "100nF"; VariantName = "[No Variations]"
Added Component: Designator=C26(CAPACITOR 2012 REFLOW)
Add component. Clean all parameters for all variants
Add component (AddParameter): Name = "Value"; Value = "22uF / X7R / 6.3V"; VariantName = "[No Variations]"
Added Component: Designator=C27(CAPACITOR 2012 REFLOW)
Add component. Clean all parameters for all variants
Add component (AddParameter): Name = "Value"; Value = "22uF / X5R / 6.3V"; VariantName = "[No Variations]"
Added Component: Designator=C28(CAPACITOR 2012 REFLOW)
Add component. Clean all parameters for all variants
Add component (AddParameter): Name = "Value"; Value = "22uF / X5R / 6.3V"; VariantName = "[No Variations]"
Added Component: Designator=C29(CAPACITOR 1608 REFLOW)
Add component. Clean all parameters for all variants
Add component (AddParameter): Name = "Value"; Value = "100n"; VariantName = "[No Variations]"
Added Component: Designator=C30(CAPACITOR 1608 REFLOW)
Add component. Clean all parameters for all variants
Add component (AddParameter): Name = "Value"; Value = "100n"; VariantName = "[No Variations]"
Added Component: Designator=C31(CAPACITOR 1608 REFLOW)
Add component. Clean all parameters for all variants
Add component (AddParameter): Name = "Value"; Value = "100n"; VariantName = "[No Variations]"
Added Component: Designator=C33(CAPACITOR 1608 REFLOW)
Add component. Clean all parameters for all variants
Add component (AddParameter): Name = "Value"; Value = "100nF"; VariantName = "[No Variations]"
Added Component: Designator=C34(CAPACITOR 1608 REFLOW)
Add component. Clean all parameters for all variants
Add component (AddParameter): Name = "Value"; Value = "100nF"; VariantName = "[No Variations]"
Added Component: Designator=C35(CAPACITOR 3216 REFLOW)
Add component. Clean all parameters for all variants
Add component (AddParameter): Name = "Value"; Value = "100uF"; VariantName = "[No Variations]"
Added Component: Designator=C36(CAPACITOR 1608 REFLOW)
Add component. Clean all parameters for all variants
Add component (AddParameter): Name = "Value"; Value = "4.7uF"; VariantName = "[No Variations]"
Added Component: Designator=C37(CAPACITOR 1005 REFLOW)
Add component. Clean all parameters for all variants
Add component (AddParameter): Name = "Value"; Value = "470nF"; VariantName = "[No Variations]"
Added Component: Designator=C38(CAPACITOR 1005 REFLOW)
Add component. Clean all parameters for all variants
Add component (AddParameter): Name = "Value"; Value = "470nF"; VariantName = "[No Variations]"
Added Component: Designator=C39(CAPACITOR 1005 REFLOW)
Add component. Clean all parameters for all variants
Add component (AddParameter): Name = "Value"; Value = "470nF"; VariantName = "[No Variations]"
Added Component: Designator=C40(CAPACITOR 1005 REFLOW)
Add component. Clean all parameters for all variants
Add component (AddParameter): Name = "Value"; Value = "470nF"; VariantName = "[No Variations]"
Added Component: Designator=C41(CAPACITOR 3216 REFLOW)
Add component. Clean all parameters for all variants
Add component (AddParameter): Name = "Value"; Value = "100uF"; VariantName = "[No Variations]"
Added Component: Designator=C42(CAPACITOR 1608 REFLOW)
Add component. Clean all parameters for all variants
Add component (AddParameter): Name = "Value"; Value = "4.7uF"; VariantName = "[No Variations]"
Added Component: Designator=C43(CAPACITOR 1005 REFLOW)
Add component. Clean all parameters for all variants
Add component (AddParameter): Name = "Value"; Value = "470nF"; VariantName = "[No Variations]"
Added Component: Designator=C44(CAPACITOR 1005 REFLOW)
Add component. Clean all parameters for all variants
Add component (AddParameter): Name = "Value"; Value = "470nF"; VariantName = "[No Variations]"
Added Component: Designator=C45(CAPACITOR 1005 REFLOW)
Add component. Clean all parameters for all variants
Add component (AddParameter): Name = "Value"; Value = "470nF"; VariantName = "[No Variations]"
Added Component: Designator=C46(CAPACITOR 1005 REFLOW)
Add component. Clean all parameters for all variants
Add component (AddParameter): Name = "Value"; Value = "470nF"; VariantName = "[No Variations]"
Added Component: Designator=C47(CAPACITOR 3216 REFLOW)
Add component. Clean all parameters for all variants
Add component (AddParameter): Name = "Value"; Value = "100uF"; VariantName = "[No Variations]"
Added Component: Designator=C48(CAPACITOR 3216 REFLOW)
Add component. Clean all parameters for all variants
Add component (AddParameter): Name = "Value"; Value = "100uF"; VariantName = "[No Variations]"
Added Component: Designator=C49(CAPACITOR 1608 REFLOW)
Add component. Clean all parameters for all variants
Add component (AddParameter): Name = "Value"; Value = "4.7uF"; VariantName = "[No Variations]"
Added Component: Designator=C50(CAPACITOR 1608 REFLOW)
Add component. Clean all parameters for all variants
Add component (AddParameter): Name = "Value"; Value = "4.7uF"; VariantName = "[No Variations]"
Added Component: Designator=C51(CAPACITOR 1608 REFLOW)
Add component. Clean all parameters for all variants
Add component (AddParameter): Name = "Value"; Value = "4.7uF"; VariantName = "[No Variations]"
Added Component: Designator=C52(CAPACITOR 1005 REFLOW)
Add component. Clean all parameters for all variants
Add component (AddParameter): Name = "Value"; Value = "470nF"; VariantName = "[No Variations]"
Added Component: Designator=C53(CAPACITOR 1005 REFLOW)
Add component. Clean all parameters for all variants
Add component (AddParameter): Name = "Value"; Value = "470nF"; VariantName = "[No Variations]"
Added Component: Designator=C54(CAPACITOR 1005 REFLOW)
Add component. Clean all parameters for all variants
Add component (AddParameter): Name = "Value"; Value = "470nF"; VariantName = "[No Variations]"
Added Component: Designator=C55(CAPACITOR 1005 REFLOW)
Add component. Clean all parameters for all variants
Add component (AddParameter): Name = "Value"; Value = "470nF"; VariantName = "[No Variations]"
Added Component: Designator=C56(CAPACITOR 1005 REFLOW)
Add component. Clean all parameters for all variants
Add component (AddParameter): Name = "Value"; Value = "470nF"; VariantName = "[No Variations]"
Added Component: Designator=C57(CAPACITOR 1005 REFLOW)
Add component. Clean all parameters for all variants
Add component (AddParameter): Name = "Value"; Value = "470nF"; VariantName = "[No Variations]"
Added Component: Designator=C58(CAPACITOR 3216 REFLOW)
Add component. Clean all parameters for all variants
Add component (AddParameter): Name = "Value"; Value = "100uF"; VariantName = "[No Variations]"
Added Component: Designator=C59(CAPACITOR 1608 REFLOW)
Add component. Clean all parameters for all variants
Add component (AddParameter): Name = "Value"; Value = "4.7uF"; VariantName = "[No Variations]"
Added Component: Designator=C60(CAPACITOR 1005 REFLOW)
Add component. Clean all parameters for all variants
Add component (AddParameter): Name = "Value"; Value = "470nF"; VariantName = "[No Variations]"
Added Component: Designator=C61(CAPACITOR 1005 REFLOW)
Add component. Clean all parameters for all variants
Add component (AddParameter): Name = "Value"; Value = "470nF"; VariantName = "[No Variations]"
Added Component: Designator=C62(CAPACITOR 1005 REFLOW)
Add component. Clean all parameters for all variants
Add component (AddParameter): Name = "Value"; Value = "470nF"; VariantName = "[No Variations]"
Added Component: Designator=C63(CAPACITOR 1005 REFLOW)
Add component. Clean all parameters for all variants
Add component (AddParameter): Name = "Value"; Value = "470nF"; VariantName = "[No Variations]"
Added Component: Designator=C64(CAPACITOR 3216 REFLOW)
Add component. Clean all parameters for all variants
Add component (AddParameter): Name = "Value"; Value = "100uF"; VariantName = "[No Variations]"
Added Component: Designator=C65(CAPACITOR 1608 REFLOW)
Add component. Clean all parameters for all variants
Add component (AddParameter): Name = "Value"; Value = "4.7uF"; VariantName = "[No Variations]"
Added Component: Designator=C66(CAPACITOR 1608 REFLOW)
Add component. Clean all parameters for all variants
Add component (AddParameter): Name = "Value"; Value = "4.7uF"; VariantName = "[No Variations]"
Added Component: Designator=C67(CAPACITOR 1005 REFLOW)
Add component. Clean all parameters for all variants
Add component (AddParameter): Name = "Value"; Value = "470nF"; VariantName = "[No Variations]"
Added Component: Designator=C68(CAPACITOR 1005 REFLOW)
Add component. Clean all parameters for all variants
Add component (AddParameter): Name = "Value"; Value = "470nF"; VariantName = "[No Variations]"
Added Component: Designator=C69(CAPACITOR 1005 REFLOW)
Add component. Clean all parameters for all variants
Add component (AddParameter): Name = "Value"; Value = "470nF"; VariantName = "[No Variations]"
Added Component: Designator=C70(CAPACITOR 1005 REFLOW)
Add component. Clean all parameters for all variants
Add component (AddParameter): Name = "Value"; Value = "470nF"; VariantName = "[No Variations]"
Added Component: Designator=C71(CAPACITOR 3216 REFLOW)
Add component. Clean all parameters for all variants
Add component (AddParameter): Name = "Value"; Value = "100uF"; VariantName = "[No Variations]"
Added Component: Designator=C72(CAPACITOR 1608 REFLOW)
Add component. Clean all parameters for all variants
Add component (AddParameter): Name = "Value"; Value = "4.7uF"; VariantName = "[No Variations]"
Added Component: Designator=C73(CAPACITOR 1005 REFLOW)
Add component. Clean all parameters for all variants
Add component (AddParameter): Name = "Value"; Value = "470nF"; VariantName = "[No Variations]"
Added Component: Designator=C74(CAPACITOR 1005 REFLOW)
Add component. Clean all parameters for all variants
Add component (AddParameter): Name = "Value"; Value = "470nF"; VariantName = "[No Variations]"
Added Component: Designator=C75(CAPACITOR 1005 REFLOW)
Add component. Clean all parameters for all variants
Add component (AddParameter): Name = "Value"; Value = "470nF"; VariantName = "[No Variations]"
Added Component: Designator=C76(CAPACITOR 1005 REFLOW)
Add component. Clean all parameters for all variants
Add component (AddParameter): Name = "Value"; Value = "470nF"; VariantName = "[No Variations]"
Added Component: Designator=C?(CAPACITOR 1608 REFLOW)
Add component. Clean all parameters for all variants
Add component (AddParameter): Name = "Value"; Value = "100nF"; VariantName = "[No Variations]"
Added Component: Designator=D1(DIODE SOD323 REFLOW)
Add component. Clean all parameters for all variants
Add component (AddParameter): Name = "Value"; Value = "1N4148"; VariantName = "[No Variations]"
Added Component: Designator=D2(DIODE SOD323 REFLOW)
Add component. Clean all parameters for all variants
Add component (AddParameter): Name = "Value"; Value = "1N4148"; VariantName = "[No Variations]"
Added Component: Designator=IC1(QFP50P900X900X105-48N)
Add component. Clean all parameters for all variants
Add component (AddParameter): Name = "Arrow Part Number"; Value = "KSZ8041TL"; VariantName = "[No Variations]"
Add component (AddParameter): Name = "Arrow Price/Stock"; Value = "https://www.arrow.com/en/products/ksz8041tl/microchip-technology"; VariantName = "[No Variations]"
Add component (AddParameter): Name = "Datasheet Link"; Value = "http://www.microchip.com/mymicrochip/filehandler.aspx?ddocname=en581559"; VariantName = "[No Variations]"
Add component (AddParameter): Name = "Height"; Value = "1.05mm"; VariantName = "[No Variations]"
Add component (AddParameter): Name = "Manufacturer_Name"; Value = "Microchip"; VariantName = "[No Variations]"
Add component (AddParameter): Name = "Manufacturer_Part_Number"; Value = "KSZ8041TL"; VariantName = "[No Variations]"
Add component (AddParameter): Name = "Mouser Part Number"; Value = "998-KSZ8041TL"; VariantName = "[No Variations]"
Add component (AddParameter): Name = "Mouser Price/Stock"; Value = "https://www.mouser.co.uk/ProductDetail/Microchip-Technology-Micrel/KSZ8041TL?qs=kh6iOki%2FeLG3fBvp35yNQw%3D%3D"; VariantName = "[No Variations]"
Added Component: Designator=IC2(SOT95P280X130-5N)
Add component. Clean all parameters for all variants
Add component (AddParameter): Name = "Arrow Part Number"; Value = "RP402N501F-TR-FE"; VariantName = "[No Variations]"
Add component (AddParameter): Name = "Arrow Price/Stock"; Value = "https://www.arrow.com/en/products/rp402n501f-tr-fe/ricoh-electronic-devices-company"; VariantName = "[No Variations]"
Add component (AddParameter): Name = "Datasheet Link"; Value = "https://www.arrow.com/en/products/rp402n501f-tr-fe/ricoh-electronic-devices-company"; VariantName = "[No Variations]"
Add component (AddParameter): Name = "Height"; Value = "1.3mm"; VariantName = "[No Variations]"
Add component (AddParameter): Name = "Manufacturer_Name"; Value = "Ricoh"; VariantName = "[No Variations]"
Add component (AddParameter): Name = "Manufacturer_Part_Number"; Value = "RP402N501F-TR-FE"; VariantName = "[No Variations]"
Add component (AddParameter): Name = "Mouser Part Number"; Value = "848-RP402N501F-TR-FE"; VariantName = "[No Variations]"
Add component (AddParameter): Name = "Mouser Price/Stock"; Value = "https://www.mouser.co.uk/ProductDetail/Ricoh-Electronic-Devices-Company/RP402N501F-TR-FE?qs=ilL34mSzaLj3p4B9FaWLxQ%3D%3D"; VariantName = "[No Variations]"
Added Component: Designator=IC3(SOT95P280X145-5N)
Add component. Clean all parameters for all variants
Add component (AddParameter): Name = "Arrow Part Number"; Value = "SC189ZSKTRT"; VariantName = "[No Variations]"
Add component (AddParameter): Name = "Arrow Price/Stock"; Value = "https://www.arrow.com/en/products/sc189zsktrt/semtech"; VariantName = "[No Variations]"
Add component (AddParameter): Name = "Datasheet Link"; Value = "http://www.semtech.com/images/datasheet/sc189.pdf"; VariantName = "[No Variations]"
Add component (AddParameter): Name = "Height"; Value = "1.45mm"; VariantName = "[No Variations]"
Add component (AddParameter): Name = "Manufacturer_Name"; Value = "SEMTECH"; VariantName = "[No Variations]"
Add component (AddParameter): Name = "Manufacturer_Part_Number"; Value = "SC189ZSKTRT"; VariantName = "[No Variations]"
Add component (AddParameter): Name = "Mouser Part Number"; Value = "947-SC189ZSKTRT"; VariantName = "[No Variations]"
Add component (AddParameter): Name = "Mouser Price/Stock"; Value = "https://www.mouser.co.uk/ProductDetail/Semtech/SC189ZSKTRT/?qs=rBWM4%252BvDhIck0D%2FgoUNMIQ%3D%3D"; VariantName = "[No Variations]"
Added Component: Designator=IC4(SON50P300X300X85-11N)
Add component. Clean all parameters for all variants
Add component (AddParameter): Name = "Arrow Part Number"; Value = "ADP2119ACPZ-1.2-R7"; VariantName = "[No Variations]"
Add component (AddParameter): Name = "Arrow Price/Stock"; Value = "https://www.arrow.com/en/products/adp2119acpz-1.2-r7/analog-devices"; VariantName = "[No Variations]"
Add component (AddParameter): Name = "Datasheet Link"; Value = ""; VariantName = "[No Variations]"
Add component (AddParameter): Name = "Manufacturer_Name"; Value = "Analog Devices"; VariantName = "[No Variations]"
Add component (AddParameter): Name = "Manufacturer_Part_Number"; Value = "ADP2119ACPZ-1.2-R7"; VariantName = "[No Variations]"
Add component (AddParameter): Name = "Mouser Part Number"; Value = "584-ADP2119ACPZ1.2R7"; VariantName = "[No Variations]"
Add component (AddParameter): Name = "Mouser Price/Stock"; Value = "https://www.mouser.co.uk/ProductDetail/Analog-Devices/ADP2119ACPZ-12-R7?qs=WIvQP4zGanjkVnaXN%2F8Aww%3D%3D"; VariantName = "[No Variations]"
Added Component: Designator=J1(ERNI SMC-B50-SMD-BA)
Add component. Clean all parameters for all variants
Added Component: Designator=J2(ERNI SMC-B50-SMD-BA)
Add component. Clean all parameters for all variants
Added Component: Designator=J3(FlatCable2x5 2MM Straight TH FCI 98414-G06-10ULF)
Add component. Clean all parameters for all variants
Added Component: Designator=J4(DIN41612 MALE 3X32 ABC R90)
Add component. Clean all parameters for all variants
Add component (AddParameter): Name = "Manufacturer"; Value = "Harting"; VariantName = "[No Variations]"
Add component (AddParameter): Name = "Mouser No."; Value = "617-09-03-196-6921"; VariantName = "[No Variations]"
Add component (AddParameter): Name = "Value"; Value = "09031966921"; VariantName = "[No Variations]"
Added Component: Designator=J5(USB-B TH AMPHENOL UE27-BC54-130)
Add component. Clean all parameters for all variants
Added Component: Designator=J6(RJ45 PULSE J0011D21BNL)
Add component. Clean all parameters for all variants
Add component (AddParameter): Name = "Supplier 1"; Value = "Mouser"; VariantName = "[No Variations]"
Add component (AddParameter): Name = "Supplier Part Number 1"; Value = "673-J0011D21BNL"; VariantName = "[No Variations]"
Add component (AddParameter): Name = "Value"; Value = "RJ45-PULSE-J0011D21BNL"; VariantName = "[No Variations]"
Added Component: Designator=J7(PinHeader1x3 P2.54)
Add component. Clean all parameters for all variants
Add component (AddParameter): Name = "Value"; Value = ""; VariantName = "[No Variations]"
Added Component: Designator=J8(PinHeader1x3 P2.54)
Add component. Clean all parameters for all variants
Add component (AddParameter): Name = "Value"; Value = ""; VariantName = "[No Variations]"
Added Component: Designator=J9(PinHeader1x3 P2.54)
Add component. Clean all parameters for all variants
Add component (AddParameter): Name = "Value"; Value = ""; VariantName = "[No Variations]"
Added Component: Designator=JP1(JUMPER3 TH)
Add component. Clean all parameters for all variants
Add component (AddParameter): Name = "Value"; Value = "{Value}"; VariantName = "[No Variations]"
Added Component: Designator=JP2(JUMPER3 TH)
Add component. Clean all parameters for all variants
Add component (AddParameter): Name = "Value"; Value = "{Value}"; VariantName = "[No Variations]"
Added Component: Designator=JP3(JUMPER3 TH)
Add component. Clean all parameters for all variants
Add component (AddParameter): Name = "Value"; Value = "{Value}"; VariantName = "[No Variations]"
Added Component: Designator=JP4(JUMPER3 TH)
Add component. Clean all parameters for all variants
Add component (AddParameter): Name = "Value"; Value = "{Value}"; VariantName = "[No Variations]"
Added Component: Designator=L1(TDK VLCF5020-1)
Add component. Clean all parameters for all variants
Add component (AddParameter): Name = "Name"; Value = "NRS5020T2R2NMGJ"; VariantName = "[No Variations]"
Add component (AddParameter): Name = "Value"; Value = "2.2uF"; VariantName = "[No Variations]"
Added Component: Designator=L2(TDK VLCF5020-1)
Add component. Clean all parameters for all variants
Add component (AddParameter): Name = "Name"; Value = "74437334022"; VariantName = "[No Variations]"
Add component (AddParameter): Name = "Value"; Value = "2.2uH"; VariantName = "[No Variations]"
Added Component: Designator=L3(TDK VLCF5020-1)
Add component. Clean all parameters for all variants
Add component (AddParameter): Name = "Name"; Value = "74437334015"; VariantName = "[No Variations]"
Add component (AddParameter): Name = "Value"; Value = "1.5uH"; VariantName = "[No Variations]"
Added Component: Designator=LD1(LED 1608 REFLOW)
Add component. Clean all parameters for all variants
Add component (AddParameter): Name = "Value"; Value = ""; VariantName = "[No Variations]"
Added Component: Designator=LD2(LED 1608 REFLOW)
Add component. Clean all parameters for all variants
Add component (AddParameter): Name = "Value"; Value = ""; VariantName = "[No Variations]"
Added Component: Designator=LD3(LED 1608 REFLOW)
Add component. Clean all parameters for all variants
Add component (AddParameter): Name = "Value"; Value = ""; VariantName = "[No Variations]"
Added Component: Designator=LD4(LED Dialight 568-0721-111)
Add component. Clean all parameters for all variants
Add component (AddParameter): Name = "Manufacturer"; Value = "Dialight"; VariantName = "[No Variations]"
Add component (AddParameter): Name = "Mouser No."; Value = "645-568-0721-111F"; VariantName = "[No Variations]"
Add component (AddParameter): Name = "Value"; Value = "568-0721-111F"; VariantName = "[No Variations]"
Added Component: Designator=LD5(LED Dialight 568-0721-111)
Add component. Clean all parameters for all variants
Add component (AddParameter): Name = "Manufacturer"; Value = "Dialight"; VariantName = "[No Variations]"
Add component (AddParameter): Name = "Mouser No."; Value = "645-568-0721-111F"; VariantName = "[No Variations]"
Add component (AddParameter): Name = "Value"; Value = "568-0721-111F"; VariantName = "[No Variations]"
Added Component: Designator=R1(RESISTOR 1608 REFLOW)
Add component. Clean all parameters for all variants
Add component (AddParameter): Name = "Value"; Value = "10k"; VariantName = "[No Variations]"
Added Component: Designator=R2(RESISTOR 1608 REFLOW)
Add component. Clean all parameters for all variants
Add component (AddParameter): Name = "Value"; Value = "10k"; VariantName = "[No Variations]"
Added Component: Designator=R3(RESISTOR 1608 REFLOW)
Add component. Clean all parameters for all variants
Add component (AddParameter): Name = "Value"; Value = "10k"; VariantName = "[No Variations]"
Added Component: Designator=R4(RESISTOR 1608 REFLOW)
Add component. Clean all parameters for all variants
Add component (AddParameter): Name = "Value"; Value = "10k"; VariantName = "[No Variations]"
Added Component: Designator=R5(RESISTOR 2012 REFLOW)
Add component. Clean all parameters for all variants
Add component (AddParameter): Name = "Value"; Value = "330"; VariantName = "[No Variations]"
Added Component: Designator=R6(RESISTOR 2012 REFLOW)
Add component. Clean all parameters for all variants
Add component (AddParameter): Name = "Value"; Value = "330"; VariantName = "[No Variations]"
Added Component: Designator=R7(RESISTOR 1608 REFLOW)
Add component. Clean all parameters for all variants
Add component (AddParameter): Name = "Value"; Value = "Ferrite"; VariantName = "[No Variations]"
Added Component: Designator=R8(RESISTOR 1608 REFLOW)
Add component. Clean all parameters for all variants
Add component (AddParameter): Name = "Value"; Value = "4k7"; VariantName = "[No Variations]"
Added Component: Designator=R9(RESISTOR 1608 REFLOW)
Add component. Clean all parameters for all variants
Add component (AddParameter): Name = "Value"; Value = "4k7"; VariantName = "[No Variations]"
Added Component: Designator=R10(RESISTOR 1608 REFLOW)
Add component. Clean all parameters for all variants
Add component (AddParameter): Name = "Value"; Value = "10k"; VariantName = "[No Variations]"
Added Component: Designator=R11(RESISTOR 1608 REFLOW)
Add component. Clean all parameters for all variants
Add component (AddParameter): Name = "Value"; Value = "nm"; VariantName = "[No Variations]"
Added Component: Designator=R12(RESISTOR 1608 REFLOW)
Add component. Clean all parameters for all variants
Add component (AddParameter): Name = "Value"; Value = "nm"; VariantName = "[No Variations]"
Added Component: Designator=R13(RESISTOR 1608 REFLOW)
Add component. Clean all parameters for all variants
Add component (AddParameter): Name = "Value"; Value = "4.7k"; VariantName = "[No Variations]"
Added Component: Designator=R14(RESISTOR 1608 REFLOW)
Add component. Clean all parameters for all variants
Add component (AddParameter): Name = "Socket"; Value = "1005"; VariantName = "[No Variations]"
Add component (AddParameter): Name = "Value"; Value = "0"; VariantName = "[No Variations]"
Added Component: Designator=R15(RESISTOR 1608 REFLOW)
Add component. Clean all parameters for all variants
Add component (AddParameter): Name = "Socket"; Value = "1608"; VariantName = "[No Variations]"
Add component (AddParameter): Name = "Value"; Value = "49.9"; VariantName = "[No Variations]"
Add component (AddParameter): Name = "W"; Value = "100mW"; VariantName = "[No Variations]"
Added Component: Designator=R16(RESISTOR 1608 REFLOW)
Add component. Clean all parameters for all variants
Add component (AddParameter): Name = "Socket"; Value = "1608"; VariantName = "[No Variations]"
Add component (AddParameter): Name = "Value"; Value = "49.9"; VariantName = "[No Variations]"
Add component (AddParameter): Name = "W"; Value = "100mW"; VariantName = "[No Variations]"
Added Component: Designator=R17(RESISTOR 1608 REFLOW)
Add component. Clean all parameters for all variants
Add component (AddParameter): Name = "Socket"; Value = "1608"; VariantName = "[No Variations]"
Add component (AddParameter): Name = "Value"; Value = "49.9"; VariantName = "[No Variations]"
Add component (AddParameter): Name = "W"; Value = "100mW"; VariantName = "[No Variations]"
Added Component: Designator=R18(RESISTOR 1608 REFLOW)
Add component. Clean all parameters for all variants
Add component (AddParameter): Name = "Socket"; Value = "1608"; VariantName = "[No Variations]"
Add component (AddParameter): Name = "Value"; Value = "49.9"; VariantName = "[No Variations]"
Add component (AddParameter): Name = "W"; Value = "100mW"; VariantName = "[No Variations]"
Added Component: Designator=R19(RESISTOR 1608 REFLOW)
Add component. Clean all parameters for all variants
Add component (AddParameter): Name = "Value"; Value = "6.49k"; VariantName = "[No Variations]"
Added Component: Designator=R20(RESISTOR 1608 REFLOW)
Add component. Clean all parameters for all variants
Add component (AddParameter): Name = "Value"; Value = "330"; VariantName = "[No Variations]"
Add component (AddParameter): Name = "W"; Value = "100mW"; VariantName = "[No Variations]"
Added Component: Designator=R21(RESISTOR 1608 REFLOW)
Add component. Clean all parameters for all variants
Add component (AddParameter): Name = "Value"; Value = "330"; VariantName = "[No Variations]"
Add component (AddParameter): Name = "W"; Value = "100mW"; VariantName = "[No Variations]"
Added Component: Designator=R22(RESISTOR 1608 REFLOW)
Add component. Clean all parameters for all variants
Add component (AddParameter): Name = "Value"; Value = "Ferrite"; VariantName = "[No Variations]"
Added Component: Designator=R23(RESISTOR 1608 REFLOW)
Add component. Clean all parameters for all variants
Add component (AddParameter): Name = "Socket"; Value = "1005"; VariantName = "[No Variations]"
Add component (AddParameter): Name = "Value"; Value = "10M"; VariantName = "[No Variations]"
Added Component: Designator=R24(RESISTOR 1608 REFLOW)
Add component. Clean all parameters for all variants
Add component (AddParameter): Name = "Value"; Value = "Ferrite"; VariantName = "[No Variations]"
Added Component: Designator=R25(RESISTOR 1608 REFLOW)
Add component. Clean all parameters for all variants
Add component (AddParameter): Name = "Value"; Value = "Ferrite"; VariantName = "[No Variations]"
Added Component: Designator=R26(RESISTOR 2012 REFLOW)
Add component. Clean all parameters for all variants
Add component (AddParameter): Name = "Value"; Value = "NC"; VariantName = "[No Variations]"
Added Component: Designator=R27(RESISTOR 2012 REFLOW)
Add component. Clean all parameters for all variants
Add component (AddParameter): Name = "Value"; Value = "0"; VariantName = "[No Variations]"
Added Component: Designator=R28(RESISTOR 2012 REFLOW)
Add component. Clean all parameters for all variants
Add component (AddParameter): Name = "Value"; Value = "0"; VariantName = "[No Variations]"
Added Component: Designator=R29(RESISTOR 2012 REFLOW)
Add component. Clean all parameters for all variants
Add component (AddParameter): Name = "Value"; Value = "4.7k"; VariantName = "[No Variations]"
Added Component: Designator=R30(RESISTOR 1608 REFLOW)
Add component. Clean all parameters for all variants
Add component (AddParameter): Name = "Value"; Value = "10k"; VariantName = "[No Variations]"
Added Component: Designator=R31(RESISTOR 1608 REFLOW)
Add component. Clean all parameters for all variants
Add component (AddParameter): Name = "Value"; Value = "10k"; VariantName = "[No Variations]"
Added Component: Designator=R32(RESISTOR 1608 REFLOW)
Add component. Clean all parameters for all variants
Add component (AddParameter): Name = "Value"; Value = "10k"; VariantName = "[No Variations]"
Added Component: Designator=R33(RESISTOR 1608 REFLOW)
Add component. Clean all parameters for all variants
Add component (AddParameter): Name = "Value"; Value = "100"; VariantName = "[No Variations]"
Added Component: Designator=R34(RESISTOR 2012 REFLOW)
Add component. Clean all parameters for all variants
Add component (AddParameter): Name = "Value"; Value = "4.7k"; VariantName = "[No Variations]"
Added Component: Designator=R35(RESISTOR 2012 REFLOW)
Add component. Clean all parameters for all variants
Add component (AddParameter): Name = "Value"; Value = "330"; VariantName = "[No Variations]"
Added Component: Designator=R36(RESISTOR 2012 REFLOW)
Add component. Clean all parameters for all variants
Add component (AddParameter): Name = "Value"; Value = "4.7k"; VariantName = "[No Variations]"
Added Component: Designator=R37(RESISTOR 2012 REFLOW)
Add component. Clean all parameters for all variants
Add component (AddParameter): Name = "Value"; Value = "100"; VariantName = "[No Variations]"
Added Component: Designator=R38(RESISTOR 1608 REFLOW)
Add component. Clean all parameters for all variants
Add component (AddParameter): Name = "Value"; Value = "100"; VariantName = "[No Variations]"
Added Component: Designator=R39(RESISTOR 2012 REFLOW)
Add component. Clean all parameters for all variants
Add component (AddParameter): Name = "Value"; Value = "10"; VariantName = "[No Variations]"
Added Component: Designator=R40(RESISTOR 2012 REFLOW)
Add component. Clean all parameters for all variants
Add component (AddParameter): Name = "Value"; Value = "10k"; VariantName = "[No Variations]"
Added Component: Designator=R41(RESISTOR 1608 REFLOW)
Add component. Clean all parameters for all variants
Add component (AddParameter): Name = "Value"; Value = "120R"; VariantName = "[No Variations]"
Added Component: Designator=R42(RESISTOR 1608 REFLOW)
Add component. Clean all parameters for all variants
Add component (AddParameter): Name = "Value"; Value = "120R"; VariantName = "[No Variations]"
Added Component: Designator=R43(RESISTOR 1608 REFLOW)
Add component. Clean all parameters for all variants
Add component (AddParameter): Name = "Value"; Value = "120R"; VariantName = "[No Variations]"
Added Component: Designator=R44(RESISTOR 1608 REFLOW)
Add component. Clean all parameters for all variants
Add component (AddParameter): Name = "Value"; Value = "120R"; VariantName = "[No Variations]"
Added Component: Designator=R45(RESISTOR 1608 REFLOW)
Add component. Clean all parameters for all variants
Add component (AddParameter): Name = "Value"; Value = "120R"; VariantName = "[No Variations]"
Added Component: Designator=R46(RESISTOR 1608 REFLOW)
Add component. Clean all parameters for all variants
Add component (AddParameter): Name = "Value"; Value = "120R"; VariantName = "[No Variations]"
Added Component: Designator=R47(RESISTOR 1608 REFLOW)
Add component. Clean all parameters for all variants
Add component (AddParameter): Name = "Value"; Value = "120R"; VariantName = "[No Variations]"
Added Component: Designator=R48(RESISTOR 1608 REFLOW)
Add component. Clean all parameters for all variants
Add component (AddParameter): Name = "Value"; Value = "120R"; VariantName = "[No Variations]"
Added Component: Designator=R49(RESISTOR 2012 REFLOW)
Add component. Clean all parameters for all variants
Add component (AddParameter): Name = "Value"; Value = "470R"; VariantName = "[No Variations]"
Added Component: Designator=R50(RESISTOR 2012 REFLOW)
Add component. Clean all parameters for all variants
Add component (AddParameter): Name = "Value"; Value = "470R"; VariantName = "[No Variations]"
Added Component: Designator=R51(RESISTOR 2012 REFLOW)
Add component. Clean all parameters for all variants
Add component (AddParameter): Name = "Value"; Value = "470R"; VariantName = "[No Variations]"
Added Component: Designator=R52(RESISTOR 2012 REFLOW)
Add component. Clean all parameters for all variants
Add component (AddParameter): Name = "Value"; Value = "10k"; VariantName = "[No Variations]"
Added Component: Designator=R53(RESISTOR 2012 REFLOW)
Add component. Clean all parameters for all variants
Add component (AddParameter): Name = "Value"; Value = "10k"; VariantName = "[No Variations]"
Added Component: Designator=R54(RESISTOR 2012 REFLOW)
Add component. Clean all parameters for all variants
Add component (AddParameter): Name = "Value"; Value = "10k"; VariantName = "[No Variations]"
Added Component: Designator=R55(RESISTOR 2012 REFLOW)
Add component. Clean all parameters for all variants
Add component (AddParameter): Name = "Value"; Value = "10k"; VariantName = "[No Variations]"
Added Component: Designator=R56(RESISTOR 2012 REFLOW)
Add component. Clean all parameters for all variants
Add component (AddParameter): Name = "Value"; Value = "0"; VariantName = "[No Variations]"
Added Component: Designator=R57(RESISTOR 2012 REFLOW)
Add component. Clean all parameters for all variants
Add component (AddParameter): Name = "Value"; Value = "NC"; VariantName = "[No Variations]"
Added Component: Designator=R?(RESISTOR 1608 REFLOW)
Add component. Clean all parameters for all variants
Add component (AddParameter): Name = "Value"; Value = "0"; VariantName = "[No Variations]"
Added Component: Designator=R?(RESISTOR 1608 REFLOW)
Add component. Clean all parameters for all variants
Add component (AddParameter): Name = "Value"; Value = "0"; VariantName = "[No Variations]"
Added Component: Designator=R?(RESISTOR 1608 REFLOW)
Add component. Clean all parameters for all variants
Add component (AddParameter): Name = "Value"; Value = "0"; VariantName = "[No Variations]"
Added Component: Designator=S1(Push Button C2.5X3.0 OMRON B3U-1000P(M)-B)
Add component. Clean all parameters for all variants
Add component (AddParameter): Name = "Value"; Value = ""; VariantName = "[No Variations]"
Added Component: Designator=S2(Push Button C2.5X3.0 OMRON B3U-1000P(M)-B)
Add component. Clean all parameters for all variants
Add component (AddParameter): Name = "Value"; Value = ""; VariantName = "[No Variations]"
Added Component: Designator=S3(Push Button C7.1x3.7 TE FSMRA4JH)
Add component. Clean all parameters for all variants
Add component (AddParameter): Name = "Manufacturer"; Value = "TE Connectivity / Alcoswitch"; VariantName = "[No Variations]"
Add component (AddParameter): Name = "Mouser No."; Value = "506-FSMRA4JH04"; VariantName = "[No Variations]"
Add component (AddParameter): Name = "Value"; Value = "FSMRA4JH04"; VariantName = "[No Variations]"
Added Component: Designator=S4(Push Button C7.1x3.7 TE FSMRA4JH)
Add component. Clean all parameters for all variants
Add component (AddParameter): Name = "Manufacturer"; Value = "TE Connectivity / Alcoswitch"; VariantName = "[No Variations]"
Add component (AddParameter): Name = "Mouser No."; Value = "506-FSMRA4JH04"; VariantName = "[No Variations]"
Add component (AddParameter): Name = "Value"; Value = "FSMRA4JH04"; VariantName = "[No Variations]"
Added Component: Designator=S5(Push Button C7.1x3.7 TE FSMRA4JH)
Add component. Clean all parameters for all variants
Add component (AddParameter): Name = "Manufacturer"; Value = "TE Connectivity / Alcoswitch"; VariantName = "[No Variations]"
Add component (AddParameter): Name = "Mouser No."; Value = "506-FSMRA4JH04"; VariantName = "[No Variations]"
Add component (AddParameter): Name = "Value"; Value = "FSMRA4JH04"; VariantName = "[No Variations]"
Added Component: Designator=S6(DIP SWITCH MULTICOMP  MCDHN-04F)
Add component. Clean all parameters for all variants
Add component (AddParameter): Name = "Value"; Value = ""; VariantName = "[No Variations]"
Added Component: Designator=U1(QFN32 P0.5 T3.2x3.2 C5.0X5.0 H1.0)
Add component. Clean all parameters for all variants
Add component (AddParameter): Name = "Value"; Value = "FT232RQ"; VariantName = "[No Variations]"
Added Component: Designator=U2(BGA484 P1.0 C23X23 H2.2)
Add component. Clean all parameters for all variants
Add component (AddParameter): Name = "Value"; Value = "XC6SLX75-FG484"; VariantName = "[No Variations]"
Added Component: Designator=U3(SO8 P1.27 C4.0X5.0 H1.75)
Add component. Clean all parameters for all variants
Add component (AddParameter): Name = "Value"; Value = "IS25LP064D-JB"; VariantName = "[No Variations]"
Added Component: Designator=X1(Oscillator C5.2x7.2 IQD LFSPXO)
Add component. Clean all parameters for all variants
Add component (AddParameter): Name = "Freq"; Value = "25MHz"; VariantName = "[No Variations]"
Add component (AddParameter): Name = "Value"; Value = "831019170"; VariantName = "[No Variations]"
Added Component: Designator=X2(Oscillator C5.2x7.2 IQD LFSPXO)
Add component. Clean all parameters for all variants
Add component (AddParameter): Name = "MouserNumber"; Value = "710-831022731"; VariantName = "[No Variations]"
Add component (AddParameter): Name = "Value"; Value = "831022731"; VariantName = "[No Variations]"
Added Pin To Net: NetName=GND_D Pin=C1-1
Added Pin To Net: NetName=NetC1_2 Pin=C1-2
Added Pin To Net: NetName=GND_D Pin=C2-1
Added Pin To Net: NetName=NetC2_2 Pin=C2-2
Added Pin To Net: NetName=GND_D Pin=C3-1
Added Pin To Net: NetName=+3V3_D Pin=C3-2
Added Pin To Net: NetName=GND_D Pin=C4-1
Added Pin To Net: NetName=ETH_R\S\T\ Pin=C4-2
Added Pin To Net: NetName=GND_D Pin=C5-1
Added Pin To Net: NetName=NetC5_2 Pin=C5-2
Added Pin To Net: NetName=GND_D Pin=C6-1
Added Pin To Net: NetName=NetC6_2 Pin=C6-2
Added Pin To Net: NetName=GND_D Pin=C7-1
Added Pin To Net: NetName=NetC7_2 Pin=C7-2
Added Pin To Net: NetName=NetC8_1 Pin=C8-1
Added Pin To Net: NetName=GND_D Pin=C8-2
Added Pin To Net: NetName=GND_D Pin=C9-1
Added Pin To Net: NetName=GND_ETH Pin=C9-2
Added Pin To Net: NetName=GND_D Pin=C10-1
Added Pin To Net: NetName=VDDA1V8 Pin=C10-2
Added Pin To Net: NetName=GND_D Pin=C11-1
Added Pin To Net: NetName=VDDA1V8 Pin=C11-2
Added Pin To Net: NetName=GND_D Pin=C12-1
Added Pin To Net: NetName=+3V3_D Pin=C12-2
Added Pin To Net: NetName=GND_D Pin=C13-1
Added Pin To Net: NetName=+3V3_D Pin=C13-2
Added Pin To Net: NetName=GND_D Pin=C14-1
Added Pin To Net: NetName=VDDA3V3 Pin=C14-2
Added Pin To Net: NetName=GND_D Pin=C15-1
Added Pin To Net: NetName=VDDA3V3 Pin=C15-2
Added Pin To Net: NetName=GND_D Pin=C16-1
Added Pin To Net: NetName=VDDA3V3 Pin=C16-2
Added Pin To Net: NetName=GND_D Pin=C17-1
Added Pin To Net: NetName=VDDA3V3 Pin=C17-2
Added Pin To Net: NetName=GND_D Pin=C18-1
Added Pin To Net: NetName=VDD1V8_OUT Pin=C18-2
Added Pin To Net: NetName=GND_D Pin=C19-1
Added Pin To Net: NetName=VDD1V8_OUT Pin=C19-2
Added Pin To Net: NetName=GND_D Pin=C20-1
Added Pin To Net: NetName=VDD1V8 Pin=C20-2
Added Pin To Net: NetName=GND_D Pin=C21-1
Added Pin To Net: NetName=+3V3_BACKPLANE Pin=C21-2
Added Pin To Net: NetName=GND_D Pin=C22-1
Added Pin To Net: NetName=+5V_BACKPLANE Pin=C22-2
Added Pin To Net: NetName=GND_D Pin=C23-1
Added Pin To Net: NetName=+5V _USB Pin=C23-2
Added Pin To Net: NetName=GND_D Pin=C24-1
Added Pin To Net: NetName=+3V3_USB Pin=C24-2
Added Pin To Net: NetName=NetC25_1 Pin=C25-1
Added Pin To Net: NetName=GND_D Pin=C25-2
Added Pin To Net: NetName=GND_D Pin=C26-1
Added Pin To Net: NetName=NetC26_2 Pin=C26-2
Added Pin To Net: NetName=GND_D Pin=C27-1
Added Pin To Net: NetName=GND_D Pin=C28-1
Added Pin To Net: NetName=GND_D Pin=C29-1
Added Pin To Net: NetName=NetC29_2 Pin=C29-2
Added Pin To Net: NetName=GND_D Pin=C30-1
Added Pin To Net: NetName=NetC30_2 Pin=C30-2
Added Pin To Net: NetName=GND_D Pin=C31-1
Added Pin To Net: NetName=NetC31_2 Pin=C31-2
Added Pin To Net: NetName=GND_D Pin=C33-1
Added Pin To Net: NetName=HARDRESET_N Pin=C33-2
Added Pin To Net: NetName=GND_D Pin=C34-1
Added Pin To Net: NetName=+3V3_D Pin=C35-1
Added Pin To Net: NetName=GND_D Pin=C35-2
Added Pin To Net: NetName=+3V3_D Pin=C36-1
Added Pin To Net: NetName=GND_D Pin=C36-2
Added Pin To Net: NetName=+3V3_D Pin=C37-1
Added Pin To Net: NetName=GND_D Pin=C37-2
Added Pin To Net: NetName=+3V3_D Pin=C38-1
Added Pin To Net: NetName=GND_D Pin=C38-2
Added Pin To Net: NetName=+3V3_D Pin=C39-1
Added Pin To Net: NetName=GND_D Pin=C39-2
Added Pin To Net: NetName=+3V3_D Pin=C40-1
Added Pin To Net: NetName=GND_D Pin=C40-2
Added Pin To Net: NetName=+3V3_D Pin=C41-1
Added Pin To Net: NetName=GND_D Pin=C41-2
Added Pin To Net: NetName=+3V3_D Pin=C42-1
Added Pin To Net: NetName=GND_D Pin=C42-2
Added Pin To Net: NetName=+3V3_D Pin=C43-1
Added Pin To Net: NetName=GND_D Pin=C43-2
Added Pin To Net: NetName=+3V3_D Pin=C44-1
Added Pin To Net: NetName=GND_D Pin=C44-2
Added Pin To Net: NetName=+3V3_D Pin=C45-1
Added Pin To Net: NetName=GND_D Pin=C45-2
Added Pin To Net: NetName=+3V3_D Pin=C46-1
Added Pin To Net: NetName=GND_D Pin=C46-2
Added Pin To Net: NetName=+1.2V_CORE Pin=C47-1
Added Pin To Net: NetName=GND_D Pin=C47-2
Added Pin To Net: NetName=+1.2V_CORE Pin=C48-1
Added Pin To Net: NetName=GND_D Pin=C48-2
Added Pin To Net: NetName=+1.2V_CORE Pin=C49-1
Added Pin To Net: NetName=GND_D Pin=C49-2
Added Pin To Net: NetName=+1.2V_CORE Pin=C50-1
Added Pin To Net: NetName=GND_D Pin=C50-2
Added Pin To Net: NetName=+1.2V_CORE Pin=C51-1
Added Pin To Net: NetName=GND_D Pin=C51-2
Added Pin To Net: NetName=+1.2V_CORE Pin=C52-1
Added Pin To Net: NetName=GND_D Pin=C52-2
Added Pin To Net: NetName=+1.2V_CORE Pin=C53-1
Added Pin To Net: NetName=GND_D Pin=C53-2
Added Pin To Net: NetName=+1.2V_CORE Pin=C54-1
Added Pin To Net: NetName=GND_D Pin=C54-2
Added Pin To Net: NetName=+1.2V_CORE Pin=C55-1
Added Pin To Net: NetName=GND_D Pin=C55-2
Added Pin To Net: NetName=+1.2V_CORE Pin=C56-1
Added Pin To Net: NetName=GND_D Pin=C56-2
Added Pin To Net: NetName=+1.2V_CORE Pin=C57-1
Added Pin To Net: NetName=GND_D Pin=C57-2
Added Pin To Net: NetName=+3V3_D Pin=C58-1
Added Pin To Net: NetName=GND_D Pin=C58-2
Added Pin To Net: NetName=+3V3_D Pin=C59-1
Added Pin To Net: NetName=GND_D Pin=C59-2
Added Pin To Net: NetName=+3V3_D Pin=C60-1
Added Pin To Net: NetName=GND_D Pin=C60-2
Added Pin To Net: NetName=+3V3_D Pin=C61-1
Added Pin To Net: NetName=GND_D Pin=C61-2
Added Pin To Net: NetName=+3V3_D Pin=C62-1
Added Pin To Net: NetName=GND_D Pin=C62-2
Added Pin To Net: NetName=+3V3_D Pin=C63-1
Added Pin To Net: NetName=GND_D Pin=C63-2
Added Pin To Net: NetName=+3V3_D Pin=C64-1
Added Pin To Net: NetName=GND_D Pin=C64-2
Added Pin To Net: NetName=+3V3_D Pin=C65-1
Added Pin To Net: NetName=GND_D Pin=C65-2
Added Pin To Net: NetName=+3V3_D Pin=C66-1
Added Pin To Net: NetName=GND_D Pin=C66-2
Added Pin To Net: NetName=+3V3_D Pin=C67-1
Added Pin To Net: NetName=GND_D Pin=C67-2
Added Pin To Net: NetName=+3V3_D Pin=C68-1
Added Pin To Net: NetName=GND_D Pin=C68-2
Added Pin To Net: NetName=+3V3_D Pin=C69-1
Added Pin To Net: NetName=GND_D Pin=C69-2
Added Pin To Net: NetName=+3V3_D Pin=C70-1
Added Pin To Net: NetName=GND_D Pin=C70-2
Added Pin To Net: NetName=+3V3_D Pin=C71-1
Added Pin To Net: NetName=GND_D Pin=C71-2
Added Pin To Net: NetName=+3V3_D Pin=C72-1
Added Pin To Net: NetName=GND_D Pin=C72-2
Added Pin To Net: NetName=+3V3_D Pin=C73-1
Added Pin To Net: NetName=GND_D Pin=C73-2
Added Pin To Net: NetName=+3V3_D Pin=C74-1
Added Pin To Net: NetName=GND_D Pin=C74-2
Added Pin To Net: NetName=+3V3_D Pin=C75-1
Added Pin To Net: NetName=GND_D Pin=C75-2
Added Pin To Net: NetName=+3V3_D Pin=C76-1
Added Pin To Net: NetName=GND_D Pin=C76-2
Added Pin To Net: NetName=GND_+24V_BP Pin=C?-1
Added Pin To Net: NetName=+24V_BP Pin=C?-2
Added Pin To Net: NetName=+3V3_D Pin=D1-1
Added Pin To Net: NetName=ETH_R\S\T\ Pin=D1-2
Added Pin To Net: NetName=NetD2_1 Pin=D2-1
Added Pin To Net: NetName=ETH_R\S\T\ Pin=D2-2
Added Pin To Net: NetName=GND_D Pin=IC1-1
Added Pin To Net: NetName=GND_D Pin=IC1-2
Added Pin To Net: NetName=GND_D Pin=IC1-3
Added Pin To Net: NetName=VDDA1V8 Pin=IC1-4
Added Pin To Net: NetName=VDDA1V8 Pin=IC1-5
Added Pin To Net: NetName=VDD1V8_OUT Pin=IC1-6
Added Pin To Net: NetName=VDDA3V3 Pin=IC1-7
Added Pin To Net: NetName=VDDA3V3 Pin=IC1-8
Added Pin To Net: NetName=RX_N Pin=IC1-9
Added Pin To Net: NetName=RX_P Pin=IC1-10
Added Pin To Net: NetName=TX_N Pin=IC1-11
Added Pin To Net: NetName=TX_P Pin=IC1-12
Added Pin To Net: NetName=GND_D Pin=IC1-13
Added Pin To Net: NetName=ETH_25MHz Pin=IC1-15
Added Pin To Net: NetName=NetC7_2 Pin=IC1-16
Added Pin To Net: NetName=GND_D Pin=IC1-17
Added Pin To Net: NetName=NetIC1_18 Pin=IC1-18
Added Pin To Net: NetName=NetIC1_19 Pin=IC1-19
Added Pin To Net: NetName=NetIC1_20 Pin=IC1-20
Added Pin To Net: NetName=NetIC1_21 Pin=IC1-21
Added Pin To Net: NetName=NetIC1_22 Pin=IC1-22
Added Pin To Net: NetName=NetIC1_23 Pin=IC1-23
Added Pin To Net: NetName=GND_D Pin=IC1-24
Added Pin To Net: NetName=+3V3_D Pin=IC1-25
Added Pin To Net: NetName=+3V3_D Pin=IC1-26
Added Pin To Net: NetName=NetIC1_27 Pin=IC1-27
Added Pin To Net: NetName=NetIC1_28 Pin=IC1-28
Added Pin To Net: NetName=NetIC1_29 Pin=IC1-29
Added Pin To Net: NetName=GND_D Pin=IC1-30
Added Pin To Net: NetName=VDD1V8 Pin=IC1-31
Added Pin To Net: NetName=NetIC1_32 Pin=IC1-32
Added Pin To Net: NetName=NetIC1_33 Pin=IC1-33
Added Pin To Net: NetName=NetIC1_34 Pin=IC1-34
Added Pin To Net: NetName=NetIC1_35 Pin=IC1-35
Added Pin To Net: NetName=NetIC1_36 Pin=IC1-36
Added Pin To Net: NetName=GND_D Pin=IC1-37
Added Pin To Net: NetName=NetIC1_38 Pin=IC1-38
Added Pin To Net: NetName=NetIC1_39 Pin=IC1-39
Added Pin To Net: NetName=NetIC1_40 Pin=IC1-40
Added Pin To Net: NetName=NetIC1_41 Pin=IC1-41
Added Pin To Net: NetName=nLNKA_LED Pin=IC1-42
Added Pin To Net: NetName=nSPD_LED Pin=IC1-43
Added Pin To Net: NetName=ETH_R\S\T\ Pin=IC1-47
Added Pin To Net: NetName=NetIC2_1 Pin=IC2-1
Added Pin To Net: NetName=GND_D Pin=IC2-2
Added Pin To Net: NetName=+3V3_BACKPLANE Pin=IC2-3
Added Pin To Net: NetName=+3V3_BACKPLANE Pin=IC2-4
Added Pin To Net: NetName=+5V _USB Pin=IC3-1
Added Pin To Net: NetName=GND_D Pin=IC3-2
Added Pin To Net: NetName=+5V _USB Pin=IC3-3
Added Pin To Net: NetName=NetIC3_4 Pin=IC3-4
Added Pin To Net: NetName=NetC25_1 Pin=IC4-1
Added Pin To Net: NetName=NetC26_2 Pin=IC4-2
Added Pin To Net: NetName=NetIC4_3 Pin=IC4-3
Added Pin To Net: NetName=GND_D Pin=IC4-4
Added Pin To Net: NetName=GND_D Pin=IC4-5
Added Pin To Net: NetName=NetC25_1 Pin=IC4-7
Added Pin To Net: NetName=NetIC4_8 Pin=IC4-8
Added Pin To Net: NetName=NetC25_1 Pin=IC4-9
Added Pin To Net: NetName=NetC25_1 Pin=IC4-10
Added Pin To Net: NetName=GND_D Pin=IC4-11
Added Pin To Net: NetName=+5V_MEZZA Pin=J1-a1
Added Pin To Net: NetName=+5V_MEZZA Pin=J1-a1
Added Pin To Net: NetName=NetJ1_a2 Pin=J1-a2
Added Pin To Net: NetName=NetJ1_a3 Pin=J1-a3
Added Pin To Net: NetName=NetJ1_a4 Pin=J1-a4
Added Pin To Net: NetName=NetJ1_a5 Pin=J1-a5
Added Pin To Net: NetName=NetJ1_a6 Pin=J1-a6
Added Pin To Net: NetName=+3V3_D Pin=J1-a7
Added Pin To Net: NetName=NetJ1_a8 Pin=J1-a8
Added Pin To Net: NetName=NetJ1_a9 Pin=J1-a9
Added Pin To Net: NetName=GND_D Pin=J1-a10
Added Pin To Net: NetName=NetJ1_a11 Pin=J1-a11
Added Pin To Net: NetName=NetJ1_a12 Pin=J1-a12
Added Pin To Net: NetName=NetJ1_a13 Pin=J1-a13
Added Pin To Net: NetName=NetJ1_a14 Pin=J1-a14
Added Pin To Net: NetName=NetJ1_a15 Pin=J1-a15
Added Pin To Net: NetName=NetJ1_a16 Pin=J1-a16
Added Pin To Net: NetName=NetJ1_a17 Pin=J1-a17
Added Pin To Net: NetName=NetJ1_a18 Pin=J1-a18
Added Pin To Net: NetName=GND_D Pin=J1-a19
Added Pin To Net: NetName=NetJ1_a20 Pin=J1-a20
Added Pin To Net: NetName=+5V_MEZZA Pin=J1-b1
Added Pin To Net: NetName=+5V_MEZZA Pin=J1-b1
Added Pin To Net: NetName=NetJ1_b2 Pin=J1-b2
Added Pin To Net: NetName=NetJ1_b3 Pin=J1-b3
Added Pin To Net: NetName=NetJ1_b4 Pin=J1-b4
Added Pin To Net: NetName=NetJ1_b5 Pin=J1-b5
Added Pin To Net: NetName=NetJ1_b6 Pin=J1-b6
Added Pin To Net: NetName=+3V3_D Pin=J1-b7
Added Pin To Net: NetName=NetJ1_b8 Pin=J1-b8
Added Pin To Net: NetName=NetJ1_b9 Pin=J1-b9
Added Pin To Net: NetName=GND_D Pin=J1-b10
Added Pin To Net: NetName=NetJ1_b11 Pin=J1-b11
Added Pin To Net: NetName=NetJ1_b12 Pin=J1-b12
Added Pin To Net: NetName=NetJ1_b13 Pin=J1-b13
Added Pin To Net: NetName=NetJ1_b14 Pin=J1-b14
Added Pin To Net: NetName=NetJ1_b15 Pin=J1-b15
Added Pin To Net: NetName=NetJ1_b16 Pin=J1-b16
Added Pin To Net: NetName=NetJ1_b17 Pin=J1-b17
Added Pin To Net: NetName=NetJ1_b18 Pin=J1-b18
Added Pin To Net: NetName=GND_D Pin=J1-b19
Added Pin To Net: NetName=GND_D Pin=J1-b24
Added Pin To Net: NetName=+3V3_D Pin=J2-a1
Added Pin To Net: NetName=+3V3_D Pin=J2-a1
Added Pin To Net: NetName=NetJ2_a2 Pin=J2-a2
Added Pin To Net: NetName=NetJ2_a3 Pin=J2-a3
Added Pin To Net: NetName=NetJ2_a4 Pin=J2-a4
Added Pin To Net: NetName=GND_D Pin=J2-a5
Added Pin To Net: NetName=NetJ2_a6 Pin=J2-a6
Added Pin To Net: NetName=NetJ2_a7 Pin=J2-a7
Added Pin To Net: NetName=NetJ2_a8 Pin=J2-a8
Added Pin To Net: NetName=NetJ2_a9 Pin=J2-a9
Added Pin To Net: NetName=NetJ2_a10 Pin=J2-a10
Added Pin To Net: NetName=NetJ2_a11 Pin=J2-a11
Added Pin To Net: NetName=GND_D Pin=J2-a12
Added Pin To Net: NetName=NetJ2_a13 Pin=J2-a13
Added Pin To Net: NetName=GND_D Pin=J2-a15
Added Pin To Net: NetName=GND_D Pin=J2-a17
Added Pin To Net: NetName=NetJ2_a18 Pin=J2-a18
Added Pin To Net: NetName=NetJ2_a19 Pin=J2-a19
Added Pin To Net: NetName=NetJ2_a20 Pin=J2-a20
Added Pin To Net: NetName=NetJ2_a21 Pin=J2-a21
Added Pin To Net: NetName=NetJ2_a22 Pin=J2-a22
Added Pin To Net: NetName=+5V_MEZZA Pin=J2-a25
Added Pin To Net: NetName=+3V3_D Pin=J2-b1
Added Pin To Net: NetName=+3V3_D Pin=J2-b1
Added Pin To Net: NetName=NetJ2_b2 Pin=J2-b2
Added Pin To Net: NetName=NetJ2_b3 Pin=J2-b3
Added Pin To Net: NetName=NetJ2_b4 Pin=J2-b4
Added Pin To Net: NetName=GND_D Pin=J2-b5
Added Pin To Net: NetName=NetJ2_b6 Pin=J2-b6
Added Pin To Net: NetName=NetJ2_b7 Pin=J2-b7
Added Pin To Net: NetName=NetJ2_b8 Pin=J2-b8
Added Pin To Net: NetName=NetJ2_b9 Pin=J2-b9
Added Pin To Net: NetName=NetJ2_b10 Pin=J2-b10
Added Pin To Net: NetName=NetJ2_b11 Pin=J2-b11
Added Pin To Net: NetName=GND_D Pin=J2-b12
Added Pin To Net: NetName=GND_D Pin=J2-b15
Added Pin To Net: NetName=GND_D Pin=J2-b17
Added Pin To Net: NetName=NetJ2_b18 Pin=J2-b18
Added Pin To Net: NetName=NetJ2_b19 Pin=J2-b19
Added Pin To Net: NetName=NetJ2_b20 Pin=J2-b20
Added Pin To Net: NetName=NetJ2_b21 Pin=J2-b21
Added Pin To Net: NetName=NetJ2_b22 Pin=J2-b22
Added Pin To Net: NetName=+3V3_D Pin=J3-1
Added Pin To Net: NetName=GND_D Pin=J3-2
Added Pin To Net: NetName=NetJ3_3 Pin=J3-3
Added Pin To Net: NetName=GND_D Pin=J3-4
Added Pin To Net: NetName=NetJ3_5 Pin=J3-5
Added Pin To Net: NetName=GND_D Pin=J3-6
Added Pin To Net: NetName=NetJ3_7 Pin=J3-7
Added Pin To Net: NetName=GND_D Pin=J3-8
Added Pin To Net: NetName=NetJ3_9 Pin=J3-9
Added Pin To Net: NetName=GND_D Pin=J3-10
Added Pin To Net: NetName=GND_D Pin=J4-A1
Added Pin To Net: NetName=NetJ4_A2 Pin=J4-A2
Added Pin To Net: NetName=NetJ4_A3 Pin=J4-A3
Added Pin To Net: NetName=GND_D Pin=J4-A4
Added Pin To Net: NetName=NetJ4_A5 Pin=J4-A5
Added Pin To Net: NetName=NetJ4_A6 Pin=J4-A6
Added Pin To Net: NetName=GND_D Pin=J4-A7
Added Pin To Net: NetName=NetJ4_A8 Pin=J4-A8
Added Pin To Net: NetName=NetJ4_A9 Pin=J4-A9
Added Pin To Net: NetName=GND_D Pin=J4-A10
Added Pin To Net: NetName=NetJ4_A11 Pin=J4-A11
Added Pin To Net: NetName=NetJ4_A12 Pin=J4-A12
Added Pin To Net: NetName=GND_D Pin=J4-A13
Added Pin To Net: NetName=NetJ4_A14 Pin=J4-A14
Added Pin To Net: NetName=NetJ4_A15 Pin=J4-A15
Added Pin To Net: NetName=NetJ4_A16 Pin=J4-A16
Added Pin To Net: NetName=NetJ4_A17 Pin=J4-A17
Added Pin To Net: NetName=GND_D Pin=J4-A18
Added Pin To Net: NetName=NetJ4_A19 Pin=J4-A19
Added Pin To Net: NetName=NetJ4_A20 Pin=J4-A20
Added Pin To Net: NetName=NetJ4_A21 Pin=J4-A21
Added Pin To Net: NetName=NetJ4_A22 Pin=J4-A22
Added Pin To Net: NetName=GND_D Pin=J4-A23
Added Pin To Net: NetName=NetJ4_A24 Pin=J4-A24
Added Pin To Net: NetName=NetJ4_A25 Pin=J4-A25
Added Pin To Net: NetName=NetJ4_A26 Pin=J4-A26
Added Pin To Net: NetName=NetJ4_A27 Pin=J4-A27
Added Pin To Net: NetName=GND_D Pin=J4-A28
Added Pin To Net: NetName=NetJ4_A29 Pin=J4-A29
Added Pin To Net: NetName=GND_D Pin=J4-A30
Added Pin To Net: NetName=+3V3_BACKPLANE Pin=J4-A31
Added Pin To Net: NetName=+3V3_BACKPLANE Pin=J4-A32
Added Pin To Net: NetName=GND_D Pin=J4-B1
Added Pin To Net: NetName=NetJ4_B2 Pin=J4-B2
Added Pin To Net: NetName=NetJ4_B3 Pin=J4-B3
Added Pin To Net: NetName=GND_D Pin=J4-B4
Added Pin To Net: NetName=NetJ4_B5 Pin=J4-B5
Added Pin To Net: NetName=NetJ4_B6 Pin=J4-B6
Added Pin To Net: NetName=GND_D Pin=J4-B7
Added Pin To Net: NetName=NetJ4_B8 Pin=J4-B8
Added Pin To Net: NetName=NetJ4_B9 Pin=J4-B9
Added Pin To Net: NetName=GND_D Pin=J4-B10
Added Pin To Net: NetName=NetJ4_B11 Pin=J4-B11
Added Pin To Net: NetName=NetJ4_B12 Pin=J4-B12
Added Pin To Net: NetName=GND_D Pin=J4-B13
Added Pin To Net: NetName=NetJ4_B14 Pin=J4-B14
Added Pin To Net: NetName=NetJ4_B15 Pin=J4-B15
Added Pin To Net: NetName=NetJ4_B16 Pin=J4-B16
Added Pin To Net: NetName=NetJ4_B17 Pin=J4-B17
Added Pin To Net: NetName=GND_D Pin=J4-B18
Added Pin To Net: NetName=NetJ4_B19 Pin=J4-B19
Added Pin To Net: NetName=NetJ4_B20 Pin=J4-B20
Added Pin To Net: NetName=NetJ4_B21 Pin=J4-B21
Added Pin To Net: NetName=NetJ4_B22 Pin=J4-B22
Added Pin To Net: NetName=GND_D Pin=J4-B23
Added Pin To Net: NetName=NetJ4_B24 Pin=J4-B24
Added Pin To Net: NetName=NetJ4_B25 Pin=J4-B25
Added Pin To Net: NetName=NetJ4_B26 Pin=J4-B26
Added Pin To Net: NetName=NetJ4_B27 Pin=J4-B27
Added Pin To Net: NetName=GND_D Pin=J4-B28
Added Pin To Net: NetName=NetJ4_B29 Pin=J4-B29
Added Pin To Net: NetName=GND_D Pin=J4-B30
Added Pin To Net: NetName=+3V3_BACKPLANE Pin=J4-B31
Added Pin To Net: NetName=GND_+24V_BP Pin=J4-B32
Added Pin To Net: NetName=GND_D Pin=J4-C1
Added Pin To Net: NetName=NetJ4_C2 Pin=J4-C2
Added Pin To Net: NetName=NetJ4_C3 Pin=J4-C3
Added Pin To Net: NetName=GND_D Pin=J4-C4
Added Pin To Net: NetName=NetJ4_C5 Pin=J4-C5
Added Pin To Net: NetName=NetJ4_C6 Pin=J4-C6
Added Pin To Net: NetName=GND_D Pin=J4-C7
Added Pin To Net: NetName=NetJ4_C8 Pin=J4-C8
Added Pin To Net: NetName=NetJ4_C9 Pin=J4-C9
Added Pin To Net: NetName=GND_D Pin=J4-C10
Added Pin To Net: NetName=NetJ4_C11 Pin=J4-C11
Added Pin To Net: NetName=NetJ4_C12 Pin=J4-C12
Added Pin To Net: NetName=GND_D Pin=J4-C13
Added Pin To Net: NetName=NetJ4_C14 Pin=J4-C14
Added Pin To Net: NetName=NetJ4_C15 Pin=J4-C15
Added Pin To Net: NetName=NetJ4_C16 Pin=J4-C16
Added Pin To Net: NetName=NetJ4_C17 Pin=J4-C17
Added Pin To Net: NetName=GND_D Pin=J4-C18
Added Pin To Net: NetName=NetJ4_C19 Pin=J4-C19
Added Pin To Net: NetName=NetJ4_C20 Pin=J4-C20
Added Pin To Net: NetName=NetJ4_C21 Pin=J4-C21
Added Pin To Net: NetName=NetJ4_C22 Pin=J4-C22
Added Pin To Net: NetName=GND_D Pin=J4-C23
Added Pin To Net: NetName=NetJ4_C24 Pin=J4-C24
Added Pin To Net: NetName=NetJ4_C25 Pin=J4-C25
Added Pin To Net: NetName=NetJ4_C26 Pin=J4-C26
Added Pin To Net: NetName=NetJ4_C27 Pin=J4-C27
Added Pin To Net: NetName=GND_D Pin=J4-C28
Added Pin To Net: NetName=NetJ4_C29 Pin=J4-C29
Added Pin To Net: NetName=GND_D Pin=J4-C30
Added Pin To Net: NetName=+3V3_BACKPLANE Pin=J4-C31
Added Pin To Net: NetName=+24V_BP Pin=J4-C32
Added Pin To Net: NetName=NetC1_2 Pin=J5-1
Added Pin To Net: NetName=NetJ5_2 Pin=J5-2
Added Pin To Net: NetName=NetJ5_3 Pin=J5-3
Added Pin To Net: NetName=GND_D Pin=J5-4
Added Pin To Net: NetName=NetJ5_5 Pin=J5-5
Added Pin To Net: NetName=NetJ5_5 Pin=J5-6
Added Pin To Net: NetName=TX_P Pin=J6-1
Added Pin To Net: NetName=TX_N Pin=J6-2
Added Pin To Net: NetName=RX_P Pin=J6-3
Added Pin To Net: NetName=NetC8_1 Pin=J6-4
Added Pin To Net: NetName=NetC8_1 Pin=J6-5
Added Pin To Net: NetName=RX_N Pin=J6-6
Added Pin To Net: NetName=GND_ETH Pin=J6-7
Added Pin To Net: NetName=GND_ETH Pin=J6-8
Added Pin To Net: NetName=+3V3_D Pin=J6-9
Added Pin To Net: NetName=NetJ6_10 Pin=J6-10
Added Pin To Net: NetName=NetJ6_11 Pin=J6-11
Added Pin To Net: NetName=+3V3_D Pin=J6-12
Added Pin To Net: NetName=GND_ETH Pin=J6-13
Added Pin To Net: NetName=GND_ETH Pin=J6-14
Added Pin To Net: NetName=+5V_BACKPLANE Pin=J7-1
Added Pin To Net: NetName=+5V_MEZZA Pin=J7-2
Added Pin To Net: NetName=+5V _USB Pin=J7-3
Added Pin To Net: NetName=+3V3_BACKPLANE Pin=J8-1
Added Pin To Net: NetName=+3V3_D Pin=J8-2
Added Pin To Net: NetName=+3V3_USB Pin=J8-3
Added Pin To Net: NetName=+5V _USB Pin=J9-1
Added Pin To Net: NetName=NetC26_2 Pin=J9-2
Added Pin To Net: NetName=+3V3_BACKPLANE Pin=J9-3
Added Pin To Net: NetName=GND_D Pin=JP1-1
Added Pin To Net: NetName=NetJ2_a6 Pin=JP1-2
Added Pin To Net: NetName=NetJP1_3 Pin=JP1-3
Added Pin To Net: NetName=GND_D Pin=JP2-1
Added Pin To Net: NetName=NetJ2_b6 Pin=JP2-2
Added Pin To Net: NetName=NetJP2_3 Pin=JP2-3
Added Pin To Net: NetName=GND_D Pin=JP3-1
Added Pin To Net: NetName=NetJ2_a7 Pin=JP3-2
Added Pin To Net: NetName=NetJP3_3 Pin=JP3-3
Added Pin To Net: NetName=GND_D Pin=JP4-1
Added Pin To Net: NetName=NetJ2_b7 Pin=JP4-2
Added Pin To Net: NetName=NetJP4_3 Pin=JP4-3
Added Pin To Net: NetName=+3V3_BACKPLANE Pin=L1-1
Added Pin To Net: NetName=NetIC2_1 Pin=L1-2
Added Pin To Net: NetName=NetIC3_4 Pin=L2-1
Added Pin To Net: NetName=NetIC4_3 Pin=L3-1
Added Pin To Net: NetName=BS0 Pin=LD1-1
Added Pin To Net: NetName=NetLD1_2 Pin=LD1-2
Added Pin To Net: NetName=BS1 Pin=LD2-1
Added Pin To Net: NetName=NetLD2_2 Pin=LD2-2
Added Pin To Net: NetName=NetLD3_1 Pin=LD3-1
Added Pin To Net: NetName=FPGA_DONE Pin=LD3-2
Added Pin To Net: NetName=NetLD4_1 Pin=LD4-1
Added Pin To Net: NetName=NetLD4_2 Pin=LD4-2
Added Pin To Net: NetName=NetLD4_3 Pin=LD4-3
Added Pin To Net: NetName=NetLD4_4 Pin=LD4-4
Added Pin To Net: NetName=NetLD4_5 Pin=LD4-5
Added Pin To Net: NetName=NetLD4_6 Pin=LD4-6
Added Pin To Net: NetName=NetLD4_7 Pin=LD4-7
Added Pin To Net: NetName=NetLD4_8 Pin=LD4-8
Added Pin To Net: NetName=NetLD5_1 Pin=LD5-1
Added Pin To Net: NetName=NetLD5_2 Pin=LD5-2
Added Pin To Net: NetName=NetLD5_3 Pin=LD5-3
Added Pin To Net: NetName=NetLD5_4 Pin=LD5-4
Added Pin To Net: NetName=NetLD5_5 Pin=LD5-5
Added Pin To Net: NetName=NetLD5_6 Pin=LD5-6
Added Pin To Net: NetName=NetLD5_7 Pin=LD5-7
Added Pin To Net: NetName=NetLD5_8 Pin=LD5-8
Added Pin To Net: NetName=NetJ3_9 Pin=R1-1
Added Pin To Net: NetName=+3V3_D Pin=R1-2
Added Pin To Net: NetName=NetJ3_7 Pin=R2-1
Added Pin To Net: NetName=+3V3_D Pin=R2-2
Added Pin To Net: NetName=NetJ3_5 Pin=R3-1
Added Pin To Net: NetName=+3V3_D Pin=R3-2
Added Pin To Net: NetName=NetJ3_3 Pin=R4-1
Added Pin To Net: NetName=+3V3_D Pin=R4-2
Added Pin To Net: NetName=NetLD1_2 Pin=R5-1
Added Pin To Net: NetName=+3V3_D Pin=R5-2
Added Pin To Net: NetName=NetLD2_2 Pin=R6-1
Added Pin To Net: NetName=+3V3_D Pin=R6-2
Added Pin To Net: NetName=NetC1_2 Pin=R7-1
Added Pin To Net: NetName=+5V_USB Pin=R7-2
Added Pin To Net: NetName=NetJ4_B29 Pin=R8-1
Added Pin To Net: NetName=+3V3_BACKPLANE Pin=R8-2
Added Pin To Net: NetName=NetJ4_C29 Pin=R9-1
Added Pin To Net: NetName=+3V3_BACKPLANE Pin=R9-2
Added Pin To Net: NetName=ETH_R\S\T\ Pin=R10-1
Added Pin To Net: NetName=+3V3_D Pin=R10-2
Added Pin To Net: NetName=NetC5_2 Pin=R11-1
Added Pin To Net: NetName=VDDA3V3 Pin=R11-2
Added Pin To Net: NetName=NetC6_2 Pin=R12-1
Added Pin To Net: NetName=VDDA3V3 Pin=R12-2
Added Pin To Net: NetName=NetIC1_18 Pin=R13-1
Added Pin To Net: NetName=+3V3_D Pin=R13-2
Added Pin To Net: NetName=NetC8_1 Pin=R14-1
Added Pin To Net: NetName=VDDA3V3 Pin=R14-2
Added Pin To Net: NetName=TX_P Pin=R15-1
Added Pin To Net: NetName=NetC5_2 Pin=R15-2
Added Pin To Net: NetName=TX_N Pin=R16-1
Added Pin To Net: NetName=NetC5_2 Pin=R16-2
Added Pin To Net: NetName=RX_P Pin=R17-1
Added Pin To Net: NetName=NetC6_2 Pin=R17-2
Added Pin To Net: NetName=RX_N Pin=R18-1
Added Pin To Net: NetName=NetC6_2 Pin=R18-2
Added Pin To Net: NetName=GND_D Pin=R19-1
Added Pin To Net: NetName=NetC7_2 Pin=R19-2
Added Pin To Net: NetName=nLNKA_LED Pin=R20-1
Added Pin To Net: NetName=NetJ6_10 Pin=R20-2
Added Pin To Net: NetName=nSPD_LED Pin=R21-1
Added Pin To Net: NetName=NetJ6_11 Pin=R21-2
Added Pin To Net: NetName=VDDA1V8 Pin=R22-1
Added Pin To Net: NetName=VDD1V8_OUT Pin=R22-2
Added Pin To Net: NetName=GND_ETH Pin=R23-1
Added Pin To Net: NetName=GND_D Pin=R23-2
Added Pin To Net: NetName=VDDA3V3 Pin=R24-1
Added Pin To Net: NetName=+3V3_D Pin=R24-2
Added Pin To Net: NetName=VDD1V8 Pin=R25-1
Added Pin To Net: NetName=VDD1V8_OUT Pin=R25-2
Added Pin To Net: NetName=NetR26_1 Pin=R26-1
Added Pin To Net: NetName=+3V3_D Pin=R26-2
Added Pin To Net: NetName=GND_D Pin=R27-1
Added Pin To Net: NetName=HSWAPEN Pin=R27-2
Added Pin To Net: NetName=GND_D Pin=R28-1
Added Pin To Net: NetName=NetR28_2 Pin=R28-2
Added Pin To Net: NetName=NetR29_1 Pin=R29-1
Added Pin To Net: NetName=+3V3_D Pin=R29-2
Added Pin To Net: NetName=NetR30_1 Pin=R30-1
Added Pin To Net: NetName=+3V3_D Pin=R30-2
Added Pin To Net: NetName=NetR31_1 Pin=R31-1
Added Pin To Net: NetName=+3V3_D Pin=R31-2
Added Pin To Net: NetName=NetR32_1 Pin=R32-1
Added Pin To Net: NetName=+3V3_D Pin=R32-2
Added Pin To Net: NetName=NetR33_1 Pin=R33-1
Added Pin To Net: NetName=+3V3_D Pin=R33-2
Added Pin To Net: NetName=HARDRESET_N Pin=R34-1
Added Pin To Net: NetName=+3V3_D Pin=R34-2
Added Pin To Net: NetName=FPGA_DONE Pin=R35-1
Added Pin To Net: NetName=+3V3_D Pin=R35-2
Added Pin To Net: NetName=+3V3_D Pin=R36-2
Added Pin To Net: NetName=GND_D Pin=R37-1
Added Pin To Net: NetName=NetLD3_1 Pin=R37-2
Added Pin To Net: NetName=GND_D Pin=R38-1
Added Pin To Net: NetName=NetR33_1 Pin=R38-2
Added Pin To Net: NetName=NetC25_1 Pin=R39-1
Added Pin To Net: NetName=NetC26_2 Pin=R39-2
Added Pin To Net: NetName=NetIC4_8 Pin=R40-1
Added Pin To Net: NetName=NetC25_1 Pin=R40-2
Added Pin To Net: NetName=NetR41_1 Pin=R41-1
Added Pin To Net: NetName=NetLD4_7 Pin=R41-2
Added Pin To Net: NetName=NetR42_1 Pin=R42-1
Added Pin To Net: NetName=NetLD5_7 Pin=R42-2
Added Pin To Net: NetName=NetR43_1 Pin=R43-1
Added Pin To Net: NetName=NetLD4_5 Pin=R43-2
Added Pin To Net: NetName=NetR44_1 Pin=R44-1
Added Pin To Net: NetName=NetLD5_5 Pin=R44-2
Added Pin To Net: NetName=NetR45_1 Pin=R45-1
Added Pin To Net: NetName=NetLD4_3 Pin=R45-2
Added Pin To Net: NetName=NetR46_1 Pin=R46-1
Added Pin To Net: NetName=NetLD5_3 Pin=R46-2
Added Pin To Net: NetName=NetR47_1 Pin=R47-1
Added Pin To Net: NetName=NetLD4_1 Pin=R47-2
Added Pin To Net: NetName=NetR48_1 Pin=R48-1
Added Pin To Net: NetName=NetLD5_1 Pin=R48-2
Added Pin To Net: NetName=NetC29_2 Pin=R49-1
Added Pin To Net: NetName=+3V3_D Pin=R49-2
Added Pin To Net: NetName=NetC30_2 Pin=R50-1
Added Pin To Net: NetName=+3V3_D Pin=R50-2
Added Pin To Net: NetName=NetC31_2 Pin=R51-1
Added Pin To Net: NetName=+3V3_D Pin=R51-2
Added Pin To Net: NetName=NetJP1_3 Pin=R52-1
Added Pin To Net: NetName=+3V3_D Pin=R52-2
Added Pin To Net: NetName=NetJP2_3 Pin=R53-1
Added Pin To Net: NetName=+3V3_D Pin=R53-2
Added Pin To Net: NetName=NetJP3_3 Pin=R54-1
Added Pin To Net: NetName=+3V3_D Pin=R54-2
Added Pin To Net: NetName=NetJP4_3 Pin=R55-1
Added Pin To Net: NetName=+3V3_D Pin=R55-2
Added Pin To Net: NetName=GND_D Pin=R56-1
Added Pin To Net: NetName=NetR26_1 Pin=R56-2
Added Pin To Net: NetName=NetR28_2 Pin=R57-1
Added Pin To Net: NetName=+3V3_D Pin=R57-2
Added Pin To Net: NetName=+1.2V_CORE Pin=R?-2
Added Pin To Net: NetName=+3V3_USB Pin=R?-2
Added Pin To Net: NetName=+5V_BACKPLANE Pin=R?-2
Added Pin To Net: NetName=GND_D Pin=S1-1
Added Pin To Net: NetName=HARDRESET_N Pin=S1-2
Added Pin To Net: NetName=GND_D Pin=S2-1
Added Pin To Net: NetName=GND_D Pin=S3-1
Added Pin To Net: NetName=NetC31_2 Pin=S3-2
Added Pin To Net: NetName=GND_D Pin=S4-1
Added Pin To Net: NetName=NetC29_2 Pin=S4-2
Added Pin To Net: NetName=GND_D Pin=S5-1
Added Pin To Net: NetName=NetC30_2 Pin=S5-2
Added Pin To Net: NetName=GND_D Pin=S6-1
Added Pin To Net: NetName=NetS6_2 Pin=S6-2
Added Pin To Net: NetName=GND_D Pin=S6-3
Added Pin To Net: NetName=NetS6_4 Pin=S6-4
Added Pin To Net: NetName=GND_D Pin=S6-5
Added Pin To Net: NetName=NetS6_6 Pin=S6-6
Added Pin To Net: NetName=GND_D Pin=S6-7
Added Pin To Net: NetName=NetS6_8 Pin=S6-8
Added Pin To Net: NetName=+3V3_D Pin=U1-1
Added Pin To Net: NetName=NetU1_2 Pin=U1-2
Added Pin To Net: NetName=GND_D Pin=U1-4
Added Pin To Net: NetName=NetU1_8 Pin=U1-8
Added Pin To Net: NetName=NetJ5_3 Pin=U1-14
Added Pin To Net: NetName=NetJ5_2 Pin=U1-15
Added Pin To Net: NetName=NetC2_2 Pin=U1-16
Added Pin To Net: NetName=GND_D Pin=U1-17
Added Pin To Net: NetName=+5V_USB Pin=U1-19
Added Pin To Net: NetName=GND_D Pin=U1-20
Added Pin To Net: NetName=BS1 Pin=U1-21
Added Pin To Net: NetName=BS0 Pin=U1-22
Added Pin To Net: NetName=GND_D Pin=U1-24
Added Pin To Net: NetName=GND_D Pin=U1-26
Added Pin To Net: NetName=NetU1_30 Pin=U1-30
Added Pin To Net: NetName=NetU1_32 Pin=U1-32
Added Pin To Net: NetName=GND_D Pin=U1-33
Added Pin To Net: NetName=GND_D Pin=U2-A1
Added Pin To Net: NetName=NetS6_4 Pin=U2-A2
Added Pin To Net: NetName=HSWAPEN Pin=U2-A3
Added Pin To Net: NetName=NetJ1_a2 Pin=U2-A4
Added Pin To Net: NetName=NetJ1_b2 Pin=U2-A5
Added Pin To Net: NetName=NetJ1_b3 Pin=U2-A6
Added Pin To Net: NetName=NetJ1_a4 Pin=U2-A7
Added Pin To Net: NetName=NetJ1_b4 Pin=U2-A8
Added Pin To Net: NetName=NetJ1_b5 Pin=U2-A9
Added Pin To Net: NetName=NetJ2_a19 Pin=U2-A10
Added Pin To Net: NetName=NetJ2_b19 Pin=U2-A11
Added Pin To Net: NetName=NetJ2_b20 Pin=U2-A12
Added Pin To Net: NetName=NetJ2_a21 Pin=U2-A13
Added Pin To Net: NetName=NetJ3_7 Pin=U2-A19
Added Pin To Net: NetName=NetJ4_B2 Pin=U2-A20
Added Pin To Net: NetName=NetJ4_B3 Pin=U2-A21
Added Pin To Net: NetName=GND_D Pin=U2-A22
Added Pin To Net: NetName=HARDRESET_N Pin=U2-AA1
Added Pin To Net: NetName=+3V3_D Pin=U2-AA3
Added Pin To Net: NetName=GND_D Pin=U2-AA5
Added Pin To Net: NetName=+3V3_D Pin=U2-AA7
Added Pin To Net: NetName=NetJ2_b6 Pin=U2-AA8
Added Pin To Net: NetName=GND_D Pin=U2-AA9
Added Pin To Net: NetName=NetJ2_b8 Pin=U2-AA10
Added Pin To Net: NetName=+3V3_D Pin=U2-AA11
Added Pin To Net: NetName=NetJ2_b9 Pin=U2-AA12
Added Pin To Net: NetName=GND_D Pin=U2-AA13
Added Pin To Net: NetName=NetJ2_b3 Pin=U2-AA14
Added Pin To Net: NetName=+3V3_D Pin=U2-AA15
Added Pin To Net: NetName=GND_D Pin=U2-AA17
Added Pin To Net: NetName=NetJ2_b2 Pin=U2-AA18
Added Pin To Net: NetName=+3V3_D Pin=U2-AA19
Added Pin To Net: NetName=NetU2_AA20 Pin=U2-AA20
Added Pin To Net: NetName=NetR26_1 Pin=U2-AA22
Added Pin To Net: NetName=GND_D Pin=U2-AB1
Added Pin To Net: NetName=NetJ2_a8 Pin=U2-AB3
Added Pin To Net: NetName=NetJ2_a7 Pin=U2-AB8
Added Pin To Net: NetName=NetJ2_a9 Pin=U2-AB10
Added Pin To Net: NetName=NetJ2_a6 Pin=U2-AB11
Added Pin To Net: NetName=NetJ2_a10 Pin=U2-AB12
Added Pin To Net: NetName=NetJ2_a4 Pin=U2-AB14
Added Pin To Net: NetName=NetJ2_a11 Pin=U2-AB16
Added Pin To Net: NetName=NetJ2_a3 Pin=U2-AB18
Added Pin To Net: NetName=NetU2_AB20 Pin=U2-AB20
Added Pin To Net: NetName=GND_D Pin=U2-AB22
Added Pin To Net: NetName=NetC30_2 Pin=U2-B1
Added Pin To Net: NetName=NetC29_2 Pin=U2-B2
Added Pin To Net: NetName=NetS6_2 Pin=U2-B3
Added Pin To Net: NetName=+3V3_D Pin=U2-B4
Added Pin To Net: NetName=GND_D Pin=U2-B5
Added Pin To Net: NetName=NetJ1_a12 Pin=U2-B6
Added Pin To Net: NetName=+3V3_D Pin=U2-B7
Added Pin To Net: NetName=NetJ1_a13 Pin=U2-B8
Added Pin To Net: NetName=GND_D Pin=U2-B9
Added Pin To Net: NetName=NetJ1_b16 Pin=U2-B10
Added Pin To Net: NetName=+3V3_D Pin=U2-B11
Added Pin To Net: NetName=NetJ1_a18 Pin=U2-B12
Added Pin To Net: NetName=GND_D Pin=U2-B13
Added Pin To Net: NetName=+3V3_D Pin=U2-B15
Added Pin To Net: NetName=GND_D Pin=U2-B17
Added Pin To Net: NetName=+3V3_D Pin=U2-B19
Added Pin To Net: NetName=NetJ4_A3 Pin=U2-B20
Added Pin To Net: NetName=NetJ4_A11 Pin=U2-B21
Added Pin To Net: NetName=NetJ4_A12 Pin=U2-B22
Added Pin To Net: NetName=+3V3_D Pin=U2-C2
Added Pin To Net: NetName=NetJ1_a11 Pin=U2-C5
Added Pin To Net: NetName=NetJ1_a3 Pin=U2-C6
Added Pin To Net: NetName=NetJ1_b12 Pin=U2-C7
Added Pin To Net: NetName=NetJ1_a5 Pin=U2-C8
Added Pin To Net: NetName=NetJ1_a14 Pin=U2-C9
Added Pin To Net: NetName=NetJ2_b18 Pin=U2-C10
Added Pin To Net: NetName=NetJ1_a17 Pin=U2-C11
Added Pin To Net: NetName=NetJ2_a20 Pin=U2-C12
Added Pin To Net: NetName=NetJ1_b18 Pin=U2-C13
Added Pin To Net: NetName=NetJ1_a20 Pin=U2-C14
Added Pin To Net: NetName=NetJ3_3 Pin=U2-C18
Added Pin To Net: NetName=NetJ4_A2 Pin=U2-C19
Added Pin To Net: NetName=NetJ4_C8 Pin=U2-C20
Added Pin To Net: NetName=+3V3_D Pin=U2-C21
Added Pin To Net: NetName=NetJ4_C9 Pin=U2-C22
Added Pin To Net: NetName=GND_D Pin=U2-D4
Added Pin To Net: NetName=NetJ1_b11 Pin=U2-D6
Added Pin To Net: NetName=NetJ1_b15 Pin=U2-D7
Added Pin To Net: NetName=NetJ2_a18 Pin=U2-D8
Added Pin To Net: NetName=NetJ1_b13 Pin=U2-D9
Added Pin To Net: NetName=NetJ1_a16 Pin=U2-D10
Added Pin To Net: NetName=NetJ1_b17 Pin=U2-D11
Added Pin To Net: NetName=NetJ1_a6 Pin=U2-D12
Added Pin To Net: NetName=NetJ1_b6 Pin=U2-D13
Added Pin To Net: NetName=NetJ1_b9 Pin=U2-D14
Added Pin To Net: NetName=+3V3_D Pin=U2-D16
Added Pin To Net: NetName=GND_D Pin=U2-D18
Added Pin To Net: NetName=NetJ4_B11 Pin=U2-D19
Added Pin To Net: NetName=NetJ4_B12 Pin=U2-D20
Added Pin To Net: NetName=NetJ4_C5 Pin=U2-D21
Added Pin To Net: NetName=NetJ4_C6 Pin=U2-D22
Added Pin To Net: NetName=GND_D Pin=U2-E2
Added Pin To Net: NetName=NetS6_8 Pin=U2-E5
Added Pin To Net: NetName=NetS6_6 Pin=U2-E6
Added Pin To Net: NetName=GND_D Pin=U2-E7
Added Pin To Net: NetName=+3V3_D Pin=U2-E9
Added Pin To Net: NetName=GND_D Pin=U2-E11
Added Pin To Net: NetName=NetJ1_b14 Pin=U2-E12
Added Pin To Net: NetName=+3V3_D Pin=U2-E13
Added Pin To Net: NetName=NetJ1_b8 Pin=U2-E14
Added Pin To Net: NetName=GND_D Pin=U2-E15
Added Pin To Net: NetName=+3V3_D Pin=U2-E17
Added Pin To Net: NetName=NetJ3_9 Pin=U2-E18
Added Pin To Net: NetName=+3V3_D Pin=U2-E19
Added Pin To Net: NetName=NetJ4_A16 Pin=U2-E20
Added Pin To Net: NetName=GND_D Pin=U2-E21
Added Pin To Net: NetName=NetJ4_A17 Pin=U2-E22
Added Pin To Net: NetName=+3V3_D Pin=U2-F4
Added Pin To Net: NetName=+3V3_D Pin=U2-F6
Added Pin To Net: NetName=+3V3_D Pin=U2-F11
Added Pin To Net: NetName=NetJ1_a15 Pin=U2-F13
Added Pin To Net: NetName=NetJ1_a9 Pin=U2-F14
Added Pin To Net: NetName=NetJ2_a22 Pin=U2-F15
Added Pin To Net: NetName=NetJ4_A8 Pin=U2-F16
Added Pin To Net: NetName=NetJ4_A9 Pin=U2-F17
Added Pin To Net: NetName=NetJ4_C2 Pin=U2-F18
Added Pin To Net: NetName=NetJ4_C3 Pin=U2-F19
Added Pin To Net: NetName=NetJ4_C12 Pin=U2-F20
Added Pin To Net: NetName=NetJ4_A21 Pin=U2-F21
Added Pin To Net: NetName=NetJ4_A22 Pin=U2-F22
Added Pin To Net: NetName=+3V3_D Pin=U2-G2
Added Pin To Net: NetName=GND_D Pin=U2-G5
Added Pin To Net: NetName=NetC31_2 Pin=U2-G7
Added Pin To Net: NetName=+3V3_D Pin=U2-G10
Added Pin To Net: NetName=+3V3_D Pin=U2-G12
Added Pin To Net: NetName=NetJ2_b21 Pin=U2-G13
Added Pin To Net: NetName=+3V3_D Pin=U2-G14
Added Pin To Net: NetName=NetJ3_5 Pin=U2-G15
Added Pin To Net: NetName=NetJ4_A5 Pin=U2-G16
Added Pin To Net: NetName=NetJ4_A6 Pin=U2-G17
Added Pin To Net: NetName=GND_D Pin=U2-G18
Added Pin To Net: NetName=NetJ4_C11 Pin=U2-G19
Added Pin To Net: NetName=NetJ4_A26 Pin=U2-G20
Added Pin To Net: NetName=+3V3_D Pin=U2-G21
Added Pin To Net: NetName=NetJ4_A27 Pin=U2-G22
Added Pin To Net: NetName=GND_D Pin=U2-H7
Added Pin To Net: NetName=+3V3_D Pin=U2-H9
Added Pin To Net: NetName=NetJ1_a8 Pin=U2-H13
Added Pin To Net: NetName=NetJ2_b22 Pin=U2-H14
Added Pin To Net: NetName=+3V3_D Pin=U2-H15
Added Pin To Net: NetName=NetJ4_B8 Pin=U2-H16
Added Pin To Net: NetName=NetJ4_B9 Pin=U2-H17
Added Pin To Net: NetName=NetJ4_A15 Pin=U2-H18
Added Pin To Net: NetName=NetJ4_A14 Pin=U2-H19
Added Pin To Net: NetName=NetJ4_A24 Pin=U2-H20
Added Pin To Net: NetName=NetJ4_B16 Pin=U2-H21
Added Pin To Net: NetName=NetJ4_B17 Pin=U2-H22
Added Pin To Net: NetName=GND_D Pin=U2-J2
Added Pin To Net: NetName=NetU2_J3 Pin=U2-J3
Added Pin To Net: NetName=+3V3_D Pin=U2-J5
Added Pin To Net: NetName=+1.2V_CORE Pin=U2-J8
Added Pin To Net: NetName=GND_D Pin=U2-J9
Added Pin To Net: NetName=+1.2V_CORE Pin=U2-J10
Added Pin To Net: NetName=GND_D Pin=U2-J11
Added Pin To Net: NetName=+1.2V_CORE Pin=U2-J12
Added Pin To Net: NetName=GND_D Pin=U2-J13
Added Pin To Net: NetName=+1.2V_CORE Pin=U2-J14
Added Pin To Net: NetName=GND_D Pin=U2-J15
Added Pin To Net: NetName=NetJ4_B6 Pin=U2-J16
Added Pin To Net: NetName=NetJ4_A19 Pin=U2-J17
Added Pin To Net: NetName=+3V3_D Pin=U2-J18
Added Pin To Net: NetName=NetJ4_A25 Pin=U2-J19
Added Pin To Net: NetName=NetJ4_B21 Pin=U2-J20
Added Pin To Net: NetName=GND_D Pin=U2-J21
Added Pin To Net: NetName=NetJ4_B22 Pin=U2-J22
Added Pin To Net: NetName=NetR47_1 Pin=U2-K1
Added Pin To Net: NetName=NetLD4_2 Pin=U2-K2
Added Pin To Net: NetName=+1.2V_CORE Pin=U2-K9
Added Pin To Net: NetName=GND_D Pin=U2-K10
Added Pin To Net: NetName=+1.2V_CORE Pin=U2-K11
Added Pin To Net: NetName=GND_D Pin=U2-K12
Added Pin To Net: NetName=+1.2V_CORE Pin=U2-K13
Added Pin To Net: NetName=GND_D Pin=U2-K14
Added Pin To Net: NetName=+3V3_D Pin=U2-K15
Added Pin To Net: NetName=NetJ4_B5 Pin=U2-K16
Added Pin To Net: NetName=NetJ4_A20 Pin=U2-K17
Added Pin To Net: NetName=NetJ4_B15 Pin=U2-K19
Added Pin To Net: NetName=NetJ4_B14 Pin=U2-K20
Added Pin To Net: NetName=NetJ4_B24 Pin=U2-K21
Added Pin To Net: NetName=NetJ4_B25 Pin=U2-K22
Added Pin To Net: NetName=NetR45_1 Pin=U2-L1
Added Pin To Net: NetName=+3V3_D Pin=U2-L2
Added Pin To Net: NetName=NetLD4_4 Pin=U2-L3
Added Pin To Net: NetName=GND_D Pin=U2-L5
Added Pin To Net: NetName=NetIC1_32 Pin=U2-L6
Added Pin To Net: NetName=+3V3_D Pin=U2-L7
Added Pin To Net: NetName=+3V3_D Pin=U2-L8
Added Pin To Net: NetName=GND_D Pin=U2-L9
Added Pin To Net: NetName=+1.2V_CORE Pin=U2-L10
Added Pin To Net: NetName=GND_D Pin=U2-L11
Added Pin To Net: NetName=+1.2V_CORE Pin=U2-L12
Added Pin To Net: NetName=GND_D Pin=U2-L13
Added Pin To Net: NetName=+1.2V_CORE Pin=U2-L14
Added Pin To Net: NetName=+3V3_D Pin=U2-L16
Added Pin To Net: NetName=GND_D Pin=U2-L18
Added Pin To Net: NetName=NetJ4_B20 Pin=U2-L19
Added Pin To Net: NetName=NetJ4_B26 Pin=U2-L20
Added Pin To Net: NetName=+3V3_D Pin=U2-L21
Added Pin To Net: NetName=NetJ4_B27 Pin=U2-L22
Added Pin To Net: NetName=NetR43_1 Pin=U2-M1
Added Pin To Net: NetName=NetLD4_6 Pin=U2-M2
Added Pin To Net: NetName=NetIC1_19 Pin=U2-M4
Added Pin To Net: NetName=NetIC1_18 Pin=U2-M5
Added Pin To Net: NetName=NetIC1_20 Pin=U2-M6
Added Pin To Net: NetName=NetIC1_29 Pin=U2-M7
Added Pin To Net: NetName=NetIC1_23 Pin=U2-M8
Added Pin To Net: NetName=+1.2V_CORE Pin=U2-M9
Added Pin To Net: NetName=GND_D Pin=U2-M10
Added Pin To Net: NetName=+1.2V_CORE Pin=U2-M11
Added Pin To Net: NetName=GND_D Pin=U2-M12
Added Pin To Net: NetName=+1.2V_CORE Pin=U2-M13
Added Pin To Net: NetName=GND_D Pin=U2-M14
Added Pin To Net: NetName=+3V3_D Pin=U2-M15
Added Pin To Net: NetName=NetJ4_C29 Pin=U2-M16
Added Pin To Net: NetName=NetJ4_A29 Pin=U2-M19
Added Pin To Net: NetName=NetJ4_B19 Pin=U2-M20
Added Pin To Net: NetName=NetJ4_C14 Pin=U2-M21
Added Pin To Net: NetName=NetJ4_C15 Pin=U2-M22
Added Pin To Net: NetName=NetR41_1 Pin=U2-N1
Added Pin To Net: NetName=GND_D Pin=U2-N2
Added Pin To Net: NetName=NetLD4_8 Pin=U2-N3
Added Pin To Net: NetName=NetIC1_41 Pin=U2-N4
Added Pin To Net: NetName=+3V3_D Pin=U2-N5
Added Pin To Net: NetName=NetIC1_28 Pin=U2-N6
Added Pin To Net: NetName=NetIC1_27 Pin=U2-N7
Added Pin To Net: NetName=+3V3_D Pin=U2-N8
Added Pin To Net: NetName=GND_D Pin=U2-N9
Added Pin To Net: NetName=+1.2V_CORE Pin=U2-N10
Added Pin To Net: NetName=GND_D Pin=U2-N11
Added Pin To Net: NetName=+1.2V_CORE Pin=U2-N12
Added Pin To Net: NetName=GND_D Pin=U2-N13
Added Pin To Net: NetName=+1.2V_CORE Pin=U2-N14
Added Pin To Net: NetName=GND_D Pin=U2-N15
Added Pin To Net: NetName=GND_D Pin=U2-N17
Added Pin To Net: NetName=+3V3_D Pin=U2-N18
Added Pin To Net: NetName=NetJ4_B29 Pin=U2-N19
Added Pin To Net: NetName=NetJ4_C16 Pin=U2-N20
Added Pin To Net: NetName=GND_D Pin=U2-N21
Added Pin To Net: NetName=NetLD5_2 Pin=U2-P1
Added Pin To Net: NetName=NetR48_1 Pin=U2-P2
Added Pin To Net: NetName=NetIC1_40 Pin=U2-P3
Added Pin To Net: NetName=NetIC1_21 Pin=U2-P4
Added Pin To Net: NetName=NetIC1_34 Pin=U2-P5
Added Pin To Net: NetName=NetIC1_33 Pin=U2-P6
Added Pin To Net: NetName=+1.2V_CORE Pin=U2-P9
Added Pin To Net: NetName=GND_D Pin=U2-P10
Added Pin To Net: NetName=+1.2V_CORE Pin=U2-P11
Added Pin To Net: NetName=GND_D Pin=U2-P12
Added Pin To Net: NetName=+1.2V_CORE Pin=U2-P13
Added Pin To Net: NetName=GND_D Pin=U2-P14
Added Pin To Net: NetName=GND_D Pin=U2-P15
Added Pin To Net: NetName=GND_D Pin=U2-P16
Added Pin To Net: NetName=NetJ4_C17 Pin=U2-P22
Added Pin To Net: NetName=NetLD5_4 Pin=U2-R1
Added Pin To Net: NetName=+3V3_D Pin=U2-R2
Added Pin To Net: NetName=NetR46_1 Pin=U2-R3
Added Pin To Net: NetName=NetIC1_22 Pin=U2-R4
Added Pin To Net: NetName=GND_D Pin=U2-R5
Added Pin To Net: NetName=+3V3_D Pin=U2-R6
Added Pin To Net: NetName=+3V3_D Pin=U2-R10
Added Pin To Net: NetName=+3V3_D Pin=U2-R12
Added Pin To Net: NetName=+1.2V_CORE Pin=U2-R14
Added Pin To Net: NetName=GND_D Pin=U2-R17
Added Pin To Net: NetName=GND_D Pin=U2-R18
Added Pin To Net: NetName=NetJ4_C19 Pin=U2-R20
Added Pin To Net: NetName=+3V3_D Pin=U2-R21
Added Pin To Net: NetName=NetJ4_C20 Pin=U2-R22
Added Pin To Net: NetName=NetLD5_6 Pin=U2-T1
Added Pin To Net: NetName=NetR44_1 Pin=U2-T2
Added Pin To Net: NetName=NetIC1_36 Pin=U2-T3
Added Pin To Net: NetName=NetIC1_35 Pin=U2-T4
Added Pin To Net: NetName=NetR31_1 Pin=U2-T5
Added Pin To Net: NetName=NetR29_1 Pin=U2-T6
Added Pin To Net: NetName=+3V3_D Pin=U2-T9
Added Pin To Net: NetName=+3V3_D Pin=U2-T13
Added Pin To Net: NetName=NetJ4_C21 Pin=U2-T21
Added Pin To Net: NetName=NetJ4_C22 Pin=U2-T22
Added Pin To Net: NetName=NetLD5_8 Pin=U2-U1
Added Pin To Net: NetName=GND_D Pin=U2-U2
Added Pin To Net: NetName=NetR42_1 Pin=U2-U3
Added Pin To Net: NetName=NetIC1_38 Pin=U2-U4
Added Pin To Net: NetName=+3V3_D Pin=U2-U5
Added Pin To Net: NetName=GND_D Pin=U2-U7
Added Pin To Net: NetName=+3V3_D Pin=U2-U11
Added Pin To Net: NetName=NetR28_2 Pin=U2-U15
Added Pin To Net: NetName=+3V3_D Pin=U2-U18
Added Pin To Net: NetName=NetJ4_C24 Pin=U2-U20
Added Pin To Net: NetName=GND_D Pin=U2-U21
Added Pin To Net: NetName=NetJ4_C25 Pin=U2-U22
Added Pin To Net: NetName=NetD2_1 Pin=U2-V2
Added Pin To Net: NetName=NetIC1_39 Pin=U2-V3
Added Pin To Net: NetName=GND_D Pin=U2-V4
Added Pin To Net: NetName=+3V3_D Pin=U2-V6
Added Pin To Net: NetName=+3V3_D Pin=U2-V8
Added Pin To Net: NetName=GND_D Pin=U2-V10
Added Pin To Net: NetName=+3V3_D Pin=U2-V12
Added Pin To Net: NetName=GND_D Pin=U2-V14
Added Pin To Net: NetName=NetJ2_a2 Pin=U2-V15
Added Pin To Net: NetName=+3V3_D Pin=U2-V16
Added Pin To Net: NetName=NetJ4_C26 Pin=U2-V21
Added Pin To Net: NetName=NetJ4_C27 Pin=U2-V22
Added Pin To Net: NetName=NetU1_8 Pin=U2-W1
Added Pin To Net: NetName=+3V3_D Pin=U2-W2
Added Pin To Net: NetName=NetU1_32 Pin=U2-W3
Added Pin To Net: NetName=+3V3_D Pin=U2-W5
Added Pin To Net: NetName=GND_D Pin=U2-W7
Added Pin To Net: NetName=NetJ2_b11 Pin=U2-W12
Added Pin To Net: NetName=GND_D Pin=U2-W16
Added Pin To Net: NetName=GND_D Pin=U2-W19
Added Pin To Net: NetName=+3V3_D Pin=U2-W21
Added Pin To Net: NetName=NetU1_2 Pin=U2-Y1
Added Pin To Net: NetName=NetU1_30 Pin=U2-Y2
Added Pin To Net: NetName=NetJ2_b7 Pin=U2-Y3
Added Pin To Net: NetName=NetJ2_a13 Pin=U2-Y12
Added Pin To Net: NetName=NetJ2_b10 Pin=U2-Y13
Added Pin To Net: NetName=NetJ2_b4 Pin=U2-Y15
Added Pin To Net: NetName=NetR33_1 Pin=U2-Y21
Added Pin To Net: NetName=FPGA_DONE Pin=U2-Y22
Added Pin To Net: NetName=NetR31_1 Pin=U3-1
Added Pin To Net: NetName=NetU2_AA20 Pin=U3-2
Added Pin To Net: NetName=NetR30_1 Pin=U3-3
Added Pin To Net: NetName=GND_D Pin=U3-4
Added Pin To Net: NetName=NetU2_AB20 Pin=U3-5
Added Pin To Net: NetName=NetR33_1 Pin=U3-6
Added Pin To Net: NetName=NetR32_1 Pin=U3-7
Added Pin To Net: NetName=+3V3_D Pin=U3-8
Added Pin To Net: NetName=+3V3_D Pin=X1-1
Added Pin To Net: NetName=GND_D Pin=X1-2
Added Pin To Net: NetName=ETH_25MHz Pin=X1-3
Added Pin To Net: NetName=+3V3_D Pin=X1-4
Added Pin To Net: NetName=+3V3_D Pin=X2-1
Added Pin To Net: NetName=GND_D Pin=X2-2
Added Pin To Net: NetName=NetU2_J3 Pin=X2-3
Added Pin To Net: NetName=+3V3_D Pin=X2-4
Added Pin To Net: NetName=NetC27_2 Pin=C27-2
Added Pin To Net: NetName=NetC27_2 Pin=C28-2
Added Pin To Net: NetName=NetC27_2 Pin=IC4-6
Added Pin To Net: NetName=NetC27_2 Pin=L3-2
Added Pin To Net: NetName=NetC27_2 Pin=R?-1
Added Net: Name=NetC27_2
Added Pin To Net: NetName=NetC34_2 Pin=C34-2
Added Pin To Net: NetName=NetC34_2 Pin=R36-1
Added Pin To Net: NetName=NetC34_2 Pin=S2-2
Added Pin To Net: NetName=NetC34_2 Pin=U2-J7
Added Net: Name=NetC34_2
Added Pin To Net: NetName=NetIC2_5 Pin=IC2-5
Added Pin To Net: NetName=NetIC2_5 Pin=R?-1
Added Net: Name=NetIC2_5
Added Pin To Net: NetName=NetIC3_5 Pin=IC3-5
Added Pin To Net: NetName=NetIC3_5 Pin=L2-2
Added Pin To Net: NetName=NetIC3_5 Pin=R?-1
Added Net: Name=NetIC3_5
Added Member To Class: ClassName=Connector_0 Member=Component C1 10nF
Added Member To Class: ClassName=Connector_0 Member=Component C2 100nF
Added Member To Class: ClassName=Ethernet_0 Member=Component C3 100nF
Added Member To Class: ClassName=Ethernet_0 Member=Component C4 10uF
Added Member To Class: ClassName=Ethernet_0 Member=Component C5 10nF
Added Member To Class: ClassName=Ethernet_0 Member=Component C6 10nF
Added Member To Class: ClassName=Ethernet_0 Member=Component C7 100pF
Added Member To Class: ClassName=Ethernet_0 Member=Component C8 0.022uF
Added Member To Class: ClassName=Ethernet_0 Member=Component C9 4700pF
Added Member To Class: ClassName=Ethernet_0 Member=Component C10 22uF
Added Member To Class: ClassName=Ethernet_0 Member=Component C11 100nF
Added Member To Class: ClassName=Ethernet_0 Member=Component C12 22uF
Added Member To Class: ClassName=Ethernet_0 Member=Component C13 100nF
Added Member To Class: ClassName=Ethernet_0 Member=Component C14 22uF
Added Member To Class: ClassName=Ethernet_0 Member=Component C15 100nF
Added Member To Class: ClassName=Ethernet_0 Member=Component C16 100nF
Added Member To Class: ClassName=Ethernet_0 Member=Component C17 100nF
Added Member To Class: ClassName=Ethernet_0 Member=Component C18 1uF
Added Member To Class: ClassName=Ethernet_0 Member=Component C19 100nF
Added Member To Class: ClassName=Ethernet_0 Member=Component C20 100nF
Added Member To Class: ClassName=Supply_0 Member=Component C21 10uF
Added Member To Class: ClassName=Supply_0 Member=Component C22 22uF / X5R / 6.3V
Added Member To Class: ClassName=Supply_0 Member=Component C23 22uF / X5R / 6.3V
Added Member To Class: ClassName=Supply_0 Member=Component C24 22uF / X5R / 6.3V
Added Member To Class: ClassName=Supply_0 Member=Component C25 100nF
Added Member To Class: ClassName=Supply_0 Member=Component C26 22uF / X7R / 6.3V
Added Member To Class: ClassName=Supply_0 Member=Component C27 22uF / X5R / 6.3V
Added Member To Class: ClassName=Supply_0 Member=Component C28 22uF / X5R / 6.3V
Added Member To Class: ClassName=UserInterface_0 Member=Component C29 100n
Added Member To Class: ClassName=UserInterface_0 Member=Component C30 100n
Added Member To Class: ClassName=UserInterface_0 Member=Component C31 100n
Added Member To Class: ClassName=FPGA_1 Member=Component C33 100nF
Added Member To Class: ClassName=FPGA_1 Member=Component C34 100nF
Added Member To Class: ClassName=FPGA_1 Member=Component C35 100uF
Added Member To Class: ClassName=FPGA_1 Member=Component C36 4.7uF
Added Member To Class: ClassName=FPGA_1 Member=Component C37 470nF
Added Member To Class: ClassName=FPGA_1 Member=Component C38 470nF
Added Member To Class: ClassName=FPGA_1 Member=Component C39 470nF
Added Member To Class: ClassName=FPGA_1 Member=Component C40 470nF
Added Member To Class: ClassName=FPGA_1 Member=Component C41 100uF
Added Member To Class: ClassName=FPGA_1 Member=Component C42 4.7uF
Added Member To Class: ClassName=FPGA_1 Member=Component C43 470nF
Added Member To Class: ClassName=FPGA_1 Member=Component C44 470nF
Added Member To Class: ClassName=FPGA_1 Member=Component C45 470nF
Added Member To Class: ClassName=FPGA_1 Member=Component C46 470nF
Added Member To Class: ClassName=FPGA_1 Member=Component C47 100uF
Added Member To Class: ClassName=FPGA_1 Member=Component C48 100uF
Added Member To Class: ClassName=FPGA_1 Member=Component C49 4.7uF
Added Member To Class: ClassName=FPGA_1 Member=Component C50 4.7uF
Added Member To Class: ClassName=FPGA_1 Member=Component C51 4.7uF
Added Member To Class: ClassName=FPGA_1 Member=Component C52 470nF
Added Member To Class: ClassName=FPGA_1 Member=Component C53 470nF
Added Member To Class: ClassName=FPGA_1 Member=Component C54 470nF
Added Member To Class: ClassName=FPGA_1 Member=Component C55 470nF
Added Member To Class: ClassName=FPGA_1 Member=Component C56 470nF
Added Member To Class: ClassName=FPGA_1 Member=Component C57 470nF
Added Member To Class: ClassName=FPGA_1 Member=Component C58 100uF
Added Member To Class: ClassName=FPGA_1 Member=Component C59 4.7uF
Added Member To Class: ClassName=FPGA_1 Member=Component C60 470nF
Added Member To Class: ClassName=FPGA_1 Member=Component C61 470nF
Added Member To Class: ClassName=FPGA_1 Member=Component C62 470nF
Added Member To Class: ClassName=FPGA_1 Member=Component C63 470nF
Added Member To Class: ClassName=FPGA_1 Member=Component C64 100uF
Added Member To Class: ClassName=FPGA_1 Member=Component C65 4.7uF
Added Member To Class: ClassName=FPGA_1 Member=Component C66 4.7uF
Added Member To Class: ClassName=FPGA_1 Member=Component C67 470nF
Added Member To Class: ClassName=FPGA_1 Member=Component C68 470nF
Added Member To Class: ClassName=FPGA_1 Member=Component C69 470nF
Added Member To Class: ClassName=FPGA_1 Member=Component C70 470nF
Added Member To Class: ClassName=FPGA_1 Member=Component C71 100uF
Added Member To Class: ClassName=FPGA_1 Member=Component C72 4.7uF
Added Member To Class: ClassName=FPGA_1 Member=Component C73 470nF
Added Member To Class: ClassName=FPGA_1 Member=Component C74 470nF
Added Member To Class: ClassName=FPGA_1 Member=Component C75 470nF
Added Member To Class: ClassName=FPGA_1 Member=Component C76 470nF
Added Member To Class: ClassName=Connector_0 Member=Component C? 100nF
Added Member To Class: ClassName=Ethernet_0 Member=Component D1 1N4148
Added Member To Class: ClassName=Ethernet_0 Member=Component D2 1N4148
Added Member To Class: ClassName=Ethernet_0 Member=Component IC1 KSZ8041TL
Added Member To Class: ClassName=Supply_0 Member=Component IC2 RP402N501F-TR-FE
Added Member To Class: ClassName=Supply_0 Member=Component IC3 SC189ZSKTRT
Added Member To Class: ClassName=Supply_0 Member=Component IC4 ADP2119ACPZ-1.2-R7
Added Member To Class: ClassName=Connector_0 Member=Component J1 ERNI SMC-B50-SMD-BA
Added Member To Class: ClassName=Connector_0 Member=Component J2 ERNI SMC-B50-SMD-BA
Added Member To Class: ClassName=Connector_0 Member=Component J3 FlatCable2x5
Added Member To Class: ClassName=Connector_0 Member=Component J4 09031966921
Added Member To Class: ClassName=Connector_0 Member=Component J5 USB-B-TH-AMPHENOL UE27-BC54-130
Added Member To Class: ClassName=Ethernet_0 Member=Component J6 RJ45-PULSE-J0011D21BNL
Added Member To Class: ClassName=Supply_0 Member=Component J7 *
Added Member To Class: ClassName=Supply_0 Member=Component J8 *
Added Member To Class: ClassName=Supply_0 Member=Component J9 *
Added Member To Class: ClassName=UserInterface_0 Member=Component JP1 {Value}
Added Member To Class: ClassName=UserInterface_0 Member=Component JP2 {Value}
Added Member To Class: ClassName=UserInterface_0 Member=Component JP3 {Value}
Added Member To Class: ClassName=UserInterface_0 Member=Component JP4 {Value}
Added Member To Class: ClassName=Supply_0 Member=Component L1 2.2uF
Added Member To Class: ClassName=Supply_0 Member=Component L2 2.2uH
Added Member To Class: ClassName=Supply_0 Member=Component L3 1.5uH
Added Member To Class: ClassName=Connector_0 Member=Component LD1 *
Added Member To Class: ClassName=Connector_0 Member=Component LD2 *
Added Member To Class: ClassName=FPGA_1 Member=Component LD3 *
Added Member To Class: ClassName=UserInterface_0 Member=Component LD4 568-0721-111F
Added Member To Class: ClassName=UserInterface_0 Member=Component LD5 568-0721-111F
Added Member To Class: ClassName=Connector_0 Member=Component R1 10k
Added Member To Class: ClassName=Connector_0 Member=Component R2 10k
Added Member To Class: ClassName=Connector_0 Member=Component R3 10k
Added Member To Class: ClassName=Connector_0 Member=Component R4 10k
Added Member To Class: ClassName=Connector_0 Member=Component R5 330
Added Member To Class: ClassName=Connector_0 Member=Component R6 330
Added Member To Class: ClassName=Connector_0 Member=Component R7 Ferrite
Added Member To Class: ClassName=Connector_0 Member=Component R8 4k7
Added Member To Class: ClassName=Connector_0 Member=Component R9 4k7
Added Member To Class: ClassName=Ethernet_0 Member=Component R10 10k
Added Member To Class: ClassName=Ethernet_0 Member=Component R11 nm
Added Member To Class: ClassName=Ethernet_0 Member=Component R12 nm
Added Member To Class: ClassName=Ethernet_0 Member=Component R13 4.7k
Added Member To Class: ClassName=Ethernet_0 Member=Component R14 0
Added Member To Class: ClassName=Ethernet_0 Member=Component R15 49.9
Added Member To Class: ClassName=Ethernet_0 Member=Component R16 49.9
Added Member To Class: ClassName=Ethernet_0 Member=Component R17 49.9
Added Member To Class: ClassName=Ethernet_0 Member=Component R18 49.9
Added Member To Class: ClassName=Ethernet_0 Member=Component R19 6.49k
Added Member To Class: ClassName=Ethernet_0 Member=Component R20 330
Added Member To Class: ClassName=Ethernet_0 Member=Component R21 330
Added Member To Class: ClassName=Ethernet_0 Member=Component R22 Ferrite
Added Member To Class: ClassName=Ethernet_0 Member=Component R23 10M
Added Member To Class: ClassName=Ethernet_0 Member=Component R24 Ferrite
Added Member To Class: ClassName=Ethernet_0 Member=Component R25 Ferrite
Added Member To Class: ClassName=FPGA_0 Member=Component R26 NC
Added Member To Class: ClassName=FPGA_0 Member=Component R27 0
Added Member To Class: ClassName=FPGA_0 Member=Component R28 0
Added Member To Class: ClassName=FPGA_0 Member=Component R29 4.7k
Added Member To Class: ClassName=FPGA_1 Member=Component R30 10k
Added Member To Class: ClassName=FPGA_1 Member=Component R31 10k
Added Member To Class: ClassName=FPGA_1 Member=Component R32 10k
Added Member To Class: ClassName=FPGA_1 Member=Component R33 100
Added Member To Class: ClassName=FPGA_1 Member=Component R34 4.7k
Added Member To Class: ClassName=FPGA_1 Member=Component R35 330
Added Member To Class: ClassName=FPGA_1 Member=Component R36 4.7k
Added Member To Class: ClassName=FPGA_1 Member=Component R37 100
Added Member To Class: ClassName=FPGA_1 Member=Component R38 100
Added Member To Class: ClassName=Supply_0 Member=Component R39 10
Added Member To Class: ClassName=Supply_0 Member=Component R40 10k
Added Member To Class: ClassName=UserInterface_0 Member=Component R41 120R
Added Member To Class: ClassName=UserInterface_0 Member=Component R42 120R
Added Member To Class: ClassName=UserInterface_0 Member=Component R43 120R
Added Member To Class: ClassName=UserInterface_0 Member=Component R44 120R
Added Member To Class: ClassName=UserInterface_0 Member=Component R45 120R
Added Member To Class: ClassName=UserInterface_0 Member=Component R46 120R
Added Member To Class: ClassName=UserInterface_0 Member=Component R47 120R
Added Member To Class: ClassName=UserInterface_0 Member=Component R48 120R
Added Member To Class: ClassName=UserInterface_0 Member=Component R49 470R
Added Member To Class: ClassName=UserInterface_0 Member=Component R50 470R
Added Member To Class: ClassName=UserInterface_0 Member=Component R51 470R
Added Member To Class: ClassName=UserInterface_0 Member=Component R52 10k
Added Member To Class: ClassName=UserInterface_0 Member=Component R53 10k
Added Member To Class: ClassName=UserInterface_0 Member=Component R54 10k
Added Member To Class: ClassName=UserInterface_0 Member=Component R55 10k
Added Member To Class: ClassName=FPGA_0 Member=Component R56 0
Added Member To Class: ClassName=FPGA_0 Member=Component R57 NC
Added Member To Class: ClassName=Supply_0 Member=Component R? 0
Added Member To Class: ClassName=Supply_0 Member=Component R? 0
Added Member To Class: ClassName=Supply_0 Member=Component R? 0
Added Member To Class: ClassName=FPGA_1 Member=Component S1 *
Added Member To Class: ClassName=FPGA_1 Member=Component S2 *
Added Member To Class: ClassName=UserInterface_0 Member=Component S3 FSMRA4JH04
Added Member To Class: ClassName=UserInterface_0 Member=Component S4 FSMRA4JH04
Added Member To Class: ClassName=UserInterface_0 Member=Component S5 FSMRA4JH04
Added Member To Class: ClassName=UserInterface_0 Member=Component S6 *
Added Member To Class: ClassName=Connector_0 Member=Component U1 FT232RQ
Added Member To Class: ClassName=FPGA_0 Member=Component U2 XC6SLX75-FG484
Added Member To Class: ClassName=FPGA_1 Member=Component U3 IS25LP064D-JB
Added Member To Class: ClassName=Ethernet_0 Member=Component X1 831019170
Added Member To Class: ClassName=FPGA_1 Member=Component X2 831022731
Added Room: Name=Connector_0
Added Room: Name=Ethernet_0
Added Room: Name=FPGA_0
Added Room: Name=FPGA_1
Added Room: Name=Supply_0
Added Room: Name=UserInterface_0
